[I 2026-04-01 13:19:59,006] Trial 10 finished with value: 0.9994053692242864 and parameters: {'n_estimators': 300, 'max_depth': 21, 'min_samples_leaf': 1}. Best is trial 10 with value: 0.9994053692242864.
    Trial 11/40 (best val_r2=0.9994)
  [HPO] Trial 11 started...
  [HPO] Trial 11 finished in 9.9s (val_r2=0.9994)
[I 2026-04-01 13:20:08,891] Trial 11 finished with value: 0.9994075630977892 and parameters: {'n_estimators': 350, 'max_depth': 21, 'min_samples_leaf': 1}. Best is trial 11 with value: 0.9994075630977892.
    Trial 12/40 (best val_r2=0.9994)
  [HPO] Trial 12 started...
  [HPO] Trial 12 finished in 5.9s (val_r2=0.9994)
[I 2026-04-01 13:20:14,840] Trial 12 finished with value: 0.9994098278206921 and parameters: {'n_estimators': 350, 'max_depth': 20, 'min_samples_leaf': 1}. Best is trial 12 with value: 0.9994098278206921.
    Trial 13/40 (best val_r2=0.9994)
  [HPO] Trial 13 started...
  [HPO] Trial 13 finished in 5.3s (val_r2=0.9994)
[I 2026-04-01 13:20:20,184] Trial 13 finished with value: 0.9994125608243773 and parameters: {'n_estimators': 350, 'max_depth': 19, 'min_samples_leaf': 1}. Best is trial 13 with value: 0.9994125608243773.
    Trial 14/40 (best val_r2=0.9994)
  [HPO] Trial 14 started...
  [HPO] Trial 14 finished in 6.5s (val_r2=0.9994)
[I 2026-04-01 13:20:26,714] Trial 14 finished with value: 0.9994112498540328 and parameters: {'n_estimators': 400, 'max_depth': 19, 'min_samples_leaf': 1}. Best is trial 13 with value: 0.9994125608243773.
    Trial 15/40 (best val_r2=0.9994)
  [HPO] Trial 15 started...
  [HPO] Trial 15 finished in 8.2s (val_r2=0.9994)
[I 2026-04-01 13:20:34,953] Trial 15 finished with value: 0.9994106416410141 and parameters: {'n_estimators': 400, 'max_depth': 17, 'min_samples_leaf': 1}. Best is trial 13 with value: 0.9994125608243773.
    Trial 16/40 (best val_r2=0.9994)
  [HPO] Trial 16 started...
  [HPO] Trial 16 finished in 6.0s (val_r2=0.9994)
[I 2026-04-01 13:20:40,975] Trial 16 finished with value: 0.9994080447599556 and parameters: {'n_estimators': 400, 'max_depth': 18, 'min_samples_leaf': 1}. Best is trial 13 with value: 0.9994125608243773.
    Trial 17/40 (best val_r2=0.9994)
  [HPO] Trial 17 started...
  [HPO] Trial 17 finished in 6.1s (val_r2=0.9994)
[I 2026-04-01 13:20:47,092] Trial 17 finished with value: 0.9994069618505846 and parameters: {'n_estimators': 300, 'max_depth': 24, 'min_samples_leaf': 1}. Best is trial 13 with value: 0.9994125608243773.
    Trial 18/40 (best val_r2=0.9994)
  [HPO] Trial 18 started...
  [HPO] Trial 18 finished in 4.9s (val_r2=0.9993)
[I 2026-04-01 13:20:52,045] Trial 18 finished with value: 0.9993382899135139 and parameters: {'n_estimators': 350, 'max_depth': 16, 'min_samples_leaf': 2}. Best is trial 13 with value: 0.9994125608243773.
    Trial 19/40 (best val_r2=0.9994)
  [HPO] Trial 19 started...
  [HPO] Trial 19 finished in 8.7s (val_r2=0.9994)
[I 2026-04-01 13:21:00,771] Trial 19 finished with value: 0.9994115764534572 and parameters: {'n_estimators': 450, 'max_depth': 20, 'min_samples_leaf': 1}. Best is trial 13 with value: 0.9994125608243773.
    Trial 20/40 (best val_r2=0.9994)
  [HPO] Trial 20 started...
  [HPO] Trial 20 finished in 6.6s (val_r2=0.9994)
[I 2026-04-01 13:21:07,380] Trial 20 finished with value: 0.9993500903031213 and parameters: {'n_estimators': 450, 'max_depth': 22, 'min_samples_leaf': 2}. Best is trial 13 with value: 0.9994125608243773.
    Trial 21/40 (best val_r2=0.9994)
  [HPO] Trial 21 started...
  [HPO] Trial 21 finished in 9.0s (val_r2=0.9994)
[I 2026-04-01 13:21:16,377] Trial 21 finished with value: 0.9994142206541667 and parameters: {'n_estimators': 450, 'max_depth': 19, 'min_samples_leaf': 1}. Best is trial 21 with value: 0.9994142206541667.
    Trial 22/40 (best val_r2=0.9994)
  [HPO] Trial 22 started...
  [HPO] Trial 22 finished in 11.7s (val_r2=0.9994)
[I 2026-04-01 13:21:28,087] Trial 22 finished with value: 0.9994126795169159 and parameters: {'n_estimators': 450, 'max_depth': 18, 'min_samples_leaf': 1}. Best is trial 21 with value: 0.9994142206541667.
    Trial 23/40 (best val_r2=0.9994)
  [HPO] Trial 23 started...
  [HPO] Trial 23 finished in 19.1s (val_r2=0.9994)
[I 2026-04-01 13:21:47,240] Trial 23 finished with value: 0.9994090180687162 and parameters: {'n_estimators': 550, 'max_depth': 18, 'min_samples_leaf': 1}. Best is trial 21 with value: 0.9994142206541667.
    Trial 24/40 (best val_r2=0.9994)
  [HPO] Trial 24 started...
  [HPO] Trial 24 finished in 13.1s (val_r2=0.9993)
[I 2026-04-01 13:22:00,404] Trial 24 finished with value: 0.9993110688760459 and parameters: {'n_estimators': 450, 'max_depth': 11, 'min_samples_leaf': 1}. Best is trial 21 with value: 0.9994142206541667.
    Trial 25/40 (best val_r2=0.9994)
  [HPO] Trial 25 started...
  [HPO] Trial 25 finished in 8.4s (val_r2=0.9993)
[I 2026-04-01 13:22:08,865] Trial 25 finished with value: 0.9993382899135139 and parameters: {'n_estimators': 350, 'max_depth': 16, 'min_samples_leaf': 2}. Best is trial 21 with value: 0.9994142206541667.
    Trial 26/40 (best val_r2=0.9994)
  [HPO] Trial 26 started...
  [HPO] Trial 26 finished in 7.7s (val_r2=0.9994)
[I 2026-04-01 13:22:16,618] Trial 26 finished with value: 0.9994071238936533 and parameters: {'n_estimators': 300, 'max_depth': 23, 'min_samples_leaf': 1}. Best is trial 21 with value: 0.9994142206541667.
    Trial 27/40 (best val_r2=0.9994)
  [HPO] Trial 27 started...
  [HPO] Trial 27 finished in 14.5s (val_r2=0.9993)
[I 2026-04-01 13:22:31,100] Trial 27 finished with value: 0.9993498393531566 and parameters: {'n_estimators': 550, 'max_depth': 26, 'min_samples_leaf': 2}. Best is trial 21 with value: 0.9994142206541667.
    Trial 28/40 (best val_r2=0.9994)
  [HPO] Trial 28 started...
  [HPO] Trial 28 finished in 11.3s (val_r2=0.9994)
[I 2026-04-01 13:22:42,418] Trial 28 finished with value: 0.9994112498540328 and parameters: {'n_estimators': 400, 'max_depth': 19, 'min_samples_leaf': 1}. Best is trial 21 with value: 0.9994142206541667.
    Trial 29/40 (best val_r2=0.9994)
  [HPO] Trial 29 started...
  [HPO] Trial 29 finished in 10.6s (val_r2=0.9969)
[I 2026-04-01 13:22:53,000] Trial 29 finished with value: 0.9968595783758148 and parameters: {'n_estimators': 500, 'max_depth': 17, 'min_samples_leaf': 3}. Best is trial 21 with value: 0.9994142206541667.
    Trial 30/40 (best val_r2=0.9994)
  [HPO] Trial 30 started...
  [HPO] Trial 30 finished in 8.7s (val_r2=0.9994)
[I 2026-04-01 13:23:01,758] Trial 30 finished with value: 0.9993975319226792 and parameters: {'n_estimators': 450, 'max_depth': 13, 'min_samples_leaf': 1}. Best is trial 21 with value: 0.9994142206541667.
    Trial 31/40 (best val_r2=0.9994)
  [HPO] Trial 31 started...
  [HPO] Trial 31 finished in 8.1s (val_r2=0.9994)
[I 2026-04-01 13:23:09,846] Trial 31 finished with value: 0.9994115764534572 and parameters: {'n_estimators': 450, 'max_depth': 20, 'min_samples_leaf': 1}. Best is trial 21 with value: 0.9994142206541667.
    Trial 32/40 (best val_r2=0.9994)
  [HPO] Trial 32 started...
  [HPO] Trial 32 finished in 6.4s (val_r2=0.9994)
[I 2026-04-01 13:23:16,302] Trial 32 finished with value: 0.9994081503971202 and parameters: {'n_estimators': 400, 'max_depth': 22, 'min_samples_leaf': 1}. Best is trial 21 with value: 0.9994142206541667.
    Trial 33/40 (best val_r2=0.9994)
  [HPO] Trial 33 started...
  [HPO] Trial 33 finished in 9.4s (val_r2=0.9994)
[I 2026-04-01 13:23:25,729] Trial 33 finished with value: 0.9994114254290282 and parameters: {'n_estimators': 600, 'max_depth': 19, 'min_samples_leaf': 1}. Best is trial 21 with value: 0.9994142206541667.
    Trial 34/40 (best val_r2=0.9994)
  [HPO] Trial 34 started...
  [HPO] Trial 34 finished in 6.3s (val_r2=0.9993)
[I 2026-04-01 13:23:32,023] Trial 34 finished with value: 0.9993494519495212 and parameters: {'n_estimators': 450, 'max_depth': 17, 'min_samples_leaf': 2}. Best is trial 21 with value: 0.9994142206541667.
    Trial 35/40 (best val_r2=0.9994)
  [HPO] Trial 35 started...
  [HPO] Trial 35 finished in 8.0s (val_r2=0.9994)
[I 2026-04-01 13:23:40,075] Trial 35 finished with value: 0.999409987528671 and parameters: {'n_estimators': 500, 'max_depth': 20, 'min_samples_leaf': 1}. Best is trial 21 with value: 0.9994142206541667.
    Trial 36/40 (best val_r2=0.9994)
  [HPO] Trial 36 started...
  [HPO] Trial 36 finished in 7.6s (val_r2=0.9993)
[I 2026-04-01 13:23:47,671] Trial 36 finished with value: 0.9993413492245633 and parameters: {'n_estimators': 500, 'max_depth': 28, 'min_samples_leaf': 2}. Best is trial 21 with value: 0.9994142206541667.
    Trial 37/40 (best val_r2=0.9994)
  [HPO] Trial 37 started...
  [HPO] Trial 37 finished in 6.2s (val_r2=0.9994)
[I 2026-04-01 13:23:53,846] Trial 37 finished with value: 0.9993500903031213 and parameters: {'n_estimators': 450, 'max_depth': 22, 'min_samples_leaf': 2}. Best is trial 21 with value: 0.9994142206541667.
    Trial 38/40 (best val_r2=0.9994)
  [HPO] Trial 38 started...
  [HPO] Trial 38 finished in 10.0s (val_r2=0.9994)
[I 2026-04-01 13:24:03,880] Trial 38 finished with value: 0.9994063953086316 and parameters: {'n_estimators': 550, 'max_depth': 15, 'min_samples_leaf': 1}. Best is trial 21 with value: 0.9994142206541667.
    Trial 39/40 (best val_r2=0.9994)
  [HPO] Trial 39 started...
  [HPO] Trial 39 finished in 5.7s (val_r2=0.9993)
[I 2026-04-01 13:24:09,560] Trial 39 finished with value: 0.999338148304332 and parameters: {'n_estimators': 400, 'max_depth': 25, 'min_samples_leaf': 2}. Best is trial 21 with value: 0.9994142206541667.
    Trial 40/40 (best val_r2=0.9994)
[4/6] Training nstxu_rf_t3_flux_loop...
[5/6] HPO for nstxu_mlp_t3_flux_loop (40 trials)...
[I 2026-04-01 13:24:16,729] A new study created in memory with name: nstxu_t3_flux_loop_hpo-torch.mlp
  [HPO] Trial 0 started...
  [HPO] Trial 0 finished in 34.1s (val_r2=0.9959)
[I 2026-04-01 13:24:50,782] Trial 0 finished with value: 0.9958745552634274 and parameters: {'hidden_layers_index': 3, 'dropout': 0.09501648801396492, 'learning_rate': 0.0025143428814176426, 'batch_size': 64, 'epochs': 153}. Best is trial 0 with value: 0.9958745552634274.
    Trial 1/40 (best val_r2=0.9959)
  [HPO] Trial 1 started...
  [HPO] Trial 1 finished in 38.0s (val_r2=0.9976)
[I 2026-04-01 13:25:28,768] Trial 1 finished with value: 0.9976369405836921 and parameters: {'hidden_layers_index': 3, 'dropout': 0.2566453379036277, 'learning_rate': 0.0016853391697173288, 'batch_size': 64, 'epochs': 183}. Best is trial 1 with value: 0.9976369405836921.
    Trial 2/40 (best val_r2=0.9976)
  [HPO] Trial 2 started...
  [HPO] Trial 2 finished in 28.7s (val_r2=0.9990)
[I 2026-04-01 13:25:57,427] Trial 2 finished with value: 0.9989825747396325 and parameters: {'hidden_layers_index': 1, 'dropout': 0.2719391806312388, 'learning_rate': 0.0002725285130250698, 'batch_size': 128, 'epochs': 194}. Best is trial 2 with value: 0.9989825747396325.
    Trial 3/40 (best val_r2=0.9990)
  [HPO] Trial 3 started...
  [HPO] Trial 3 finished in 19.7s (val_r2=0.9991)
[I 2026-04-01 13:26:17,176] Trial 3 finished with value: 0.9990653939482376 and parameters: {'hidden_layers_index': 0, 'dropout': 0.12775654655214583, 'learning_rate': 0.00362466400156375, 'batch_size': 128, 'epochs': 185}. Best is trial 3 with value: 0.9990653939482376.
    Trial 4/40 (best val_r2=0.9991)
  [HPO] Trial 4 started...
  [HPO] Trial 4 finished in 21.8s (val_r2=0.9957)
[I 2026-04-01 13:26:38,951] Trial 4 finished with value: 0.9957033527467778 and parameters: {'hidden_layers_index': 0, 'dropout': 0.29863089479757504, 'learning_rate': 0.0024043227611998323, 'batch_size': 64, 'epochs': 138}. Best is trial 3 with value: 0.9990653939482376.
    Trial 5/40 (best val_r2=0.9991)
  [HPO] Trial 5 started...
  [HPO] Trial 5 finished in 58.2s (val_r2=0.9999)
[I 2026-04-01 13:27:37,187] Trial 5 finished with value: 0.9998779647820782 and parameters: {'hidden_layers_index': 3, 'dropout': 4.81342779403704e-06, 'learning_rate': 0.0002627903447762754, 'batch_size': 32, 'epochs': 164}. Best is trial 5 with value: 0.9998779647820782.
    Trial 6/40 (best val_r2=0.9999)
  [HPO] Trial 6 started...
  [HPO] Trial 6 finished in 28.0s (val_r2=0.9996)
[I 2026-04-01 13:28:05,155] Trial 6 finished with value: 0.9996356090656451 and parameters: {'hidden_layers_index': 3, 'dropout': 0.09779028087919613, 'learning_rate': 0.0006001696958441087, 'batch_size': 128, 'epochs': 173}. Best is trial 5 with value: 0.9998779647820782.
    Trial 7/40 (best val_r2=0.9999)
  [HPO] Trial 7 started...
  [HPO] Trial 7 finished in 10.5s (val_r2=0.9992)
[I 2026-04-01 13:28:15,682] Trial 7 finished with value: 0.9991543340761126 and parameters: {'hidden_layers_index': 0, 'dropout': 0.27443403167492536, 'learning_rate': 0.0008540385215381805, 'batch_size': 128, 'epochs': 98}. Best is trial 5 with value: 0.9998779647820782.
    Trial 8/40 (best val_r2=0.9999)
  [HPO] Trial 8 started...
  [HPO] Trial 8 finished in 68.2s (val_r2=0.9992)
[I 2026-04-01 13:29:23,855] Trial 8 finished with value: 0.9991531255446249 and parameters: {'hidden_layers_index': 3, 'dropout': 0.27204200624185687, 'learning_rate': 0.0002533817781390946, 'batch_size': 32, 'epochs': 181}. Best is trial 5 with value: 0.9998779647820782.
    Trial 9/40 (best val_r2=0.9999)
  [HPO] Trial 9 started...
  [HPO] Trial 9 finished in 29.4s (val_r2=0.9999)
[I 2026-04-01 13:29:53,240] Trial 9 finished with value: 0.9998570017351999 and parameters: {'hidden_layers_index': 1, 'dropout': 0.057948395618530046, 'learning_rate': 0.0002110412997403752, 'batch_size': 128, 'epochs': 185}. Best is trial 5 with value: 0.9998779647820782.
    Trial 10/40 (best val_r2=0.9999)
  [HPO] Trial 10 started...
  [HPO] Trial 10 finished in 51.9s (val_r2=0.9895)
[I 2026-04-01 13:30:45,157] Trial 10 finished with value: 0.9895057438523176 and parameters: {'hidden_layers_index': 2, 'dropout': 0.3823249488402962, 'learning_rate': 0.00010575648042945282, 'batch_size': 32, 'epochs': 122}. Best is trial 5 with value: 0.9998779647820782.
    Trial 11/40 (best val_r2=0.9999)
  [HPO] Trial 11 started...
  [HPO] Trial 11 finished in 96.4s (val_r2=0.9999)
[I 2026-04-01 13:32:21,530] Trial 11 finished with value: 0.9999351702044996 and parameters: {'hidden_layers_index': 1, 'dropout': 0.0030282612757671474, 'learning_rate': 0.000167380615653714, 'batch_size': 32, 'epochs': 155}. Best is trial 11 with value: 0.9999351702044996.
    Trial 12/40 (best val_r2=0.9999)
  [HPO] Trial 12 started...
  [HPO] Trial 12 finished in 60.9s (val_r2=1.0000)
[I 2026-04-01 13:33:22,476] Trial 12 finished with value: 0.9999503957121385 and parameters: {'hidden_layers_index': 2, 'dropout': 0.002434429437378677, 'learning_rate': 0.00010759738730604172, 'batch_size': 32, 'epochs': 159}. Best is trial 12 with value: 0.9999503957121385.
    Trial 13/40 (best val_r2=1.0000)
  [HPO] Trial 13 started...
  [HPO] Trial 13 finished in 51.6s (val_r2=0.9989)
[I 2026-04-01 13:34:14,109] Trial 13 finished with value: 0.9989045434618093 and parameters: {'hidden_layers_index': 2, 'dropout': 0.007398680327247182, 'learning_rate': 0.00010446792529596082, 'batch_size': 32, 'epochs': 137}. Best is trial 12 with value: 0.9999503957121385.
    Trial 14/40 (best val_r2=1.0000)
  [HPO] Trial 14 started...
  [HPO] Trial 14 finished in 40.5s (val_r2=0.9997)
[I 2026-04-01 13:34:54,659] Trial 14 finished with value: 0.9997466855682123 and parameters: {'hidden_layers_index': 1, 'dropout': 0.17571458003960955, 'learning_rate': 0.0001506470844426437, 'batch_size': 32, 'epochs': 118}. Best is trial 12 with value: 0.9999503957121385.
    Trial 15/40 (best val_r2=1.0000)
  [HPO] Trial 15 started...
  [HPO] Trial 15 finished in 57.6s (val_r2=0.9998)
[I 2026-04-01 13:35:52,273] Trial 15 finished with value: 0.9997777429175904 and parameters: {'hidden_layers_index': 2, 'dropout': 0.042957184905575284, 'learning_rate': 0.00047320867372062847, 'batch_size': 32, 'epochs': 155}. Best is trial 12 with value: 0.9999503957121385.
    Trial 16/40 (best val_r2=1.0000)
  [HPO] Trial 16 started...
  [HPO] Trial 16 finished in 57.3s (val_r2=0.9988)
[I 2026-04-01 13:36:49,577] Trial 16 finished with value: 0.998762117720913 and parameters: {'hidden_layers_index': 1, 'dropout': 0.165027167553038, 'learning_rate': 0.00038410317815646474, 'batch_size': 32, 'epochs': 153}. Best is trial 12 with value: 0.9999503957121385.
    Trial 17/40 (best val_r2=1.0000)
  [HPO] Trial 17 started...
  [HPO] Trial 17 finished in 46.4s (val_r2=0.9956)
[I 2026-04-01 13:37:35,956] Trial 17 finished with value: 0.9955879513117232 and parameters: {'hidden_layers_index': 2, 'dropout': 0.0675785734290031, 'learning_rate': 0.0009929862745938526, 'batch_size': 32, 'epochs': 126}. Best is trial 12 with value: 0.9999503957121385.
    Trial 18/40 (best val_r2=1.0000)
  [HPO] Trial 18 started...
  [HPO] Trial 18 finished in 61.0s (val_r2=0.9997)
[I 2026-04-01 13:38:36,924] Trial 18 finished with value: 0.9996720508211318 and parameters: {'hidden_layers_index': 1, 'dropout': 0.13240904281323385, 'learning_rate': 0.00015129765348505562, 'batch_size': 32, 'epochs': 167}. Best is trial 12 with value: 0.9999503957121385.
    Trial 19/40 (best val_r2=1.0000)
  [HPO] Trial 19 started...
  [HPO] Trial 19 finished in 31.3s (val_r2=0.9976)
[I 2026-04-01 13:39:08,274] Trial 19 finished with value: 0.9975806386652131 and parameters: {'hidden_layers_index': 2, 'dropout': 0.2113490378090324, 'learning_rate': 0.00016665426739894358, 'batch_size': 32, 'epochs': 83}. Best is trial 12 with value: 0.9999503957121385.
    Trial 20/40 (best val_r2=1.0000)
  [HPO] Trial 20 started...
  [HPO] Trial 20 finished in 32.6s (val_r2=0.9976)
[I 2026-04-01 13:39:40,898] Trial 20 finished with value: 0.9975967910745455 and parameters: {'hidden_layers_index': 1, 'dropout': 0.025729199128126247, 'learning_rate': 0.0012113885863359482, 'batch_size': 64, 'epochs': 145}. Best is trial 12 with value: 0.9999503957121385.
    Trial 21/40 (best val_r2=1.0000)
  [HPO] Trial 21 started...
  [HPO] Trial 21 finished in 68.3s (val_r2=0.9995)
[I 2026-04-01 13:40:49,224] Trial 21 finished with value: 0.999540614230632 and parameters: {'hidden_layers_index': 3, 'dropout': 0.000772374945256925, 'learning_rate': 0.0003017457495924008, 'batch_size': 32, 'epochs': 167}. Best is trial 12 with value: 0.9999503957121385.
    Trial 22/40 (best val_r2=1.0000)
  [HPO] Trial 22 started...
  [HPO] Trial 22 finished in 61.8s (val_r2=0.9979)
[I 2026-04-01 13:41:51,026] Trial 22 finished with value: 0.9979207866328156 and parameters: {'hidden_layers_index': 2, 'dropout': 0.07810414678644567, 'learning_rate': 0.00015500570065725812, 'batch_size': 32, 'epochs': 162}. Best is trial 12 with value: 0.9999503957121385.
    Trial 23/40 (best val_r2=1.0000)
  [HPO] Trial 23 started...
  [HPO] Trial 23 finished in 55.5s (val_r2=0.9997)
[I 2026-04-01 13:42:46,551] Trial 23 finished with value: 0.9996513561431688 and parameters: {'hidden_layers_index': 3, 'dropout': 0.0018668532911018283, 'learning_rate': 0.00010825055063282521, 'batch_size': 32, 'epochs': 145}. Best is trial 12 with value: 0.9999503957121385.
    Trial 24/40 (best val_r2=1.0000)
  [HPO] Trial 24 started...
  [HPO] Trial 24 finished in 76.1s (val_r2=0.9965)
[I 2026-04-01 13:44:02,640] Trial 24 finished with value: 0.9965033495331083 and parameters: {'hidden_layers_index': 2, 'dropout': 0.04299052042164503, 'learning_rate': 0.00020175715411831493, 'batch_size': 32, 'epochs': 200}. Best is trial 12 with value: 0.9999503957121385.
    Trial 25/40 (best val_r2=1.0000)
  [HPO] Trial 25 started...
  [HPO] Trial 25 finished in 61.3s (val_r2=0.9999)
[I 2026-04-01 13:45:03,934] Trial 25 finished with value: 0.9999079794065058 and parameters: {'hidden_layers_index': 1, 'dropout': 0.03649943673271262, 'learning_rate': 0.0003725415807303442, 'batch_size': 32, 'epochs': 173}. Best is trial 12 with value: 0.9999503957121385.
    Trial 26/40 (best val_r2=1.0000)
  [HPO] Trial 26 started...
  [HPO] Trial 26 finished in 67.6s (val_r2=0.9995)
[I 2026-04-01 13:46:11,593] Trial 26 finished with value: 0.9995463779716891 and parameters: {'hidden_layers_index': 1, 'dropout': 0.12025711563739484, 'learning_rate': 0.0004915592841323845, 'batch_size': 32, 'epochs': 177}. Best is trial 12 with value: 0.9999503957121385.
    Trial 27/40 (best val_r2=1.0000)
  [HPO] Trial 27 started...
  [HPO] Trial 27 finished in 43.4s (val_r2=0.9989)
[I 2026-04-01 13:46:54,969] Trial 27 finished with value: 0.9989326745886651 and parameters: {'hidden_layers_index': 0, 'dropout': 0.040188303784623174, 'learning_rate': 0.0003858384168842718, 'batch_size': 32, 'epochs': 133}. Best is trial 12 with value: 0.9999503957121385.
    Trial 28/40 (best val_r2=1.0000)
  [HPO] Trial 28 started...
  [HPO] Trial 28 finished in 51.9s (val_r2=0.9995)
[I 2026-04-01 13:47:46,906] Trial 28 finished with value: 0.9994899722869134 and parameters: {'hidden_layers_index': 1, 'dropout': 0.08201277413594223, 'learning_rate': 0.0001343273199193011, 'batch_size': 32, 'epochs': 113}. Best is trial 12 with value: 0.9999503957121385.
    Trial 29/40 (best val_r2=1.0000)
  [HPO] Trial 29 started...
  [HPO] Trial 29 finished in 37.9s (val_r2=0.9997)
[I 2026-04-01 13:48:24,795] Trial 29 finished with value: 0.9997027349183871 and parameters: {'hidden_layers_index': 1, 'dropout': 0.1048369799540066, 'learning_rate': 0.00020042617755897284, 'batch_size': 64, 'epochs': 153}. Best is trial 12 with value: 0.9999503957121385.
    Trial 30/40 (best val_r2=1.0000)
  [HPO] Trial 30 started...
  [HPO] Trial 30 finished in 23.6s (val_r2=0.9994)
[I 2026-04-01 13:48:48,351] Trial 30 finished with value: 0.9993807156474673 and parameters: {'hidden_layers_index': 0, 'dropout': 0.02708493450930663, 'learning_rate': 0.0003551020078416728, 'batch_size': 64, 'epochs': 160}. Best is trial 12 with value: 0.9999503957121385.
    Trial 31/40 (best val_r2=1.0000)
  [HPO] Trial 31 started...
  [HPO] Trial 31 finished in 59.8s (val_r2=0.9999)
