[I 2026-04-01 14:12:03,435] Trial 23 finished with value: 0.9985478676171785 and parameters: {'hidden_layers_index': 1, 'dropout': 0.2315507701683673, 'learning_rate': 0.0008891574519900461, 'batch_size': 128, 'epochs': 80}. Best is trial 5 with value: 0.9999199863549817.
    Trial 24/40 (best val_r2=0.9999)
  [HPO] Trial 24 started...
  [HPO] Trial 24 finished in 16.9s (val_r2=0.9987)
[I 2026-04-01 14:12:20,299] Trial 24 finished with value: 0.9986510144596185 and parameters: {'hidden_layers_index': 2, 'dropout': 0.14801035091602316, 'learning_rate': 0.0015384531533147931, 'batch_size': 128, 'epochs': 163}. Best is trial 5 with value: 0.9999199863549817.
    Trial 25/40 (best val_r2=0.9999)
  [HPO] Trial 25 started...
  [HPO] Trial 25 finished in 34.5s (val_r2=0.9987)
[I 2026-04-01 14:12:54,771] Trial 25 finished with value: 0.9987039803397879 and parameters: {'hidden_layers_index': 1, 'dropout': 0.10011023055628691, 'learning_rate': 0.0008020982338017769, 'batch_size': 32, 'epochs': 139}. Best is trial 5 with value: 0.9999199863549817.
    Trial 26/40 (best val_r2=0.9999)
  [HPO] Trial 26 started...
  [HPO] Trial 26 finished in 18.2s (val_r2=0.9972)
[I 2026-04-01 14:13:13,025] Trial 26 finished with value: 0.9972237954622891 and parameters: {'hidden_layers_index': 2, 'dropout': 0.234818117366478, 'learning_rate': 0.0013199760266945505, 'batch_size': 128, 'epochs': 148}. Best is trial 5 with value: 0.9999199863549817.
    Trial 27/40 (best val_r2=0.9999)
  [HPO] Trial 27 started...
  [HPO] Trial 27 finished in 24.5s (val_r2=0.9989)
[I 2026-04-01 14:13:37,523] Trial 27 finished with value: 0.9988887459047849 and parameters: {'hidden_layers_index': 3, 'dropout': 0.027966317419248043, 'learning_rate': 0.002067213745914579, 'batch_size': 128, 'epochs': 166}. Best is trial 5 with value: 0.9999199863549817.
    Trial 28/40 (best val_r2=0.9999)
  [HPO] Trial 28 started...
  [HPO] Trial 28 finished in 14.7s (val_r2=0.9993)
[I 2026-04-01 14:13:52,255] Trial 28 finished with value: 0.9993163950508438 and parameters: {'hidden_layers_index': 0, 'dropout': 0.07543493922509144, 'learning_rate': 0.0006200174216729173, 'batch_size': 64, 'epochs': 113}. Best is trial 5 with value: 0.9999199863549817.
    Trial 29/40 (best val_r2=0.9999)
  [HPO] Trial 29 started...
  [HPO] Trial 29 finished in 45.5s (val_r2=0.9992)
[I 2026-04-01 14:14:37,762] Trial 29 finished with value: 0.9991681768072291 and parameters: {'hidden_layers_index': 3, 'dropout': 0.15298144331135372, 'learning_rate': 0.0001632963512299871, 'batch_size': 32, 'epochs': 147}. Best is trial 5 with value: 0.9999199863549817.
    Trial 30/40 (best val_r2=0.9999)
  [HPO] Trial 30 started...
  [HPO] Trial 30 finished in 19.0s (val_r2=0.9991)
[I 2026-04-01 14:14:56,775] Trial 30 finished with value: 0.9991205995235587 and parameters: {'hidden_layers_index': 2, 'dropout': 0.1188294546881423, 'learning_rate': 0.0010123179563909191, 'batch_size': 64, 'epochs': 128}. Best is trial 5 with value: 0.9999199863549817.
    Trial 31/40 (best val_r2=0.9999)
  [HPO] Trial 31 started...
  [HPO] Trial 31 finished in 22.9s (val_r2=0.9994)
[I 2026-04-01 14:15:19,701] Trial 31 finished with value: 0.9994099348788831 and parameters: {'hidden_layers_index': 1, 'dropout': 0.20605836127983626, 'learning_rate': 0.0004664411854390554, 'batch_size': 128, 'epochs': 200}. Best is trial 5 with value: 0.9999199863549817.
    Trial 32/40 (best val_r2=0.9999)
  [HPO] Trial 32 started...
  [HPO] Trial 32 finished in 23.1s (val_r2=0.9993)
[I 2026-04-01 14:15:42,827] Trial 32 finished with value: 0.9993081029443864 and parameters: {'hidden_layers_index': 1, 'dropout': 0.21326077245256966, 'learning_rate': 0.00030737715996568193, 'batch_size': 128, 'epochs': 174}. Best is trial 5 with value: 0.9999199863549817.
    Trial 33/40 (best val_r2=0.9999)
  [HPO] Trial 33 started...
  [HPO] Trial 33 finished in 26.4s (val_r2=0.9990)
[I 2026-04-01 14:16:09,270] Trial 33 finished with value: 0.9990286405108912 and parameters: {'hidden_layers_index': 1, 'dropout': 0.17159259394781223, 'learning_rate': 0.0004755583751731523, 'batch_size': 128, 'epochs': 192}. Best is trial 5 with value: 0.9999199863549817.
    Trial 34/40 (best val_r2=0.9999)
  [HPO] Trial 34 started...
  [HPO] Trial 34 finished in 27.9s (val_r2=0.9973)
[I 2026-04-01 14:16:37,186] Trial 34 finished with value: 0.9972578608069746 and parameters: {'hidden_layers_index': 1, 'dropout': 0.33571860653464625, 'learning_rate': 0.0007024361524375964, 'batch_size': 128, 'epochs': 190}. Best is trial 5 with value: 0.9999199863549817.
    Trial 35/40 (best val_r2=0.9999)
  [HPO] Trial 35 started...
  [HPO] Trial 35 finished in 16.2s (val_r2=0.9998)
[I 2026-04-01 14:16:53,374] Trial 35 finished with value: 0.9997621722186104 and parameters: {'hidden_layers_index': 0, 'dropout': 0.021917607409811395, 'learning_rate': 0.0002120873270846106, 'batch_size': 128, 'epochs': 153}. Best is trial 5 with value: 0.9999199863549817.
    Trial 36/40 (best val_r2=0.9999)
  [HPO] Trial 36 started...
  [HPO] Trial 36 finished in 21.4s (val_r2=0.9995)
[I 2026-04-01 14:17:14,766] Trial 36 finished with value: 0.9994992280696552 and parameters: {'hidden_layers_index': 0, 'dropout': 0.020294901071950866, 'learning_rate': 0.00019845165745019017, 'batch_size': 64, 'epochs': 155}. Best is trial 5 with value: 0.9999199863549817.
    Trial 37/40 (best val_r2=0.9999)
  [HPO] Trial 37 started...
  [HPO] Trial 37 finished in 14.9s (val_r2=0.9991)
[I 2026-04-01 14:17:29,702] Trial 37 finished with value: 0.999087708467874 and parameters: {'hidden_layers_index': 0, 'dropout': 0.07959355248374625, 'learning_rate': 0.00013830981071442843, 'batch_size': 128, 'epochs': 142}. Best is trial 5 with value: 0.9999199863549817.
    Trial 38/40 (best val_r2=0.9999)
  [HPO] Trial 38 started...
  [HPO] Trial 38 finished in 16.8s (val_r2=0.9996)
[I 2026-04-01 14:17:46,498] Trial 38 finished with value: 0.9995806928827591 and parameters: {'hidden_layers_index': 0, 'dropout': 0.0470363173461234, 'learning_rate': 0.0019166062634020176, 'batch_size': 128, 'epochs': 168}. Best is trial 5 with value: 0.9999199863549817.
    Trial 39/40 (best val_r2=0.9999)
  [HPO] Trial 39 started...
  [HPO] Trial 39 finished in 17.6s (val_r2=0.9996)
[I 2026-04-01 14:18:04,127] Trial 39 finished with value: 0.9996178440108391 and parameters: {'hidden_layers_index': 0, 'dropout': 0.11034751076699126, 'learning_rate': 0.0002621097515795136, 'batch_size': 128, 'epochs': 178}. Best is trial 5 with value: 0.9999199863549817.
    Trial 40/40 (best val_r2=0.9999)
[6/6] Training nstxu_mlp_t3_mirnov...
[6/6] Done. Artifacts in runs/nstxu_t3_mirnov_hpo
Workflow nstxu_t3_mirnov_hpo complete. Artifacts saved to runs/nstxu_t3_mirnov_hpo
{
  "run_tag": "nstxu_t3_mirnov_hpo",
  "dataset": {
    "file_path": "data/datasets/NSTX-U/nstxu_equil_curated.pkl",
    "n_rows": 10000,
    "n_inputs": 29,
    "n_outputs": 1,
    "output_groups": {},
    "profile_groups": {},
    "dataset_info": {
      "shape": [
        10000,
        37
      ],
      "n_input_variables": 33,
      "n_output_variables": 4,
      "n_output_groups": 0,
      "largest_output_group": 0,
      "largest_output_group_name": null
    }
  },
  "resources": {
    "scheduler": null,
    "n_cpus": 10,
    "n_gpus": 0,
    "gpu_type": null,
    "device": "cpu",
    "hostname": "asanche2-lt",
    "extras": {
      "platform": "macOS-26.3.1-arm64-arm-64bit"
    }
  },
  "splits": {
    "train": 6000,
    "val": 2000,
    "test": 2000
  },
  "scalers": {
    "input_scaler": "runs/nstxu_t3_mirnov_hpo/scalers/inputs.joblib",
    "output_scaler": "runs/nstxu_t3_mirnov_hpo/scalers/outputs.joblib"
  },
  "models": [
    {
      "name": "nstxu_rf_t3_mirnov",
      "backend": "sklearn",
      "params": {
        "n_estimators": 400,
        "max_depth": 20,
        "min_samples_leaf": 1
      },
      "metrics": {
        "train": {
          "r2": 0.9991703578207117,
          "rmse": 0.00028763865904984535,
          "mae": 0.00013903844182395304,
          "mape": 4127285169.6028743
        },
        "val": {
          "r2": 0.9879573691321588,
          "rmse": 0.0010368244793720518,
          "mae": 0.00041813952274777117,
          "mape": 0.0035413980374063595
        },
        "test": {
          "r2": 0.9921394397424681,
          "rmse": 0.0008430660368215364,
          "mae": 0.0003760313639997534,
          "mape": 0.0031852614759595387
        }
      },
      "timings": {
        "train_seconds": 8.525751541004865,
        "train_inference_seconds": 0.13059966699802317,
        "val_inference_seconds": 0.07673729199450463,
        "train_inference_per_sample": 2.1766611166337196e-05,
        "val_inference_per_sample": 3.8368645997252316e-05,
        "test_inference_seconds": 0.1662047919962788,
        "test_inference_per_sample": 8.31023959981394e-05
      },
      "artifacts": {
        "model": "runs/nstxu_t3_mirnov_hpo/models/nstxu_rf_t3_mirnov.joblib",
        "predictions": {
          "train": "runs/nstxu_t3_mirnov_hpo/predictions/nstxu_rf_t3_mirnov_train.csv",
          "val": "runs/nstxu_t3_mirnov_hpo/predictions/nstxu_rf_t3_mirnov_val.csv",
          "test": "runs/nstxu_t3_mirnov_hpo/predictions/nstxu_rf_t3_mirnov_test.csv"
        },
        "hpo": "runs/nstxu_t3_mirnov_hpo/hpo/nstxu_rf_t3_mirnov_hpo.json"
      }
    },
    {
      "name": "nstxu_mlp_t3_mirnov",
      "backend": "pytorch",
      "params": {
        "hidden_layers": [
          384,
          256,
          128
        ],
        "dropout": 4.81342779403704e-06,
        "epochs": 164,
        "batch_size": 32,
        "learning_rate": 0.0002627903447762754,
        "mc_dropout_passes": 40,
        "activation": "relu"
      },
      "metrics": {
        "train": {
          "r2": 0.9997205123443103,
          "rmse": 0.0001669487451454156,
          "mae": 0.00012645414958117857,
          "mape": 6495868201.643698
        },
        "val": {
          "r2": 0.999679428914052,
          "rmse": 0.0001691635261454053,
          "mae": 0.0001338415814481545,
          "mape": 0.0011070993131195494
        },
        "test": {
          "r2": 0.9996885586056823,
          "rmse": 0.00016781199901977985,
          "mae": 0.0001325422194564634,
          "mape": 0.0010968690889769223
        }
      },
      "timings": {
        "train_seconds": 53.109913624997716,
        "train_inference_seconds": 0.01835858399863355,
        "val_inference_seconds": 0.0060421669913921505,
        "train_inference_per_sample": 3.059763999772258e-06,
        "val_inference_per_sample": 3.0210834956960753e-06,
        "test_inference_seconds": 0.004530875012278557,
        "test_inference_per_sample": 2.2654375061392783e-06
      },
      "artifacts": {
        "model": "runs/nstxu_t3_mirnov_hpo/models/nstxu_mlp_t3_mirnov.joblib",
        "predictions": {
          "train": "runs/nstxu_t3_mirnov_hpo/predictions/nstxu_mlp_t3_mirnov_train.csv",
          "val": "runs/nstxu_t3_mirnov_hpo/predictions/nstxu_mlp_t3_mirnov_val.csv",
          "test": "runs/nstxu_t3_mirnov_hpo/predictions/nstxu_mlp_t3_mirnov_test.csv",
          "val_uq": "runs/nstxu_t3_mirnov_hpo/predictions/nstxu_mlp_t3_mirnov_val_uq.json"
        },
        "hpo": "runs/nstxu_t3_mirnov_hpo/hpo/nstxu_mlp_t3_mirnov_hpo.json"
      }
    }
  ],
  "registry": "Registered Models:",
  "artifacts": {
    "root": "runs/nstxu_t3_mirnov_hpo",
    "metrics": "runs/nstxu_t3_mirnov_hpo/metrics.json",
    "summary": "runs/nstxu_t3_mirnov_hpo/workflow_summary.json",
    "spec": "runs/nstxu_t3_mirnov_hpo/spec.yaml",
    "train_data_ranges": "runs/nstxu_t3_mirnov_hpo/train_data_ranges.json"
  }
}
======== 2026-04-01T14:18:59-04:00 OK nstxu_t3_mirnov_hpo ========

Metrics summary: python scripts/nstxu/collect_nstxu_metrics.py
