[I 2026-04-01 12:48:50,204] Trial 26 finished with value: 0.7669454272810181 and parameters: {'n_estimators': 400, 'max_depth': 26, 'min_samples_leaf': 1}. Best is trial 24 with value: 0.7678117415486047.
    Trial 27/40 (best val_r2=0.7678)
  [HPO] Trial 27 started...
  [HPO] Trial 27 finished in 7.4s (val_r2=-101.8430)
[I 2026-04-01 12:48:57,628] Trial 27 finished with value: -101.84298691642263 and parameters: {'n_estimators': 450, 'max_depth': 26, 'min_samples_leaf': 2}. Best is trial 24 with value: 0.7678117415486047.
    Trial 28/40 (best val_r2=0.7678)
  [HPO] Trial 28 started...
  [HPO] Trial 28 finished in 9.9s (val_r2=0.7677)
[I 2026-04-01 12:49:07,591] Trial 28 finished with value: 0.7676564604845975 and parameters: {'n_estimators': 550, 'max_depth': 27, 'min_samples_leaf': 1}. Best is trial 24 with value: 0.7678117415486047.
    Trial 29/40 (best val_r2=0.7678)
  [HPO] Trial 29 started...
  [HPO] Trial 29 finished in 9.8s (val_r2=-1612.6133)
[I 2026-04-01 12:49:17,385] Trial 29 finished with value: -1612.613262031187 and parameters: {'n_estimators': 600, 'max_depth': 28, 'min_samples_leaf': 3}. Best is trial 24 with value: 0.7678117415486047.
    Trial 30/40 (best val_r2=0.7678)
  [HPO] Trial 30 started...
  [HPO] Trial 30 finished in 9.6s (val_r2=0.7674)
[I 2026-04-01 12:49:27,079] Trial 30 finished with value: 0.7674039446259846 and parameters: {'n_estimators': 550, 'max_depth': 24, 'min_samples_leaf': 1}. Best is trial 24 with value: 0.7678117415486047.
    Trial 31/40 (best val_r2=0.7678)
  [HPO] Trial 31 started...
  [HPO] Trial 31 finished in 8.6s (val_r2=0.7674)
[I 2026-04-01 12:49:35,751] Trial 31 finished with value: 0.7674039446259846 and parameters: {'n_estimators': 550, 'max_depth': 24, 'min_samples_leaf': 1}. Best is trial 24 with value: 0.7678117415486047.
    Trial 32/40 (best val_r2=0.7678)
  [HPO] Trial 32 started...
  [HPO] Trial 32 finished in 8.8s (val_r2=0.7677)
[I 2026-04-01 12:49:44,592] Trial 32 finished with value: 0.7676564604845979 and parameters: {'n_estimators': 550, 'max_depth': 27, 'min_samples_leaf': 1}. Best is trial 24 with value: 0.7678117415486047.
    Trial 33/40 (best val_r2=0.7678)
  [HPO] Trial 33 started...
  [HPO] Trial 33 finished in 8.5s (val_r2=0.7672)
[I 2026-04-01 12:49:53,129] Trial 33 finished with value: 0.7671861553307175 and parameters: {'n_estimators': 550, 'max_depth': 26, 'min_samples_leaf': 1}. Best is trial 24 with value: 0.7678117415486047.
    Trial 34/40 (best val_r2=0.7678)
  [HPO] Trial 34 started...
  [HPO] Trial 34 finished in 9.8s (val_r2=-92.1322)
[I 2026-04-01 12:50:02,929] Trial 34 finished with value: -92.13223317791814 and parameters: {'n_estimators': 600, 'max_depth': 27, 'min_samples_leaf': 2}. Best is trial 24 with value: 0.7678117415486047.
    Trial 35/40 (best val_r2=0.7678)
  [HPO] Trial 35 started...
  [HPO] Trial 35 finished in 7.9s (val_r2=0.7675)
[I 2026-04-01 12:50:11,082] Trial 35 finished with value: 0.7675184498829121 and parameters: {'n_estimators': 500, 'max_depth': 24, 'min_samples_leaf': 1}. Best is trial 24 with value: 0.7678117415486047.
    Trial 36/40 (best val_r2=0.7678)
  [HPO] Trial 36 started...
  [HPO] Trial 36 finished in 7.6s (val_r2=-93.6025)
[I 2026-04-01 12:50:18,727] Trial 36 finished with value: -93.60251277641594 and parameters: {'n_estimators': 500, 'max_depth': 27, 'min_samples_leaf': 2}. Best is trial 24 with value: 0.7678117415486047.
    Trial 37/40 (best val_r2=0.7678)
  [HPO] Trial 37 started...
  [HPO] Trial 37 finished in 9.4s (val_r2=0.7679)
[I 2026-04-01 12:50:28,185] Trial 37 finished with value: 0.7679403144152366 and parameters: {'n_estimators': 500, 'max_depth': 25, 'min_samples_leaf': 1}. Best is trial 37 with value: 0.7679403144152366.
    Trial 38/40 (best val_r2=0.7679)
  [HPO] Trial 38 started...
  [HPO] Trial 38 finished in 8.0s (val_r2=-94.8391)
[I 2026-04-01 12:50:36,250] Trial 38 finished with value: -94.8391368986361 and parameters: {'n_estimators': 550, 'max_depth': 28, 'min_samples_leaf': 2}. Best is trial 37 with value: 0.7679403144152366.
    Trial 39/40 (best val_r2=0.7679)
  [HPO] Trial 39 started...
  [HPO] Trial 39 finished in 7.1s (val_r2=0.7679)
[I 2026-04-01 12:50:43,371] Trial 39 finished with value: 0.7679428383241874 and parameters: {'n_estimators': 450, 'max_depth': 25, 'min_samples_leaf': 1}. Best is trial 39 with value: 0.7679428383241874.
    Trial 40/40 (best val_r2=0.7679)
[4/6] Training nstxu_rf_t3_rogowski...
[5/6] HPO for nstxu_mlp_t3_rogowski (40 trials)...
[I 2026-04-01 12:50:52,139] A new study created in memory with name: nstxu_t3_rogowski_hpo-torch.mlp
  [HPO] Trial 0 started...
  [HPO] Trial 0 finished in 33.0s (val_r2=-14.9194)
[I 2026-04-01 12:51:25,164] Trial 0 finished with value: -14.91937325860064 and parameters: {'hidden_layers_index': 3, 'dropout': 0.09501648801396492, 'learning_rate': 0.0025143428814176426, 'batch_size': 64, 'epochs': 153}. Best is trial 0 with value: -14.91937325860064.
    Trial 1/40 (best val_r2=-14.9194)
  [HPO] Trial 1 started...
  [HPO] Trial 1 finished in 35.9s (val_r2=-14.6018)
[I 2026-04-01 12:52:01,118] Trial 1 finished with value: -14.601785527189096 and parameters: {'hidden_layers_index': 3, 'dropout': 0.2566453379036277, 'learning_rate': 0.0016853391697173288, 'batch_size': 64, 'epochs': 183}. Best is trial 1 with value: -14.601785527189096.
    Trial 2/40 (best val_r2=-14.6018)
  [HPO] Trial 2 started...
  [HPO] Trial 2 finished in 30.1s (val_r2=0.5099)
[I 2026-04-01 12:52:31,254] Trial 2 finished with value: 0.5098994972130155 and parameters: {'hidden_layers_index': 1, 'dropout': 0.2719391806312388, 'learning_rate': 0.0002725285130250698, 'batch_size': 128, 'epochs': 194}. Best is trial 2 with value: 0.5098994972130155.
    Trial 3/40 (best val_r2=0.5099)
  [HPO] Trial 3 started...
  [HPO] Trial 3 finished in 30.6s (val_r2=-0.1454)
[I 2026-04-01 12:53:01,827] Trial 3 finished with value: -0.14543961732367383 and parameters: {'hidden_layers_index': 0, 'dropout': 0.12775654655214583, 'learning_rate': 0.00362466400156375, 'batch_size': 128, 'epochs': 185}. Best is trial 2 with value: 0.5098994972130155.
    Trial 4/40 (best val_r2=0.5099)
  [HPO] Trial 4 started...
  [HPO] Trial 4 finished in 29.4s (val_r2=-5.4764)
[I 2026-04-01 12:53:31,227] Trial 4 finished with value: -5.476444939669285 and parameters: {'hidden_layers_index': 0, 'dropout': 0.29863089479757504, 'learning_rate': 0.0024043227611998323, 'batch_size': 64, 'epochs': 138}. Best is trial 2 with value: 0.5098994972130155.
    Trial 5/40 (best val_r2=0.5099)
  [HPO] Trial 5 started...
  [HPO] Trial 5 finished in 54.0s (val_r2=0.6424)
[I 2026-04-01 12:54:25,216] Trial 5 finished with value: 0.6424096111310351 and parameters: {'hidden_layers_index': 3, 'dropout': 4.81342779403704e-06, 'learning_rate': 0.0002627903447762754, 'batch_size': 32, 'epochs': 164}. Best is trial 5 with value: 0.6424096111310351.
    Trial 6/40 (best val_r2=0.6424)
  [HPO] Trial 6 started...
  [HPO] Trial 6 finished in 25.7s (val_r2=0.5022)
[I 2026-04-01 12:54:50,897] Trial 6 finished with value: 0.5021863250006422 and parameters: {'hidden_layers_index': 3, 'dropout': 0.09779028087919613, 'learning_rate': 0.0006001696958441087, 'batch_size': 128, 'epochs': 173}. Best is trial 5 with value: 0.6424096111310351.
    Trial 7/40 (best val_r2=0.6424)
  [HPO] Trial 7 started...
  [HPO] Trial 7 finished in 10.6s (val_r2=0.2523)
[I 2026-04-01 12:55:01,544] Trial 7 finished with value: 0.2522756915657419 and parameters: {'hidden_layers_index': 0, 'dropout': 0.27443403167492536, 'learning_rate': 0.0008540385215381805, 'batch_size': 128, 'epochs': 98}. Best is trial 5 with value: 0.6424096111310351.
    Trial 8/40 (best val_r2=0.6424)
  [HPO] Trial 8 started...
  [HPO] Trial 8 finished in 53.7s (val_r2=0.5120)
[I 2026-04-01 12:55:55,229] Trial 8 finished with value: 0.511971536931195 and parameters: {'hidden_layers_index': 3, 'dropout': 0.27204200624185687, 'learning_rate': 0.0002533817781390946, 'batch_size': 32, 'epochs': 181}. Best is trial 5 with value: 0.6424096111310351.
    Trial 9/40 (best val_r2=0.6424)
  [HPO] Trial 9 started...
  [HPO] Trial 9 finished in 22.3s (val_r2=0.5052)
[I 2026-04-01 12:56:17,580] Trial 9 finished with value: 0.5051979955683559 and parameters: {'hidden_layers_index': 1, 'dropout': 0.057948395618530046, 'learning_rate': 0.0002110412997403752, 'batch_size': 128, 'epochs': 185}. Best is trial 5 with value: 0.6424096111310351.
    Trial 10/40 (best val_r2=0.6424)
  [HPO] Trial 10 started...
  [HPO] Trial 10 finished in 33.9s (val_r2=0.1080)
[I 2026-04-01 12:56:51,454] Trial 10 finished with value: 0.10797571434009867 and parameters: {'hidden_layers_index': 2, 'dropout': 0.3823249488402962, 'learning_rate': 0.00010575648042945282, 'batch_size': 32, 'epochs': 122}. Best is trial 5 with value: 0.6424096111310351.
    Trial 11/40 (best val_r2=0.6424)
  [HPO] Trial 11 started...
  [HPO] Trial 11 finished in 43.7s (val_r2=0.4661)
[I 2026-04-01 12:57:35,121] Trial 11 finished with value: 0.46613192989619556 and parameters: {'hidden_layers_index': 2, 'dropout': 0.0057810100103735836, 'learning_rate': 0.0003091864095357131, 'batch_size': 32, 'epochs': 155}. Best is trial 5 with value: 0.6424096111310351.
    Trial 12/40 (best val_r2=0.6424)
  [HPO] Trial 12 started...
  [HPO] Trial 12 finished in 45.7s (val_r2=0.5136)
[I 2026-04-01 12:58:20,785] Trial 12 finished with value: 0.513574302011691 and parameters: {'hidden_layers_index': 2, 'dropout': 0.19495012415125357, 'learning_rate': 0.00010759738730604172, 'batch_size': 32, 'epochs': 163}. Best is trial 5 with value: 0.6424096111310351.
    Trial 13/40 (best val_r2=0.6424)
  [HPO] Trial 13 started...
  [HPO] Trial 13 finished in 50.0s (val_r2=0.5298)
[I 2026-04-01 12:59:10,796] Trial 13 finished with value: 0.5297722170445465 and parameters: {'hidden_layers_index': 2, 'dropout': 0.16826700631524824, 'learning_rate': 0.00010446792529596082, 'batch_size': 32, 'epochs': 163}. Best is trial 5 with value: 0.6424096111310351.
    Trial 14/40 (best val_r2=0.6424)
  [HPO] Trial 14 started...
  [HPO] Trial 14 finished in 68.9s (val_r2=0.4955)
[I 2026-04-01 13:00:19,670] Trial 14 finished with value: 0.4954943883891634 and parameters: {'hidden_layers_index': 2, 'dropout': 0.17571458003960955, 'learning_rate': 0.00014946580088615375, 'batch_size': 32, 'epochs': 131}. Best is trial 5 with value: 0.6424096111310351.
    Trial 15/40 (best val_r2=0.6424)
  [HPO] Trial 15 started...
  [HPO] Trial 15 finished in 73.2s (val_r2=0.3073)
[I 2026-04-01 13:01:32,850] Trial 15 finished with value: 0.3072808649195715 and parameters: {'hidden_layers_index': 1, 'dropout': 0.023727613968046058, 'learning_rate': 0.0004532852903572962, 'batch_size': 32, 'epochs': 119}. Best is trial 5 with value: 0.6424096111310351.
    Trial 16/40 (best val_r2=0.6424)
  [HPO] Trial 16 started...
  [HPO] Trial 16 finished in 54.3s (val_r2=0.6350)
[I 2026-04-01 13:02:27,183] Trial 16 finished with value: 0.6350286960618101 and parameters: {'hidden_layers_index': 3, 'dropout': 0.15060939744514368, 'learning_rate': 0.00015380819419446727, 'batch_size': 32, 'epochs': 150}. Best is trial 5 with value: 0.6424096111310351.
    Trial 17/40 (best val_r2=0.6424)
  [HPO] Trial 17 started...
  [HPO] Trial 17 finished in 42.1s (val_r2=-2.9900)
[I 2026-04-01 13:03:09,251] Trial 17 finished with value: -2.989964015706514 and parameters: {'hidden_layers_index': 3, 'dropout': 0.0593089476176166, 'learning_rate': 0.0008586231976629529, 'batch_size': 32, 'epochs': 103}. Best is trial 5 with value: 0.6424096111310351.
    Trial 18/40 (best val_r2=0.6424)
  [HPO] Trial 18 started...
  [HPO] Trial 18 finished in 48.4s (val_r2=0.3563)
[I 2026-04-01 13:03:57,646] Trial 18 finished with value: 0.3562799568350369 and parameters: {'hidden_layers_index': 3, 'dropout': 0.34873211565242085, 'learning_rate': 0.00016965864098503707, 'batch_size': 32, 'epochs': 147}. Best is trial 5 with value: 0.6424096111310351.
    Trial 19/40 (best val_r2=0.6424)
  [HPO] Trial 19 started...
  [HPO] Trial 19 finished in 31.6s (val_r2=0.5489)
[I 2026-04-01 13:04:29,206] Trial 19 finished with value: 0.5488640236206525 and parameters: {'hidden_layers_index': 3, 'dropout': 0.1375064833627247, 'learning_rate': 0.00038243985378321165, 'batch_size': 32, 'epochs': 83}. Best is trial 5 with value: 0.6424096111310351.
    Trial 20/40 (best val_r2=0.6424)
  [HPO] Trial 20 started...
  [HPO] Trial 20 finished in 31.3s (val_r2=0.3625)
[I 2026-04-01 13:05:00,525] Trial 20 finished with value: 0.3624708538313647 and parameters: {'hidden_layers_index': 2, 'dropout': 0.22247744959483132, 'learning_rate': 0.0005451443892438659, 'batch_size': 64, 'epochs': 168}. Best is trial 5 with value: 0.6424096111310351.
    Trial 21/40 (best val_r2=0.6424)
  [HPO] Trial 21 started...
  [HPO] Trial 21 finished in 62.4s (val_r2=-0.2440)
[I 2026-04-01 13:06:02,974] Trial 21 finished with value: -0.2440094008740985 and parameters: {'hidden_layers_index': 3, 'dropout': 0.1317990337224819, 'learning_rate': 0.0004010208667352724, 'batch_size': 32, 'epochs': 139}. Best is trial 5 with value: 0.6424096111310351.
    Trial 22/40 (best val_r2=0.6424)
  [HPO] Trial 22 started...
  [HPO] Trial 22 finished in 43.8s (val_r2=-0.6095)
[I 2026-04-01 13:06:46,782] Trial 22 finished with value: -0.6095496185921594 and parameters: {'hidden_layers_index': 3, 'dropout': 0.14327358615331123, 'learning_rate': 0.00033264331087572, 'batch_size': 32, 'epochs': 109}. Best is trial 5 with value: 0.6424096111310351.
    Trial 23/40 (best val_r2=0.6424)
  [HPO] Trial 23 started...
  [HPO] Trial 23 finished in 31.3s (val_r2=0.3980)
[I 2026-04-01 13:07:18,088] Trial 23 finished with value: 0.3980483296489309 and parameters: {'hidden_layers_index': 3, 'dropout': 0.22257257777177458, 'learning_rate': 0.00018226337875662396, 'batch_size': 32, 'epochs': 80}. Best is trial 5 with value: 0.6424096111310351.
    Trial 24/40 (best val_r2=0.6424)
  [HPO] Trial 24 started...
  [HPO] Trial 24 finished in 71.6s (val_r2=0.3901)
[I 2026-04-01 13:08:29,719] Trial 24 finished with value: 0.3900691685681845 and parameters: {'hidden_layers_index': 3, 'dropout': 0.07359474788004405, 'learning_rate': 0.0007670148267979351, 'batch_size': 32, 'epochs': 200}. Best is trial 5 with value: 0.6424096111310351.
    Trial 25/40 (best val_r2=0.6424)
  [HPO] Trial 25 started...
  [HPO] Trial 25 finished in 25.6s (val_r2=0.5170)
[I 2026-04-01 13:08:55,366] Trial 25 finished with value: 0.5169634623774271 and parameters: {'hidden_layers_index': 2, 'dropout': 0.037134019943837054, 'learning_rate': 0.00014242581578722632, 'batch_size': 32, 'epochs': 88}. Best is trial 5 with value: 0.6424096111310351.
    Trial 26/40 (best val_r2=0.6424)
  [HPO] Trial 26 started...
  [HPO] Trial 26 finished in 47.9s (val_r2=-0.1233)
[I 2026-04-01 13:09:43,268] Trial 26 finished with value: -0.12325781624689358 and parameters: {'hidden_layers_index': 3, 'dropout': 0.09321313336117124, 'learning_rate': 0.001209534298684018, 'batch_size': 32, 'epochs': 148}. Best is trial 5 with value: 0.6424096111310351.
    Trial 27/40 (best val_r2=0.6424)
  [HPO] Trial 27 started...
  [HPO] Trial 27 finished in 37.7s (val_r2=0.5605)
[I 2026-04-01 13:10:20,979] Trial 27 finished with value: 0.5605273382649301 and parameters: {'hidden_layers_index': 2, 'dropout': 0.1463987758426515, 'learning_rate': 0.0002267671494652525, 'batch_size': 32, 'epochs': 128}. Best is trial 5 with value: 0.6424096111310351.
    Trial 28/40 (best val_r2=0.6424)
  [HPO] Trial 28 started...
  [HPO] Trial 28 finished in 43.0s (val_r2=0.5654)
[I 2026-04-01 13:11:03,982] Trial 28 finished with value: 0.5654432752848761 and parameters: {'hidden_layers_index': 1, 'dropout': 0.16361580068247858, 'learning_rate': 0.00022373281702588128, 'batch_size': 32, 'epochs': 128}. Best is trial 5 with value: 0.6424096111310351.
    Trial 29/40 (best val_r2=0.6424)
  [HPO] Trial 29 started...
  [HPO] Trial 29 finished in 36.7s (val_r2=0.4628)
[I 2026-04-01 13:11:40,696] Trial 29 finished with value: 0.4627963636524297 and parameters: {'hidden_layers_index': 1, 'dropout': 0.11021572375803823, 'learning_rate': 0.00013999190461160246, 'batch_size': 64, 'epochs': 154}. Best is trial 5 with value: 0.6424096111310351.
    Trial 30/40 (best val_r2=0.6424)
  [HPO] Trial 30 started...
  [HPO] Trial 30 finished in 26.5s (val_r2=0.5037)
[I 2026-04-01 13:12:07,205] Trial 30 finished with value: 0.5037041341099797 and parameters: {'hidden_layers_index': 1, 'dropout': 0.22280879980912188, 'learning_rate': 0.00020081275458845276, 'batch_size': 64, 'epochs': 114}. Best is trial 5 with value: 0.6424096111310351.
    Trial 31/40 (best val_r2=0.6424)
  [HPO] Trial 31 started...
  [HPO] Trial 31 finished in 41.2s (val_r2=0.4197)
[I 2026-04-01 13:12:48,399] Trial 31 finished with value: 0.41974842497752096 and parameters: {'hidden_layers_index': 1, 'dropout': 0.1672972729891844, 'learning_rate': 0.00023302527223878342, 'batch_size': 32, 'epochs': 130}. Best is trial 5 with value: 0.6424096111310351.
    Trial 32/40 (best val_r2=0.6424)
  [HPO] Trial 32 started...
  [HPO] Trial 32 finished in 41.4s (val_r2=0.5774)
[I 2026-04-01 13:13:29,847] Trial 32 finished with value: 0.5774172151950049 and parameters: {'hidden_layers_index': 2, 'dropout': 0.1955630271244759, 'learning_rate': 0.00028933486989453664, 'batch_size': 32, 'epochs': 128}. Best is trial 5 with value: 0.6424096111310351.
    Trial 33/40 (best val_r2=0.6424)
  [HPO] Trial 33 started...
  [HPO] Trial 33 finished in 45.4s (val_r2=0.5757)
[I 2026-04-01 13:14:15,215] Trial 33 finished with value: 0.5756810659507308 and parameters: {'hidden_layers_index': 1, 'dropout': 0.19405155670463253, 'learning_rate': 0.0003090908904213516, 'batch_size': 32, 'epochs': 144}. Best is trial 5 with value: 0.6424096111310351.
    Trial 34/40 (best val_r2=0.6424)
  [HPO] Trial 34 started...
  [HPO] Trial 34 finished in 45.8s (val_r2=0.4810)
[I 2026-04-01 13:15:00,972] Trial 34 finished with value: 0.48100293909968284 and parameters: {'hidden_layers_index': 2, 'dropout': 0.24381993724333748, 'learning_rate': 0.0003128029226326084, 'batch_size': 32, 'epochs': 141}. Best is trial 5 with value: 0.6424096111310351.
    Trial 35/40 (best val_r2=0.6424)
  [HPO] Trial 35 started...
  [HPO] Trial 35 finished in 18.0s (val_r2=0.2926)
[I 2026-04-01 13:15:18,972] Trial 35 finished with value: 0.2926465615959887 and parameters: {'hidden_layers_index': 0, 'dropout': 0.19683250517358444, 'learning_rate': 0.00046243697759508717, 'batch_size': 128, 'epochs': 159}. Best is trial 5 with value: 0.6424096111310351.
    Trial 36/40 (best val_r2=0.6424)
  [HPO] Trial 36 started...
  [HPO] Trial 36 finished in 32.5s (val_r2=0.4054)
[I 2026-04-01 13:15:51,513] Trial 36 finished with value: 0.4053642461856094 and parameters: {'hidden_layers_index': 3, 'dropout': 0.30247414715243054, 'learning_rate': 0.00028426166612263953, 'batch_size': 64, 'epochs': 146}. Best is trial 5 with value: 0.6424096111310351.
    Trial 37/40 (best val_r2=0.6424)
  [HPO] Trial 37 started...
  [HPO] Trial 37 finished in 42.6s (val_r2=-0.3290)
[I 2026-04-01 13:16:34,161] Trial 37 finished with value: -0.3290445425756463 and parameters: {'hidden_layers_index': 0, 'dropout': 0.30499025606596186, 'learning_rate': 0.0006198447825002787, 'batch_size': 32, 'epochs': 178}. Best is trial 5 with value: 0.6424096111310351.
    Trial 38/40 (best val_r2=0.6424)
  [HPO] Trial 38 started...
  [HPO] Trial 38 finished in 25.6s (val_r2=0.4316)
[I 2026-04-01 13:16:59,797] Trial 38 finished with value: 0.43163959509652783 and parameters: {'hidden_layers_index': 1, 'dropout': 0.2467233096327902, 'learning_rate': 0.0010879651935583748, 'batch_size': 128, 'epochs': 142}. Best is trial 5 with value: 0.6424096111310351.
    Trial 39/40 (best val_r2=0.6424)
  [HPO] Trial 39 started...
  [HPO] Trial 39 finished in 50.2s (val_r2=-11.0470)
