[I 2026-04-01 13:56:29,679] Trial 0 finished with value: 0.9854039530721852 and parameters: {'n_estimators': 500, 'max_depth': 12, 'min_samples_leaf': 4}. Best is trial 0 with value: 0.9854039530721852.
    Trial 1/40 (best val_r2=0.9854)
  [HPO] Trial 1 started...
  [HPO] Trial 1 finished in 8.3s (val_r2=0.9872)
[I 2026-04-01 13:56:38,005] Trial 1 finished with value: 0.9871830683652509 and parameters: {'n_estimators': 600, 'max_depth': 28, 'min_samples_leaf': 2}. Best is trial 1 with value: 0.9871830683652509.
    Trial 2/40 (best val_r2=0.9872)
  [HPO] Trial 2 started...
  [HPO] Trial 2 finished in 6.2s (val_r2=0.9865)
[I 2026-04-01 13:56:44,214] Trial 2 finished with value: 0.9865197859891007 and parameters: {'n_estimators': 450, 'max_depth': 24, 'min_samples_leaf': 3}. Best is trial 1 with value: 0.9871830683652509.
    Trial 3/40 (best val_r2=0.9872)
  [HPO] Trial 3 started...
  [HPO] Trial 3 finished in 5.6s (val_r2=0.9783)
[I 2026-04-01 13:56:49,844] Trial 3 finished with value: 0.978268351445016 and parameters: {'n_estimators': 500, 'max_depth': 8, 'min_samples_leaf': 2}. Best is trial 1 with value: 0.9871830683652509.
    Trial 4/40 (best val_r2=0.9872)
  [HPO] Trial 4 started...
  [HPO] Trial 4 finished in 2.8s (val_r2=0.9869)
[I 2026-04-01 13:56:52,635] Trial 4 finished with value: 0.9868508574026768 and parameters: {'n_estimators': 200, 'max_depth': 25, 'min_samples_leaf': 2}. Best is trial 1 with value: 0.9871830683652509.
    Trial 5/40 (best val_r2=0.9872)
  [HPO] Trial 5 started...
  [HPO] Trial 5 finished in 7.9s (val_r2=0.9868)
[I 2026-04-01 13:57:00,523] Trial 5 finished with value: 0.9868156604224567 and parameters: {'n_estimators': 500, 'max_depth': 13, 'min_samples_leaf': 2}. Best is trial 1 with value: 0.9871830683652509.
    Trial 6/40 (best val_r2=0.9872)
  [HPO] Trial 6 started...
  [HPO] Trial 6 finished in 2.6s (val_r2=0.9855)
[I 2026-04-01 13:57:03,128] Trial 6 finished with value: 0.9854789103456305 and parameters: {'n_estimators': 200, 'max_depth': 15, 'min_samples_leaf': 4}. Best is trial 1 with value: 0.9871830683652509.
    Trial 7/40 (best val_r2=0.9872)
  [HPO] Trial 7 started...
  [HPO] Trial 7 finished in 3.0s (val_r2=0.9854)
[I 2026-04-01 13:57:06,153] Trial 7 finished with value: 0.9853966891687151 and parameters: {'n_estimators': 250, 'max_depth': 14, 'min_samples_leaf': 4}. Best is trial 1 with value: 0.9871830683652509.
    Trial 8/40 (best val_r2=0.9872)
  [HPO] Trial 8 started...
  [HPO] Trial 8 finished in 2.2s (val_r2=0.9826)
[I 2026-04-01 13:57:08,332] Trial 8 finished with value: 0.982615282723905 and parameters: {'n_estimators': 200, 'max_depth': 9, 'min_samples_leaf': 3}. Best is trial 1 with value: 0.9871830683652509.
    Trial 9/40 (best val_r2=0.9872)
  [HPO] Trial 9 started...
  [HPO] Trial 9 finished in 6.2s (val_r2=0.9785)
[I 2026-04-01 13:57:14,497] Trial 9 finished with value: 0.9784519681621852 and parameters: {'n_estimators': 550, 'max_depth': 8, 'min_samples_leaf': 3}. Best is trial 1 with value: 0.9871830683652509.
    Trial 10/40 (best val_r2=0.9872)
  [HPO] Trial 10 started...
  [HPO] Trial 10 finished in 9.6s (val_r2=0.9879)
[I 2026-04-01 13:57:24,133] Trial 10 finished with value: 0.9879121652018614 and parameters: {'n_estimators': 600, 'max_depth': 28, 'min_samples_leaf': 1}. Best is trial 10 with value: 0.9879121652018614.
    Trial 11/40 (best val_r2=0.9879)
  [HPO] Trial 11 started...
  [HPO] Trial 11 finished in 10.6s (val_r2=0.9879)
[I 2026-04-01 13:57:34,752] Trial 11 finished with value: 0.9879121652018614 and parameters: {'n_estimators': 600, 'max_depth': 28, 'min_samples_leaf': 1}. Best is trial 10 with value: 0.9879121652018614.
    Trial 12/40 (best val_r2=0.9879)
  [HPO] Trial 12 started...
  [HPO] Trial 12 finished in 9.0s (val_r2=0.9879)
[I 2026-04-01 13:57:43,791] Trial 12 finished with value: 0.9878944539485709 and parameters: {'n_estimators': 600, 'max_depth': 21, 'min_samples_leaf': 1}. Best is trial 10 with value: 0.9879121652018614.
    Trial 13/40 (best val_r2=0.9879)
  [HPO] Trial 13 started...
  [HPO] Trial 13 finished in 5.0s (val_r2=0.9877)
[I 2026-04-01 13:57:48,817] Trial 13 finished with value: 0.9877037748179607 and parameters: {'n_estimators': 350, 'max_depth': 28, 'min_samples_leaf': 1}. Best is trial 10 with value: 0.9879121652018614.
    Trial 14/40 (best val_r2=0.9879)
  [HPO] Trial 14 started...
  [HPO] Trial 14 finished in 5.3s (val_r2=0.9880)
[I 2026-04-01 13:57:54,162] Trial 14 finished with value: 0.9879573691321588 and parameters: {'n_estimators': 400, 'max_depth': 20, 'min_samples_leaf': 1}. Best is trial 14 with value: 0.9879573691321588.
    Trial 15/40 (best val_r2=0.9880)
  [HPO] Trial 15 started...
  [HPO] Trial 15 finished in 5.7s (val_r2=0.9877)
[I 2026-04-01 13:57:59,866] Trial 15 finished with value: 0.987706254489021 and parameters: {'n_estimators': 350, 'max_depth': 19, 'min_samples_leaf': 1}. Best is trial 14 with value: 0.9879573691321588.
    Trial 16/40 (best val_r2=0.9880)
  [HPO] Trial 16 started...
  [HPO] Trial 16 finished in 6.5s (val_r2=0.9879)
[I 2026-04-01 13:58:06,373] Trial 16 finished with value: 0.9879065810016917 and parameters: {'n_estimators': 400, 'max_depth': 22, 'min_samples_leaf': 1}. Best is trial 14 with value: 0.9879573691321588.
    Trial 17/40 (best val_r2=0.9880)
  [HPO] Trial 17 started...
  [HPO] Trial 17 finished in 4.5s (val_r2=0.9874)
[I 2026-04-01 13:58:10,912] Trial 17 finished with value: 0.9874317042294677 and parameters: {'n_estimators': 300, 'max_depth': 16, 'min_samples_leaf': 1}. Best is trial 14 with value: 0.9879573691321588.
    Trial 18/40 (best val_r2=0.9880)
  [HPO] Trial 18 started...
  [HPO] Trial 18 finished in 5.4s (val_r2=0.9871)
[I 2026-04-01 13:58:16,295] Trial 18 finished with value: 0.9870878547112493 and parameters: {'n_estimators': 400, 'max_depth': 19, 'min_samples_leaf': 2}. Best is trial 14 with value: 0.9879573691321588.
    Trial 19/40 (best val_r2=0.9880)
  [HPO] Trial 19 started...
  [HPO] Trial 19 finished in 6.2s (val_r2=0.9878)
[I 2026-04-01 13:58:22,558] Trial 19 finished with value: 0.9878329153277029 and parameters: {'n_estimators': 450, 'max_depth': 25, 'min_samples_leaf': 1}. Best is trial 14 with value: 0.9879573691321588.
    Trial 20/40 (best val_r2=0.9880)
  [HPO] Trial 20 started...
  [HPO] Trial 20 finished in 4.5s (val_r2=0.9869)
[I 2026-04-01 13:58:27,039] Trial 20 finished with value: 0.9868871232827583 and parameters: {'n_estimators': 350, 'max_depth': 22, 'min_samples_leaf': 2}. Best is trial 14 with value: 0.9879573691321588.
    Trial 21/40 (best val_r2=0.9880)
  [HPO] Trial 21 started...
  [HPO] Trial 21 finished in 8.9s (val_r2=0.9879)
[I 2026-04-01 13:58:35,969] Trial 21 finished with value: 0.9879328924790624 and parameters: {'n_estimators': 550, 'max_depth': 27, 'min_samples_leaf': 1}. Best is trial 14 with value: 0.9879573691321588.
    Trial 22/40 (best val_r2=0.9880)
  [HPO] Trial 22 started...
  [HPO] Trial 22 finished in 8.5s (val_r2=0.9879)
[I 2026-04-01 13:58:44,471] Trial 22 finished with value: 0.987921369310508 and parameters: {'n_estimators': 550, 'max_depth': 26, 'min_samples_leaf': 1}. Best is trial 14 with value: 0.9879573691321588.
    Trial 23/40 (best val_r2=0.9880)
  [HPO] Trial 23 started...
  [HPO] Trial 23 finished in 7.6s (val_r2=0.9879)
[I 2026-04-01 13:58:52,101] Trial 23 finished with value: 0.987921369310508 and parameters: {'n_estimators': 550, 'max_depth': 26, 'min_samples_leaf': 1}. Best is trial 14 with value: 0.9879573691321588.
    Trial 24/40 (best val_r2=0.9880)
  [HPO] Trial 24 started...
  [HPO] Trial 24 finished in 6.6s (val_r2=0.9878)
[I 2026-04-01 13:58:58,791] Trial 24 finished with value: 0.9878276420602894 and parameters: {'n_estimators': 450, 'max_depth': 23, 'min_samples_leaf': 1}. Best is trial 14 with value: 0.9879573691321588.
    Trial 25/40 (best val_r2=0.9880)
  [HPO] Trial 25 started...
  [HPO] Trial 25 finished in 9.2s (val_r2=0.9872)
[I 2026-04-01 13:59:07,987] Trial 25 finished with value: 0.9871507765363976 and parameters: {'n_estimators': 550, 'max_depth': 26, 'min_samples_leaf': 2}. Best is trial 14 with value: 0.9879573691321588.
    Trial 26/40 (best val_r2=0.9880)
  [HPO] Trial 26 started...
  [HPO] Trial 26 finished in 9.3s (val_r2=0.9877)
[I 2026-04-01 13:59:17,281] Trial 26 finished with value: 0.9876929512284959 and parameters: {'n_estimators': 500, 'max_depth': 20, 'min_samples_leaf': 1}. Best is trial 14 with value: 0.9879573691321588.
    Trial 27/40 (best val_r2=0.9880)
  [HPO] Trial 27 started...
  [HPO] Trial 27 finished in 6.5s (val_r2=0.9870)
[I 2026-04-01 13:59:23,808] Trial 27 finished with value: 0.987028046792266 and parameters: {'n_estimators': 450, 'max_depth': 17, 'min_samples_leaf': 2}. Best is trial 14 with value: 0.9879573691321588.
    Trial 28/40 (best val_r2=0.9880)
  [HPO] Trial 28 started...
  [HPO] Trial 28 finished in 9.2s (val_r2=0.9879)
[I 2026-04-01 13:59:33,038] Trial 28 finished with value: 0.987921369310508 and parameters: {'n_estimators': 550, 'max_depth': 26, 'min_samples_leaf': 1}. Best is trial 14 with value: 0.9879573691321588.
    Trial 29/40 (best val_r2=0.9880)
  [HPO] Trial 29 started...
  [HPO] Trial 29 finished in 4.0s (val_r2=0.9862)
[I 2026-04-01 13:59:37,065] Trial 29 finished with value: 0.986169556063499 and parameters: {'n_estimators': 300, 'max_depth': 23, 'min_samples_leaf': 3}. Best is trial 14 with value: 0.9879573691321588.
    Trial 30/40 (best val_r2=0.9880)
  [HPO] Trial 30 started...
  [HPO] Trial 30 finished in 5.5s (val_r2=0.9879)
[I 2026-04-01 13:59:42,647] Trial 30 finished with value: 0.9879129354650218 and parameters: {'n_estimators': 400, 'max_depth': 24, 'min_samples_leaf': 1}. Best is trial 14 with value: 0.9879573691321588.
    Trial 31/40 (best val_r2=0.9880)
  [HPO] Trial 31 started...
  [HPO] Trial 31 finished in 8.4s (val_r2=0.9879)
[I 2026-04-01 13:59:51,082] Trial 31 finished with value: 0.987921369310508 and parameters: {'n_estimators': 550, 'max_depth': 26, 'min_samples_leaf': 1}. Best is trial 14 with value: 0.9879573691321588.
    Trial 32/40 (best val_r2=0.9880)
  [HPO] Trial 32 started...
  [HPO] Trial 32 finished in 7.1s (val_r2=0.9870)
[I 2026-04-01 13:59:58,232] Trial 32 finished with value: 0.9869972587058937 and parameters: {'n_estimators': 550, 'max_depth': 11, 'min_samples_leaf': 1}. Best is trial 14 with value: 0.9879573691321588.
    Trial 33/40 (best val_r2=0.9880)
  [HPO] Trial 33 started...
  [HPO] Trial 33 finished in 9.0s (val_r2=0.9876)
[I 2026-04-01 14:00:07,255] Trial 33 finished with value: 0.9876490206730596 and parameters: {'n_estimators': 500, 'max_depth': 26, 'min_samples_leaf': 1}. Best is trial 14 with value: 0.9879573691321588.
    Trial 34/40 (best val_r2=0.9880)
  [HPO] Trial 34 started...
  [HPO] Trial 34 finished in 10.9s (val_r2=0.9872)
[I 2026-04-01 14:00:18,141] Trial 34 finished with value: 0.9871830683652509 and parameters: {'n_estimators': 600, 'max_depth': 27, 'min_samples_leaf': 2}. Best is trial 14 with value: 0.9879573691321588.
    Trial 35/40 (best val_r2=0.9880)
  [HPO] Trial 35 started...
  [HPO] Trial 35 finished in 7.3s (val_r2=0.9876)
[I 2026-04-01 14:00:25,445] Trial 35 finished with value: 0.9876496345833928 and parameters: {'n_estimators': 500, 'max_depth': 25, 'min_samples_leaf': 1}. Best is trial 14 with value: 0.9879573691321588.
    Trial 36/40 (best val_r2=0.9880)
  [HPO] Trial 36 started...
  [HPO] Trial 36 finished in 8.9s (val_r2=0.9870)
[I 2026-04-01 14:00:34,373] Trial 36 finished with value: 0.9870158052746442 and parameters: {'n_estimators': 450, 'max_depth': 24, 'min_samples_leaf': 2}. Best is trial 14 with value: 0.9879573691321588.
    Trial 37/40 (best val_r2=0.9880)
  [HPO] Trial 37 started...
  [HPO] Trial 37 finished in 7.4s (val_r2=0.9869)
[I 2026-04-01 14:00:41,811] Trial 37 finished with value: 0.9869136158331888 and parameters: {'n_estimators': 500, 'max_depth': 27, 'min_samples_leaf': 2}. Best is trial 14 with value: 0.9879573691321588.
    Trial 38/40 (best val_r2=0.9880)
  [HPO] Trial 38 started...
  [HPO] Trial 38 finished in 8.5s (val_r2=0.9879)
[I 2026-04-01 14:00:50,387] Trial 38 finished with value: 0.9879075070439765 and parameters: {'n_estimators': 550, 'max_depth': 21, 'min_samples_leaf': 1}. Best is trial 14 with value: 0.9879573691321588.
    Trial 39/40 (best val_r2=0.9880)
  [HPO] Trial 39 started...
  [HPO] Trial 39 finished in 11.5s (val_r2=0.9872)
[I 2026-04-01 14:01:01,884] Trial 39 finished with value: 0.9871830683652509 and parameters: {'n_estimators': 600, 'max_depth': 27, 'min_samples_leaf': 2}. Best is trial 14 with value: 0.9879573691321588.
    Trial 40/40 (best val_r2=0.9880)
[4/6] Training nstxu_rf_t3_mirnov...
[5/6] HPO for nstxu_mlp_t3_mirnov (40 trials)...
[I 2026-04-01 14:01:11,010] A new study created in memory with name: nstxu_t3_mirnov_hpo-torch.mlp
  [HPO] Trial 0 started...
  [HPO] Trial 0 finished in 33.6s (val_r2=0.9958)
[I 2026-04-01 14:01:44,620] Trial 0 finished with value: 0.9957724059213513 and parameters: {'hidden_layers_index': 3, 'dropout': 0.09501648801396492, 'learning_rate': 0.0025143428814176426, 'batch_size': 64, 'epochs': 153}. Best is trial 0 with value: 0.9957724059213513.
    Trial 1/40 (best val_r2=0.9958)
  [HPO] Trial 1 started...
  [HPO] Trial 1 finished in 32.1s (val_r2=0.9957)
[I 2026-04-01 14:02:16,763] Trial 1 finished with value: 0.995739606264396 and parameters: {'hidden_layers_index': 3, 'dropout': 0.2566453379036277, 'learning_rate': 0.0016853391697173288, 'batch_size': 64, 'epochs': 183}. Best is trial 0 with value: 0.9957724059213513.
    Trial 2/40 (best val_r2=0.9958)
  [HPO] Trial 2 started...
  [HPO] Trial 2 finished in 27.7s (val_r2=0.9995)
[I 2026-04-01 14:02:44,462] Trial 2 finished with value: 0.9995484141469755 and parameters: {'hidden_layers_index': 1, 'dropout': 0.2719391806312388, 'learning_rate': 0.0002725285130250698, 'batch_size': 128, 'epochs': 194}. Best is trial 2 with value: 0.9995484141469755.
    Trial 3/40 (best val_r2=0.9995)
  [HPO] Trial 3 started...
  [HPO] Trial 3 finished in 20.0s (val_r2=0.9981)
[I 2026-04-01 14:03:04,469] Trial 3 finished with value: 0.9981363479128463 and parameters: {'hidden_layers_index': 0, 'dropout': 0.12775654655214583, 'learning_rate': 0.00362466400156375, 'batch_size': 128, 'epochs': 185}. Best is trial 2 with value: 0.9995484141469755.
    Trial 4/40 (best val_r2=0.9995)
  [HPO] Trial 4 started...
  [HPO] Trial 4 finished in 20.7s (val_r2=0.9932)
[I 2026-04-01 14:03:25,149] Trial 4 finished with value: 0.9931626182408165 and parameters: {'hidden_layers_index': 0, 'dropout': 0.29863089479757504, 'learning_rate': 0.0024043227611998323, 'batch_size': 64, 'epochs': 138}. Best is trial 2 with value: 0.9995484141469755.
    Trial 5/40 (best val_r2=0.9995)
  [HPO] Trial 5 started...
  [HPO] Trial 5 finished in 58.4s (val_r2=0.9999)
[I 2026-04-01 14:04:23,530] Trial 5 finished with value: 0.9999199863549817 and parameters: {'hidden_layers_index': 3, 'dropout': 4.81342779403704e-06, 'learning_rate': 0.0002627903447762754, 'batch_size': 32, 'epochs': 164}. Best is trial 5 with value: 0.9999199863549817.
    Trial 6/40 (best val_r2=0.9999)
  [HPO] Trial 6 started...
  [HPO] Trial 6 finished in 25.7s (val_r2=0.9993)
[I 2026-04-01 14:04:49,283] Trial 6 finished with value: 0.9992690642943617 and parameters: {'hidden_layers_index': 3, 'dropout': 0.09779028087919613, 'learning_rate': 0.0006001696958441087, 'batch_size': 128, 'epochs': 173}. Best is trial 5 with value: 0.9999199863549817.
    Trial 7/40 (best val_r2=0.9999)
  [HPO] Trial 7 started...
  [HPO] Trial 7 finished in 9.1s (val_r2=0.9976)
[I 2026-04-01 14:04:58,396] Trial 7 finished with value: 0.9975829015841056 and parameters: {'hidden_layers_index': 0, 'dropout': 0.27443403167492536, 'learning_rate': 0.0008540385215381805, 'batch_size': 128, 'epochs': 98}. Best is trial 5 with value: 0.9999199863549817.
    Trial 8/40 (best val_r2=0.9999)
  [HPO] Trial 8 started...
  [HPO] Trial 8 finished in 53.0s (val_r2=0.9990)
[I 2026-04-01 14:05:51,423] Trial 8 finished with value: 0.9990284914830824 and parameters: {'hidden_layers_index': 3, 'dropout': 0.27204200624185687, 'learning_rate': 0.0002533817781390946, 'batch_size': 32, 'epochs': 181}. Best is trial 5 with value: 0.9999199863549817.
    Trial 9/40 (best val_r2=0.9999)
  [HPO] Trial 9 started...
  [HPO] Trial 9 finished in 22.3s (val_r2=0.9995)
[I 2026-04-01 14:06:13,743] Trial 9 finished with value: 0.9994933924266002 and parameters: {'hidden_layers_index': 1, 'dropout': 0.057948395618530046, 'learning_rate': 0.0002110412997403752, 'batch_size': 128, 'epochs': 185}. Best is trial 5 with value: 0.9999199863549817.
    Trial 10/40 (best val_r2=0.9999)
  [HPO] Trial 10 started...
  [HPO] Trial 10 finished in 32.7s (val_r2=0.9953)
[I 2026-04-01 14:06:46,486] Trial 10 finished with value: 0.9952922723841255 and parameters: {'hidden_layers_index': 2, 'dropout': 0.3823249488402962, 'learning_rate': 0.00010575648042945282, 'batch_size': 32, 'epochs': 122}. Best is trial 5 with value: 0.9999199863549817.
    Trial 11/40 (best val_r2=0.9999)
  [HPO] Trial 11 started...
  [HPO] Trial 11 finished in 45.1s (val_r2=0.9982)
[I 2026-04-01 14:07:31,612] Trial 11 finished with value: 0.9981538882456046 and parameters: {'hidden_layers_index': 1, 'dropout': 0.18623605417271238, 'learning_rate': 0.00035577138123997444, 'batch_size': 32, 'epochs': 199}. Best is trial 5 with value: 0.9999199863549817.
    Trial 12/40 (best val_r2=0.9999)
  [HPO] Trial 12 started...
  [HPO] Trial 12 finished in 40.1s (val_r2=0.9995)
[I 2026-04-01 14:08:11,707] Trial 12 finished with value: 0.9995197540182035 and parameters: {'hidden_layers_index': 2, 'dropout': 0.002434429437378677, 'learning_rate': 0.00010797775052075032, 'batch_size': 32, 'epochs': 158}. Best is trial 5 with value: 0.9999199863549817.
    Trial 13/40 (best val_r2=0.9999)
  [HPO] Trial 13 started...
  [HPO] Trial 13 finished in 24.1s (val_r2=0.9996)
[I 2026-04-01 14:08:35,854] Trial 13 finished with value: 0.999582616009565 and parameters: {'hidden_layers_index': 1, 'dropout': 0.18998785117014017, 'learning_rate': 0.0004910213232797471, 'batch_size': 128, 'epochs': 200}. Best is trial 5 with value: 0.9999199863549817.
    Trial 14/40 (best val_r2=0.9999)
  [HPO] Trial 14 started...
  [HPO] Trial 14 finished in 38.9s (val_r2=0.9978)
[I 2026-04-01 14:09:14,769] Trial 14 finished with value: 0.9977952505509147 and parameters: {'hidden_layers_index': 2, 'dropout': 0.17571458003960955, 'learning_rate': 0.000562608503169392, 'batch_size': 32, 'epochs': 159}. Best is trial 5 with value: 0.9999199863549817.
    Trial 15/40 (best val_r2=0.9999)
  [HPO] Trial 15 started...
  [HPO] Trial 15 finished in 13.9s (val_r2=0.9997)
[I 2026-04-01 14:09:28,678] Trial 15 finished with value: 0.999680257815151 and parameters: {'hidden_layers_index': 2, 'dropout': 0.026301778424576833, 'learning_rate': 0.0010700990126350472, 'batch_size': 128, 'epochs': 132}. Best is trial 5 with value: 0.9999199863549817.
    Trial 16/40 (best val_r2=0.9999)
  [HPO] Trial 16 started...
  [HPO] Trial 16 finished in 31.1s (val_r2=0.9994)
[I 2026-04-01 14:09:59,758] Trial 16 finished with value: 0.999414526244915 and parameters: {'hidden_layers_index': 2, 'dropout': 0.03197529816347543, 'learning_rate': 0.001115884225564698, 'batch_size': 32, 'epochs': 123}. Best is trial 5 with value: 0.9999199863549817.
    Trial 17/40 (best val_r2=0.9999)
  [HPO] Trial 17 started...
  [HPO] Trial 17 finished in 25.5s (val_r2=0.9977)
[I 2026-04-01 14:10:25,302] Trial 17 finished with value: 0.9976988447676164 and parameters: {'hidden_layers_index': 3, 'dropout': 0.0015759167527570062, 'learning_rate': 0.0011571355877362966, 'batch_size': 32, 'epochs': 92}. Best is trial 5 with value: 0.9999199863549817.
    Trial 18/40 (best val_r2=0.9999)
  [HPO] Trial 18 started...
  [HPO] Trial 18 finished in 14.1s (val_r2=0.9995)
[I 2026-04-01 14:10:39,394] Trial 18 finished with value: 0.9995008044610458 and parameters: {'hidden_layers_index': 2, 'dropout': 0.0669582190085002, 'learning_rate': 0.0001536409454677495, 'batch_size': 128, 'epochs': 132}. Best is trial 5 with value: 0.9999199863549817.
    Trial 19/40 (best val_r2=0.9999)
  [HPO] Trial 19 started...
  [HPO] Trial 19 finished in 16.8s (val_r2=0.9981)
[I 2026-04-01 14:10:56,148] Trial 19 finished with value: 0.9981477040338096 and parameters: {'hidden_layers_index': 3, 'dropout': 0.1359343584818297, 'learning_rate': 0.00038243985378321165, 'batch_size': 64, 'epochs': 108}. Best is trial 5 with value: 0.9999199863549817.
    Trial 20/40 (best val_r2=0.9999)
  [HPO] Trial 20 started...
  [HPO] Trial 20 finished in 15.4s (val_r2=0.9991)
[I 2026-04-01 14:11:11,551] Trial 20 finished with value: 0.9990829078447938 and parameters: {'hidden_layers_index': 2, 'dropout': 0.0453889450456841, 'learning_rate': 0.004982911418552503, 'batch_size': 128, 'epochs': 149}. Best is trial 5 with value: 0.9999199863549817.
    Trial 21/40 (best val_r2=0.9999)
  [HPO] Trial 21 started...
  [HPO] Trial 21 finished in 21.2s (val_r2=0.9993)
[I 2026-04-01 14:11:32,766] Trial 21 finished with value: 0.9993377086376336 and parameters: {'hidden_layers_index': 1, 'dropout': 0.33007287253966916, 'learning_rate': 0.0004152212769661426, 'batch_size': 128, 'epochs': 173}. Best is trial 5 with value: 0.9999199863549817.
    Trial 22/40 (best val_r2=0.9999)
  [HPO] Trial 22 started...
  [HPO] Trial 22 finished in 20.0s (val_r2=0.9997)
[I 2026-04-01 14:11:52,747] Trial 22 finished with value: 0.9996786658745282 and parameters: {'hidden_layers_index': 1, 'dropout': 0.20297003792401883, 'learning_rate': 0.000800477733502285, 'batch_size': 128, 'epochs': 167}. Best is trial 5 with value: 0.9999199863549817.
    Trial 23/40 (best val_r2=0.9999)
  [HPO] Trial 23 started...
  [HPO] Trial 23 finished in 10.7s (val_r2=0.9985)
