>>> Ensuring diag_* targets on pickle
Wrote /Users/asanche2/repos/SURGE/data/datasets/NSTX-U/nstxu_equil_curated.pkl with columns: diag_rogowski_Ip, diag_flux_loop_phi_dia, diag_mirnov_proxy (Rogowski=Ip, flux loop=Phi_dia, Mirnov=B_t*κ_u*a/R0)

======== 2026-04-01T12:46:10-04:00 START nstxu_t3_rogowski_hpo ========

A module that was compiled using NumPy 1.x cannot be run in
NumPy 2.3.4 as it may crash. To support both 1.x and 2.x
versions of NumPy, modules must be compiled with NumPy 2.0.
Some module may need to rebuild instead e.g. with 'pybind11>=2.12'.

If you are a user of the module, the easiest solution will be to
downgrade to 'numpy<2' or try to upgrade the affected module.
We expect that some modules will need time to support NumPy 2.

Traceback (most recent call last):  File "<frozen runpy>", line 198, in _run_module_as_main
  File "<frozen runpy>", line 88, in _run_code
  File "/Users/asanche2/repos/SURGE/examples/m3dc1_workflow.py", line 14, in <module>
    import surge  # noqa: F401 - ensures package initialization registers adapters
  File "/Users/asanche2/repos/SURGE/surge/__init__.py", line 10, in <module>
    from .model import GPFLOW_AVAILABLE, MODEL_REGISTRY, PYTORCH_AVAILABLE
  File "/Users/asanche2/repos/SURGE/surge/model/__init__.py", line 7, in <module>
    from .gpflow import GPFLOW_AVAILABLE, GPflowGPRAdapter, GPflowMultiKernelAdapter
  File "/Users/asanche2/repos/SURGE/surge/model/gpflow.py", line 7, in <module>
    from .gpflow_impl import GPFLOW_AVAILABLE, GPflowGPRModel, GPflowMultiKernelGPR
  File "/Users/asanche2/repos/SURGE/surge/model/gpflow_impl.py", line 11, in <module>
    import gpflow as gpf
  File "/opt/homebrew/anaconda3/lib/python3.12/site-packages/gpflow/__init__.py", line 17, in <module>
    from . import (
  File "/opt/homebrew/anaconda3/lib/python3.12/site-packages/gpflow/conditionals/__init__.py", line 1, in <module>
    from . import conditionals, multioutput, sample_conditionals
  File "/opt/homebrew/anaconda3/lib/python3.12/site-packages/gpflow/conditionals/conditionals.py", line 17, in <module>
    import tensorflow as tf
  File "/opt/homebrew/anaconda3/lib/python3.12/site-packages/tensorflow/__init__.py", line 45, in <module>
    from tensorflow._api.v2 import __internal__
  File "/opt/homebrew/anaconda3/lib/python3.12/site-packages/tensorflow/_api/v2/__internal__/__init__.py", line 8, in <module>
    from tensorflow._api.v2.__internal__ import autograph
  File "/opt/homebrew/anaconda3/lib/python3.12/site-packages/tensorflow/_api/v2/__internal__/autograph/__init__.py", line 8, in <module>
    from tensorflow.python.autograph.core.ag_ctx import control_status_ctx # line: 34
  File "/opt/homebrew/anaconda3/lib/python3.12/site-packages/tensorflow/python/autograph/core/ag_ctx.py", line 21, in <module>
    from tensorflow.python.autograph.utils import ag_logging
  File "/opt/homebrew/anaconda3/lib/python3.12/site-packages/tensorflow/python/autograph/utils/__init__.py", line 17, in <module>
    from tensorflow.python.autograph.utils.context_managers import control_dependency_on_returns
  File "/opt/homebrew/anaconda3/lib/python3.12/site-packages/tensorflow/python/autograph/utils/context_managers.py", line 19, in <module>
    from tensorflow.python.framework import ops
  File "/opt/homebrew/anaconda3/lib/python3.12/site-packages/tensorflow/python/framework/ops.py", line 46, in <module>
    from tensorflow.python import pywrap_tfe
  File "/opt/homebrew/anaconda3/lib/python3.12/site-packages/tensorflow/python/pywrap_tfe.py", line 25, in <module>
    from tensorflow.python._pywrap_tfe import *
Traceback (most recent call last):
  File "/opt/homebrew/anaconda3/lib/python3.12/site-packages/numpy/core/_multiarray_umath.py", line 46, in __getattr__
    raise ImportError(msg)
ImportError: 
A module that was compiled using NumPy 1.x cannot be run in
NumPy 2.3.4 as it may crash. To support both 1.x and 2.x
versions of NumPy, modules must be compiled with NumPy 2.0.
Some module may need to rebuild instead e.g. with 'pybind11>=2.12'.

If you are a user of the module, the easiest solution will be to
downgrade to 'numpy<2' or try to upgrade the affected module.
We expect that some modules will need time to support NumPy 2.


AttributeError: 'MessageFactory' object has no attribute 'GetPrototype'

A module that was compiled using NumPy 1.x cannot be run in
NumPy 2.3.4 as it may crash. To support both 1.x and 2.x
versions of NumPy, modules must be compiled with NumPy 2.0.
Some module may need to rebuild instead e.g. with 'pybind11>=2.12'.

If you are a user of the module, the easiest solution will be to
downgrade to 'numpy<2' or try to upgrade the affected module.
We expect that some modules will need time to support NumPy 2.

Traceback (most recent call last):  File "<frozen runpy>", line 198, in _run_module_as_main
  File "<frozen runpy>", line 88, in _run_code
  File "/Users/asanche2/repos/SURGE/examples/m3dc1_workflow.py", line 14, in <module>
    import surge  # noqa: F401 - ensures package initialization registers adapters
  File "/Users/asanche2/repos/SURGE/surge/__init__.py", line 10, in <module>
    from .model import GPFLOW_AVAILABLE, MODEL_REGISTRY, PYTORCH_AVAILABLE
  File "/Users/asanche2/repos/SURGE/surge/model/__init__.py", line 7, in <module>
    from .gpflow import GPFLOW_AVAILABLE, GPflowGPRAdapter, GPflowMultiKernelAdapter
  File "/Users/asanche2/repos/SURGE/surge/model/gpflow.py", line 7, in <module>
    from .gpflow_impl import GPFLOW_AVAILABLE, GPflowGPRModel, GPflowMultiKernelGPR
  File "/Users/asanche2/repos/SURGE/surge/model/gpflow_impl.py", line 11, in <module>
    import gpflow as gpf
  File "/opt/homebrew/anaconda3/lib/python3.12/site-packages/gpflow/__init__.py", line 17, in <module>
    from . import (
  File "/opt/homebrew/anaconda3/lib/python3.12/site-packages/gpflow/conditionals/__init__.py", line 1, in <module>
    from . import conditionals, multioutput, sample_conditionals
  File "/opt/homebrew/anaconda3/lib/python3.12/site-packages/gpflow/conditionals/conditionals.py", line 17, in <module>
    import tensorflow as tf
  File "/opt/homebrew/anaconda3/lib/python3.12/site-packages/tensorflow/__init__.py", line 45, in <module>
    from tensorflow._api.v2 import __internal__
  File "/opt/homebrew/anaconda3/lib/python3.12/site-packages/tensorflow/_api/v2/__internal__/__init__.py", line 8, in <module>
    from tensorflow._api.v2.__internal__ import autograph
  File "/opt/homebrew/anaconda3/lib/python3.12/site-packages/tensorflow/_api/v2/__internal__/autograph/__init__.py", line 8, in <module>
    from tensorflow.python.autograph.core.ag_ctx import control_status_ctx # line: 34
  File "/opt/homebrew/anaconda3/lib/python3.12/site-packages/tensorflow/python/autograph/core/ag_ctx.py", line 21, in <module>
    from tensorflow.python.autograph.utils import ag_logging
  File "/opt/homebrew/anaconda3/lib/python3.12/site-packages/tensorflow/python/autograph/utils/__init__.py", line 17, in <module>
    from tensorflow.python.autograph.utils.context_managers import control_dependency_on_returns
  File "/opt/homebrew/anaconda3/lib/python3.12/site-packages/tensorflow/python/autograph/utils/context_managers.py", line 19, in <module>
    from tensorflow.python.framework import ops
  File "/opt/homebrew/anaconda3/lib/python3.12/site-packages/tensorflow/python/framework/ops.py", line 49, in <module>
    from tensorflow.python.client import pywrap_tf_session
  File "/opt/homebrew/anaconda3/lib/python3.12/site-packages/tensorflow/python/client/pywrap_tf_session.py", line 19, in <module>
    from tensorflow.python.client._pywrap_tf_session import *
Traceback (most recent call last):
  File "/opt/homebrew/anaconda3/lib/python3.12/site-packages/numpy/core/_multiarray_umath.py", line 46, in __getattr__
    raise ImportError(msg)
ImportError: 
A module that was compiled using NumPy 1.x cannot be run in
NumPy 2.3.4 as it may crash. To support both 1.x and 2.x
versions of NumPy, modules must be compiled with NumPy 2.0.
Some module may need to rebuild instead e.g. with 'pybind11>=2.12'.

If you are a user of the module, the easiest solution will be to
downgrade to 'numpy<2' or try to upgrade the affected module.
We expect that some modules will need time to support NumPy 2.



A module that was compiled using NumPy 1.x cannot be run in
NumPy 2.3.4 as it may crash. To support both 1.x and 2.x
versions of NumPy, modules must be compiled with NumPy 2.0.
Some module may need to rebuild instead e.g. with 'pybind11>=2.12'.

If you are a user of the module, the easiest solution will be to
downgrade to 'numpy<2' or try to upgrade the affected module.
We expect that some modules will need time to support NumPy 2.

Traceback (most recent call last):  File "<frozen runpy>", line 198, in _run_module_as_main
  File "<frozen runpy>", line 88, in _run_code
  File "/Users/asanche2/repos/SURGE/examples/m3dc1_workflow.py", line 14, in <module>
    import surge  # noqa: F401 - ensures package initialization registers adapters
  File "/Users/asanche2/repos/SURGE/surge/__init__.py", line 10, in <module>
    from .model import GPFLOW_AVAILABLE, MODEL_REGISTRY, PYTORCH_AVAILABLE
  File "/Users/asanche2/repos/SURGE/surge/model/__init__.py", line 7, in <module>
    from .gpflow import GPFLOW_AVAILABLE, GPflowGPRAdapter, GPflowMultiKernelAdapter
  File "/Users/asanche2/repos/SURGE/surge/model/gpflow.py", line 7, in <module>
    from .gpflow_impl import GPFLOW_AVAILABLE, GPflowGPRModel, GPflowMultiKernelGPR
  File "/Users/asanche2/repos/SURGE/surge/model/gpflow_impl.py", line 11, in <module>
    import gpflow as gpf
  File "/opt/homebrew/anaconda3/lib/python3.12/site-packages/gpflow/__init__.py", line 17, in <module>
    from . import (
  File "/opt/homebrew/anaconda3/lib/python3.12/site-packages/gpflow/conditionals/__init__.py", line 1, in <module>
    from . import conditionals, multioutput, sample_conditionals
  File "/opt/homebrew/anaconda3/lib/python3.12/site-packages/gpflow/conditionals/conditionals.py", line 17, in <module>
    import tensorflow as tf
  File "/opt/homebrew/anaconda3/lib/python3.12/site-packages/tensorflow/__init__.py", line 45, in <module>
    from tensorflow._api.v2 import __internal__
  File "/opt/homebrew/anaconda3/lib/python3.12/site-packages/tensorflow/_api/v2/__internal__/__init__.py", line 8, in <module>
    from tensorflow._api.v2.__internal__ import autograph
  File "/opt/homebrew/anaconda3/lib/python3.12/site-packages/tensorflow/_api/v2/__internal__/autograph/__init__.py", line 8, in <module>
    from tensorflow.python.autograph.core.ag_ctx import control_status_ctx # line: 34
  File "/opt/homebrew/anaconda3/lib/python3.12/site-packages/tensorflow/python/autograph/core/ag_ctx.py", line 21, in <module>
    from tensorflow.python.autograph.utils import ag_logging
  File "/opt/homebrew/anaconda3/lib/python3.12/site-packages/tensorflow/python/autograph/utils/__init__.py", line 17, in <module>
    from tensorflow.python.autograph.utils.context_managers import control_dependency_on_returns
  File "/opt/homebrew/anaconda3/lib/python3.12/site-packages/tensorflow/python/autograph/utils/context_managers.py", line 19, in <module>
    from tensorflow.python.framework import ops
  File "/opt/homebrew/anaconda3/lib/python3.12/site-packages/tensorflow/python/framework/ops.py", line 50, in <module>
    from tensorflow.python.eager import context
  File "/opt/homebrew/anaconda3/lib/python3.12/site-packages/tensorflow/python/eager/context.py", line 37, in <module>
    from tensorflow.python.eager import execute
  File "/opt/homebrew/anaconda3/lib/python3.12/site-packages/tensorflow/python/eager/execute.py", line 21, in <module>
    from tensorflow.python.framework import dtypes
  File "/opt/homebrew/anaconda3/lib/python3.12/site-packages/tensorflow/python/framework/dtypes.py", line 21, in <module>
    import ml_dtypes
  File "/opt/homebrew/anaconda3/lib/python3.12/site-packages/ml_dtypes/__init__.py", line 32, in <module>
    from ml_dtypes._finfo import finfo
  File "/opt/homebrew/anaconda3/lib/python3.12/site-packages/ml_dtypes/_finfo.py", line 19, in <module>
    from ml_dtypes._ml_dtypes_ext import bfloat16
Traceback (most recent call last):
  File "/opt/homebrew/anaconda3/lib/python3.12/site-packages/numpy/core/_multiarray_umath.py", line 46, in __getattr__
    raise ImportError(msg)
ImportError: 
A module that was compiled using NumPy 1.x cannot be run in
NumPy 2.3.4 as it may crash. To support both 1.x and 2.x
versions of NumPy, modules must be compiled with NumPy 2.0.
Some module may need to rebuild instead e.g. with 'pybind11>=2.12'.

If you are a user of the module, the easiest solution will be to
downgrade to 'numpy<2' or try to upgrade the affected module.
We expect that some modules will need time to support NumPy 2.


ImportError: numpy.core._multiarray_umath failed to import
Warning: GPflow not available or incompatible. Install with: pip install gpflow
SURGE workflow started.
Starting SURGE workflow for dataset data/datasets/NSTX-U/nstxu_equil_curated.pkl
[1/6] Loading dataset...
[2/6] Preparing splits and scalers...
[3/6] HPO for nstxu_rf_t3_rogowski (40 trials)...
[I 2026-04-01 12:46:15,901] A new study created in memory with name: nstxu_t3_rogowski_hpo-sklearn.random_forest
  [HPO] Trial 0 started...
  [HPO] Trial 0 finished in 6.0s (val_r2=-5171.9357)
[I 2026-04-01 12:46:21,928] Trial 0 finished with value: -5171.935697570703 and parameters: {'n_estimators': 500, 'max_depth': 12, 'min_samples_leaf': 4}. Best is trial 0 with value: -5171.935697570703.
    Trial 1/40 (best val_r2=-5171.9357)
  [HPO] Trial 1 started...
  [HPO] Trial 1 finished in 10.8s (val_r2=-92.1356)
[I 2026-04-01 12:46:32,747] Trial 1 finished with value: -92.13561315745719 and parameters: {'n_estimators': 600, 'max_depth': 28, 'min_samples_leaf': 2}. Best is trial 1 with value: -92.13561315745719.
    Trial 2/40 (best val_r2=-92.1356)
  [HPO] Trial 2 started...
  [HPO] Trial 2 finished in 7.3s (val_r2=-1323.1258)
[I 2026-04-01 12:46:40,090] Trial 2 finished with value: -1323.1258422260798 and parameters: {'n_estimators': 450, 'max_depth': 24, 'min_samples_leaf': 3}. Best is trial 1 with value: -92.13561315745719.
    Trial 3/40 (best val_r2=-92.1356)
  [HPO] Trial 3 started...
  [HPO] Trial 3 finished in 4.6s (val_r2=-93.7661)
[I 2026-04-01 12:46:44,720] Trial 3 finished with value: -93.76607591712926 and parameters: {'n_estimators': 500, 'max_depth': 8, 'min_samples_leaf': 2}. Best is trial 1 with value: -92.13561315745719.
    Trial 4/40 (best val_r2=-92.1356)
  [HPO] Trial 4 started...
  [HPO] Trial 4 finished in 3.2s (val_r2=-89.7288)
[I 2026-04-01 12:46:47,950] Trial 4 finished with value: -89.72883192546793 and parameters: {'n_estimators': 200, 'max_depth': 25, 'min_samples_leaf': 2}. Best is trial 4 with value: -89.72883192546793.
    Trial 5/40 (best val_r2=-89.7288)
  [HPO] Trial 5 started...
  [HPO] Trial 5 finished in 7.0s (val_r2=-93.6375)
[I 2026-04-01 12:46:54,993] Trial 5 finished with value: -93.63752075379317 and parameters: {'n_estimators': 500, 'max_depth': 13, 'min_samples_leaf': 2}. Best is trial 4 with value: -89.72883192546793.
    Trial 6/40 (best val_r2=-89.7288)
  [HPO] Trial 6 started...
  [HPO] Trial 6 finished in 2.9s (val_r2=-5896.8342)
[I 2026-04-01 12:46:57,900] Trial 6 finished with value: -5896.834225043942 and parameters: {'n_estimators': 200, 'max_depth': 15, 'min_samples_leaf': 4}. Best is trial 4 with value: -89.72883192546793.
    Trial 7/40 (best val_r2=-89.7288)
  [HPO] Trial 7 started...
  [HPO] Trial 7 finished in 3.6s (val_r2=-5698.2706)
[I 2026-04-01 12:47:01,539] Trial 7 finished with value: -5698.270602686557 and parameters: {'n_estimators': 250, 'max_depth': 14, 'min_samples_leaf': 4}. Best is trial 4 with value: -89.72883192546793.
    Trial 8/40 (best val_r2=-89.7288)
  [HPO] Trial 8 started...
  [HPO] Trial 8 finished in 2.0s (val_r2=-1888.0375)
[I 2026-04-01 12:47:03,531] Trial 8 finished with value: -1888.0374936333715 and parameters: {'n_estimators': 200, 'max_depth': 9, 'min_samples_leaf': 3}. Best is trial 4 with value: -89.72883192546793.
    Trial 9/40 (best val_r2=-89.7288)
  [HPO] Trial 9 started...
  [HPO] Trial 9 finished in 4.6s (val_r2=-1582.5800)
[I 2026-04-01 12:47:08,173] Trial 9 finished with value: -1582.5799922773056 and parameters: {'n_estimators': 550, 'max_depth': 8, 'min_samples_leaf': 3}. Best is trial 4 with value: -89.72883192546793.
    Trial 10/40 (best val_r2=-89.7288)
  [HPO] Trial 10 started...
  [HPO] Trial 10 finished in 5.3s (val_r2=0.7666)
[I 2026-04-01 12:47:13,530] Trial 10 finished with value: 0.7666043134162508 and parameters: {'n_estimators': 300, 'max_depth': 21, 'min_samples_leaf': 1}. Best is trial 10 with value: 0.7666043134162508.
    Trial 11/40 (best val_r2=0.7666)
  [HPO] Trial 11 started...
  [HPO] Trial 11 finished in 5.4s (val_r2=0.7663)
[I 2026-04-01 12:47:18,957] Trial 11 finished with value: 0.766318012609569 and parameters: {'n_estimators': 350, 'max_depth': 21, 'min_samples_leaf': 1}. Best is trial 10 with value: 0.7666043134162508.
    Trial 12/40 (best val_r2=0.7666)
  [HPO] Trial 12 started...
  [HPO] Trial 12 finished in 6.1s (val_r2=0.7667)
[I 2026-04-01 12:47:25,060] Trial 12 finished with value: 0.7667171999440948 and parameters: {'n_estimators': 350, 'max_depth': 20, 'min_samples_leaf': 1}. Best is trial 12 with value: 0.7667171999440948.
    Trial 13/40 (best val_r2=0.7667)
  [HPO] Trial 13 started...
  [HPO] Trial 13 finished in 4.9s (val_r2=0.7666)
[I 2026-04-01 12:47:29,938] Trial 13 finished with value: 0.766553808179368 and parameters: {'n_estimators': 350, 'max_depth': 19, 'min_samples_leaf': 1}. Best is trial 12 with value: 0.7667171999440948.
    Trial 14/40 (best val_r2=0.7667)
  [HPO] Trial 14 started...
  [HPO] Trial 14 finished in 4.4s (val_r2=0.7661)
[I 2026-04-01 12:47:34,374] Trial 14 finished with value: 0.7661357172270178 and parameters: {'n_estimators': 300, 'max_depth': 18, 'min_samples_leaf': 1}. Best is trial 12 with value: 0.7667171999440948.
    Trial 15/40 (best val_r2=0.7667)
  [HPO] Trial 15 started...
  [HPO] Trial 15 finished in 6.7s (val_r2=0.7664)
[I 2026-04-01 12:47:41,090] Trial 15 finished with value: 0.7664471570121275 and parameters: {'n_estimators': 400, 'max_depth': 22, 'min_samples_leaf': 1}. Best is trial 12 with value: 0.7667171999440948.
    Trial 16/40 (best val_r2=0.7667)
  [HPO] Trial 16 started...
  [HPO] Trial 16 finished in 4.3s (val_r2=0.7653)
[I 2026-04-01 12:47:45,420] Trial 16 finished with value: 0.7653280552294993 and parameters: {'n_estimators': 300, 'max_depth': 17, 'min_samples_leaf': 1}. Best is trial 12 with value: 0.7667171999440948.
    Trial 17/40 (best val_r2=0.7667)
  [HPO] Trial 17 started...
  [HPO] Trial 17 finished in 6.3s (val_r2=0.7667)
[I 2026-04-01 12:47:51,737] Trial 17 finished with value: 0.7666814703094209 and parameters: {'n_estimators': 400, 'max_depth': 21, 'min_samples_leaf': 1}. Best is trial 12 with value: 0.7667171999440948.
    Trial 18/40 (best val_r2=0.7667)
  [HPO] Trial 18 started...
  [HPO] Trial 18 finished in 8.0s (val_r2=-106.4981)
[I 2026-04-01 12:47:59,795] Trial 18 finished with value: -106.49811508860776 and parameters: {'n_estimators': 400, 'max_depth': 26, 'min_samples_leaf': 2}. Best is trial 12 with value: 0.7667171999440948.
    Trial 19/40 (best val_r2=0.7667)
  [HPO] Trial 19 started...
  [HPO] Trial 19 finished in 6.5s (val_r2=0.7670)
[I 2026-04-01 12:48:06,366] Trial 19 finished with value: 0.7669588903995261 and parameters: {'n_estimators': 400, 'max_depth': 23, 'min_samples_leaf': 1}. Best is trial 19 with value: 0.7669588903995261.
    Trial 20/40 (best val_r2=0.7670)
  [HPO] Trial 20 started...
  [HPO] Trial 20 finished in 6.4s (val_r2=-101.8381)
[I 2026-04-01 12:48:12,773] Trial 20 finished with value: -101.8380658416004 and parameters: {'n_estimators': 450, 'max_depth': 23, 'min_samples_leaf': 2}. Best is trial 19 with value: 0.7669588903995261.
    Trial 21/40 (best val_r2=0.7670)
  [HPO] Trial 21 started...
  [HPO] Trial 21 finished in 5.2s (val_r2=0.7667)
[I 2026-04-01 12:48:18,040] Trial 21 finished with value: 0.7667171999440948 and parameters: {'n_estimators': 350, 'max_depth': 20, 'min_samples_leaf': 1}. Best is trial 19 with value: 0.7669588903995261.
    Trial 22/40 (best val_r2=0.7670)
  [HPO] Trial 22 started...
  [HPO] Trial 22 finished in 5.1s (val_r2=0.7666)
[I 2026-04-01 12:48:23,199] Trial 22 finished with value: 0.7665538081793684 and parameters: {'n_estimators': 350, 'max_depth': 19, 'min_samples_leaf': 1}. Best is trial 19 with value: 0.7669588903995261.
    Trial 23/40 (best val_r2=0.7670)
  [HPO] Trial 23 started...
  [HPO] Trial 23 finished in 5.6s (val_r2=0.7640)
[I 2026-04-01 12:48:28,839] Trial 23 finished with value: 0.7639530457084258 and parameters: {'n_estimators': 350, 'max_depth': 16, 'min_samples_leaf': 1}. Best is trial 19 with value: 0.7669588903995261.
    Trial 24/40 (best val_r2=0.7670)
  [HPO] Trial 24 started...
  [HPO] Trial 24 finished in 6.9s (val_r2=0.7678)
[I 2026-04-01 12:48:35,794] Trial 24 finished with value: 0.7678117415486047 and parameters: {'n_estimators': 450, 'max_depth': 27, 'min_samples_leaf': 1}. Best is trial 24 with value: 0.7678117415486047.
    Trial 25/40 (best val_r2=0.7678)
  [HPO] Trial 25 started...
  [HPO] Trial 25 finished in 6.3s (val_r2=-101.8486)
[I 2026-04-01 12:48:42,091] Trial 25 finished with value: -101.84861808183172 and parameters: {'n_estimators': 450, 'max_depth': 28, 'min_samples_leaf': 2}. Best is trial 24 with value: 0.7678117415486047.
    Trial 26/40 (best val_r2=0.7678)
  [HPO] Trial 26 started...
  [HPO] Trial 26 finished in 8.1s (val_r2=0.7669)
