[I 2026-04-01 13:49:48,188] Trial 31 finished with value: 0.9998682850505354 and parameters: {'hidden_layers_index': 3, 'dropout': 0.02608968493662026, 'learning_rate': 0.00023302527223878342, 'batch_size': 32, 'epochs': 169}. Best is trial 12 with value: 0.9999503957121385.
    Trial 32/40 (best val_r2=1.0000)
  [HPO] Trial 32 started...
  [HPO] Trial 32 finished in 48.0s (val_r2=0.9984)
[I 2026-04-01 13:50:36,223] Trial 32 finished with value: 0.9983746191555481 and parameters: {'hidden_layers_index': 2, 'dropout': 0.06177206051535045, 'learning_rate': 0.00030777081027804693, 'batch_size': 32, 'epochs': 160}. Best is trial 12 with value: 0.9999503957121385.
    Trial 33/40 (best val_r2=1.0000)
  [HPO] Trial 33 started...
  [HPO] Trial 33 finished in 56.8s (val_r2=0.9994)
[I 2026-04-01 13:51:33,072] Trial 33 finished with value: 0.9993869605357925 and parameters: {'hidden_layers_index': 1, 'dropout': 0.008304738494687165, 'learning_rate': 0.0005772324164703177, 'batch_size': 32, 'epochs': 192}. Best is trial 12 with value: 0.9999503957121385.
    Trial 34/40 (best val_r2=1.0000)
  [HPO] Trial 34 started...
  [HPO] Trial 34 finished in 54.1s (val_r2=0.9998)
[I 2026-04-01 13:52:27,223] Trial 34 finished with value: 0.9998061056899084 and parameters: {'hidden_layers_index': 3, 'dropout': 0.050412909693290084, 'learning_rate': 0.00012644025311224453, 'batch_size': 32, 'epochs': 146}. Best is trial 12 with value: 0.9999503957121385.
    Trial 35/40 (best val_r2=1.0000)
  [HPO] Trial 35 started...
  [HPO] Trial 35 finished in 25.5s (val_r2=0.9997)
[I 2026-04-01 13:52:52,679] Trial 35 finished with value: 0.9996606619792002 and parameters: {'hidden_layers_index': 1, 'dropout': 0.34167241354997047, 'learning_rate': 0.0001788599040025442, 'batch_size': 128, 'epochs': 175}. Best is trial 12 with value: 0.9999503957121385.
    Trial 36/40 (best val_r2=1.0000)
  [HPO] Trial 36 started...
  [HPO] Trial 36 finished in 33.8s (val_r2=0.9986)
[I 2026-04-01 13:53:26,525] Trial 36 finished with value: 0.998630147052788 and parameters: {'hidden_layers_index': 2, 'dropout': 0.22427384229200423, 'learning_rate': 0.0002644392237790576, 'batch_size': 64, 'epochs': 190}. Best is trial 12 with value: 0.9999503957121385.
    Trial 37/40 (best val_r2=1.0000)
  [HPO] Trial 37 started...
  [HPO] Trial 37 finished in 38.3s (val_r2=0.9992)
[I 2026-04-01 13:54:04,862] Trial 37 finished with value: 0.9991928009413182 and parameters: {'hidden_layers_index': 0, 'dropout': 0.026530945148960153, 'learning_rate': 0.0006730893903707106, 'batch_size': 32, 'epochs': 162}. Best is trial 12 with value: 0.9999503957121385.
    Trial 38/40 (best val_r2=1.0000)
  [HPO] Trial 38 started...
  [HPO] Trial 38 finished in 27.7s (val_r2=0.9991)
[I 2026-04-01 13:54:32,522] Trial 38 finished with value: 0.9991362014589547 and parameters: {'hidden_layers_index': 3, 'dropout': 0.14418450499078908, 'learning_rate': 0.00045634836653842415, 'batch_size': 128, 'epochs': 179}. Best is trial 12 with value: 0.9999503957121385.
    Trial 39/40 (best val_r2=1.0000)
  [HPO] Trial 39 started...
  [HPO] Trial 39 finished in 50.9s (val_r2=0.9988)
[I 2026-04-01 13:55:23,458] Trial 39 finished with value: 0.9988409980780666 and parameters: {'hidden_layers_index': 1, 'dropout': 0.10680626727427153, 'learning_rate': 0.0022565069590731526, 'batch_size': 32, 'epochs': 173}. Best is trial 12 with value: 0.9999503957121385.
    Trial 40/40 (best val_r2=1.0000)
[6/6] Training nstxu_mlp_t3_flux_loop...
[6/6] Done. Artifacts in runs/nstxu_t3_flux_loop_hpo
Workflow nstxu_t3_flux_loop_hpo complete. Artifacts saved to runs/nstxu_t3_flux_loop_hpo
{
  "run_tag": "nstxu_t3_flux_loop_hpo",
  "dataset": {
    "file_path": "data/datasets/NSTX-U/nstxu_equil_curated.pkl",
    "n_rows": 10000,
    "n_inputs": 28,
    "n_outputs": 1,
    "output_groups": {},
    "profile_groups": {},
    "dataset_info": {
      "shape": [
        10000,
        37
      ],
      "n_input_variables": 33,
      "n_output_variables": 4,
      "n_output_groups": 0,
      "largest_output_group": 0,
      "largest_output_group_name": null
    }
  },
  "resources": {
    "scheduler": null,
    "n_cpus": 10,
    "n_gpus": 0,
    "gpu_type": null,
    "device": "cpu",
    "hostname": "asanche2-lt",
    "extras": {
      "platform": "macOS-26.3.1-arm64-arm-64bit"
    }
  },
  "splits": {
    "train": 6000,
    "val": 2000,
    "test": 2000
  },
  "scalers": {
    "input_scaler": "runs/nstxu_t3_flux_loop_hpo/scalers/inputs.joblib",
    "output_scaler": "runs/nstxu_t3_flux_loop_hpo/scalers/outputs.joblib"
  },
  "models": [
    {
      "name": "nstxu_rf_t3_flux_loop",
      "backend": "sklearn",
      "params": {
        "n_estimators": 450,
        "max_depth": 19,
        "min_samples_leaf": 1
      },
      "metrics": {
        "train": {
          "r2": 0.9999172288387032,
          "rmse": 8.889219175937377e-07,
          "mae": 5.755005866594177e-07,
          "mape": 45776981.18507122
        },
        "val": {
          "r2": 0.9994142206541667,
          "rmse": 2.1803919386930073e-06,
          "mae": 1.5048648791535545e-06,
          "mape": 0.001109250620091494
        },
        "test": {
          "r2": 0.999462713151384,
          "rmse": 2.1169839194019354e-06,
          "mae": 1.4989727795660933e-06,
          "mape": 0.0011051962129254257
        }
      },
      "timings": {
        "train_seconds": 6.622247249993961,
        "train_inference_seconds": 0.12260745798994321,
        "val_inference_seconds": 0.08895458400365897,
        "train_inference_per_sample": 2.04345763316572e-05,
        "val_inference_per_sample": 4.447729200182948e-05,
        "test_inference_seconds": 0.09633808300714009,
        "test_inference_per_sample": 4.816904150357004e-05
      },
      "artifacts": {
        "model": "runs/nstxu_t3_flux_loop_hpo/models/nstxu_rf_t3_flux_loop.joblib",
        "predictions": {
          "train": "runs/nstxu_t3_flux_loop_hpo/predictions/nstxu_rf_t3_flux_loop_train.csv",
          "val": "runs/nstxu_t3_flux_loop_hpo/predictions/nstxu_rf_t3_flux_loop_val.csv",
          "test": "runs/nstxu_t3_flux_loop_hpo/predictions/nstxu_rf_t3_flux_loop_test.csv"
        },
        "hpo": "runs/nstxu_t3_flux_loop_hpo/hpo/nstxu_rf_t3_flux_loop_hpo.json"
      }
    },
    {
      "name": "nstxu_mlp_t3_flux_loop",
      "backend": "pytorch",
      "params": {
        "hidden_layers": [
          256,
          256,
          128
        ],
        "dropout": 0.002434429437378677,
        "epochs": 159,
        "batch_size": 32,
        "learning_rate": 0.00010759738730604172,
        "mc_dropout_passes": 40,
        "activation": "relu"
      },
      "metrics": {
        "train": {
          "r2": 0.9999625014971776,
          "rmse": 5.983166028464409e-07,
          "mae": 4.6307754226873424e-07,
          "mape": 6451952.981679827
        },
        "val": {
          "r2": 0.9999372836731801,
          "rmse": 7.134406450011323e-07,
          "mae": 5.524837398172858e-07,
          "mape": 0.0004129063803724351
        },
        "test": {
          "r2": 0.9999391271826691,
          "rmse": 7.12567737475228e-07,
          "mae": 5.468579070921575e-07,
          "mape": 0.00040851745591580745
        }
      },
      "timings": {
        "train_seconds": 50.71280645800289,
        "train_inference_seconds": 0.013379333991906606,
        "val_inference_seconds": 0.003005750011652708,
        "train_inference_per_sample": 2.229888998651101e-06,
        "val_inference_per_sample": 1.502875005826354e-06,
        "test_inference_seconds": 0.0026150829944526777,
        "test_inference_per_sample": 1.307541497226339e-06
      },
      "artifacts": {
        "model": "runs/nstxu_t3_flux_loop_hpo/models/nstxu_mlp_t3_flux_loop.joblib",
        "predictions": {
          "train": "runs/nstxu_t3_flux_loop_hpo/predictions/nstxu_mlp_t3_flux_loop_train.csv",
          "val": "runs/nstxu_t3_flux_loop_hpo/predictions/nstxu_mlp_t3_flux_loop_val.csv",
          "test": "runs/nstxu_t3_flux_loop_hpo/predictions/nstxu_mlp_t3_flux_loop_test.csv",
          "val_uq": "runs/nstxu_t3_flux_loop_hpo/predictions/nstxu_mlp_t3_flux_loop_val_uq.json"
        },
        "hpo": "runs/nstxu_t3_flux_loop_hpo/hpo/nstxu_mlp_t3_flux_loop_hpo.json"
      }
    }
  ],
  "registry": "Registered Models:",
  "artifacts": {
    "root": "runs/nstxu_t3_flux_loop_hpo",
    "metrics": "runs/nstxu_t3_flux_loop_hpo/metrics.json",
    "summary": "runs/nstxu_t3_flux_loop_hpo/workflow_summary.json",
    "spec": "runs/nstxu_t3_flux_loop_hpo/spec.yaml",
    "train_data_ranges": "runs/nstxu_t3_flux_loop_hpo/train_data_ranges.json"
  }
}
======== 2026-04-01T13:56:16-04:00 OK nstxu_t3_flux_loop_hpo ========

======== 2026-04-01T13:56:16-04:00 START nstxu_t3_mirnov_hpo ========

A module that was compiled using NumPy 1.x cannot be run in
NumPy 2.3.4 as it may crash. To support both 1.x and 2.x
versions of NumPy, modules must be compiled with NumPy 2.0.
Some module may need to rebuild instead e.g. with 'pybind11>=2.12'.

If you are a user of the module, the easiest solution will be to
downgrade to 'numpy<2' or try to upgrade the affected module.
We expect that some modules will need time to support NumPy 2.

Traceback (most recent call last):  File "<frozen runpy>", line 198, in _run_module_as_main
  File "<frozen runpy>", line 88, in _run_code
  File "/Users/asanche2/repos/SURGE/examples/m3dc1_workflow.py", line 14, in <module>
    import surge  # noqa: F401 - ensures package initialization registers adapters
  File "/Users/asanche2/repos/SURGE/surge/__init__.py", line 10, in <module>
    from .model import GPFLOW_AVAILABLE, MODEL_REGISTRY, PYTORCH_AVAILABLE
  File "/Users/asanche2/repos/SURGE/surge/model/__init__.py", line 7, in <module>
    from .gpflow import GPFLOW_AVAILABLE, GPflowGPRAdapter, GPflowMultiKernelAdapter
  File "/Users/asanche2/repos/SURGE/surge/model/gpflow.py", line 7, in <module>
    from .gpflow_impl import GPFLOW_AVAILABLE, GPflowGPRModel, GPflowMultiKernelGPR
  File "/Users/asanche2/repos/SURGE/surge/model/gpflow_impl.py", line 11, in <module>
    import gpflow as gpf
  File "/opt/homebrew/anaconda3/lib/python3.12/site-packages/gpflow/__init__.py", line 17, in <module>
    from . import (
  File "/opt/homebrew/anaconda3/lib/python3.12/site-packages/gpflow/conditionals/__init__.py", line 1, in <module>
    from . import conditionals, multioutput, sample_conditionals
  File "/opt/homebrew/anaconda3/lib/python3.12/site-packages/gpflow/conditionals/conditionals.py", line 17, in <module>
    import tensorflow as tf
  File "/opt/homebrew/anaconda3/lib/python3.12/site-packages/tensorflow/__init__.py", line 45, in <module>
    from tensorflow._api.v2 import __internal__
  File "/opt/homebrew/anaconda3/lib/python3.12/site-packages/tensorflow/_api/v2/__internal__/__init__.py", line 8, in <module>
    from tensorflow._api.v2.__internal__ import autograph
  File "/opt/homebrew/anaconda3/lib/python3.12/site-packages/tensorflow/_api/v2/__internal__/autograph/__init__.py", line 8, in <module>
    from tensorflow.python.autograph.core.ag_ctx import control_status_ctx # line: 34
  File "/opt/homebrew/anaconda3/lib/python3.12/site-packages/tensorflow/python/autograph/core/ag_ctx.py", line 21, in <module>
    from tensorflow.python.autograph.utils import ag_logging
  File "/opt/homebrew/anaconda3/lib/python3.12/site-packages/tensorflow/python/autograph/utils/__init__.py", line 17, in <module>
    from tensorflow.python.autograph.utils.context_managers import control_dependency_on_returns
  File "/opt/homebrew/anaconda3/lib/python3.12/site-packages/tensorflow/python/autograph/utils/context_managers.py", line 19, in <module>
    from tensorflow.python.framework import ops
  File "/opt/homebrew/anaconda3/lib/python3.12/site-packages/tensorflow/python/framework/ops.py", line 46, in <module>
    from tensorflow.python import pywrap_tfe
  File "/opt/homebrew/anaconda3/lib/python3.12/site-packages/tensorflow/python/pywrap_tfe.py", line 25, in <module>
    from tensorflow.python._pywrap_tfe import *
Traceback (most recent call last):
  File "/opt/homebrew/anaconda3/lib/python3.12/site-packages/numpy/core/_multiarray_umath.py", line 46, in __getattr__
    raise ImportError(msg)
ImportError: 
A module that was compiled using NumPy 1.x cannot be run in
NumPy 2.3.4 as it may crash. To support both 1.x and 2.x
versions of NumPy, modules must be compiled with NumPy 2.0.
Some module may need to rebuild instead e.g. with 'pybind11>=2.12'.

If you are a user of the module, the easiest solution will be to
downgrade to 'numpy<2' or try to upgrade the affected module.
We expect that some modules will need time to support NumPy 2.


AttributeError: 'MessageFactory' object has no attribute 'GetPrototype'

A module that was compiled using NumPy 1.x cannot be run in
NumPy 2.3.4 as it may crash. To support both 1.x and 2.x
versions of NumPy, modules must be compiled with NumPy 2.0.
Some module may need to rebuild instead e.g. with 'pybind11>=2.12'.

If you are a user of the module, the easiest solution will be to
downgrade to 'numpy<2' or try to upgrade the affected module.
We expect that some modules will need time to support NumPy 2.

Traceback (most recent call last):  File "<frozen runpy>", line 198, in _run_module_as_main
  File "<frozen runpy>", line 88, in _run_code
  File "/Users/asanche2/repos/SURGE/examples/m3dc1_workflow.py", line 14, in <module>
    import surge  # noqa: F401 - ensures package initialization registers adapters
  File "/Users/asanche2/repos/SURGE/surge/__init__.py", line 10, in <module>
    from .model import GPFLOW_AVAILABLE, MODEL_REGISTRY, PYTORCH_AVAILABLE
  File "/Users/asanche2/repos/SURGE/surge/model/__init__.py", line 7, in <module>
    from .gpflow import GPFLOW_AVAILABLE, GPflowGPRAdapter, GPflowMultiKernelAdapter
  File "/Users/asanche2/repos/SURGE/surge/model/gpflow.py", line 7, in <module>
    from .gpflow_impl import GPFLOW_AVAILABLE, GPflowGPRModel, GPflowMultiKernelGPR
  File "/Users/asanche2/repos/SURGE/surge/model/gpflow_impl.py", line 11, in <module>
    import gpflow as gpf
  File "/opt/homebrew/anaconda3/lib/python3.12/site-packages/gpflow/__init__.py", line 17, in <module>
    from . import (
  File "/opt/homebrew/anaconda3/lib/python3.12/site-packages/gpflow/conditionals/__init__.py", line 1, in <module>
    from . import conditionals, multioutput, sample_conditionals
  File "/opt/homebrew/anaconda3/lib/python3.12/site-packages/gpflow/conditionals/conditionals.py", line 17, in <module>
    import tensorflow as tf
  File "/opt/homebrew/anaconda3/lib/python3.12/site-packages/tensorflow/__init__.py", line 45, in <module>
    from tensorflow._api.v2 import __internal__
  File "/opt/homebrew/anaconda3/lib/python3.12/site-packages/tensorflow/_api/v2/__internal__/__init__.py", line 8, in <module>
    from tensorflow._api.v2.__internal__ import autograph
  File "/opt/homebrew/anaconda3/lib/python3.12/site-packages/tensorflow/_api/v2/__internal__/autograph/__init__.py", line 8, in <module>
    from tensorflow.python.autograph.core.ag_ctx import control_status_ctx # line: 34
  File "/opt/homebrew/anaconda3/lib/python3.12/site-packages/tensorflow/python/autograph/core/ag_ctx.py", line 21, in <module>
    from tensorflow.python.autograph.utils import ag_logging
  File "/opt/homebrew/anaconda3/lib/python3.12/site-packages/tensorflow/python/autograph/utils/__init__.py", line 17, in <module>
    from tensorflow.python.autograph.utils.context_managers import control_dependency_on_returns
  File "/opt/homebrew/anaconda3/lib/python3.12/site-packages/tensorflow/python/autograph/utils/context_managers.py", line 19, in <module>
    from tensorflow.python.framework import ops
  File "/opt/homebrew/anaconda3/lib/python3.12/site-packages/tensorflow/python/framework/ops.py", line 49, in <module>
    from tensorflow.python.client import pywrap_tf_session
  File "/opt/homebrew/anaconda3/lib/python3.12/site-packages/tensorflow/python/client/pywrap_tf_session.py", line 19, in <module>
    from tensorflow.python.client._pywrap_tf_session import *
Traceback (most recent call last):
  File "/opt/homebrew/anaconda3/lib/python3.12/site-packages/numpy/core/_multiarray_umath.py", line 46, in __getattr__
    raise ImportError(msg)
ImportError: 
A module that was compiled using NumPy 1.x cannot be run in
NumPy 2.3.4 as it may crash. To support both 1.x and 2.x
versions of NumPy, modules must be compiled with NumPy 2.0.
Some module may need to rebuild instead e.g. with 'pybind11>=2.12'.

If you are a user of the module, the easiest solution will be to
downgrade to 'numpy<2' or try to upgrade the affected module.
We expect that some modules will need time to support NumPy 2.



A module that was compiled using NumPy 1.x cannot be run in
NumPy 2.3.4 as it may crash. To support both 1.x and 2.x
versions of NumPy, modules must be compiled with NumPy 2.0.
Some module may need to rebuild instead e.g. with 'pybind11>=2.12'.

If you are a user of the module, the easiest solution will be to
downgrade to 'numpy<2' or try to upgrade the affected module.
We expect that some modules will need time to support NumPy 2.

Traceback (most recent call last):  File "<frozen runpy>", line 198, in _run_module_as_main
  File "<frozen runpy>", line 88, in _run_code
  File "/Users/asanche2/repos/SURGE/examples/m3dc1_workflow.py", line 14, in <module>
    import surge  # noqa: F401 - ensures package initialization registers adapters
  File "/Users/asanche2/repos/SURGE/surge/__init__.py", line 10, in <module>
    from .model import GPFLOW_AVAILABLE, MODEL_REGISTRY, PYTORCH_AVAILABLE
  File "/Users/asanche2/repos/SURGE/surge/model/__init__.py", line 7, in <module>
    from .gpflow import GPFLOW_AVAILABLE, GPflowGPRAdapter, GPflowMultiKernelAdapter
  File "/Users/asanche2/repos/SURGE/surge/model/gpflow.py", line 7, in <module>
    from .gpflow_impl import GPFLOW_AVAILABLE, GPflowGPRModel, GPflowMultiKernelGPR
  File "/Users/asanche2/repos/SURGE/surge/model/gpflow_impl.py", line 11, in <module>
    import gpflow as gpf
  File "/opt/homebrew/anaconda3/lib/python3.12/site-packages/gpflow/__init__.py", line 17, in <module>
    from . import (
  File "/opt/homebrew/anaconda3/lib/python3.12/site-packages/gpflow/conditionals/__init__.py", line 1, in <module>
    from . import conditionals, multioutput, sample_conditionals
  File "/opt/homebrew/anaconda3/lib/python3.12/site-packages/gpflow/conditionals/conditionals.py", line 17, in <module>
    import tensorflow as tf
  File "/opt/homebrew/anaconda3/lib/python3.12/site-packages/tensorflow/__init__.py", line 45, in <module>
    from tensorflow._api.v2 import __internal__
  File "/opt/homebrew/anaconda3/lib/python3.12/site-packages/tensorflow/_api/v2/__internal__/__init__.py", line 8, in <module>
    from tensorflow._api.v2.__internal__ import autograph
  File "/opt/homebrew/anaconda3/lib/python3.12/site-packages/tensorflow/_api/v2/__internal__/autograph/__init__.py", line 8, in <module>
    from tensorflow.python.autograph.core.ag_ctx import control_status_ctx # line: 34
  File "/opt/homebrew/anaconda3/lib/python3.12/site-packages/tensorflow/python/autograph/core/ag_ctx.py", line 21, in <module>
    from tensorflow.python.autograph.utils import ag_logging
  File "/opt/homebrew/anaconda3/lib/python3.12/site-packages/tensorflow/python/autograph/utils/__init__.py", line 17, in <module>
    from tensorflow.python.autograph.utils.context_managers import control_dependency_on_returns
  File "/opt/homebrew/anaconda3/lib/python3.12/site-packages/tensorflow/python/autograph/utils/context_managers.py", line 19, in <module>
    from tensorflow.python.framework import ops
  File "/opt/homebrew/anaconda3/lib/python3.12/site-packages/tensorflow/python/framework/ops.py", line 50, in <module>
    from tensorflow.python.eager import context
  File "/opt/homebrew/anaconda3/lib/python3.12/site-packages/tensorflow/python/eager/context.py", line 37, in <module>
    from tensorflow.python.eager import execute
  File "/opt/homebrew/anaconda3/lib/python3.12/site-packages/tensorflow/python/eager/execute.py", line 21, in <module>
    from tensorflow.python.framework import dtypes
  File "/opt/homebrew/anaconda3/lib/python3.12/site-packages/tensorflow/python/framework/dtypes.py", line 21, in <module>
    import ml_dtypes
  File "/opt/homebrew/anaconda3/lib/python3.12/site-packages/ml_dtypes/__init__.py", line 32, in <module>
    from ml_dtypes._finfo import finfo
  File "/opt/homebrew/anaconda3/lib/python3.12/site-packages/ml_dtypes/_finfo.py", line 19, in <module>
    from ml_dtypes._ml_dtypes_ext import bfloat16
Traceback (most recent call last):
  File "/opt/homebrew/anaconda3/lib/python3.12/site-packages/numpy/core/_multiarray_umath.py", line 46, in __getattr__
    raise ImportError(msg)
ImportError: 
A module that was compiled using NumPy 1.x cannot be run in
NumPy 2.3.4 as it may crash. To support both 1.x and 2.x
versions of NumPy, modules must be compiled with NumPy 2.0.
Some module may need to rebuild instead e.g. with 'pybind11>=2.12'.

If you are a user of the module, the easiest solution will be to
downgrade to 'numpy<2' or try to upgrade the affected module.
We expect that some modules will need time to support NumPy 2.


ImportError: numpy.core._multiarray_umath failed to import
Warning: GPflow not available or incompatible. Install with: pip install gpflow
SURGE workflow started.
Starting SURGE workflow for dataset data/datasets/NSTX-U/nstxu_equil_curated.pkl
[1/6] Loading dataset...
[2/6] Preparing splits and scalers...
[3/6] HPO for nstxu_rf_t3_mirnov (40 trials)...
[I 2026-04-01 13:56:23,226] A new study created in memory with name: nstxu_t3_mirnov_hpo-sklearn.random_forest
  [HPO] Trial 0 started...
  [HPO] Trial 0 finished in 6.4s (val_r2=0.9854)
