[I 2026-04-01 13:17:49,988] Trial 39 finished with value: -11.046989028114634 and parameters: {'hidden_layers_index': 2, 'dropout': 0.11034751076699126, 'learning_rate': 0.0022565069590731526, 'batch_size': 32, 'epochs': 170}. Best is trial 5 with value: 0.6424096111310351.
    Trial 40/40 (best val_r2=0.6424)
[6/6] Training nstxu_mlp_t3_rogowski...
[6/6] Done. Artifacts in runs/nstxu_t3_rogowski_hpo
Workflow nstxu_t3_rogowski_hpo complete. Artifacts saved to runs/nstxu_t3_rogowski_hpo
{
  "run_tag": "nstxu_t3_rogowski_hpo",
  "dataset": {
    "file_path": "data/datasets/NSTX-U/nstxu_equil_curated.pkl",
    "n_rows": 10000,
    "n_inputs": 28,
    "n_outputs": 1,
    "output_groups": {},
    "profile_groups": {},
    "dataset_info": {
      "shape": [
        10000,
        36
      ],
      "n_input_variables": 33,
      "n_output_variables": 3,
      "n_output_groups": 0,
      "largest_output_group": 0,
      "largest_output_group_name": null
    }
  },
  "resources": {
    "scheduler": null,
    "n_cpus": 10,
    "n_gpus": 0,
    "gpu_type": null,
    "device": "cpu",
    "hostname": "asanche2-lt",
    "extras": {
      "platform": "macOS-26.3.1-arm64-arm-64bit"
    }
  },
  "splits": {
    "train": 6000,
    "val": 2000,
    "test": 2000
  },
  "scalers": {
    "input_scaler": "runs/nstxu_t3_rogowski_hpo/scalers/inputs.joblib",
    "output_scaler": "runs/nstxu_t3_rogowski_hpo/scalers/outputs.joblib"
  },
  "models": [
    {
      "name": "nstxu_rf_t3_rogowski",
      "backend": "sklearn",
      "params": {
        "n_estimators": 450,
        "max_depth": 25,
        "min_samples_leaf": 1
      },
      "metrics": {
        "train": {
          "r2": 0.9998218063636243,
          "rmse": 27.562359993825535,
          "mae": 1.4584882693511438,
          "mape": 3202168850641584.0
        },
        "val": {
          "r2": 0.7679428383241874,
          "rmse": 3.0431807504794652,
          "mae": 1.938192354779545,
          "mape": 2.422934690174161e-05
        },
        "test": {
          "r2": 0.7247179762052041,
          "rmse": 3.3732657682727694,
          "mae": 2.080044917499879,
          "mape": 2.600229729958937e-05
        }
      },
      "timings": {
        "train_seconds": 8.178591709001921,
        "train_inference_seconds": 0.10055774998909328,
        "val_inference_seconds": 0.06507158301246818,
        "train_inference_per_sample": 1.6759624998182213e-05,
        "val_inference_per_sample": 3.253579150623409e-05,
        "test_inference_seconds": 0.06269520899513736,
        "test_inference_per_sample": 3.1347604497568684e-05
      },
      "artifacts": {
        "model": "runs/nstxu_t3_rogowski_hpo/models/nstxu_rf_t3_rogowski.joblib",
        "predictions": {
          "train": "runs/nstxu_t3_rogowski_hpo/predictions/nstxu_rf_t3_rogowski_train.csv",
          "val": "runs/nstxu_t3_rogowski_hpo/predictions/nstxu_rf_t3_rogowski_val.csv",
          "test": "runs/nstxu_t3_rogowski_hpo/predictions/nstxu_rf_t3_rogowski_test.csv"
        },
        "hpo": "runs/nstxu_t3_rogowski_hpo/hpo/nstxu_rf_t3_rogowski_hpo.json"
      }
    },
    {
      "name": "nstxu_mlp_t3_rogowski",
      "backend": "pytorch",
      "params": {
        "hidden_layers": [
          384,
          256,
          128
        ],
        "dropout": 4.81342779403704e-06,
        "epochs": 164,
        "batch_size": 32,
        "learning_rate": 0.0002627903447762754,
        "mc_dropout_passes": 40,
        "activation": "relu"
      },
      "metrics": {
        "train": {
          "r2": 0.99976471614164,
          "rmse": 31.67133516264803,
          "mae": 2.5115213439944344,
          "mape": 3671489593973495.0
        },
        "val": {
          "r2": 0.6652186472218389,
          "rmse": 3.6551978542782684,
          "mae": 2.32664244555404,
          "mape": 2.9085193107553494e-05
        },
        "test": {
          "r2": 0.620656329990102,
          "rmse": 3.959843787249346,
          "mae": 2.498693783162387,
          "mape": 3.123586773857047e-05
        }
      },
      "timings": {
        "train_seconds": 57.80629462499928,
        "train_inference_seconds": 0.02102299999387469,
        "val_inference_seconds": 0.005704583003534935,
        "train_inference_per_sample": 3.5038333323124485e-06,
        "val_inference_per_sample": 2.8522915017674675e-06,
        "test_inference_seconds": 0.004370790993561968,
        "test_inference_per_sample": 2.185395496780984e-06
      },
      "artifacts": {
        "model": "runs/nstxu_t3_rogowski_hpo/models/nstxu_mlp_t3_rogowski.joblib",
        "predictions": {
          "train": "runs/nstxu_t3_rogowski_hpo/predictions/nstxu_mlp_t3_rogowski_train.csv",
          "val": "runs/nstxu_t3_rogowski_hpo/predictions/nstxu_mlp_t3_rogowski_val.csv",
          "test": "runs/nstxu_t3_rogowski_hpo/predictions/nstxu_mlp_t3_rogowski_test.csv",
          "val_uq": "runs/nstxu_t3_rogowski_hpo/predictions/nstxu_mlp_t3_rogowski_val_uq.json"
        },
        "hpo": "runs/nstxu_t3_rogowski_hpo/hpo/nstxu_mlp_t3_rogowski_hpo.json"
      }
    }
  ],
  "registry": "Registered Models:",
  "artifacts": {
    "root": "runs/nstxu_t3_rogowski_hpo",
    "metrics": "runs/nstxu_t3_rogowski_hpo/metrics.json",
    "summary": "runs/nstxu_t3_rogowski_hpo/workflow_summary.json",
    "spec": "runs/nstxu_t3_rogowski_hpo/spec.yaml",
    "train_data_ranges": "runs/nstxu_t3_rogowski_hpo/train_data_ranges.json"
  }
}
======== 2026-04-01T13:18:50-04:00 OK nstxu_t3_rogowski_hpo ========

======== 2026-04-01T13:18:50-04:00 START nstxu_t3_flux_loop_hpo ========

A module that was compiled using NumPy 1.x cannot be run in
NumPy 2.3.4 as it may crash. To support both 1.x and 2.x
versions of NumPy, modules must be compiled with NumPy 2.0.
Some module may need to rebuild instead e.g. with 'pybind11>=2.12'.

If you are a user of the module, the easiest solution will be to
downgrade to 'numpy<2' or try to upgrade the affected module.
We expect that some modules will need time to support NumPy 2.

Traceback (most recent call last):  File "<frozen runpy>", line 198, in _run_module_as_main
  File "<frozen runpy>", line 88, in _run_code
  File "/Users/asanche2/repos/SURGE/examples/m3dc1_workflow.py", line 14, in <module>
    import surge  # noqa: F401 - ensures package initialization registers adapters
  File "/Users/asanche2/repos/SURGE/surge/__init__.py", line 10, in <module>
    from .model import GPFLOW_AVAILABLE, MODEL_REGISTRY, PYTORCH_AVAILABLE
  File "/Users/asanche2/repos/SURGE/surge/model/__init__.py", line 7, in <module>
    from .gpflow import GPFLOW_AVAILABLE, GPflowGPRAdapter, GPflowMultiKernelAdapter
  File "/Users/asanche2/repos/SURGE/surge/model/gpflow.py", line 7, in <module>
    from .gpflow_impl import GPFLOW_AVAILABLE, GPflowGPRModel, GPflowMultiKernelGPR
  File "/Users/asanche2/repos/SURGE/surge/model/gpflow_impl.py", line 11, in <module>
    import gpflow as gpf
  File "/opt/homebrew/anaconda3/lib/python3.12/site-packages/gpflow/__init__.py", line 17, in <module>
    from . import (
  File "/opt/homebrew/anaconda3/lib/python3.12/site-packages/gpflow/conditionals/__init__.py", line 1, in <module>
    from . import conditionals, multioutput, sample_conditionals
  File "/opt/homebrew/anaconda3/lib/python3.12/site-packages/gpflow/conditionals/conditionals.py", line 17, in <module>
    import tensorflow as tf
  File "/opt/homebrew/anaconda3/lib/python3.12/site-packages/tensorflow/__init__.py", line 45, in <module>
    from tensorflow._api.v2 import __internal__
  File "/opt/homebrew/anaconda3/lib/python3.12/site-packages/tensorflow/_api/v2/__internal__/__init__.py", line 8, in <module>
    from tensorflow._api.v2.__internal__ import autograph
  File "/opt/homebrew/anaconda3/lib/python3.12/site-packages/tensorflow/_api/v2/__internal__/autograph/__init__.py", line 8, in <module>
    from tensorflow.python.autograph.core.ag_ctx import control_status_ctx # line: 34
  File "/opt/homebrew/anaconda3/lib/python3.12/site-packages/tensorflow/python/autograph/core/ag_ctx.py", line 21, in <module>
    from tensorflow.python.autograph.utils import ag_logging
  File "/opt/homebrew/anaconda3/lib/python3.12/site-packages/tensorflow/python/autograph/utils/__init__.py", line 17, in <module>
    from tensorflow.python.autograph.utils.context_managers import control_dependency_on_returns
  File "/opt/homebrew/anaconda3/lib/python3.12/site-packages/tensorflow/python/autograph/utils/context_managers.py", line 19, in <module>
    from tensorflow.python.framework import ops
  File "/opt/homebrew/anaconda3/lib/python3.12/site-packages/tensorflow/python/framework/ops.py", line 46, in <module>
    from tensorflow.python import pywrap_tfe
  File "/opt/homebrew/anaconda3/lib/python3.12/site-packages/tensorflow/python/pywrap_tfe.py", line 25, in <module>
    from tensorflow.python._pywrap_tfe import *
Traceback (most recent call last):
  File "/opt/homebrew/anaconda3/lib/python3.12/site-packages/numpy/core/_multiarray_umath.py", line 46, in __getattr__
    raise ImportError(msg)
ImportError: 
A module that was compiled using NumPy 1.x cannot be run in
NumPy 2.3.4 as it may crash. To support both 1.x and 2.x
versions of NumPy, modules must be compiled with NumPy 2.0.
Some module may need to rebuild instead e.g. with 'pybind11>=2.12'.

If you are a user of the module, the easiest solution will be to
downgrade to 'numpy<2' or try to upgrade the affected module.
We expect that some modules will need time to support NumPy 2.


AttributeError: 'MessageFactory' object has no attribute 'GetPrototype'

A module that was compiled using NumPy 1.x cannot be run in
NumPy 2.3.4 as it may crash. To support both 1.x and 2.x
versions of NumPy, modules must be compiled with NumPy 2.0.
Some module may need to rebuild instead e.g. with 'pybind11>=2.12'.

If you are a user of the module, the easiest solution will be to
downgrade to 'numpy<2' or try to upgrade the affected module.
We expect that some modules will need time to support NumPy 2.

Traceback (most recent call last):  File "<frozen runpy>", line 198, in _run_module_as_main
  File "<frozen runpy>", line 88, in _run_code
  File "/Users/asanche2/repos/SURGE/examples/m3dc1_workflow.py", line 14, in <module>
    import surge  # noqa: F401 - ensures package initialization registers adapters
  File "/Users/asanche2/repos/SURGE/surge/__init__.py", line 10, in <module>
    from .model import GPFLOW_AVAILABLE, MODEL_REGISTRY, PYTORCH_AVAILABLE
  File "/Users/asanche2/repos/SURGE/surge/model/__init__.py", line 7, in <module>
    from .gpflow import GPFLOW_AVAILABLE, GPflowGPRAdapter, GPflowMultiKernelAdapter
  File "/Users/asanche2/repos/SURGE/surge/model/gpflow.py", line 7, in <module>
    from .gpflow_impl import GPFLOW_AVAILABLE, GPflowGPRModel, GPflowMultiKernelGPR
  File "/Users/asanche2/repos/SURGE/surge/model/gpflow_impl.py", line 11, in <module>
    import gpflow as gpf
  File "/opt/homebrew/anaconda3/lib/python3.12/site-packages/gpflow/__init__.py", line 17, in <module>
    from . import (
  File "/opt/homebrew/anaconda3/lib/python3.12/site-packages/gpflow/conditionals/__init__.py", line 1, in <module>
    from . import conditionals, multioutput, sample_conditionals
  File "/opt/homebrew/anaconda3/lib/python3.12/site-packages/gpflow/conditionals/conditionals.py", line 17, in <module>
    import tensorflow as tf
  File "/opt/homebrew/anaconda3/lib/python3.12/site-packages/tensorflow/__init__.py", line 45, in <module>
    from tensorflow._api.v2 import __internal__
  File "/opt/homebrew/anaconda3/lib/python3.12/site-packages/tensorflow/_api/v2/__internal__/__init__.py", line 8, in <module>
    from tensorflow._api.v2.__internal__ import autograph
  File "/opt/homebrew/anaconda3/lib/python3.12/site-packages/tensorflow/_api/v2/__internal__/autograph/__init__.py", line 8, in <module>
    from tensorflow.python.autograph.core.ag_ctx import control_status_ctx # line: 34
  File "/opt/homebrew/anaconda3/lib/python3.12/site-packages/tensorflow/python/autograph/core/ag_ctx.py", line 21, in <module>
    from tensorflow.python.autograph.utils import ag_logging
  File "/opt/homebrew/anaconda3/lib/python3.12/site-packages/tensorflow/python/autograph/utils/__init__.py", line 17, in <module>
    from tensorflow.python.autograph.utils.context_managers import control_dependency_on_returns
  File "/opt/homebrew/anaconda3/lib/python3.12/site-packages/tensorflow/python/autograph/utils/context_managers.py", line 19, in <module>
    from tensorflow.python.framework import ops
  File "/opt/homebrew/anaconda3/lib/python3.12/site-packages/tensorflow/python/framework/ops.py", line 49, in <module>
    from tensorflow.python.client import pywrap_tf_session
  File "/opt/homebrew/anaconda3/lib/python3.12/site-packages/tensorflow/python/client/pywrap_tf_session.py", line 19, in <module>
    from tensorflow.python.client._pywrap_tf_session import *
Traceback (most recent call last):
  File "/opt/homebrew/anaconda3/lib/python3.12/site-packages/numpy/core/_multiarray_umath.py", line 46, in __getattr__
    raise ImportError(msg)
ImportError: 
A module that was compiled using NumPy 1.x cannot be run in
NumPy 2.3.4 as it may crash. To support both 1.x and 2.x
versions of NumPy, modules must be compiled with NumPy 2.0.
Some module may need to rebuild instead e.g. with 'pybind11>=2.12'.

If you are a user of the module, the easiest solution will be to
downgrade to 'numpy<2' or try to upgrade the affected module.
We expect that some modules will need time to support NumPy 2.



A module that was compiled using NumPy 1.x cannot be run in
NumPy 2.3.4 as it may crash. To support both 1.x and 2.x
versions of NumPy, modules must be compiled with NumPy 2.0.
Some module may need to rebuild instead e.g. with 'pybind11>=2.12'.

If you are a user of the module, the easiest solution will be to
downgrade to 'numpy<2' or try to upgrade the affected module.
We expect that some modules will need time to support NumPy 2.

Traceback (most recent call last):  File "<frozen runpy>", line 198, in _run_module_as_main
  File "<frozen runpy>", line 88, in _run_code
  File "/Users/asanche2/repos/SURGE/examples/m3dc1_workflow.py", line 14, in <module>
    import surge  # noqa: F401 - ensures package initialization registers adapters
  File "/Users/asanche2/repos/SURGE/surge/__init__.py", line 10, in <module>
    from .model import GPFLOW_AVAILABLE, MODEL_REGISTRY, PYTORCH_AVAILABLE
  File "/Users/asanche2/repos/SURGE/surge/model/__init__.py", line 7, in <module>
    from .gpflow import GPFLOW_AVAILABLE, GPflowGPRAdapter, GPflowMultiKernelAdapter
  File "/Users/asanche2/repos/SURGE/surge/model/gpflow.py", line 7, in <module>
    from .gpflow_impl import GPFLOW_AVAILABLE, GPflowGPRModel, GPflowMultiKernelGPR
  File "/Users/asanche2/repos/SURGE/surge/model/gpflow_impl.py", line 11, in <module>
    import gpflow as gpf
  File "/opt/homebrew/anaconda3/lib/python3.12/site-packages/gpflow/__init__.py", line 17, in <module>
    from . import (
  File "/opt/homebrew/anaconda3/lib/python3.12/site-packages/gpflow/conditionals/__init__.py", line 1, in <module>
    from . import conditionals, multioutput, sample_conditionals
  File "/opt/homebrew/anaconda3/lib/python3.12/site-packages/gpflow/conditionals/conditionals.py", line 17, in <module>
    import tensorflow as tf
  File "/opt/homebrew/anaconda3/lib/python3.12/site-packages/tensorflow/__init__.py", line 45, in <module>
    from tensorflow._api.v2 import __internal__
  File "/opt/homebrew/anaconda3/lib/python3.12/site-packages/tensorflow/_api/v2/__internal__/__init__.py", line 8, in <module>
    from tensorflow._api.v2.__internal__ import autograph
  File "/opt/homebrew/anaconda3/lib/python3.12/site-packages/tensorflow/_api/v2/__internal__/autograph/__init__.py", line 8, in <module>
    from tensorflow.python.autograph.core.ag_ctx import control_status_ctx # line: 34
  File "/opt/homebrew/anaconda3/lib/python3.12/site-packages/tensorflow/python/autograph/core/ag_ctx.py", line 21, in <module>
    from tensorflow.python.autograph.utils import ag_logging
  File "/opt/homebrew/anaconda3/lib/python3.12/site-packages/tensorflow/python/autograph/utils/__init__.py", line 17, in <module>
    from tensorflow.python.autograph.utils.context_managers import control_dependency_on_returns
  File "/opt/homebrew/anaconda3/lib/python3.12/site-packages/tensorflow/python/autograph/utils/context_managers.py", line 19, in <module>
    from tensorflow.python.framework import ops
  File "/opt/homebrew/anaconda3/lib/python3.12/site-packages/tensorflow/python/framework/ops.py", line 50, in <module>
    from tensorflow.python.eager import context
  File "/opt/homebrew/anaconda3/lib/python3.12/site-packages/tensorflow/python/eager/context.py", line 37, in <module>
    from tensorflow.python.eager import execute
  File "/opt/homebrew/anaconda3/lib/python3.12/site-packages/tensorflow/python/eager/execute.py", line 21, in <module>
    from tensorflow.python.framework import dtypes
  File "/opt/homebrew/anaconda3/lib/python3.12/site-packages/tensorflow/python/framework/dtypes.py", line 21, in <module>
    import ml_dtypes
  File "/opt/homebrew/anaconda3/lib/python3.12/site-packages/ml_dtypes/__init__.py", line 32, in <module>
    from ml_dtypes._finfo import finfo
  File "/opt/homebrew/anaconda3/lib/python3.12/site-packages/ml_dtypes/_finfo.py", line 19, in <module>
    from ml_dtypes._ml_dtypes_ext import bfloat16
Traceback (most recent call last):
  File "/opt/homebrew/anaconda3/lib/python3.12/site-packages/numpy/core/_multiarray_umath.py", line 46, in __getattr__
    raise ImportError(msg)
ImportError: 
A module that was compiled using NumPy 1.x cannot be run in
NumPy 2.3.4 as it may crash. To support both 1.x and 2.x
versions of NumPy, modules must be compiled with NumPy 2.0.
Some module may need to rebuild instead e.g. with 'pybind11>=2.12'.

If you are a user of the module, the easiest solution will be to
downgrade to 'numpy<2' or try to upgrade the affected module.
We expect that some modules will need time to support NumPy 2.


ImportError: numpy.core._multiarray_umath failed to import
Warning: GPflow not available or incompatible. Install with: pip install gpflow
SURGE workflow started.
Starting SURGE workflow for dataset data/datasets/NSTX-U/nstxu_equil_curated.pkl
[1/6] Loading dataset...
[2/6] Preparing splits and scalers...
[3/6] HPO for nstxu_rf_t3_flux_loop (40 trials)...
[I 2026-04-01 13:18:57,108] A new study created in memory with name: nstxu_t3_flux_loop_hpo-sklearn.random_forest
  [HPO] Trial 0 started...
  [HPO] Trial 0 finished in 6.7s (val_r2=0.9901)
[I 2026-04-01 13:19:03,811] Trial 0 finished with value: 0.9900706073193352 and parameters: {'n_estimators': 500, 'max_depth': 12, 'min_samples_leaf': 4}. Best is trial 0 with value: 0.9900706073193352.
    Trial 1/40 (best val_r2=0.9901)
  [HPO] Trial 1 started...
  [HPO] Trial 1 finished in 9.2s (val_r2=0.9994)
[I 2026-04-01 13:19:13,027] Trial 1 finished with value: 0.9993530922991372 and parameters: {'n_estimators': 600, 'max_depth': 28, 'min_samples_leaf': 2}. Best is trial 1 with value: 0.9993530922991372.
    Trial 2/40 (best val_r2=0.9994)
  [HPO] Trial 2 started...
  [HPO] Trial 2 finished in 6.6s (val_r2=0.9969)
[I 2026-04-01 13:19:19,657] Trial 2 finished with value: 0.9968516523345174 and parameters: {'n_estimators': 450, 'max_depth': 24, 'min_samples_leaf': 3}. Best is trial 1 with value: 0.9993530922991372.
    Trial 3/40 (best val_r2=0.9994)
  [HPO] Trial 3 started...
  [HPO] Trial 3 finished in 5.0s (val_r2=0.9981)
[I 2026-04-01 13:19:24,650] Trial 3 finished with value: 0.9980922502494004 and parameters: {'n_estimators': 500, 'max_depth': 8, 'min_samples_leaf': 2}. Best is trial 1 with value: 0.9993530922991372.
    Trial 4/40 (best val_r2=0.9994)
  [HPO] Trial 4 started...
  [HPO] Trial 4 finished in 3.8s (val_r2=0.9994)
[I 2026-04-01 13:19:28,476] Trial 4 finished with value: 0.9993886736620907 and parameters: {'n_estimators': 200, 'max_depth': 25, 'min_samples_leaf': 2}. Best is trial 4 with value: 0.9993886736620907.
    Trial 5/40 (best val_r2=0.9994)
  [HPO] Trial 5 started...
  [HPO] Trial 5 finished in 9.0s (val_r2=0.9993)
[I 2026-04-01 13:19:37,512] Trial 5 finished with value: 0.9993312088801932 and parameters: {'n_estimators': 500, 'max_depth': 13, 'min_samples_leaf': 2}. Best is trial 4 with value: 0.9993886736620907.
    Trial 6/40 (best val_r2=0.9994)
  [HPO] Trial 6 started...
  [HPO] Trial 6 finished in 2.8s (val_r2=0.9891)
[I 2026-04-01 13:19:40,342] Trial 6 finished with value: 0.9891243436751754 and parameters: {'n_estimators': 200, 'max_depth': 15, 'min_samples_leaf': 4}. Best is trial 4 with value: 0.9993886736620907.
    Trial 7/40 (best val_r2=0.9994)
  [HPO] Trial 7 started...
  [HPO] Trial 7 finished in 3.4s (val_r2=0.9900)
[I 2026-04-01 13:19:43,763] Trial 7 finished with value: 0.9900427223813372 and parameters: {'n_estimators': 250, 'max_depth': 14, 'min_samples_leaf': 4}. Best is trial 4 with value: 0.9993886736620907.
    Trial 8/40 (best val_r2=0.9994)
  [HPO] Trial 8 started...
  [HPO] Trial 8 finished in 2.6s (val_r2=0.9962)
[I 2026-04-01 13:19:46,403] Trial 8 finished with value: 0.9962210456970422 and parameters: {'n_estimators': 200, 'max_depth': 9, 'min_samples_leaf': 3}. Best is trial 4 with value: 0.9993886736620907.
    Trial 9/40 (best val_r2=0.9994)
  [HPO] Trial 9 started...
  [HPO] Trial 9 finished in 6.2s (val_r2=0.9955)
[I 2026-04-01 13:19:52,598] Trial 9 finished with value: 0.9955293686133343 and parameters: {'n_estimators': 550, 'max_depth': 8, 'min_samples_leaf': 3}. Best is trial 4 with value: 0.9993886736620907.
    Trial 10/40 (best val_r2=0.9994)
  [HPO] Trial 10 started...
  [HPO] Trial 10 finished in 6.4s (val_r2=0.9994)
