[I 2026-04-01 05:28:56,861] Trial 24 finished with value: 0.9236837851180884 and parameters: {'hidden_layers_index': 3, 'dropout': 0.24801735540383174, 'learning_rate': 0.0002241729017787857, 'batch_size': 32, 'epochs': 150}. Best is trial 17 with value: 0.946992650860156.
    Trial 25/50 (best val_r2=0.9470)
  [HPO] Trial 25 started...
  [HPO] Trial 25 finished in 109.7s (val_r2=0.9183)
[I 2026-04-01 07:19:23,700] Trial 25 finished with value: 0.9183280633589282 and parameters: {'hidden_layers_index': 1, 'dropout': 0.30052493222094484, 'learning_rate': 0.0003725415807303442, 'batch_size': 32, 'epochs': 192}. Best is trial 17 with value: 0.946992650860156.
    Trial 26/50 (best val_r2=0.9470)
  [HPO] Trial 26 started...
  [HPO] Trial 26 finished in 118.8s (val_r2=0.9372)
[I 2026-04-01 08:49:53,863] Trial 26 finished with value: 0.9371558773148646 and parameters: {'hidden_layers_index': 2, 'dropout': 0.354592921725612, 'learning_rate': 0.00012829322029828076, 'batch_size': 32, 'epochs': 179}. Best is trial 17 with value: 0.946992650860156.
    Trial 27/50 (best val_r2=0.9470)
  [HPO] Trial 27 started...
  [HPO] Trial 27 finished in 44.2s (val_r2=0.9180)
[I 2026-04-01 09:08:14,183] Trial 27 finished with value: 0.9180201463636075 and parameters: {'hidden_layers_index': 2, 'dropout': 0.39869250092397046, 'learning_rate': 0.0001276197880235552, 'batch_size': 32, 'epochs': 158}. Best is trial 17 with value: 0.946992650860156.
    Trial 28/50 (best val_r2=0.9470)
  [HPO] Trial 28 started...
  [HPO] Trial 28 finished in 47.5s (val_r2=0.9127)
[I 2026-04-01 09:09:01,644] Trial 28 finished with value: 0.9126653783415385 and parameters: {'hidden_layers_index': 1, 'dropout': 0.3502468015832697, 'learning_rate': 0.00016298738368306065, 'batch_size': 32, 'epochs': 175}. Best is trial 17 with value: 0.946992650860156.
    Trial 29/50 (best val_r2=0.9470)
  [HPO] Trial 29 started...
  [HPO] Trial 29 finished in 37.1s (val_r2=0.9168)
[I 2026-04-01 09:09:38,776] Trial 29 finished with value: 0.9167983250552179 and parameters: {'hidden_layers_index': 2, 'dropout': 0.3593279942262057, 'learning_rate': 0.00010225886068022386, 'batch_size': 64, 'epochs': 155}. Best is trial 17 with value: 0.946992650860156.
    Trial 30/50 (best val_r2=0.9470)
  [HPO] Trial 30 started...
  [HPO] Trial 30 finished in 45.1s (val_r2=0.8863)
[I 2026-04-01 09:10:23,900] Trial 30 finished with value: 0.8862898219776489 and parameters: {'hidden_layers_index': 2, 'dropout': 0.31614941678631125, 'learning_rate': 0.0003093028287822899, 'batch_size': 64, 'epochs': 190}. Best is trial 17 with value: 0.946992650860156.
    Trial 31/50 (best val_r2=0.9470)
  [HPO] Trial 31 started...
  [HPO] Trial 31 finished in 72.5s (val_r2=0.9026)
[I 2026-04-01 09:11:36,443] Trial 31 finished with value: 0.9026328651366411 and parameters: {'hidden_layers_index': 3, 'dropout': 0.2333570265985998, 'learning_rate': 0.00019868159447334084, 'batch_size': 32, 'epochs': 178}. Best is trial 17 with value: 0.946992650860156.
    Trial 32/50 (best val_r2=0.9470)
  [HPO] Trial 32 started...
  [HPO] Trial 32 finished in 72.3s (val_r2=0.8980)
[I 2026-04-01 09:12:48,790] Trial 32 finished with value: 0.8980214856329335 and parameters: {'hidden_layers_index': 3, 'dropout': 0.2953967652832854, 'learning_rate': 0.00012914641073311228, 'batch_size': 32, 'epochs': 200}. Best is trial 17 with value: 0.946992650860156.
    Trial 33/50 (best val_r2=0.9470)
  [HPO] Trial 33 started...
  [HPO] Trial 33 finished in 68.2s (val_r2=0.9292)
[I 2026-04-01 09:13:56,976] Trial 33 finished with value: 0.9291731325888546 and parameters: {'hidden_layers_index': 3, 'dropout': 0.2739826153699815, 'learning_rate': 0.0002696346523042349, 'batch_size': 32, 'epochs': 180}. Best is trial 17 with value: 0.946992650860156.
    Trial 34/50 (best val_r2=0.9470)
  [HPO] Trial 34 started...
  [HPO] Trial 34 finished in 46.6s (val_r2=0.9243)
[I 2026-04-01 09:14:43,570] Trial 34 finished with value: 0.9242644676509457 and parameters: {'hidden_layers_index': 2, 'dropout': 0.3695521139190069, 'learning_rate': 0.00018202186856109242, 'batch_size': 32, 'epochs': 168}. Best is trial 17 with value: 0.946992650860156.
    Trial 35/50 (best val_r2=0.9470)
  [HPO] Trial 35 started...
  [HPO] Trial 35 finished in 27.7s (val_r2=0.9046)
[I 2026-04-01 09:15:11,290] Trial 35 finished with value: 0.9046128850080524 and parameters: {'hidden_layers_index': 1, 'dropout': 0.2750390184577407, 'learning_rate': 0.00013442219324883806, 'batch_size': 128, 'epochs': 190}. Best is trial 17 with value: 0.946992650860156.
    Trial 36/50 (best val_r2=0.9470)
  [HPO] Trial 36 started...
  [HPO] Trial 36 finished in 36.3s (val_r2=0.9261)
[I 2026-04-01 09:15:47,619] Trial 36 finished with value: 0.9260507510785396 and parameters: {'hidden_layers_index': 3, 'dropout': 0.22427384229200423, 'learning_rate': 0.0005351408808492003, 'batch_size': 64, 'epochs': 180}. Best is trial 17 with value: 0.946992650860156.
    Trial 37/50 (best val_r2=0.9470)
  [HPO] Trial 37 started...
  [HPO] Trial 37 finished in 43.5s (val_r2=0.9200)
[I 2026-04-01 09:16:31,110] Trial 37 finished with value: 0.92001551241474 and parameters: {'hidden_layers_index': 2, 'dropout': 0.327844745956639, 'learning_rate': 0.0002453680237612221, 'batch_size': 32, 'epochs': 136}. Best is trial 17 with value: 0.946992650860156.
    Trial 38/50 (best val_r2=0.9470)
  [HPO] Trial 38 started...
  [HPO] Trial 38 finished in 63.3s (val_r2=0.9134)
[I 2026-04-01 09:17:34,431] Trial 38 finished with value: 0.9133703548373171 and parameters: {'hidden_layers_index': 3, 'dropout': 0.16353239059971422, 'learning_rate': 0.0003104123302260354, 'batch_size': 32, 'epochs': 195}. Best is trial 17 with value: 0.946992650860156.
    Trial 39/50 (best val_r2=0.9470)
  [HPO] Trial 39 started...
  [HPO] Trial 39 finished in 19.6s (val_r2=0.8978)
[I 2026-04-01 09:17:54,031] Trial 39 finished with value: 0.8977786141438303 and parameters: {'hidden_layers_index': 0, 'dropout': 0.2588084739131953, 'learning_rate': 0.0022565069590731526, 'batch_size': 128, 'epochs': 186}. Best is trial 17 with value: 0.946992650860156.
    Trial 40/50 (best val_r2=0.9470)
  [HPO] Trial 40 started...
  [HPO] Trial 40 finished in 48.7s (val_r2=0.9331)
[I 2026-04-01 09:18:42,739] Trial 40 finished with value: 0.9331012484191985 and parameters: {'hidden_layers_index': 2, 'dropout': 0.12407984348294167, 'learning_rate': 0.0001312200130209642, 'batch_size': 32, 'epochs': 159}. Best is trial 17 with value: 0.946992650860156.
    Trial 41/50 (best val_r2=0.9470)
  [HPO] Trial 41 started...
  [HPO] Trial 41 finished in 57.4s (val_r2=0.9206)
[I 2026-04-01 09:19:40,130] Trial 41 finished with value: 0.9205794867320102 and parameters: {'hidden_layers_index': 2, 'dropout': 0.12245066933985205, 'learning_rate': 0.00011898908675143643, 'batch_size': 32, 'epochs': 160}. Best is trial 17 with value: 0.946992650860156.
    Trial 42/50 (best val_r2=0.9470)
  [HPO] Trial 42 started...
  [HPO] Trial 42 finished in 43.5s (val_r2=0.8985)
[I 2026-04-01 09:20:23,670] Trial 42 finished with value: 0.8984841075554124 and parameters: {'hidden_layers_index': 2, 'dropout': 0.07348782444806902, 'learning_rate': 0.0038054607920970083, 'batch_size': 32, 'epochs': 151}. Best is trial 17 with value: 0.946992650860156.
    Trial 43/50 (best val_r2=0.9470)
  [HPO] Trial 43 started...
  [HPO] Trial 43 finished in 47.3s (val_r2=0.9199)
[I 2026-04-01 09:21:11,024] Trial 43 finished with value: 0.9198946780236525 and parameters: {'hidden_layers_index': 1, 'dropout': 0.1382395963123195, 'learning_rate': 0.0001822506747467335, 'batch_size': 32, 'epochs': 169}. Best is trial 17 with value: 0.946992650860156.
    Trial 44/50 (best val_r2=0.9470)
  [HPO] Trial 44 started...
  [HPO] Trial 44 finished in 53.2s (val_r2=0.9210)
[I 2026-04-01 09:22:04,202] Trial 44 finished with value: 0.9210020827900998 and parameters: {'hidden_layers_index': 2, 'dropout': 0.1924473707832749, 'learning_rate': 0.00010004268926639342, 'batch_size': 32, 'epochs': 180}. Best is trial 17 with value: 0.946992650860156.
    Trial 45/50 (best val_r2=0.9470)
  [HPO] Trial 45 started...
  [HPO] Trial 45 finished in 20.6s (val_r2=0.9325)
[I 2026-04-01 09:22:24,824] Trial 45 finished with value: 0.9324695668009649 and parameters: {'hidden_layers_index': 2, 'dropout': 0.010425489907670504, 'learning_rate': 0.00015131506368390506, 'batch_size': 128, 'epochs': 167}. Best is trial 17 with value: 0.946992650860156.
    Trial 46/50 (best val_r2=0.9470)
  [HPO] Trial 46 started...
  [HPO] Trial 46 finished in 23.9s (val_r2=0.9242)
[I 2026-04-01 09:22:48,743] Trial 46 finished with value: 0.9241661836695861 and parameters: {'hidden_layers_index': 3, 'dropout': 0.004082607702290325, 'learning_rate': 0.0002559266463067438, 'batch_size': 128, 'epochs': 141}. Best is trial 17 with value: 0.946992650860156.
    Trial 47/50 (best val_r2=0.9470)
  [HPO] Trial 47 started...
  [HPO] Trial 47 finished in 24.8s (val_r2=0.9072)
[I 2026-04-01 09:23:13,585] Trial 47 finished with value: 0.9072486434585121 and parameters: {'hidden_layers_index': 1, 'dropout': 0.028001027650751565, 'learning_rate': 0.00013882772747844609, 'batch_size': 128, 'epochs': 167}. Best is trial 17 with value: 0.946992650860156.
    Trial 48/50 (best val_r2=0.9470)
  [HPO] Trial 48 started...
  [HPO] Trial 48 finished in 20.3s (val_r2=0.9356)
[I 2026-04-01 09:23:33,878] Trial 48 finished with value: 0.9355999231881607 and parameters: {'hidden_layers_index': 2, 'dropout': 0.09930904607182477, 'learning_rate': 0.0001828697677052875, 'batch_size': 128, 'epochs': 157}. Best is trial 17 with value: 0.946992650860156.
    Trial 49/50 (best val_r2=0.9470)
  [HPO] Trial 49 started...
  [HPO] Trial 49 finished in 18.8s (val_r2=0.9316)
