[I 2026-04-01 03:02:36,395] Trial 23 finished with value: 0.9086391016029921 and parameters: {'hidden_layers_index': 2, 'dropout': 0.31894999640199256, 'learning_rate': 0.001829163339782865, 'batch_size': 128, 'epochs': 158}. Best is trial 14 with value: 0.9266024148169681.
    Trial 24/50 (best val_r2=0.9266)
  [HPO] Trial 24 started...
  [HPO] Trial 24 finished in 21.6s (val_r2=0.8988)
[I 2026-04-01 03:02:57,950] Trial 24 finished with value: 0.8988402146515343 and parameters: {'hidden_layers_index': 1, 'dropout': 0.21618032370355408, 'learning_rate': 0.0033983106382475827, 'batch_size': 128, 'epochs': 188}. Best is trial 14 with value: 0.9266024148169681.
    Trial 25/50 (best val_r2=0.9266)
  [HPO] Trial 25 started...
  [HPO] Trial 25 finished in 14.3s (val_r2=0.9060)
[I 2026-04-01 03:03:12,268] Trial 25 finished with value: 0.9060095877439309 and parameters: {'hidden_layers_index': 2, 'dropout': 0.07553271025877378, 'learning_rate': 0.000407328440971192, 'batch_size': 128, 'epochs': 148}. Best is trial 14 with value: 0.9266024148169681.
    Trial 26/50 (best val_r2=0.9266)
  [HPO] Trial 26 started...
  [HPO] Trial 26 finished in 16.9s (val_r2=0.8923)
[I 2026-04-01 03:03:29,211] Trial 26 finished with value: 0.8922750997148907 and parameters: {'hidden_layers_index': 1, 'dropout': 0.1831441350418438, 'learning_rate': 0.0009103467311757572, 'batch_size': 128, 'epochs': 163}. Best is trial 14 with value: 0.9266024148169681.
    Trial 27/50 (best val_r2=0.9266)
  [HPO] Trial 27 started...
  [HPO] Trial 27 finished in 13.7s (val_r2=0.9257)
[I 2026-04-01 03:03:42,907] Trial 27 finished with value: 0.9257161376205085 and parameters: {'hidden_layers_index': 2, 'dropout': 0.13432235336606593, 'learning_rate': 0.00016168073020855824, 'batch_size': 128, 'epochs': 139}. Best is trial 14 with value: 0.9266024148169681.
    Trial 28/50 (best val_r2=0.9266)
  [HPO] Trial 28 started...
  [HPO] Trial 28 finished in 19.1s (val_r2=0.9270)
[I 2026-04-01 03:04:02,020] Trial 28 finished with value: 0.9269874334943617 and parameters: {'hidden_layers_index': 2, 'dropout': 0.22801573581421428, 'learning_rate': 0.00015793485604923213, 'batch_size': 64, 'epochs': 138}. Best is trial 28 with value: 0.9269874334943617.
    Trial 29/50 (best val_r2=0.9270)
  [HPO] Trial 29 started...
  [HPO] Trial 29 finished in 20.4s (val_r2=0.9286)
[I 2026-04-01 03:04:22,433] Trial 29 finished with value: 0.9285870319067207 and parameters: {'hidden_layers_index': 3, 'dropout': 0.327557250836307, 'learning_rate': 0.00016051263887557264, 'batch_size': 64, 'epochs': 128}. Best is trial 29 with value: 0.9285870319067207.
    Trial 30/50 (best val_r2=0.9286)
  [HPO] Trial 30 started...
  [HPO] Trial 30 finished in 17.8s (val_r2=0.9106)
[I 2026-04-01 03:04:40,201] Trial 30 finished with value: 0.9106276964130238 and parameters: {'hidden_layers_index': 3, 'dropout': 0.344372826740942, 'learning_rate': 0.0001534979003897264, 'batch_size': 64, 'epochs': 120}. Best is trial 29 with value: 0.9285870319067207.
    Trial 31/50 (best val_r2=0.9286)
  [HPO] Trial 31 started...
  [HPO] Trial 31 finished in 19.9s (val_r2=0.8822)
[I 2026-04-01 03:05:00,089] Trial 31 finished with value: 0.8821923736662346 and parameters: {'hidden_layers_index': 3, 'dropout': 0.24571158336460852, 'learning_rate': 0.0001548666097438429, 'batch_size': 64, 'epochs': 128}. Best is trial 29 with value: 0.9285870319067207.
    Trial 32/50 (best val_r2=0.9286)
  [HPO] Trial 32 started...
  [HPO] Trial 32 finished in 22.2s (val_r2=0.9048)
[I 2026-04-01 03:05:22,252] Trial 32 finished with value: 0.9048245492422663 and parameters: {'hidden_layers_index': 3, 'dropout': 0.3102117276981622, 'learning_rate': 0.00032966072688139526, 'batch_size': 64, 'epochs': 147}. Best is trial 29 with value: 0.9285870319067207.
    Trial 33/50 (best val_r2=0.9286)
  [HPO] Trial 33 started...
  [HPO] Trial 33 finished in 18.5s (val_r2=0.9249)
[I 2026-04-01 03:05:40,804] Trial 33 finished with value: 0.9249254175310273 and parameters: {'hidden_layers_index': 2, 'dropout': 0.34632350250857785, 'learning_rate': 0.0001716568009349882, 'batch_size': 64, 'epochs': 134}. Best is trial 29 with value: 0.9285870319067207.
    Trial 34/50 (best val_r2=0.9286)
  [HPO] Trial 34 started...
  [HPO] Trial 34 finished in 17.1s (val_r2=0.9281)
[I 2026-04-01 03:05:57,951] Trial 34 finished with value: 0.928098551235134 and parameters: {'hidden_layers_index': 3, 'dropout': 0.23858658994398466, 'learning_rate': 0.00019891707166777678, 'batch_size': 64, 'epochs': 110}. Best is trial 29 with value: 0.9285870319067207.
    Trial 35/50 (best val_r2=0.9286)
  [HPO] Trial 35 started...
  [HPO] Trial 35 finished in 16.3s (val_r2=0.9210)
[I 2026-04-01 03:06:14,301] Trial 35 finished with value: 0.9209814763217142 and parameters: {'hidden_layers_index': 3, 'dropout': 0.2909001293056361, 'learning_rate': 0.0002120873270846106, 'batch_size': 64, 'epochs': 104}. Best is trial 29 with value: 0.9285870319067207.
    Trial 36/50 (best val_r2=0.9286)
  [HPO] Trial 36 started...
  [HPO] Trial 36 finished in 18.7s (val_r2=0.9285)
[I 2026-04-01 03:06:33,001] Trial 36 finished with value: 0.9285135906181164 and parameters: {'hidden_layers_index': 3, 'dropout': 0.25982350802207627, 'learning_rate': 0.0001281753295313515, 'batch_size': 64, 'epochs': 115}. Best is trial 29 with value: 0.9285870319067207.
    Trial 37/50 (best val_r2=0.9286)
  [HPO] Trial 37 started...
  [HPO] Trial 37 finished in 18.9s (val_r2=0.9240)
[I 2026-04-01 03:06:51,921] Trial 37 finished with value: 0.9239625722101384 and parameters: {'hidden_layers_index': 3, 'dropout': 0.2482115007028471, 'learning_rate': 0.0001285200139746272, 'batch_size': 64, 'epochs': 115}. Best is trial 29 with value: 0.9285870319067207.
    Trial 38/50 (best val_r2=0.9286)
  [HPO] Trial 38 started...
  [HPO] Trial 38 finished in 15.4s (val_r2=0.9227)
[I 2026-04-01 03:07:07,307] Trial 38 finished with value: 0.9227493547544201 and parameters: {'hidden_layers_index': 3, 'dropout': 0.3328857670443336, 'learning_rate': 0.00019881198479393432, 'batch_size': 64, 'epochs': 93}. Best is trial 29 with value: 0.9285870319067207.
    Trial 39/50 (best val_r2=0.9286)
  [HPO] Trial 39 started...
  [HPO] Trial 39 finished in 16.8s (val_r2=0.9161)
[I 2026-04-01 03:07:24,158] Trial 39 finished with value: 0.9160623175093693 and parameters: {'hidden_layers_index': 3, 'dropout': 0.2893004690593679, 'learning_rate': 0.00012452031439979467, 'batch_size': 64, 'epochs': 110}. Best is trial 29 with value: 0.9285870319067207.
    Trial 40/50 (best val_r2=0.9286)
  [HPO] Trial 40 started...
  [HPO] Trial 40 finished in 20.5s (val_r2=0.9226)
[I 2026-04-01 03:07:44,662] Trial 40 finished with value: 0.922604471989561 and parameters: {'hidden_layers_index': 3, 'dropout': 0.2638969823873965, 'learning_rate': 0.00030389971261228624, 'batch_size': 64, 'epochs': 124}. Best is trial 29 with value: 0.9285870319067207.
    Trial 41/50 (best val_r2=0.9286)
  [HPO] Trial 41 started...
  [HPO] Trial 41 finished in 22.9s (val_r2=0.9291)
[I 2026-04-01 03:08:07,620] Trial 41 finished with value: 0.9290641260820675 and parameters: {'hidden_layers_index': 3, 'dropout': 0.23391571282975834, 'learning_rate': 0.0002357167044496318, 'batch_size': 64, 'epochs': 143}. Best is trial 41 with value: 0.9290641260820675.
    Trial 42/50 (best val_r2=0.9291)
  [HPO] Trial 42 started...
  [HPO] Trial 42 finished in 18.0s (val_r2=0.9246)
[I 2026-04-01 03:08:25,661] Trial 42 finished with value: 0.9245745700346613 and parameters: {'hidden_layers_index': 3, 'dropout': 0.23548235083213295, 'learning_rate': 0.00024162400069268114, 'batch_size': 64, 'epochs': 116}. Best is trial 41 with value: 0.9290641260820675.
    Trial 43/50 (best val_r2=0.9291)
  [HPO] Trial 43 started...
  [HPO] Trial 43 finished in 20.3s (val_r2=0.9219)
[I 2026-04-01 03:08:45,946] Trial 43 finished with value: 0.9218890315393774 and parameters: {'hidden_layers_index': 3, 'dropout': 0.19986140986598389, 'learning_rate': 0.00010161026639991135, 'batch_size': 64, 'epochs': 134}. Best is trial 41 with value: 0.9290641260820675.
    Trial 44/50 (best val_r2=0.9291)
  [HPO] Trial 44 started...
  [HPO] Trial 44 finished in 16.4s (val_r2=0.9123)
[I 2026-04-01 03:09:02,358] Trial 44 finished with value: 0.9123186204709774 and parameters: {'hidden_layers_index': 3, 'dropout': 0.2634144467005916, 'learning_rate': 0.00018843701057840538, 'batch_size': 64, 'epochs': 99}. Best is trial 41 with value: 0.9290641260820675.
    Trial 45/50 (best val_r2=0.9291)
  [HPO] Trial 45 started...
  [HPO] Trial 45 finished in 23.8s (val_r2=0.9138)
[I 2026-04-01 03:09:26,162] Trial 45 finished with value: 0.913818710498412 and parameters: {'hidden_layers_index': 3, 'dropout': 0.2945383767599057, 'learning_rate': 0.0002501886890857008, 'batch_size': 64, 'epochs': 144}. Best is trial 41 with value: 0.9290641260820675.
    Trial 46/50 (best val_r2=0.9291)
  [HPO] Trial 46 started...
  [HPO] Trial 46 finished in 20.6s (val_r2=0.9192)
[I 2026-04-01 03:09:46,787] Trial 46 finished with value: 0.9191848526254386 and parameters: {'hidden_layers_index': 3, 'dropout': 0.23164845705076734, 'learning_rate': 0.00013478495277776642, 'batch_size': 64, 'epochs': 126}. Best is trial 41 with value: 0.9290641260820675.
    Trial 47/50 (best val_r2=0.9291)
  [HPO] Trial 47 started...
  [HPO] Trial 47 finished in 20.4s (val_r2=0.9091)
[I 2026-04-01 03:10:07,236] Trial 47 finished with value: 0.9090867189171437 and parameters: {'hidden_layers_index': 3, 'dropout': 0.36831640907921137, 'learning_rate': 0.0003266361980421055, 'batch_size': 64, 'epochs': 133}. Best is trial 41 with value: 0.9290641260820675.
    Trial 48/50 (best val_r2=0.9291)
  [HPO] Trial 48 started...
  [HPO] Trial 48 finished in 19.3s (val_r2=0.9109)
[I 2026-04-01 03:10:26,546] Trial 48 finished with value: 0.9108737176502096 and parameters: {'hidden_layers_index': 3, 'dropout': 0.275879794926969, 'learning_rate': 0.00014222860354752844, 'batch_size': 64, 'epochs': 108}. Best is trial 41 with value: 0.9290641260820675.
    Trial 49/50 (best val_r2=0.9291)
  [HPO] Trial 49 started...
  [HPO] Trial 49 finished in 38.5s (val_r2=0.9114)
