[I 2026-04-01 01:29:50,527] Trial 27 finished with value: 0.9352601962533049 and parameters: {'n_estimators': 250, 'max_depth': 28, 'min_samples_leaf': 2}. Best is trial 16 with value: 0.9375299991652175.
    Trial 28/40 (best val_r2=0.9375)
  [HPO] Trial 28 started...
  [HPO] Trial 28 finished in 1.9s (val_r2=0.9374)
[I 2026-04-01 01:29:52,484] Trial 28 finished with value: 0.9374149796003314 and parameters: {'n_estimators': 450, 'max_depth': 18, 'min_samples_leaf': 1}. Best is trial 16 with value: 0.9375299991652175.
    Trial 29/40 (best val_r2=0.9375)
  [HPO] Trial 29 started...
  [HPO] Trial 29 finished in 1.4s (val_r2=0.9310)
[I 2026-04-01 01:29:53,909] Trial 29 finished with value: 0.9310316047217357 and parameters: {'n_estimators': 350, 'max_depth': 24, 'min_samples_leaf': 3}. Best is trial 16 with value: 0.9375299991652175.
    Trial 30/40 (best val_r2=0.9375)
  [HPO] Trial 30 started...
  [HPO] Trial 30 finished in 1.9s (val_r2=0.9375)
[I 2026-04-01 01:29:55,891] Trial 30 finished with value: 0.9374876452260485 and parameters: {'n_estimators': 400, 'max_depth': 21, 'min_samples_leaf': 1}. Best is trial 16 with value: 0.9375299991652175.
    Trial 31/40 (best val_r2=0.9375)
  [HPO] Trial 31 started...
  [HPO] Trial 31 finished in 1.5s (val_r2=0.9375)
[I 2026-04-01 01:29:57,421] Trial 31 finished with value: 0.9375193456649442 and parameters: {'n_estimators': 300, 'max_depth': 28, 'min_samples_leaf': 1}. Best is trial 16 with value: 0.9375299991652175.
    Trial 32/40 (best val_r2=0.9375)
  [HPO] Trial 32 started...
  [HPO] Trial 32 finished in 1.3s (val_r2=0.9375)
[I 2026-04-01 01:29:58,714] Trial 32 finished with value: 0.9375193456649442 and parameters: {'n_estimators': 300, 'max_depth': 30, 'min_samples_leaf': 1}. Best is trial 16 with value: 0.9375299991652175.
    Trial 33/40 (best val_r2=0.9375)
  [HPO] Trial 33 started...
  [HPO] Trial 33 finished in 1.4s (val_r2=0.9375)
[I 2026-04-01 01:30:00,186] Trial 33 finished with value: 0.9375299991652175 and parameters: {'n_estimators': 350, 'max_depth': 26, 'min_samples_leaf': 1}. Best is trial 16 with value: 0.9375299991652175.
    Trial 34/40 (best val_r2=0.9375)
  [HPO] Trial 34 started...
  [HPO] Trial 34 finished in 1.7s (val_r2=0.9351)
[I 2026-04-01 01:30:01,886] Trial 34 finished with value: 0.9350978341853138 and parameters: {'n_estimators': 450, 'max_depth': 26, 'min_samples_leaf': 2}. Best is trial 16 with value: 0.9375299991652175.
    Trial 35/40 (best val_r2=0.9375)
  [HPO] Trial 35 started...
  [HPO] Trial 35 finished in 1.5s (val_r2=0.9375)
[I 2026-04-01 01:30:03,395] Trial 35 finished with value: 0.9375299991652175 and parameters: {'n_estimators': 350, 'max_depth': 26, 'min_samples_leaf': 1}. Best is trial 16 with value: 0.9375299991652175.
    Trial 36/40 (best val_r2=0.9375)
  [HPO] Trial 36 started...
  [HPO] Trial 36 finished in 1.5s (val_r2=0.9352)
[I 2026-04-01 01:30:04,925] Trial 36 finished with value: 0.9351693764606345 and parameters: {'n_estimators': 400, 'max_depth': 26, 'min_samples_leaf': 2}. Best is trial 16 with value: 0.9375299991652175.
    Trial 37/40 (best val_r2=0.9375)
  [HPO] Trial 37 started...
  [HPO] Trial 37 finished in 1.3s (val_r2=0.9352)
[I 2026-04-01 01:30:06,219] Trial 37 finished with value: 0.9352384676011567 and parameters: {'n_estimators': 350, 'max_depth': 24, 'min_samples_leaf': 2}. Best is trial 16 with value: 0.9375299991652175.
    Trial 38/40 (best val_r2=0.9375)
  [HPO] Trial 38 started...
  [HPO] Trial 38 finished in 2.5s (val_r2=0.9375)
[I 2026-04-01 01:30:08,800] Trial 38 finished with value: 0.9375444547160718 and parameters: {'n_estimators': 600, 'max_depth': 26, 'min_samples_leaf': 1}. Best is trial 38 with value: 0.9375444547160718.
    Trial 39/40 (best val_r2=0.9375)
  [HPO] Trial 39 started...
  [HPO] Trial 39 finished in 2.2s (val_r2=0.9350)
[I 2026-04-01 01:30:11,030] Trial 39 finished with value: 0.9350380065617343 and parameters: {'n_estimators': 550, 'max_depth': 29, 'min_samples_leaf': 2}. Best is trial 38 with value: 0.9375444547160718.
    Trial 40/40 (best val_r2=0.9375)
[4/6] Training nstxu_rf_mag_shape...
[5/6] HPO for nstxu_mlp_mag_shape (40 trials)...
[I 2026-04-01 01:30:14,236] A new study created in memory with name: nstxu_magnetics_shaping_hpo-torch.mlp
  [HPO] Trial 0 started...
  [HPO] Trial 0 finished in 28.5s (val_r2=0.9703)
[I 2026-04-01 01:30:42,699] Trial 0 finished with value: 0.9702971989503928 and parameters: {'hidden_layers_index': 3, 'dropout': 0.1331394270122193, 'learning_rate': 0.0025143428814176426, 'batch_size': 64, 'epochs': 173}. Best is trial 0 with value: 0.9702971989503928.
    Trial 1/40 (best val_r2=0.9703)
  [HPO] Trial 1 started...
  [HPO] Trial 1 finished in 33.6s (val_r2=0.9621)
[I 2026-04-01 01:31:16,316] Trial 1 finished with value: 0.9620885187636279 and parameters: {'hidden_layers_index': 3, 'dropout': 0.27456467066567425, 'learning_rate': 0.0016853391697173288, 'batch_size': 64, 'epochs': 203}. Best is trial 0 with value: 0.9702971989503928.
    Trial 2/40 (best val_r2=0.9703)
  [HPO] Trial 2 started...
  [HPO] Trial 2 finished in 26.8s (val_r2=0.9738)
[I 2026-04-01 01:31:43,116] Trial 2 finished with value: 0.973810145670071 and parameters: {'hidden_layers_index': 1, 'dropout': 0.28794678305233395, 'learning_rate': 0.0002725285130250698, 'batch_size': 128, 'epochs': 214}. Best is trial 2 with value: 0.973810145670071.
    Trial 3/40 (best val_r2=0.9738)
  [HPO] Trial 3 started...
  [HPO] Trial 3 finished in 18.5s (val_r2=0.9738)
[I 2026-04-01 01:32:01,648] Trial 3 finished with value: 0.9738112256929349 and parameters: {'hidden_layers_index': 0, 'dropout': 0.16178697823312763, 'learning_rate': 0.00362466400156375, 'batch_size': 128, 'epochs': 205}. Best is trial 3 with value: 0.9738112256929349.
    Trial 4/40 (best val_r2=0.9738)
  [HPO] Trial 4 started...
  [HPO] Trial 4 finished in 20.5s (val_r2=0.9679)
[I 2026-04-01 01:32:22,155] Trial 4 finished with value: 0.9678853731240051 and parameters: {'hidden_layers_index': 0, 'dropout': 0.31130203294787817, 'learning_rate': 0.0024043227611998323, 'batch_size': 64, 'epochs': 158}. Best is trial 3 with value: 0.9738112256929349.
    Trial 5/40 (best val_r2=0.9738)
  [HPO] Trial 5 started...
  [HPO] Trial 5 finished in 50.3s (val_r2=0.9814)
[I 2026-04-01 01:33:12,496] Trial 5 finished with value: 0.9813914071090912 and parameters: {'hidden_layers_index': 3, 'dropout': 0.05000421174931979, 'learning_rate': 0.0002627903447762754, 'batch_size': 32, 'epochs': 184}. Best is trial 5 with value: 0.9813914071090912.
    Trial 6/40 (best val_r2=0.9814)
  [HPO] Trial 6 started...
  [HPO] Trial 6 finished in 25.2s (val_r2=0.9791)
[I 2026-04-01 01:33:37,681] Trial 6 finished with value: 0.97906509717625 and parameters: {'hidden_layers_index': 3, 'dropout': 0.1355664957692966, 'learning_rate': 0.0006001696958441087, 'batch_size': 128, 'epochs': 193}. Best is trial 5 with value: 0.9813914071090912.
    Trial 7/40 (best val_r2=0.9814)
  [HPO] Trial 7 started...
  [HPO] Trial 7 finished in 11.8s (val_r2=0.9719)
[I 2026-04-01 01:33:49,525] Trial 7 finished with value: 0.9719427839897224 and parameters: {'hidden_layers_index': 0, 'dropout': 0.2901297777155597, 'learning_rate': 0.0008540385215381805, 'batch_size': 128, 'epochs': 118}. Best is trial 5 with value: 0.9813914071090912.
    Trial 8/40 (best val_r2=0.9814)
  [HPO] Trial 8 started...
  [HPO] Trial 8 finished in 58.0s (val_r2=0.9669)
[I 2026-04-01 01:34:47,479] Trial 8 finished with value: 0.966866041812326 and parameters: {'hidden_layers_index': 3, 'dropout': 0.28803675546162477, 'learning_rate': 0.0002533817781390946, 'batch_size': 32, 'epochs': 201}. Best is trial 5 with value: 0.9813914071090912.
    Trial 9/40 (best val_r2=0.9814)
  [HPO] Trial 9 started...
  [HPO] Trial 9 finished in 22.7s (val_r2=0.9804)
[I 2026-04-01 01:35:10,233] Trial 9 finished with value: 0.980380515418137 and parameters: {'hidden_layers_index': 1, 'dropout': 0.1007048461662138, 'learning_rate': 0.0002110412997403752, 'batch_size': 128, 'epochs': 205}. Best is trial 5 with value: 0.9813914071090912.
    Trial 10/40 (best val_r2=0.9814)
  [HPO] Trial 10 started...
  [HPO] Trial 10 finished in 35.9s (val_r2=0.9622)
[I 2026-04-01 01:35:46,176] Trial 10 finished with value: 0.9622251143076961 and parameters: {'hidden_layers_index': 2, 'dropout': 0.3845343302352592, 'learning_rate': 0.00010575648042945282, 'batch_size': 32, 'epochs': 142}. Best is trial 5 with value: 0.9813914071090912.
    Trial 11/40 (best val_r2=0.9814)
  [HPO] Trial 11 started...
  [HPO] Trial 11 finished in 45.3s (val_r2=0.9829)
[I 2026-04-01 01:36:31,497] Trial 11 finished with value: 0.9829185199679228 and parameters: {'hidden_layers_index': 1, 'dropout': 0.05264972861629626, 'learning_rate': 0.000167380615653714, 'batch_size': 32, 'epochs': 175}. Best is trial 11 with value: 0.9829185199679228.
    Trial 12/40 (best val_r2=0.9829)
  [HPO] Trial 12 started...
  [HPO] Trial 12 finished in 52.6s (val_r2=0.9829)
[I 2026-04-01 01:37:24,068] Trial 12 finished with value: 0.9828779326069481 and parameters: {'hidden_layers_index': 2, 'dropout': 0.05213012575770634, 'learning_rate': 0.00010759738730604172, 'batch_size': 32, 'epochs': 179}. Best is trial 11 with value: 0.9829185199679228.
    Trial 13/40 (best val_r2=0.9829)
  [HPO] Trial 13 started...
  [HPO] Trial 13 finished in 40.9s (val_r2=0.9818)
[I 2026-04-01 01:38:05,005] Trial 13 finished with value: 0.9817713769547609 and parameters: {'hidden_layers_index': 2, 'dropout': 0.056473845286341286, 'learning_rate': 0.00010446792529596082, 'batch_size': 32, 'epochs': 157}. Best is trial 11 with value: 0.9829185199679228.
    Trial 14/40 (best val_r2=0.9829)
  [HPO] Trial 14 started...
  [HPO] Trial 14 finished in 35.3s (val_r2=0.9761)
[I 2026-04-01 01:38:40,274] Trial 14 finished with value: 0.9760634586568073 and parameters: {'hidden_layers_index': 1, 'dropout': 0.20375025753465836, 'learning_rate': 0.0001506470844426437, 'batch_size': 32, 'epochs': 138}. Best is trial 11 with value: 0.9829185199679228.
    Trial 15/40 (best val_r2=0.9829)
  [HPO] Trial 15 started...
  [HPO] Trial 15 finished in 49.7s (val_r2=0.9805)
[I 2026-04-01 01:39:30,017] Trial 15 finished with value: 0.9805125229494622 and parameters: {'hidden_layers_index': 2, 'dropout': 0.08758753679237838, 'learning_rate': 0.00047320867372062847, 'batch_size': 32, 'epochs': 175}. Best is trial 11 with value: 0.9829185199679228.
    Trial 16/40 (best val_r2=0.9829)
  [HPO] Trial 16 started...
  [HPO] Trial 16 finished in 42.9s (val_r2=0.9789)
[I 2026-04-01 01:40:12,888] Trial 16 finished with value: 0.9789281192877113 and parameters: {'hidden_layers_index': 1, 'dropout': 0.19439877160890826, 'learning_rate': 0.00038410317815646474, 'batch_size': 32, 'epochs': 173}. Best is trial 11 with value: 0.9829185199679228.
    Trial 17/40 (best val_r2=0.9829)
  [HPO] Trial 17 started...
  [HPO] Trial 17 finished in 41.6s (val_r2=0.9784)
[I 2026-04-01 01:40:54,541] Trial 17 finished with value: 0.9784225851861725 and parameters: {'hidden_layers_index': 2, 'dropout': 0.10913125175037776, 'learning_rate': 0.0009929862745938526, 'batch_size': 32, 'epochs': 146}. Best is trial 11 with value: 0.9829185199679228.
    Trial 18/40 (best val_r2=0.9829)
  [HPO] Trial 18 started...
  [HPO] Trial 18 finished in 46.9s (val_r2=0.9798)
[I 2026-04-01 01:41:41,416] Trial 18 finished with value: 0.979755274675981 and parameters: {'hidden_layers_index': 1, 'dropout': 0.16585791246157972, 'learning_rate': 0.00015129765348505562, 'batch_size': 32, 'epochs': 187}. Best is trial 11 with value: 0.9829185199679228.
    Trial 19/40 (best val_r2=0.9829)
  [HPO] Trial 19 started...
  [HPO] Trial 19 finished in 27.1s (val_r2=0.9739)
[I 2026-04-01 01:42:08,563] Trial 19 finished with value: 0.9738977007255905 and parameters: {'hidden_layers_index': 2, 'dropout': 0.23493040808290333, 'learning_rate': 0.00016665426739894358, 'batch_size': 32, 'epochs': 103}. Best is trial 11 with value: 0.9829185199679228.
    Trial 20/40 (best val_r2=0.9829)
  [HPO] Trial 20 started...
  [HPO] Trial 20 finished in 24.6s (val_r2=0.9798)
[I 2026-04-01 01:42:33,137] Trial 20 finished with value: 0.9797956178471453 and parameters: {'hidden_layers_index': 1, 'dropout': 0.07251304923711048, 'learning_rate': 0.0012113885863359482, 'batch_size': 64, 'epochs': 165}. Best is trial 11 with value: 0.9829185199679228.
    Trial 21/40 (best val_r2=0.9829)
  [HPO] Trial 21 started...
  [HPO] Trial 21 finished in 42.7s (val_r2=0.9823)
[I 2026-04-01 01:43:15,826] Trial 21 finished with value: 0.9822953272716295 and parameters: {'hidden_layers_index': 2, 'dropout': 0.05030867560380195, 'learning_rate': 0.00011393826695175927, 'batch_size': 32, 'epochs': 154}. Best is trial 11 with value: 0.9829185199679228.
    Trial 22/40 (best val_r2=0.9829)
  [HPO] Trial 22 started...
  [HPO] Trial 22 finished in 40.0s (val_r2=0.9783)
[I 2026-04-01 01:43:55,856] Trial 22 finished with value: 0.9783016189908135 and parameters: {'hidden_layers_index': 2, 'dropout': 0.11625236778954616, 'learning_rate': 0.00010634257373833826, 'batch_size': 32, 'epochs': 129}. Best is trial 11 with value: 0.9829185199679228.
    Trial 23/40 (best val_r2=0.9829)
  [HPO] Trial 23 started...
  [HPO] Trial 23 finished in 45.9s (val_r2=0.9822)
[I 2026-04-01 01:44:41,787] Trial 23 finished with value: 0.9821839144468318 and parameters: {'hidden_layers_index': 2, 'dropout': 0.07750548360162407, 'learning_rate': 0.00017113933334774194, 'batch_size': 32, 'epochs': 151}. Best is trial 11 with value: 0.9829185199679228.
    Trial 24/40 (best val_r2=0.9829)
  [HPO] Trial 24 started...
  [HPO] Trial 24 finished in 49.1s (val_r2=0.9818)
[I 2026-04-01 01:45:30,886] Trial 24 finished with value: 0.9817642515412389 and parameters: {'hidden_layers_index': 2, 'dropout': 0.050674328439003054, 'learning_rate': 0.0004089515985332568, 'batch_size': 32, 'epochs': 168}. Best is trial 11 with value: 0.9829185199679228.
    Trial 25/40 (best val_r2=0.9829)
  [HPO] Trial 25 started...
  [HPO] Trial 25 finished in 50.8s (val_r2=0.9805)
[I 2026-04-01 01:46:21,704] Trial 25 finished with value: 0.9805426621887887 and parameters: {'hidden_layers_index': 1, 'dropout': 0.14243224472774924, 'learning_rate': 0.00013341880974153953, 'batch_size': 32, 'epochs': 185}. Best is trial 11 with value: 0.9829185199679228.
    Trial 26/40 (best val_r2=0.9829)
  [HPO] Trial 26 started...
  [HPO] Trial 26 finished in 41.6s (val_r2=0.9813)
[I 2026-04-01 01:47:03,342] Trial 26 finished with value: 0.9813444101779023 and parameters: {'hidden_layers_index': 2, 'dropout': 0.09348322137167604, 'learning_rate': 0.00019869413301670946, 'batch_size': 32, 'epochs': 134}. Best is trial 11 with value: 0.9829185199679228.
    Trial 27/40 (best val_r2=0.9829)
  [HPO] Trial 27 started...
  [HPO] Trial 27 finished in 50.4s (val_r2=0.9812)
[I 2026-04-01 01:47:53,764] Trial 27 finished with value: 0.9812419197366773 and parameters: {'hidden_layers_index': 1, 'dropout': 0.07502116901815493, 'learning_rate': 0.0003070524667600982, 'batch_size': 32, 'epochs': 180}. Best is trial 11 with value: 0.9829185199679228.
    Trial 28/40 (best val_r2=0.9829)
  [HPO] Trial 28 started...
  [HPO] Trial 28 finished in 35.3s (val_r2=0.9607)
[I 2026-04-01 01:48:29,034] Trial 28 finished with value: 0.960691542337375 and parameters: {'hidden_layers_index': 0, 'dropout': 0.3798367341978086, 'learning_rate': 0.00012294408282695622, 'batch_size': 32, 'epochs': 153}. Best is trial 11 with value: 0.9829185199679228.
    Trial 29/40 (best val_r2=0.9829)
  [HPO] Trial 29 started...
  [HPO] Trial 29 finished in 31.3s (val_r2=0.9777)
[I 2026-04-01 01:49:00,296] Trial 29 finished with value: 0.9776536392834317 and parameters: {'hidden_layers_index': 3, 'dropout': 0.1202798702642983, 'learning_rate': 0.0001992012948059485, 'batch_size': 64, 'epochs': 165}. Best is trial 11 with value: 0.9829185199679228.
    Trial 30/40 (best val_r2=0.9829)
  [HPO] Trial 30 started...
  [HPO] Trial 30 finished in 32.1s (val_r2=0.9740)
[I 2026-04-01 01:49:32,416] Trial 30 finished with value: 0.973983584763298 and parameters: {'hidden_layers_index': 2, 'dropout': 0.34533453367083644, 'learning_rate': 0.0005736212311569925, 'batch_size': 64, 'epochs': 173}. Best is trial 11 with value: 0.9829185199679228.
    Trial 31/40 (best val_r2=0.9829)
  [HPO] Trial 31 started...
  [HPO] Trial 31 finished in 42.6s (val_r2=0.9821)
[I 2026-04-01 01:50:15,053] Trial 31 finished with value: 0.9821325756141109 and parameters: {'hidden_layers_index': 2, 'dropout': 0.07408345715872194, 'learning_rate': 0.00016506261174966826, 'batch_size': 32, 'epochs': 147}. Best is trial 11 with value: 0.9829185199679228.
    Trial 32/40 (best val_r2=0.9829)
  [HPO] Trial 32 started...
  [HPO] Trial 32 finished in 47.7s (val_r2=0.9826)
[I 2026-04-01 01:51:02,747] Trial 32 finished with value: 0.9825922917017548 and parameters: {'hidden_layers_index': 2, 'dropout': 0.07501165915911001, 'learning_rate': 0.0001973282214789437, 'batch_size': 32, 'epochs': 149}. Best is trial 11 with value: 0.9829185199679228.
    Trial 33/40 (best val_r2=0.9829)
  [HPO] Trial 33 started...
  [HPO] Trial 33 finished in 38.6s (val_r2=0.9811)
[I 2026-04-01 01:51:41,340] Trial 33 finished with value: 0.9810939536234038 and parameters: {'hidden_layers_index': 3, 'dropout': 0.05751664400547893, 'learning_rate': 0.0003261670166385077, 'batch_size': 32, 'epochs': 128}. Best is trial 11 with value: 0.9829185199679228.
    Trial 34/40 (best val_r2=0.9829)
  [HPO] Trial 34 started...
  [HPO] Trial 34 finished in 59.1s (val_r2=0.9825)
[I 2026-04-01 01:52:40,459] Trial 34 finished with value: 0.9824949145137429 and parameters: {'hidden_layers_index': 2, 'dropout': 0.09527255363951807, 'learning_rate': 0.00012828947959806338, 'batch_size': 32, 'epochs': 193}. Best is trial 11 with value: 0.9829185199679228.
    Trial 35/40 (best val_r2=0.9829)
  [HPO] Trial 35 started...
  [HPO] Trial 35 finished in 24.5s (val_r2=0.9776)
[I 2026-04-01 01:53:04,969] Trial 35 finished with value: 0.9775931029910332 and parameters: {'hidden_layers_index': 1, 'dropout': 0.15870895754137637, 'learning_rate': 0.0002120873270846106, 'batch_size': 128, 'epochs': 197}. Best is trial 11 with value: 0.9829185199679228.
    Trial 36/40 (best val_r2=0.9829)
  [HPO] Trial 36 started...
  [HPO] Trial 36 finished in 40.5s (val_r2=0.9765)
[I 2026-04-01 01:53:45,477] Trial 36 finished with value: 0.9765093018929003 and parameters: {'hidden_layers_index': 2, 'dropout': 0.2462396120055037, 'learning_rate': 0.00014332686603372793, 'batch_size': 64, 'epochs': 218}. Best is trial 11 with value: 0.9829185199679228.
    Trial 37/40 (best val_r2=0.9829)
  [HPO] Trial 37 started...
  [HPO] Trial 37 finished in 50.8s (val_r2=0.9820)
[I 2026-04-01 01:54:36,318] Trial 37 finished with value: 0.9820446779539035 and parameters: {'hidden_layers_index': 1, 'dropout': 0.10061123505206972, 'learning_rate': 0.00022945763342156698, 'batch_size': 32, 'epochs': 190}. Best is trial 11 with value: 0.9829185199679228.
    Trial 38/40 (best val_r2=0.9829)
  [HPO] Trial 38 started...
  [HPO] Trial 38 finished in 55.9s (val_r2=0.9776)
[I 2026-04-01 01:55:32,218] Trial 38 finished with value: 0.9775907034000237 and parameters: {'hidden_layers_index': 3, 'dropout': 0.13705229508922165, 'learning_rate': 0.00029348724248112875, 'batch_size': 32, 'epochs': 179}. Best is trial 11 with value: 0.9829185199679228.
    Trial 39/40 (best val_r2=0.9829)
  [HPO] Trial 39 started...
  [HPO] Trial 39 finished in 18.9s (val_r2=0.9787)
