[I 2026-04-01 03:11:05,072] Trial 49 finished with value: 0.9113868169308199 and parameters: {'hidden_layers_index': 3, 'dropout': 0.31291332580224823, 'learning_rate': 0.000528120202001764, 'batch_size': 32, 'epochs': 141}. Best is trial 41 with value: 0.9290641260820675.
    Trial 50/50 (best val_r2=0.9291)
[6/6] Training nstxu_mlp_gamma_full...
[6/6] Done. Artifacts in runs/nstxu_gamma_full_hpo
Workflow nstxu_gamma_full_hpo complete. Artifacts saved to runs/nstxu_gamma_full_hpo
{
  "run_tag": "nstxu_gamma_full_hpo",
  "dataset": {
    "file_path": "data/datasets/NSTX-U/nstxu_equil_curated.pkl",
    "n_rows": 10000,
    "n_inputs": 24,
    "n_outputs": 1,
    "output_groups": {},
    "profile_groups": {},
    "dataset_info": {
      "shape": [
        10000,
        33
      ],
      "n_input_variables": 31,
      "n_output_variables": 2,
      "n_output_groups": 0,
      "largest_output_group": 0,
      "largest_output_group_name": null
    }
  },
  "resources": {
    "scheduler": null,
    "n_cpus": 10,
    "n_gpus": 0,
    "gpu_type": null,
    "device": "cpu",
    "hostname": "asanche2-lt",
    "extras": {
      "platform": "macOS-26.3.1-arm64-arm-64bit"
    }
  },
  "splits": {
    "train": 6000,
    "val": 2000,
    "test": 2000
  },
  "scalers": {
    "input_scaler": "runs/nstxu_gamma_full_hpo/scalers/inputs.joblib",
    "output_scaler": "runs/nstxu_gamma_full_hpo/scalers/outputs.joblib"
  },
  "models": [
    {
      "name": "nstxu_rf_gamma_full",
      "backend": "sklearn",
      "params": {
        "n_estimators": 600,
        "max_depth": 24,
        "min_samples_leaf": 1
      },
      "metrics": {
        "train": {
          "r2": 0.9801428761023394,
          "rmse": 409.2755682172927,
          "mae": 141.8290287025702,
          "mape": 4903607302792.741
        },
        "val": {
          "r2": 0.8530663789016047,
          "rmse": 1089.405973368093,
          "mae": 368.12767991328076,
          "mape": 0.5829621952426632
        },
        "test": {
          "r2": 0.8039518126527113,
          "rmse": 1256.5544187996957,
          "mae": 433.17818465040887,
          "mape": 0.7139068753576371
        }
      },
      "timings": {
        "train_seconds": 8.718955541997275,
        "train_inference_seconds": 0.16742987500037998,
        "val_inference_seconds": 0.06469829200068489,
        "train_inference_per_sample": 2.7904979166729996e-05,
        "val_inference_per_sample": 3.234914600034244e-05,
        "test_inference_seconds": 0.0761783329944592,
        "test_inference_per_sample": 3.80891664972296e-05
      },
      "artifacts": {
        "model": "runs/nstxu_gamma_full_hpo/models/nstxu_rf_gamma_full.joblib",
        "predictions": {
          "train": "runs/nstxu_gamma_full_hpo/predictions/nstxu_rf_gamma_full_train.csv",
          "val": "runs/nstxu_gamma_full_hpo/predictions/nstxu_rf_gamma_full_val.csv",
          "test": "runs/nstxu_gamma_full_hpo/predictions/nstxu_rf_gamma_full_test.csv"
        },
        "hpo": "runs/nstxu_gamma_full_hpo/hpo/nstxu_rf_gamma_full_hpo.json"
      }
    },
    {
      "name": "nstxu_mlp_gamma_full",
      "backend": "pytorch",
      "params": {
        "hidden_layers": [
          384,
          256,
          128
        ],
        "dropout": 0.23391571282975834,
        "epochs": 143,
        "batch_size": 64,
        "learning_rate": 0.0002357167044496318,
        "mc_dropout_passes": 40,
        "activation": "relu"
      },
      "metrics": {
        "train": {
          "r2": 0.9850724649991892,
          "rmse": 354.85562709875325,
          "mae": 125.62493294773456,
          "mape": 624037124380121.1
        },
        "val": {
          "r2": 0.9176583157961157,
          "rmse": 815.5282962383562,
          "mae": 202.02862247169216,
          "mape": 0.8775592626425669
        },
        "test": {
          "r2": 0.9156039122243359,
          "rmse": 824.4437759979478,
          "mae": 208.5146195946507,
          "mape": 0.8847047144621393
        }
      },
      "timings": {
        "train_seconds": 23.4430773339991,
        "train_inference_seconds": 0.013425416997051798,
        "val_inference_seconds": 0.002370792004512623,
        "train_inference_per_sample": 2.237569499508633e-06,
        "val_inference_per_sample": 1.1853960022563116e-06,
        "test_inference_seconds": 0.0023597090039402246,
        "test_inference_per_sample": 1.1798545019701123e-06
      },
      "artifacts": {
        "model": "runs/nstxu_gamma_full_hpo/models/nstxu_mlp_gamma_full.joblib",
        "predictions": {
          "train": "runs/nstxu_gamma_full_hpo/predictions/nstxu_mlp_gamma_full_train.csv",
          "val": "runs/nstxu_gamma_full_hpo/predictions/nstxu_mlp_gamma_full_val.csv",
          "test": "runs/nstxu_gamma_full_hpo/predictions/nstxu_mlp_gamma_full_test.csv",
          "val_uq": "runs/nstxu_gamma_full_hpo/predictions/nstxu_mlp_gamma_full_val_uq.json"
        },
        "hpo": "runs/nstxu_gamma_full_hpo/hpo/nstxu_mlp_gamma_full_hpo.json"
      }
    }
  ],
  "registry": "Registered Models:",
  "artifacts": {
    "root": "runs/nstxu_gamma_full_hpo",
    "metrics": "runs/nstxu_gamma_full_hpo/metrics.json",
    "summary": "runs/nstxu_gamma_full_hpo/workflow_summary.json",
    "spec": "runs/nstxu_gamma_full_hpo/spec.yaml",
    "train_data_ranges": "runs/nstxu_gamma_full_hpo/train_data_ranges.json"
  }
}
>>> 2026-04-01T03:11:30-04:00 OK nstxu_gamma_full_hpo

>>> 2026-04-01T03:11:30-04:00 START nstxu_gamma_no_coils_hpo

A module that was compiled using NumPy 1.x cannot be run in
NumPy 2.3.4 as it may crash. To support both 1.x and 2.x
versions of NumPy, modules must be compiled with NumPy 2.0.
Some module may need to rebuild instead e.g. with 'pybind11>=2.12'.

If you are a user of the module, the easiest solution will be to
downgrade to 'numpy<2' or try to upgrade the affected module.
We expect that some modules will need time to support NumPy 2.

Traceback (most recent call last):  File "<frozen runpy>", line 198, in _run_module_as_main
  File "<frozen runpy>", line 88, in _run_code
  File "/Users/asanche2/repos/SURGE/examples/m3dc1_workflow.py", line 14, in <module>
    import surge  # noqa: F401 - ensures package initialization registers adapters
  File "/Users/asanche2/repos/SURGE/surge/__init__.py", line 10, in <module>
    from .model import GPFLOW_AVAILABLE, MODEL_REGISTRY, PYTORCH_AVAILABLE
  File "/Users/asanche2/repos/SURGE/surge/model/__init__.py", line 7, in <module>
    from .gpflow import GPFLOW_AVAILABLE, GPflowGPRAdapter, GPflowMultiKernelAdapter
  File "/Users/asanche2/repos/SURGE/surge/model/gpflow.py", line 7, in <module>
    from .gpflow_impl import GPFLOW_AVAILABLE, GPflowGPRModel, GPflowMultiKernelGPR
  File "/Users/asanche2/repos/SURGE/surge/model/gpflow_impl.py", line 11, in <module>
    import gpflow as gpf
  File "/opt/homebrew/anaconda3/lib/python3.12/site-packages/gpflow/__init__.py", line 17, in <module>
    from . import (
  File "/opt/homebrew/anaconda3/lib/python3.12/site-packages/gpflow/conditionals/__init__.py", line 1, in <module>
    from . import conditionals, multioutput, sample_conditionals
  File "/opt/homebrew/anaconda3/lib/python3.12/site-packages/gpflow/conditionals/conditionals.py", line 17, in <module>
    import tensorflow as tf
  File "/opt/homebrew/anaconda3/lib/python3.12/site-packages/tensorflow/__init__.py", line 45, in <module>
    from tensorflow._api.v2 import __internal__
  File "/opt/homebrew/anaconda3/lib/python3.12/site-packages/tensorflow/_api/v2/__internal__/__init__.py", line 8, in <module>
    from tensorflow._api.v2.__internal__ import autograph
  File "/opt/homebrew/anaconda3/lib/python3.12/site-packages/tensorflow/_api/v2/__internal__/autograph/__init__.py", line 8, in <module>
    from tensorflow.python.autograph.core.ag_ctx import control_status_ctx # line: 34
  File "/opt/homebrew/anaconda3/lib/python3.12/site-packages/tensorflow/python/autograph/core/ag_ctx.py", line 21, in <module>
    from tensorflow.python.autograph.utils import ag_logging
  File "/opt/homebrew/anaconda3/lib/python3.12/site-packages/tensorflow/python/autograph/utils/__init__.py", line 17, in <module>
    from tensorflow.python.autograph.utils.context_managers import control_dependency_on_returns
  File "/opt/homebrew/anaconda3/lib/python3.12/site-packages/tensorflow/python/autograph/utils/context_managers.py", line 19, in <module>
    from tensorflow.python.framework import ops
  File "/opt/homebrew/anaconda3/lib/python3.12/site-packages/tensorflow/python/framework/ops.py", line 46, in <module>
    from tensorflow.python import pywrap_tfe
  File "/opt/homebrew/anaconda3/lib/python3.12/site-packages/tensorflow/python/pywrap_tfe.py", line 25, in <module>
    from tensorflow.python._pywrap_tfe import *
Traceback (most recent call last):
  File "/opt/homebrew/anaconda3/lib/python3.12/site-packages/numpy/core/_multiarray_umath.py", line 46, in __getattr__
    raise ImportError(msg)
ImportError: 
A module that was compiled using NumPy 1.x cannot be run in
NumPy 2.3.4 as it may crash. To support both 1.x and 2.x
versions of NumPy, modules must be compiled with NumPy 2.0.
Some module may need to rebuild instead e.g. with 'pybind11>=2.12'.

If you are a user of the module, the easiest solution will be to
downgrade to 'numpy<2' or try to upgrade the affected module.
We expect that some modules will need time to support NumPy 2.


AttributeError: 'MessageFactory' object has no attribute 'GetPrototype'

A module that was compiled using NumPy 1.x cannot be run in
NumPy 2.3.4 as it may crash. To support both 1.x and 2.x
versions of NumPy, modules must be compiled with NumPy 2.0.
Some module may need to rebuild instead e.g. with 'pybind11>=2.12'.

If you are a user of the module, the easiest solution will be to
downgrade to 'numpy<2' or try to upgrade the affected module.
We expect that some modules will need time to support NumPy 2.

Traceback (most recent call last):  File "<frozen runpy>", line 198, in _run_module_as_main
  File "<frozen runpy>", line 88, in _run_code
  File "/Users/asanche2/repos/SURGE/examples/m3dc1_workflow.py", line 14, in <module>
    import surge  # noqa: F401 - ensures package initialization registers adapters
  File "/Users/asanche2/repos/SURGE/surge/__init__.py", line 10, in <module>
    from .model import GPFLOW_AVAILABLE, MODEL_REGISTRY, PYTORCH_AVAILABLE
  File "/Users/asanche2/repos/SURGE/surge/model/__init__.py", line 7, in <module>
    from .gpflow import GPFLOW_AVAILABLE, GPflowGPRAdapter, GPflowMultiKernelAdapter
  File "/Users/asanche2/repos/SURGE/surge/model/gpflow.py", line 7, in <module>
    from .gpflow_impl import GPFLOW_AVAILABLE, GPflowGPRModel, GPflowMultiKernelGPR
  File "/Users/asanche2/repos/SURGE/surge/model/gpflow_impl.py", line 11, in <module>
    import gpflow as gpf
  File "/opt/homebrew/anaconda3/lib/python3.12/site-packages/gpflow/__init__.py", line 17, in <module>
    from . import (
  File "/opt/homebrew/anaconda3/lib/python3.12/site-packages/gpflow/conditionals/__init__.py", line 1, in <module>
    from . import conditionals, multioutput, sample_conditionals
  File "/opt/homebrew/anaconda3/lib/python3.12/site-packages/gpflow/conditionals/conditionals.py", line 17, in <module>
    import tensorflow as tf
  File "/opt/homebrew/anaconda3/lib/python3.12/site-packages/tensorflow/__init__.py", line 45, in <module>
    from tensorflow._api.v2 import __internal__
  File "/opt/homebrew/anaconda3/lib/python3.12/site-packages/tensorflow/_api/v2/__internal__/__init__.py", line 8, in <module>
    from tensorflow._api.v2.__internal__ import autograph
  File "/opt/homebrew/anaconda3/lib/python3.12/site-packages/tensorflow/_api/v2/__internal__/autograph/__init__.py", line 8, in <module>
    from tensorflow.python.autograph.core.ag_ctx import control_status_ctx # line: 34
  File "/opt/homebrew/anaconda3/lib/python3.12/site-packages/tensorflow/python/autograph/core/ag_ctx.py", line 21, in <module>
    from tensorflow.python.autograph.utils import ag_logging
  File "/opt/homebrew/anaconda3/lib/python3.12/site-packages/tensorflow/python/autograph/utils/__init__.py", line 17, in <module>
    from tensorflow.python.autograph.utils.context_managers import control_dependency_on_returns
  File "/opt/homebrew/anaconda3/lib/python3.12/site-packages/tensorflow/python/autograph/utils/context_managers.py", line 19, in <module>
    from tensorflow.python.framework import ops
  File "/opt/homebrew/anaconda3/lib/python3.12/site-packages/tensorflow/python/framework/ops.py", line 49, in <module>
    from tensorflow.python.client import pywrap_tf_session
  File "/opt/homebrew/anaconda3/lib/python3.12/site-packages/tensorflow/python/client/pywrap_tf_session.py", line 19, in <module>
    from tensorflow.python.client._pywrap_tf_session import *
Traceback (most recent call last):
  File "/opt/homebrew/anaconda3/lib/python3.12/site-packages/numpy/core/_multiarray_umath.py", line 46, in __getattr__
    raise ImportError(msg)
ImportError: 
A module that was compiled using NumPy 1.x cannot be run in
NumPy 2.3.4 as it may crash. To support both 1.x and 2.x
versions of NumPy, modules must be compiled with NumPy 2.0.
Some module may need to rebuild instead e.g. with 'pybind11>=2.12'.

If you are a user of the module, the easiest solution will be to
downgrade to 'numpy<2' or try to upgrade the affected module.
We expect that some modules will need time to support NumPy 2.



A module that was compiled using NumPy 1.x cannot be run in
NumPy 2.3.4 as it may crash. To support both 1.x and 2.x
versions of NumPy, modules must be compiled with NumPy 2.0.
Some module may need to rebuild instead e.g. with 'pybind11>=2.12'.

If you are a user of the module, the easiest solution will be to
downgrade to 'numpy<2' or try to upgrade the affected module.
We expect that some modules will need time to support NumPy 2.

Traceback (most recent call last):  File "<frozen runpy>", line 198, in _run_module_as_main
  File "<frozen runpy>", line 88, in _run_code
  File "/Users/asanche2/repos/SURGE/examples/m3dc1_workflow.py", line 14, in <module>
    import surge  # noqa: F401 - ensures package initialization registers adapters
  File "/Users/asanche2/repos/SURGE/surge/__init__.py", line 10, in <module>
    from .model import GPFLOW_AVAILABLE, MODEL_REGISTRY, PYTORCH_AVAILABLE
  File "/Users/asanche2/repos/SURGE/surge/model/__init__.py", line 7, in <module>
    from .gpflow import GPFLOW_AVAILABLE, GPflowGPRAdapter, GPflowMultiKernelAdapter
  File "/Users/asanche2/repos/SURGE/surge/model/gpflow.py", line 7, in <module>
    from .gpflow_impl import GPFLOW_AVAILABLE, GPflowGPRModel, GPflowMultiKernelGPR
  File "/Users/asanche2/repos/SURGE/surge/model/gpflow_impl.py", line 11, in <module>
    import gpflow as gpf
  File "/opt/homebrew/anaconda3/lib/python3.12/site-packages/gpflow/__init__.py", line 17, in <module>
    from . import (
  File "/opt/homebrew/anaconda3/lib/python3.12/site-packages/gpflow/conditionals/__init__.py", line 1, in <module>
    from . import conditionals, multioutput, sample_conditionals
  File "/opt/homebrew/anaconda3/lib/python3.12/site-packages/gpflow/conditionals/conditionals.py", line 17, in <module>
    import tensorflow as tf
  File "/opt/homebrew/anaconda3/lib/python3.12/site-packages/tensorflow/__init__.py", line 45, in <module>
    from tensorflow._api.v2 import __internal__
  File "/opt/homebrew/anaconda3/lib/python3.12/site-packages/tensorflow/_api/v2/__internal__/__init__.py", line 8, in <module>
    from tensorflow._api.v2.__internal__ import autograph
  File "/opt/homebrew/anaconda3/lib/python3.12/site-packages/tensorflow/_api/v2/__internal__/autograph/__init__.py", line 8, in <module>
    from tensorflow.python.autograph.core.ag_ctx import control_status_ctx # line: 34
  File "/opt/homebrew/anaconda3/lib/python3.12/site-packages/tensorflow/python/autograph/core/ag_ctx.py", line 21, in <module>
    from tensorflow.python.autograph.utils import ag_logging
  File "/opt/homebrew/anaconda3/lib/python3.12/site-packages/tensorflow/python/autograph/utils/__init__.py", line 17, in <module>
    from tensorflow.python.autograph.utils.context_managers import control_dependency_on_returns
  File "/opt/homebrew/anaconda3/lib/python3.12/site-packages/tensorflow/python/autograph/utils/context_managers.py", line 19, in <module>
    from tensorflow.python.framework import ops
  File "/opt/homebrew/anaconda3/lib/python3.12/site-packages/tensorflow/python/framework/ops.py", line 50, in <module>
    from tensorflow.python.eager import context
  File "/opt/homebrew/anaconda3/lib/python3.12/site-packages/tensorflow/python/eager/context.py", line 37, in <module>
    from tensorflow.python.eager import execute
  File "/opt/homebrew/anaconda3/lib/python3.12/site-packages/tensorflow/python/eager/execute.py", line 21, in <module>
    from tensorflow.python.framework import dtypes
  File "/opt/homebrew/anaconda3/lib/python3.12/site-packages/tensorflow/python/framework/dtypes.py", line 21, in <module>
    import ml_dtypes
  File "/opt/homebrew/anaconda3/lib/python3.12/site-packages/ml_dtypes/__init__.py", line 32, in <module>
    from ml_dtypes._finfo import finfo
  File "/opt/homebrew/anaconda3/lib/python3.12/site-packages/ml_dtypes/_finfo.py", line 19, in <module>
    from ml_dtypes._ml_dtypes_ext import bfloat16
Traceback (most recent call last):
  File "/opt/homebrew/anaconda3/lib/python3.12/site-packages/numpy/core/_multiarray_umath.py", line 46, in __getattr__
    raise ImportError(msg)
ImportError: 
A module that was compiled using NumPy 1.x cannot be run in
NumPy 2.3.4 as it may crash. To support both 1.x and 2.x
versions of NumPy, modules must be compiled with NumPy 2.0.
Some module may need to rebuild instead e.g. with 'pybind11>=2.12'.

If you are a user of the module, the easiest solution will be to
downgrade to 'numpy<2' or try to upgrade the affected module.
We expect that some modules will need time to support NumPy 2.


ImportError: numpy.core._multiarray_umath failed to import
Warning: GPflow not available or incompatible. Install with: pip install gpflow
SURGE workflow started.
Starting SURGE workflow for dataset data/datasets/NSTX-U/nstxu_equil_curated.pkl
[1/6] Loading dataset...
[2/6] Preparing splits and scalers...
[3/6] HPO for nstxu_rf_gamma_nocoils (50 trials)...
[I 2026-04-01 03:11:36,026] A new study created in memory with name: nstxu_gamma_no_coils_hpo-sklearn.random_forest
  [HPO] Trial 0 started...
  [HPO] Trial 0 finished in 4.1s (val_r2=0.7911)
[I 2026-04-01 03:11:40,125] Trial 0 finished with value: 0.7911464035824836 and parameters: {'n_estimators': 500, 'max_depth': 10, 'min_samples_leaf': 4}. Best is trial 0 with value: 0.7911464035824836.
    Trial 1/50 (best val_r2=0.7911)
  [HPO] Trial 1 started...
  [HPO] Trial 1 finished in 7.8s (val_r2=0.8163)
[I 2026-04-01 03:11:47,944] Trial 1 finished with value: 0.816309099415177 and parameters: {'n_estimators': 600, 'max_depth': 24, 'min_samples_leaf': 2}. Best is trial 1 with value: 0.816309099415177.
    Trial 2/50 (best val_r2=0.8163)
  [HPO] Trial 2 started...
  [HPO] Trial 2 finished in 4.8s (val_r2=0.8102)
[I 2026-04-01 03:11:52,707] Trial 2 finished with value: 0.8101590670174567 and parameters: {'n_estimators': 450, 'max_depth': 20, 'min_samples_leaf': 3}. Best is trial 1 with value: 0.816309099415177.
    Trial 3/50 (best val_r2=0.8163)
  [HPO] Trial 3 started...
  [HPO] Trial 3 finished in 3.1s (val_r2=0.6748)
[I 2026-04-01 03:11:55,786] Trial 3 finished with value: 0.6748363945580609 and parameters: {'n_estimators': 500, 'max_depth': 6, 'min_samples_leaf': 2}. Best is trial 1 with value: 0.816309099415177.
    Trial 4/50 (best val_r2=0.8163)
  [HPO] Trial 4 started...
  [HPO] Trial 4 finished in 2.8s (val_r2=0.8151)
[I 2026-04-01 03:11:58,607] Trial 4 finished with value: 0.8150892649112887 and parameters: {'n_estimators': 200, 'max_depth': 22, 'min_samples_leaf': 2}. Best is trial 1 with value: 0.816309099415177.
    Trial 5/50 (best val_r2=0.8163)
  [HPO] Trial 5 started...
  [HPO] Trial 5 finished in 4.7s (val_r2=0.8003)
[I 2026-04-01 03:12:03,353] Trial 5 finished with value: 0.8003105270282556 and parameters: {'n_estimators': 500, 'max_depth': 10, 'min_samples_leaf': 2}. Best is trial 1 with value: 0.816309099415177.
    Trial 6/50 (best val_r2=0.8163)
  [HPO] Trial 6 started...
  [HPO] Trial 6 finished in 1.7s (val_r2=0.7986)
[I 2026-04-01 03:12:05,082] Trial 6 finished with value: 0.7986144297876312 and parameters: {'n_estimators': 200, 'max_depth': 12, 'min_samples_leaf': 4}. Best is trial 1 with value: 0.816309099415177.
    Trial 7/50 (best val_r2=0.8163)
  [HPO] Trial 7 started...
  [HPO] Trial 7 finished in 2.0s (val_r2=0.7991)
[I 2026-04-01 03:12:07,109] Trial 7 finished with value: 0.7990924289226782 and parameters: {'n_estimators': 250, 'max_depth': 12, 'min_samples_leaf': 4}. Best is trial 1 with value: 0.816309099415177.
    Trial 8/50 (best val_r2=0.8163)
  [HPO] Trial 8 started...
  [HPO] Trial 8 finished in 1.2s (val_r2=0.7304)
[I 2026-04-01 03:12:08,344] Trial 8 finished with value: 0.7304355064318226 and parameters: {'n_estimators': 200, 'max_depth': 7, 'min_samples_leaf': 3}. Best is trial 1 with value: 0.816309099415177.
    Trial 9/50 (best val_r2=0.8163)
  [HPO] Trial 9 started...
  [HPO] Trial 9 finished in 3.1s (val_r2=0.6736)
[I 2026-04-01 03:12:11,462] Trial 9 finished with value: 0.6736100624303714 and parameters: {'n_estimators': 550, 'max_depth': 6, 'min_samples_leaf': 3}. Best is trial 1 with value: 0.816309099415177.
    Trial 10/50 (best val_r2=0.8163)
  [HPO] Trial 10 started...
  [HPO] Trial 10 finished in 7.9s (val_r2=0.8224)
[I 2026-04-01 03:12:19,351] Trial 10 finished with value: 0.8223512404080559 and parameters: {'n_estimators': 600, 'max_depth': 18, 'min_samples_leaf': 1}. Best is trial 10 with value: 0.8223512404080559.
    Trial 11/50 (best val_r2=0.8224)
  [HPO] Trial 11 started...
  [HPO] Trial 11 finished in 6.7s (val_r2=0.8224)
