[I 2026-04-01 03:12:26,055] Trial 11 finished with value: 0.8223512404080559 and parameters: {'n_estimators': 600, 'max_depth': 18, 'min_samples_leaf': 1}. Best is trial 10 with value: 0.8223512404080559.
    Trial 12/50 (best val_r2=0.8224)
  [HPO] Trial 12 started...
  [HPO] Trial 12 finished in 8.1s (val_r2=0.8222)
[I 2026-04-01 03:12:34,227] Trial 12 finished with value: 0.8221724240513767 and parameters: {'n_estimators': 600, 'max_depth': 17, 'min_samples_leaf': 1}. Best is trial 10 with value: 0.8223512404080559.
    Trial 13/50 (best val_r2=0.8224)
  [HPO] Trial 13 started...
  [HPO] Trial 13 finished in 4.0s (val_r2=0.8236)
[I 2026-04-01 03:12:38,244] Trial 13 finished with value: 0.8235665886764841 and parameters: {'n_estimators': 350, 'max_depth': 17, 'min_samples_leaf': 1}. Best is trial 13 with value: 0.8235665886764841.
    Trial 14/50 (best val_r2=0.8236)
  [HPO] Trial 14 started...
  [HPO] Trial 14 finished in 4.2s (val_r2=0.8231)
[I 2026-04-01 03:12:42,425] Trial 14 finished with value: 0.8231417488079708 and parameters: {'n_estimators': 350, 'max_depth': 15, 'min_samples_leaf': 1}. Best is trial 13 with value: 0.8235665886764841.
    Trial 15/50 (best val_r2=0.8236)
  [HPO] Trial 15 started...
  [HPO] Trial 15 finished in 5.1s (val_r2=0.8231)
[I 2026-04-01 03:12:47,575] Trial 15 finished with value: 0.8231417488079706 and parameters: {'n_estimators': 350, 'max_depth': 15, 'min_samples_leaf': 1}. Best is trial 13 with value: 0.8235665886764841.
    Trial 16/50 (best val_r2=0.8236)
  [HPO] Trial 16 started...
  [HPO] Trial 16 finished in 3.8s (val_r2=0.8223)
[I 2026-04-01 03:12:51,368] Trial 16 finished with value: 0.8223295931751432 and parameters: {'n_estimators': 350, 'max_depth': 14, 'min_samples_leaf': 1}. Best is trial 13 with value: 0.8235665886764841.
    Trial 17/50 (best val_r2=0.8236)
  [HPO] Trial 17 started...
  [HPO] Trial 17 finished in 3.6s (val_r2=0.8242)
[I 2026-04-01 03:12:54,951] Trial 17 finished with value: 0.8242186181455291 and parameters: {'n_estimators': 300, 'max_depth': 20, 'min_samples_leaf': 1}. Best is trial 17 with value: 0.8242186181455291.
    Trial 18/50 (best val_r2=0.8242)
  [HPO] Trial 18 started...
  [HPO] Trial 18 finished in 3.0s (val_r2=0.8165)
[I 2026-04-01 03:12:57,976] Trial 18 finished with value: 0.8165376801361781 and parameters: {'n_estimators': 300, 'max_depth': 21, 'min_samples_leaf': 2}. Best is trial 17 with value: 0.8242186181455291.
    Trial 19/50 (best val_r2=0.8242)
  [HPO] Trial 19 started...
  [HPO] Trial 19 finished in 4.6s (val_r2=0.8239)
[I 2026-04-01 03:13:02,686] Trial 19 finished with value: 0.8238781915905985 and parameters: {'n_estimators': 400, 'max_depth': 24, 'min_samples_leaf': 1}. Best is trial 17 with value: 0.8242186181455291.
    Trial 20/50 (best val_r2=0.8242)
  [HPO] Trial 20 started...
  [HPO] Trial 20 finished in 5.8s (val_r2=0.8167)
[I 2026-04-01 03:13:08,496] Trial 20 finished with value: 0.8167200868264031 and parameters: {'n_estimators': 400, 'max_depth': 24, 'min_samples_leaf': 2}. Best is trial 17 with value: 0.8242186181455291.
    Trial 21/50 (best val_r2=0.8242)
  [HPO] Trial 21 started...
  [HPO] Trial 21 finished in 4.0s (val_r2=0.8248)
[I 2026-04-01 03:13:12,495] Trial 21 finished with value: 0.8247704277660246 and parameters: {'n_estimators': 300, 'max_depth': 22, 'min_samples_leaf': 1}. Best is trial 21 with value: 0.8247704277660246.
    Trial 22/50 (best val_r2=0.8248)
  [HPO] Trial 22 started...
  [HPO] Trial 22 finished in 4.0s (val_r2=0.8248)
[I 2026-04-01 03:13:16,498] Trial 22 finished with value: 0.8247704277660246 and parameters: {'n_estimators': 300, 'max_depth': 22, 'min_samples_leaf': 1}. Best is trial 21 with value: 0.8247704277660246.
    Trial 23/50 (best val_r2=0.8248)
  [HPO] Trial 23 started...
  [HPO] Trial 23 finished in 3.7s (val_r2=0.8248)
[I 2026-04-01 03:13:20,254] Trial 23 finished with value: 0.8247704277660246 and parameters: {'n_estimators': 300, 'max_depth': 22, 'min_samples_leaf': 1}. Best is trial 21 with value: 0.8247704277660246.
    Trial 24/50 (best val_r2=0.8248)
  [HPO] Trial 24 started...
  [HPO] Trial 24 finished in 3.0s (val_r2=0.8245)
[I 2026-04-01 03:13:23,320] Trial 24 finished with value: 0.8245428481389361 and parameters: {'n_estimators': 250, 'max_depth': 22, 'min_samples_leaf': 1}. Best is trial 21 with value: 0.8247704277660246.
    Trial 25/50 (best val_r2=0.8248)
  [HPO] Trial 25 started...
  [HPO] Trial 25 finished in 3.3s (val_r2=0.8162)
[I 2026-04-01 03:13:26,642] Trial 25 finished with value: 0.816228230155706 and parameters: {'n_estimators': 300, 'max_depth': 22, 'min_samples_leaf': 2}. Best is trial 21 with value: 0.8247704277660246.
    Trial 26/50 (best val_r2=0.8248)
  [HPO] Trial 26 started...
  [HPO] Trial 26 finished in 2.7s (val_r2=0.8241)
[I 2026-04-01 03:13:29,394] Trial 26 finished with value: 0.8240818732522426 and parameters: {'n_estimators': 250, 'max_depth': 19, 'min_samples_leaf': 1}. Best is trial 21 with value: 0.8247704277660246.
    Trial 27/50 (best val_r2=0.8248)
  [HPO] Trial 27 started...
  [HPO] Trial 27 finished in 3.6s (val_r2=0.8166)
[I 2026-04-01 03:13:32,977] Trial 27 finished with value: 0.8165624628241106 and parameters: {'n_estimators': 300, 'max_depth': 23, 'min_samples_leaf': 2}. Best is trial 21 with value: 0.8247704277660246.
    Trial 28/50 (best val_r2=0.8248)
  [HPO] Trial 28 started...
  [HPO] Trial 28 finished in 2.8s (val_r2=0.8241)
[I 2026-04-01 03:13:35,846] Trial 28 finished with value: 0.8240639626090005 and parameters: {'n_estimators': 250, 'max_depth': 20, 'min_samples_leaf': 1}. Best is trial 21 with value: 0.8247704277660246.
    Trial 29/50 (best val_r2=0.8248)
  [HPO] Trial 29 started...
  [HPO] Trial 29 finished in 4.7s (val_r2=0.8099)
[I 2026-04-01 03:13:40,577] Trial 29 finished with value: 0.809913979815568 and parameters: {'n_estimators': 450, 'max_depth': 21, 'min_samples_leaf': 3}. Best is trial 21 with value: 0.8247704277660246.
    Trial 30/50 (best val_r2=0.8248)
  [HPO] Trial 30 started...
  [HPO] Trial 30 finished in 3.8s (val_r2=0.8240)
[I 2026-04-01 03:13:44,365] Trial 30 finished with value: 0.8240350694830597 and parameters: {'n_estimators': 300, 'max_depth': 23, 'min_samples_leaf': 1}. Best is trial 21 with value: 0.8247704277660246.
    Trial 31/50 (best val_r2=0.8248)
  [HPO] Trial 31 started...
  [HPO] Trial 31 finished in 3.7s (val_r2=0.8245)
[I 2026-04-01 03:13:48,065] Trial 31 finished with value: 0.8245428481389361 and parameters: {'n_estimators': 250, 'max_depth': 22, 'min_samples_leaf': 1}. Best is trial 21 with value: 0.8247704277660246.
    Trial 32/50 (best val_r2=0.8248)
  [HPO] Trial 32 started...
  [HPO] Trial 32 finished in 3.7s (val_r2=0.8236)
[I 2026-04-01 03:13:51,802] Trial 32 finished with value: 0.8235786624032375 and parameters: {'n_estimators': 250, 'max_depth': 23, 'min_samples_leaf': 1}. Best is trial 21 with value: 0.8247704277660246.
    Trial 33/50 (best val_r2=0.8248)
  [HPO] Trial 33 started...
  [HPO] Trial 33 finished in 4.2s (val_r2=0.8245)
[I 2026-04-01 03:13:56,020] Trial 33 finished with value: 0.8244624945233233 and parameters: {'n_estimators': 350, 'max_depth': 21, 'min_samples_leaf': 1}. Best is trial 21 with value: 0.8247704277660246.
    Trial 34/50 (best val_r2=0.8248)
  [HPO] Trial 34 started...
  [HPO] Trial 34 finished in 4.9s (val_r2=0.8171)
[I 2026-04-01 03:14:00,936] Trial 34 finished with value: 0.8170595987321034 and parameters: {'n_estimators': 400, 'max_depth': 19, 'min_samples_leaf': 2}. Best is trial 21 with value: 0.8247704277660246.
    Trial 35/50 (best val_r2=0.8248)
  [HPO] Trial 35 started...
  [HPO] Trial 35 finished in 3.3s (val_r2=0.8234)
[I 2026-04-01 03:14:04,269] Trial 35 finished with value: 0.8234068891909319 and parameters: {'n_estimators': 200, 'max_depth': 24, 'min_samples_leaf': 1}. Best is trial 21 with value: 0.8247704277660246.
    Trial 36/50 (best val_r2=0.8248)
  [HPO] Trial 36 started...
  [HPO] Trial 36 finished in 3.3s (val_r2=0.8159)
[I 2026-04-01 03:14:07,569] Trial 36 finished with value: 0.8159488822247336 and parameters: {'n_estimators': 300, 'max_depth': 20, 'min_samples_leaf': 2}. Best is trial 21 with value: 0.8247704277660246.
    Trial 37/50 (best val_r2=0.8248)
  [HPO] Trial 37 started...
  [HPO] Trial 37 finished in 2.7s (val_r2=0.8153)
[I 2026-04-01 03:14:10,291] Trial 37 finished with value: 0.8152782348471888 and parameters: {'n_estimators': 250, 'max_depth': 22, 'min_samples_leaf': 2}. Best is trial 21 with value: 0.8247704277660246.
    Trial 38/50 (best val_r2=0.8248)
  [HPO] Trial 38 started...
  [HPO] Trial 38 finished in 3.2s (val_r2=0.8235)
[I 2026-04-01 03:14:13,525] Trial 38 finished with value: 0.8235483556921026 and parameters: {'n_estimators': 200, 'max_depth': 19, 'min_samples_leaf': 1}. Best is trial 21 with value: 0.8247704277660246.
    Trial 39/50 (best val_r2=0.8248)
  [HPO] Trial 39 started...
  [HPO] Trial 39 finished in 6.0s (val_r2=0.8236)
[I 2026-04-01 03:14:19,577] Trial 39 finished with value: 0.8236346050587039 and parameters: {'n_estimators': 450, 'max_depth': 21, 'min_samples_leaf': 1}. Best is trial 21 with value: 0.8247704277660246.
    Trial 40/50 (best val_r2=0.8248)
  [HPO] Trial 40 started...
  [HPO] Trial 40 finished in 2.9s (val_r2=0.8036)
[I 2026-04-01 03:14:22,491] Trial 40 finished with value: 0.8036012191176218 and parameters: {'n_estimators': 300, 'max_depth': 17, 'min_samples_leaf': 4}. Best is trial 21 with value: 0.8247704277660246.
    Trial 41/50 (best val_r2=0.8248)
  [HPO] Trial 41 started...
  [HPO] Trial 41 finished in 3.1s (val_r2=0.8245)
[I 2026-04-01 03:14:25,673] Trial 41 finished with value: 0.8245428481389361 and parameters: {'n_estimators': 250, 'max_depth': 22, 'min_samples_leaf': 1}. Best is trial 21 with value: 0.8247704277660246.
    Trial 42/50 (best val_r2=0.8248)
  [HPO] Trial 42 started...
  [HPO] Trial 42 finished in 3.5s (val_r2=0.8236)
[I 2026-04-01 03:14:29,202] Trial 42 finished with value: 0.8235786624032375 and parameters: {'n_estimators': 250, 'max_depth': 23, 'min_samples_leaf': 1}. Best is trial 21 with value: 0.8247704277660246.
    Trial 43/50 (best val_r2=0.8248)
  [HPO] Trial 43 started...
  [HPO] Trial 43 finished in 2.3s (val_r2=0.8243)
[I 2026-04-01 03:14:31,497] Trial 43 finished with value: 0.8242556160602177 and parameters: {'n_estimators': 200, 'max_depth': 22, 'min_samples_leaf': 1}. Best is trial 21 with value: 0.8247704277660246.
    Trial 44/50 (best val_r2=0.8248)
  [HPO] Trial 44 started...
  [HPO] Trial 44 finished in 2.8s (val_r2=0.8235)
[I 2026-04-01 03:14:34,348] Trial 44 finished with value: 0.8235373922654786 and parameters: {'n_estimators': 250, 'max_depth': 24, 'min_samples_leaf': 1}. Best is trial 21 with value: 0.8247704277660246.
    Trial 45/50 (best val_r2=0.8248)
  [HPO] Trial 45 started...
  [HPO] Trial 45 finished in 3.2s (val_r2=0.8165)
[I 2026-04-01 03:14:37,587] Trial 45 finished with value: 0.8165376801361781 and parameters: {'n_estimators': 300, 'max_depth': 21, 'min_samples_leaf': 2}. Best is trial 21 with value: 0.8247704277660246.
    Trial 46/50 (best val_r2=0.8248)
  [HPO] Trial 46 started...
  [HPO] Trial 46 finished in 2.2s (val_r2=0.8131)
[I 2026-04-01 03:14:39,834] Trial 46 finished with value: 0.8131378978067278 and parameters: {'n_estimators': 250, 'max_depth': 11, 'min_samples_leaf': 1}. Best is trial 21 with value: 0.8247704277660246.
    Trial 47/50 (best val_r2=0.8248)
  [HPO] Trial 47 started...
  [HPO] Trial 47 finished in 2.8s (val_r2=0.7842)
[I 2026-04-01 03:14:42,592] Trial 47 finished with value: 0.7842287279655805 and parameters: {'n_estimators': 350, 'max_depth': 9, 'min_samples_leaf': 3}. Best is trial 21 with value: 0.8247704277660246.
    Trial 48/50 (best val_r2=0.8248)
  [HPO] Trial 48 started...
  [HPO] Trial 48 finished in 2.1s (val_r2=0.8233)
[I 2026-04-01 03:14:44,764] Trial 48 finished with value: 0.8232919609624407 and parameters: {'n_estimators': 200, 'max_depth': 18, 'min_samples_leaf': 1}. Best is trial 21 with value: 0.8247704277660246.
    Trial 49/50 (best val_r2=0.8248)
  [HPO] Trial 49 started...
  [HPO] Trial 49 finished in 3.8s (val_r2=0.8245)
[I 2026-04-01 03:14:48,574] Trial 49 finished with value: 0.8245290983879903 and parameters: {'n_estimators': 350, 'max_depth': 20, 'min_samples_leaf': 1}. Best is trial 21 with value: 0.8247704277660246.
    Trial 50/50 (best val_r2=0.8248)
[4/6] Training nstxu_rf_gamma_nocoils...
[5/6] HPO for nstxu_mlp_gamma_nocoils (50 trials)...
[I 2026-04-01 03:14:52,519] A new study created in memory with name: nstxu_gamma_no_coils_hpo-torch.mlp
  [HPO] Trial 0 started...
  [HPO] Trial 0 finished in 30.5s (val_r2=0.8965)
[I 2026-04-01 03:15:22,995] Trial 0 finished with value: 0.896549864223635 and parameters: {'hidden_layers_index': 3, 'dropout': 0.09501648801396492, 'learning_rate': 0.0025143428814176426, 'batch_size': 64, 'epochs': 153}. Best is trial 0 with value: 0.896549864223635.
    Trial 1/50 (best val_r2=0.8965)
  [HPO] Trial 1 started...
  [HPO] Trial 1 finished in 33.4s (val_r2=0.9039)
[I 2026-04-01 03:15:56,448] Trial 1 finished with value: 0.9039108230098194 and parameters: {'hidden_layers_index': 3, 'dropout': 0.2566453379036277, 'learning_rate': 0.0016853391697173288, 'batch_size': 64, 'epochs': 183}. Best is trial 1 with value: 0.9039108230098194.
    Trial 2/50 (best val_r2=0.9039)
  [HPO] Trial 2 started...
  [HPO] Trial 2 finished in 28.1s (val_r2=0.9188)
[I 2026-04-01 03:16:24,522] Trial 2 finished with value: 0.9188189210548874 and parameters: {'hidden_layers_index': 1, 'dropout': 0.2719391806312388, 'learning_rate': 0.0002725285130250698, 'batch_size': 128, 'epochs': 194}. Best is trial 2 with value: 0.9188189210548874.
    Trial 3/50 (best val_r2=0.9188)
  [HPO] Trial 3 started...
  [HPO] Trial 3 finished in 18.2s (val_r2=0.9165)
[I 2026-04-01 03:16:42,705] Trial 3 finished with value: 0.916521837443717 and parameters: {'hidden_layers_index': 0, 'dropout': 0.12775654655214583, 'learning_rate': 0.00362466400156375, 'batch_size': 128, 'epochs': 185}. Best is trial 2 with value: 0.9188189210548874.
    Trial 4/50 (best val_r2=0.9188)
  [HPO] Trial 4 started...
  [HPO] Trial 4 finished in 19.6s (val_r2=0.8993)
[I 2026-04-01 03:17:02,274] Trial 4 finished with value: 0.8993353105667529 and parameters: {'hidden_layers_index': 0, 'dropout': 0.29863089479757504, 'learning_rate': 0.0024043227611998323, 'batch_size': 64, 'epochs': 138}. Best is trial 2 with value: 0.9188189210548874.
    Trial 5/50 (best val_r2=0.9188)
  [HPO] Trial 5 started...
  [HPO] Trial 5 finished in 49.9s (val_r2=0.9156)
[I 2026-04-01 03:17:52,189] Trial 5 finished with value: 0.9156345234417523 and parameters: {'hidden_layers_index': 3, 'dropout': 4.81342779403704e-06, 'learning_rate': 0.0002627903447762754, 'batch_size': 32, 'epochs': 164}. Best is trial 2 with value: 0.9188189210548874.
    Trial 6/50 (best val_r2=0.9188)
  [HPO] Trial 6 started...
  [HPO] Trial 6 finished in 25.1s (val_r2=0.9179)
[I 2026-04-01 03:18:17,255] Trial 6 finished with value: 0.9178924529481706 and parameters: {'hidden_layers_index': 3, 'dropout': 0.09779028087919613, 'learning_rate': 0.0006001696958441087, 'batch_size': 128, 'epochs': 173}. Best is trial 2 with value: 0.9188189210548874.
    Trial 7/50 (best val_r2=0.9188)
  [HPO] Trial 7 started...
  [HPO] Trial 7 finished in 9.2s (val_r2=0.9127)
[I 2026-04-01 03:18:26,449] Trial 7 finished with value: 0.9126884557136854 and parameters: {'hidden_layers_index': 0, 'dropout': 0.27443403167492536, 'learning_rate': 0.0008540385215381805, 'batch_size': 128, 'epochs': 98}. Best is trial 2 with value: 0.9188189210548874.
    Trial 8/50 (best val_r2=0.9188)
  [HPO] Trial 8 started...
  [HPO] Trial 8 finished in 56.5s (val_r2=0.9281)
[I 2026-04-01 03:19:22,934] Trial 8 finished with value: 0.9280958634739949 and parameters: {'hidden_layers_index': 3, 'dropout': 0.27204200624185687, 'learning_rate': 0.0002533817781390946, 'batch_size': 32, 'epochs': 181}. Best is trial 8 with value: 0.9280958634739949.
    Trial 9/50 (best val_r2=0.9281)
  [HPO] Trial 9 started...
  [HPO] Trial 9 finished in 25.2s (val_r2=0.9171)
[I 2026-04-01 03:19:48,099] Trial 9 finished with value: 0.9170975513244892 and parameters: {'hidden_layers_index': 1, 'dropout': 0.057948395618530046, 'learning_rate': 0.0002110412997403752, 'batch_size': 128, 'epochs': 185}. Best is trial 8 with value: 0.9280958634739949.
    Trial 10/50 (best val_r2=0.9281)
  [HPO] Trial 10 started...
  [HPO] Trial 10 finished in 35.4s (val_r2=0.9060)
[I 2026-04-01 03:20:23,452] Trial 10 finished with value: 0.9059733120902109 and parameters: {'hidden_layers_index': 2, 'dropout': 0.38658227712975657, 'learning_rate': 0.00010575648042945282, 'batch_size': 32, 'epochs': 119}. Best is trial 8 with value: 0.9280958634739949.
    Trial 11/50 (best val_r2=0.9281)
  [HPO] Trial 11 started...
  [HPO] Trial 11 finished in 51.2s (val_r2=0.9134)
[I 2026-04-01 03:21:14,685] Trial 11 finished with value: 0.9133858244530575 and parameters: {'hidden_layers_index': 1, 'dropout': 0.1892843825713042, 'learning_rate': 0.00034682945681412103, 'batch_size': 32, 'epochs': 199}. Best is trial 8 with value: 0.9280958634739949.
    Trial 12/50 (best val_r2=0.9281)
  [HPO] Trial 12 started...
  [HPO] Trial 12 finished in 51.8s (val_r2=0.9285)
[I 2026-04-01 03:22:06,470] Trial 12 finished with value: 0.9284702560488269 and parameters: {'hidden_layers_index': 2, 'dropout': 0.34833555022829726, 'learning_rate': 0.00012574860425370763, 'batch_size': 32, 'epochs': 197}. Best is trial 12 with value: 0.9284702560488269.
    Trial 13/50 (best val_r2=0.9285)
  [HPO] Trial 13 started...
  [HPO] Trial 13 finished in 44.8s (val_r2=0.9168)
[I 2026-04-01 03:22:51,225] Trial 13 finished with value: 0.9167843269538353 and parameters: {'hidden_layers_index': 2, 'dropout': 0.380572239779309, 'learning_rate': 0.00010511600031981292, 'batch_size': 32, 'epochs': 145}. Best is trial 12 with value: 0.9284702560488269.
    Trial 14/50 (best val_r2=0.9285)
  [HPO] Trial 14 started...
  [HPO] Trial 14 finished in 45.1s (val_r2=0.9231)
[I 2026-04-01 03:23:36,316] Trial 14 finished with value: 0.9231125217271833 and parameters: {'hidden_layers_index': 2, 'dropout': 0.32817412047478267, 'learning_rate': 0.00015761469105343365, 'batch_size': 32, 'epochs': 164}. Best is trial 12 with value: 0.9284702560488269.
    Trial 15/50 (best val_r2=0.9285)
  [HPO] Trial 15 started...
  [HPO] Trial 15 finished in 37.2s (val_r2=0.9206)
[I 2026-04-01 03:24:13,500] Trial 15 finished with value: 0.9206043177428024 and parameters: {'hidden_layers_index': 2, 'dropout': 0.21134217155466217, 'learning_rate': 0.0004532852903572962, 'batch_size': 32, 'epochs': 128}. Best is trial 12 with value: 0.9284702560488269.
    Trial 16/50 (best val_r2=0.9285)
  [HPO] Trial 16 started...
  [HPO] Trial 16 finished in 28.6s (val_r2=0.8527)
[I 2026-04-01 03:24:42,116] Trial 16 finished with value: 0.8526809217911979 and parameters: {'hidden_layers_index': 3, 'dropout': 0.3361854302726742, 'learning_rate': 0.0009321112815392703, 'batch_size': 32, 'epochs': 94}. Best is trial 12 with value: 0.9284702560488269.
    Trial 17/50 (best val_r2=0.9285)
  [HPO] Trial 17 started...
  [HPO] Trial 17 finished in 48.7s (val_r2=0.9470)
[I 2026-04-01 03:25:30,780] Trial 17 finished with value: 0.946992650860156 and parameters: {'hidden_layers_index': 2, 'dropout': 0.220243055525559, 'learning_rate': 0.000165965865427942, 'batch_size': 32, 'epochs': 172}. Best is trial 17 with value: 0.946992650860156.
    Trial 18/50 (best val_r2=0.9470)
  [HPO] Trial 18 started...
  [HPO] Trial 18 finished in 46.0s (val_r2=0.9276)
[I 2026-04-01 03:26:16,767] Trial 18 finished with value: 0.927589758758349 and parameters: {'hidden_layers_index': 2, 'dropout': 0.1778123841509459, 'learning_rate': 0.0001608692117539947, 'batch_size': 32, 'epochs': 163}. Best is trial 17 with value: 0.946992650860156.
    Trial 19/50 (best val_r2=0.9470)
  [HPO] Trial 19 started...
  [HPO] Trial 19 finished in 53.7s (val_r2=0.9221)
[I 2026-04-01 03:27:10,458] Trial 19 finished with value: 0.9220660970653061 and parameters: {'hidden_layers_index': 1, 'dropout': 0.21445714604244803, 'learning_rate': 0.0001616025745103953, 'batch_size': 32, 'epochs': 199}. Best is trial 17 with value: 0.946992650860156.
    Trial 20/50 (best val_r2=0.9470)
  [HPO] Trial 20 started...
  [HPO] Trial 20 finished in 24.3s (val_r2=0.9157)
[I 2026-04-01 03:27:34,720] Trial 20 finished with value: 0.9157482713972356 and parameters: {'hidden_layers_index': 2, 'dropout': 0.34945668847960953, 'learning_rate': 0.0012113885863359482, 'batch_size': 64, 'epochs': 171}. Best is trial 17 with value: 0.946992650860156.
    Trial 21/50 (best val_r2=0.9470)
  [HPO] Trial 21 started...
  [HPO] Trial 21 finished in 50.3s (val_r2=0.9130)
[I 2026-04-01 03:28:25,058] Trial 21 finished with value: 0.9130306106426284 and parameters: {'hidden_layers_index': 3, 'dropout': 0.24233845673629184, 'learning_rate': 0.00044713470644930234, 'batch_size': 32, 'epochs': 186}. Best is trial 17 with value: 0.946992650860156.
    Trial 22/50 (best val_r2=0.9470)
  [HPO] Trial 22 started...
  [HPO] Trial 22 finished in 40.2s (val_r2=0.9192)
[I 2026-04-01 03:29:05,260] Trial 22 finished with value: 0.9191639010208141 and parameters: {'hidden_layers_index': 2, 'dropout': 0.30647317575381205, 'learning_rate': 0.00013294429063129954, 'batch_size': 32, 'epochs': 174}. Best is trial 17 with value: 0.946992650860156.
    Trial 23/50 (best val_r2=0.9470)
  [HPO] Trial 23 started...
  [HPO] Trial 23 finished in 19.6s (val_r2=0.9280)
[I 2026-04-01 03:46:23,045] Trial 23 finished with value: 0.9279948607317663 and parameters: {'hidden_layers_index': 2, 'dropout': 0.15540892709116538, 'learning_rate': 0.0002122297785506036, 'batch_size': 32, 'epochs': 80}. Best is trial 17 with value: 0.946992650860156.
    Trial 24/50 (best val_r2=0.9470)
  [HPO] Trial 24 started...
  [HPO] Trial 24 finished in 71.4s (val_r2=0.9237)
