[I 2026-04-01 01:57:05,632] Trial 10 finished with value: 0.7364954202530631 and parameters: {'n_estimators': 600, 'max_depth': 28, 'min_samples_leaf': 1}. Best is trial 10 with value: 0.7364954202530631.
    Trial 11/40 (best val_r2=0.7365)
  [HPO] Trial 11 started...
  [HPO] Trial 11 finished in 2.7s (val_r2=0.7365)
[I 2026-04-01 01:57:08,355] Trial 11 finished with value: 0.7364954202530631 and parameters: {'n_estimators': 600, 'max_depth': 28, 'min_samples_leaf': 1}. Best is trial 10 with value: 0.7364954202530631.
    Trial 12/40 (best val_r2=0.7365)
  [HPO] Trial 12 started...
  [HPO] Trial 12 finished in 3.1s (val_r2=0.7360)
[I 2026-04-01 01:57:11,498] Trial 12 finished with value: 0.7359577505568432 and parameters: {'n_estimators': 600, 'max_depth': 21, 'min_samples_leaf': 1}. Best is trial 10 with value: 0.7364954202530631.
    Trial 13/40 (best val_r2=0.7365)
  [HPO] Trial 13 started...
  [HPO] Trial 13 finished in 1.8s (val_r2=0.7345)
[I 2026-04-01 01:57:13,345] Trial 13 finished with value: 0.7345474413890654 and parameters: {'n_estimators': 350, 'max_depth': 28, 'min_samples_leaf': 1}. Best is trial 10 with value: 0.7364954202530631.
    Trial 14/40 (best val_r2=0.7365)
  [HPO] Trial 14 started...
  [HPO] Trial 14 finished in 1.7s (val_r2=0.7342)
[I 2026-04-01 01:57:15,116] Trial 14 finished with value: 0.7342476387631661 and parameters: {'n_estimators': 400, 'max_depth': 20, 'min_samples_leaf': 1}. Best is trial 10 with value: 0.7364954202530631.
    Trial 15/40 (best val_r2=0.7365)
  [HPO] Trial 15 started...
  [HPO] Trial 15 finished in 2.8s (val_r2=0.7364)
[I 2026-04-01 01:57:17,999] Trial 15 finished with value: 0.7363694598243626 and parameters: {'n_estimators': 600, 'max_depth': 24, 'min_samples_leaf': 1}. Best is trial 10 with value: 0.7364954202530631.
    Trial 16/40 (best val_r2=0.7365)
  [HPO] Trial 16 started...
  [HPO] Trial 16 finished in 1.5s (val_r2=0.7355)
[I 2026-04-01 01:57:19,479] Trial 16 finished with value: 0.7354972044610644 and parameters: {'n_estimators': 350, 'max_depth': 26, 'min_samples_leaf': 1}. Best is trial 10 with value: 0.7364954202530631.
    Trial 17/40 (best val_r2=0.7365)
  [HPO] Trial 17 started...
  [HPO] Trial 17 finished in 2.4s (val_r2=0.7358)
[I 2026-04-01 01:57:21,956] Trial 17 finished with value: 0.7357962769387277 and parameters: {'n_estimators': 550, 'max_depth': 21, 'min_samples_leaf': 1}. Best is trial 10 with value: 0.7364954202530631.
    Trial 18/40 (best val_r2=0.7365)
  [HPO] Trial 18 started...
  [HPO] Trial 18 finished in 2.2s (val_r2=0.7268)
[I 2026-04-01 01:57:24,225] Trial 18 finished with value: 0.7267866036146242 and parameters: {'n_estimators': 550, 'max_depth': 17, 'min_samples_leaf': 2}. Best is trial 10 with value: 0.7364954202530631.
    Trial 19/40 (best val_r2=0.7365)
  [HPO] Trial 19 started...
  [HPO] Trial 19 finished in 2.2s (val_r2=0.7351)
[I 2026-04-01 01:57:26,451] Trial 19 finished with value: 0.735088273606681 and parameters: {'n_estimators': 450, 'max_depth': 23, 'min_samples_leaf': 1}. Best is trial 10 with value: 0.7364954202530631.
    Trial 20/40 (best val_r2=0.7365)
  [HPO] Trial 20 started...
  [HPO] Trial 20 finished in 1.4s (val_r2=0.7307)
[I 2026-04-01 01:57:27,880] Trial 20 finished with value: 0.7307178068859435 and parameters: {'n_estimators': 300, 'max_depth': 27, 'min_samples_leaf': 2}. Best is trial 10 with value: 0.7364954202530631.
    Trial 21/40 (best val_r2=0.7365)
  [HPO] Trial 21 started...
  [HPO] Trial 21 finished in 2.6s (val_r2=0.7355)
[I 2026-04-01 01:57:30,539] Trial 21 finished with value: 0.7354936968453212 and parameters: {'n_estimators': 600, 'max_depth': 23, 'min_samples_leaf': 1}. Best is trial 10 with value: 0.7364954202530631.
    Trial 22/40 (best val_r2=0.7365)
  [HPO] Trial 22 started...
  [HPO] Trial 22 finished in 3.0s (val_r2=0.7367)
[I 2026-04-01 01:57:33,562] Trial 22 finished with value: 0.7367361932176117 and parameters: {'n_estimators': 600, 'max_depth': 26, 'min_samples_leaf': 1}. Best is trial 22 with value: 0.7367361932176117.
    Trial 23/40 (best val_r2=0.7367)
  [HPO] Trial 23 started...
  [HPO] Trial 23 finished in 2.4s (val_r2=0.7366)
[I 2026-04-01 01:57:35,997] Trial 23 finished with value: 0.7366396227569727 and parameters: {'n_estimators': 550, 'max_depth': 26, 'min_samples_leaf': 1}. Best is trial 22 with value: 0.7367361932176117.
    Trial 24/40 (best val_r2=0.7367)
  [HPO] Trial 24 started...
  [HPO] Trial 24 finished in 2.4s (val_r2=0.7366)
[I 2026-04-01 01:57:38,457] Trial 24 finished with value: 0.7366396227569727 and parameters: {'n_estimators': 550, 'max_depth': 26, 'min_samples_leaf': 1}. Best is trial 22 with value: 0.7367361932176117.
    Trial 25/40 (best val_r2=0.7367)
  [HPO] Trial 25 started...
  [HPO] Trial 25 finished in 2.2s (val_r2=0.7300)
[I 2026-04-01 01:57:40,697] Trial 25 finished with value: 0.730014646123297 and parameters: {'n_estimators': 550, 'max_depth': 19, 'min_samples_leaf': 2}. Best is trial 22 with value: 0.7367361932176117.
    Trial 26/40 (best val_r2=0.7367)
  [HPO] Trial 26 started...
  [HPO] Trial 26 finished in 2.2s (val_r2=0.7366)
[I 2026-04-01 01:57:42,932] Trial 26 finished with value: 0.7366171538406285 and parameters: {'n_estimators': 450, 'max_depth': 26, 'min_samples_leaf': 1}. Best is trial 22 with value: 0.7367361932176117.
    Trial 27/40 (best val_r2=0.7367)
  [HPO] Trial 27 started...
  [HPO] Trial 27 finished in 2.0s (val_r2=0.7317)
[I 2026-04-01 01:57:44,987] Trial 27 finished with value: 0.7317290854353993 and parameters: {'n_estimators': 500, 'max_depth': 22, 'min_samples_leaf': 2}. Best is trial 22 with value: 0.7367361932176117.
    Trial 28/40 (best val_r2=0.7367)
  [HPO] Trial 28 started...
  [HPO] Trial 28 finished in 2.5s (val_r2=0.7306)
[I 2026-04-01 01:57:47,499] Trial 28 finished with value: 0.7306347128048991 and parameters: {'n_estimators': 550, 'max_depth': 17, 'min_samples_leaf': 1}. Best is trial 22 with value: 0.7367361932176117.
    Trial 29/40 (best val_r2=0.7367)
  [HPO] Trial 29 started...
  [HPO] Trial 29 finished in 1.5s (val_r2=0.7255)
[I 2026-04-01 01:57:49,022] Trial 29 finished with value: 0.7254886094561277 and parameters: {'n_estimators': 400, 'max_depth': 26, 'min_samples_leaf': 3}. Best is trial 22 with value: 0.7367361932176117.
    Trial 30/40 (best val_r2=0.7367)
  [HPO] Trial 30 started...
  [HPO] Trial 30 finished in 2.3s (val_r2=0.7353)
[I 2026-04-01 01:57:51,341] Trial 30 finished with value: 0.7353270188652268 and parameters: {'n_estimators': 500, 'max_depth': 25, 'min_samples_leaf': 1}. Best is trial 22 with value: 0.7367361932176117.
    Trial 31/40 (best val_r2=0.7367)
  [HPO] Trial 31 started...
  [HPO] Trial 31 finished in 2.0s (val_r2=0.7366)
[I 2026-04-01 01:57:53,344] Trial 31 finished with value: 0.7366171538406285 and parameters: {'n_estimators': 450, 'max_depth': 26, 'min_samples_leaf': 1}. Best is trial 22 with value: 0.7367361932176117.
    Trial 32/40 (best val_r2=0.7367)
  [HPO] Trial 32 started...
  [HPO] Trial 32 finished in 2.2s (val_r2=0.7361)
[I 2026-04-01 01:57:55,559] Trial 32 finished with value: 0.7361252032393586 and parameters: {'n_estimators': 500, 'max_depth': 24, 'min_samples_leaf': 1}. Best is trial 22 with value: 0.7367361932176117.
    Trial 33/40 (best val_r2=0.7367)
  [HPO] Trial 33 started...
  [HPO] Trial 33 finished in 2.4s (val_r2=0.7366)
[I 2026-04-01 01:57:57,956] Trial 33 finished with value: 0.7366171538406285 and parameters: {'n_estimators': 450, 'max_depth': 26, 'min_samples_leaf': 1}. Best is trial 22 with value: 0.7367361932176117.
    Trial 34/40 (best val_r2=0.7367)
  [HPO] Trial 34 started...
  [HPO] Trial 34 finished in 2.3s (val_r2=0.7320)
[I 2026-04-01 01:58:00,319] Trial 34 finished with value: 0.7320111736569326 and parameters: {'n_estimators': 550, 'max_depth': 23, 'min_samples_leaf': 2}. Best is trial 22 with value: 0.7367361932176117.
    Trial 35/40 (best val_r2=0.7367)
  [HPO] Trial 35 started...
  [HPO] Trial 35 finished in 2.0s (val_r2=0.7355)
[I 2026-04-01 01:58:02,357] Trial 35 finished with value: 0.7354921667820514 and parameters: {'n_estimators': 450, 'max_depth': 25, 'min_samples_leaf': 1}. Best is trial 22 with value: 0.7367361932176117.
    Trial 36/40 (best val_r2=0.7367)
  [HPO] Trial 36 started...
  [HPO] Trial 36 finished in 2.8s (val_r2=0.7322)
[I 2026-04-01 01:58:05,122] Trial 36 finished with value: 0.7321684741716248 and parameters: {'n_estimators': 550, 'max_depth': 27, 'min_samples_leaf': 2}. Best is trial 22 with value: 0.7367361932176117.
    Trial 37/40 (best val_r2=0.7367)
  [HPO] Trial 37 started...
  [HPO] Trial 37 finished in 2.3s (val_r2=0.7321)
[I 2026-04-01 01:58:07,405] Trial 37 finished with value: 0.7320881002291455 and parameters: {'n_estimators': 500, 'max_depth': 27, 'min_samples_leaf': 2}. Best is trial 22 with value: 0.7367361932176117.
    Trial 38/40 (best val_r2=0.7367)
  [HPO] Trial 38 started...
  [HPO] Trial 38 finished in 2.8s (val_r2=0.7361)
[I 2026-04-01 01:58:10,261] Trial 38 finished with value: 0.7360584197456146 and parameters: {'n_estimators': 600, 'max_depth': 22, 'min_samples_leaf': 1}. Best is trial 22 with value: 0.7367361932176117.
    Trial 39/40 (best val_r2=0.7367)
  [HPO] Trial 39 started...
  [HPO] Trial 39 finished in 1.3s (val_r2=0.6935)
[I 2026-04-01 01:58:11,532] Trial 39 finished with value: 0.6935079161087552 and parameters: {'n_estimators': 350, 'max_depth': 11, 'min_samples_leaf': 1}. Best is trial 22 with value: 0.7367361932176117.
    Trial 40/40 (best val_r2=0.7367)
[4/6] Training nstxu_rf_mag_gamma...
[5/6] HPO for nstxu_mlp_mag_gamma (40 trials)...
[I 2026-04-01 01:58:14,585] A new study created in memory with name: nstxu_magnetics_gamma_hpo-torch.mlp
  [HPO] Trial 0 started...
  [HPO] Trial 0 finished in 24.1s (val_r2=0.9017)
[I 2026-04-01 01:58:38,647] Trial 0 finished with value: 0.9016656496513109 and parameters: {'hidden_layers_index': 3, 'dropout': 0.09501648801396492, 'learning_rate': 0.0025143428814176426, 'batch_size': 64, 'epochs': 153}. Best is trial 0 with value: 0.9016656496513109.
    Trial 1/40 (best val_r2=0.9017)
  [HPO] Trial 1 started...
  [HPO] Trial 1 finished in 32.3s (val_r2=0.8587)
[I 2026-04-01 01:59:10,994] Trial 1 finished with value: 0.8587197989629299 and parameters: {'hidden_layers_index': 3, 'dropout': 0.2566453379036277, 'learning_rate': 0.0016853391697173288, 'batch_size': 64, 'epochs': 183}. Best is trial 0 with value: 0.9016656496513109.
    Trial 2/40 (best val_r2=0.9017)
  [HPO] Trial 2 started...
  [HPO] Trial 2 finished in 21.7s (val_r2=0.8646)
[I 2026-04-01 01:59:32,708] Trial 2 finished with value: 0.8645688040418784 and parameters: {'hidden_layers_index': 1, 'dropout': 0.2719391806312388, 'learning_rate': 0.0002725285130250698, 'batch_size': 128, 'epochs': 194}. Best is trial 0 with value: 0.9016656496513109.
    Trial 3/40 (best val_r2=0.9017)
  [HPO] Trial 3 started...
  [HPO] Trial 3 finished in 14.5s (val_r2=0.8402)
[I 2026-04-01 01:59:47,163] Trial 3 finished with value: 0.8402227712728778 and parameters: {'hidden_layers_index': 0, 'dropout': 0.12775654655214583, 'learning_rate': 0.00362466400156375, 'batch_size': 128, 'epochs': 185}. Best is trial 0 with value: 0.9016656496513109.
    Trial 4/40 (best val_r2=0.9017)
  [HPO] Trial 4 started...
  [HPO] Trial 4 finished in 14.1s (val_r2=0.8780)
[I 2026-04-01 02:00:01,291] Trial 4 finished with value: 0.8779995331378783 and parameters: {'hidden_layers_index': 0, 'dropout': 0.29863089479757504, 'learning_rate': 0.0024043227611998323, 'batch_size': 64, 'epochs': 138}. Best is trial 0 with value: 0.9016656496513109.
    Trial 5/40 (best val_r2=0.9017)
  [HPO] Trial 5 started...
  [HPO] Trial 5 finished in 37.2s (val_r2=0.9138)
[I 2026-04-01 02:00:38,452] Trial 5 finished with value: 0.9137919900744086 and parameters: {'hidden_layers_index': 3, 'dropout': 4.81342779403704e-06, 'learning_rate': 0.0002627903447762754, 'batch_size': 32, 'epochs': 164}. Best is trial 5 with value: 0.9137919900744086.
    Trial 6/40 (best val_r2=0.9138)
  [HPO] Trial 6 started...
  [HPO] Trial 6 finished in 18.3s (val_r2=0.8206)
[I 2026-04-01 02:00:56,716] Trial 6 finished with value: 0.8206325372890253 and parameters: {'hidden_layers_index': 3, 'dropout': 0.09779028087919613, 'learning_rate': 0.0006001696958441087, 'batch_size': 128, 'epochs': 173}. Best is trial 5 with value: 0.9137919900744086.
    Trial 7/40 (best val_r2=0.9138)
  [HPO] Trial 7 started...
  [HPO] Trial 7 finished in 7.3s (val_r2=0.8708)
[I 2026-04-01 02:01:04,032] Trial 7 finished with value: 0.8707578060309857 and parameters: {'hidden_layers_index': 0, 'dropout': 0.27443403167492536, 'learning_rate': 0.0008540385215381805, 'batch_size': 128, 'epochs': 98}. Best is trial 5 with value: 0.9137919900744086.
    Trial 8/40 (best val_r2=0.9138)
  [HPO] Trial 8 started...
  [HPO] Trial 8 finished in 41.2s (val_r2=0.9258)
[I 2026-04-01 02:01:45,187] Trial 8 finished with value: 0.9258382110442084 and parameters: {'hidden_layers_index': 3, 'dropout': 0.27204200624185687, 'learning_rate': 0.0002533817781390946, 'batch_size': 32, 'epochs': 181}. Best is trial 8 with value: 0.9258382110442084.
    Trial 9/40 (best val_r2=0.9258)
  [HPO] Trial 9 started...
  [HPO] Trial 9 finished in 19.3s (val_r2=0.8637)
[I 2026-04-01 02:02:04,483] Trial 9 finished with value: 0.8637126396822923 and parameters: {'hidden_layers_index': 1, 'dropout': 0.057948395618530046, 'learning_rate': 0.0002110412997403752, 'batch_size': 128, 'epochs': 185}. Best is trial 8 with value: 0.9258382110442084.
    Trial 10/40 (best val_r2=0.9258)
  [HPO] Trial 10 started...
  [HPO] Trial 10 finished in 25.5s (val_r2=0.8309)
[I 2026-04-01 02:02:29,941] Trial 10 finished with value: 0.8309401632354736 and parameters: {'hidden_layers_index': 2, 'dropout': 0.38658227712975657, 'learning_rate': 0.00010575648042945282, 'batch_size': 32, 'epochs': 119}. Best is trial 8 with value: 0.9258382110442084.
    Trial 11/40 (best val_r2=0.9258)
  [HPO] Trial 11 started...
  [HPO] Trial 11 finished in 35.2s (val_r2=0.9097)
[I 2026-04-01 02:03:05,106] Trial 11 finished with value: 0.9096752680123452 and parameters: {'hidden_layers_index': 2, 'dropout': 0.0057810100103735836, 'learning_rate': 0.0003091864095357131, 'batch_size': 32, 'epochs': 155}. Best is trial 8 with value: 0.9258382110442084.
    Trial 12/40 (best val_r2=0.9258)
  [HPO] Trial 12 started...
  [HPO] Trial 12 finished in 35.2s (val_r2=0.8917)
[I 2026-04-01 02:03:40,270] Trial 12 finished with value: 0.8917489682450922 and parameters: {'hidden_layers_index': 2, 'dropout': 0.19495012415125357, 'learning_rate': 0.00010759738730604172, 'batch_size': 32, 'epochs': 163}. Best is trial 8 with value: 0.9258382110442084.
    Trial 13/40 (best val_r2=0.9258)
  [HPO] Trial 13 started...
  [HPO] Trial 13 finished in 31.7s (val_r2=0.9154)
[I 2026-04-01 02:04:11,942] Trial 13 finished with value: 0.9153850806047559 and parameters: {'hidden_layers_index': 3, 'dropout': 0.18998785117014017, 'learning_rate': 0.0005138336074734132, 'batch_size': 32, 'epochs': 135}. Best is trial 8 with value: 0.9258382110442084.
    Trial 14/40 (best val_r2=0.9258)
  [HPO] Trial 14 started...
  [HPO] Trial 14 finished in 29.2s (val_r2=0.9049)
[I 2026-04-01 02:04:41,184] Trial 14 finished with value: 0.9049213440449837 and parameters: {'hidden_layers_index': 2, 'dropout': 0.19013169142912456, 'learning_rate': 0.000584637570556449, 'batch_size': 32, 'epochs': 131}. Best is trial 8 with value: 0.9258382110442084.
    Trial 15/40 (best val_r2=0.9258)
  [HPO] Trial 15 started...
  [HPO] Trial 15 finished in 26.1s (val_r2=0.8958)
[I 2026-04-01 02:05:07,306] Trial 15 finished with value: 0.8957589930821854 and parameters: {'hidden_layers_index': 3, 'dropout': 0.3799066665814679, 'learning_rate': 0.001005198122088524, 'batch_size': 32, 'epochs': 110}. Best is trial 8 with value: 0.9258382110442084.
    Trial 16/40 (best val_r2=0.9258)
  [HPO] Trial 16 started...
  [HPO] Trial 16 finished in 29.6s (val_r2=0.9184)
[I 2026-04-01 02:05:36,875] Trial 16 finished with value: 0.9184180228693912 and parameters: {'hidden_layers_index': 3, 'dropout': 0.3255258060058137, 'learning_rate': 0.0005109301027678551, 'batch_size': 32, 'epochs': 126}. Best is trial 8 with value: 0.9258382110442084.
    Trial 17/40 (best val_r2=0.9258)
  [HPO] Trial 17 started...
  [HPO] Trial 17 finished in 17.6s (val_r2=0.8137)
[I 2026-04-01 02:05:54,445] Trial 17 finished with value: 0.8136873048335649 and parameters: {'hidden_layers_index': 1, 'dropout': 0.3403666716127054, 'learning_rate': 0.00016516395905084698, 'batch_size': 32, 'epochs': 89}. Best is trial 8 with value: 0.9258382110442084.
    Trial 18/40 (best val_r2=0.9258)
  [HPO] Trial 18 started...
  [HPO] Trial 18 finished in 27.8s (val_r2=0.9010)
[I 2026-04-01 02:06:22,285] Trial 18 finished with value: 0.9009687914739396 and parameters: {'hidden_layers_index': 2, 'dropout': 0.32788972684812356, 'learning_rate': 0.00036112512904755526, 'batch_size': 32, 'epochs': 121}. Best is trial 8 with value: 0.9258382110442084.
    Trial 19/40 (best val_r2=0.9258)
  [HPO] Trial 19 started...
  [HPO] Trial 19 finished in 54.7s (val_r2=0.8855)
[I 2026-04-01 02:07:16,940] Trial 19 finished with value: 0.8854699028847347 and parameters: {'hidden_layers_index': 3, 'dropout': 0.23673583744910598, 'learning_rate': 0.0012802283505022108, 'batch_size': 32, 'epochs': 199}. Best is trial 8 with value: 0.9258382110442084.
    Trial 20/40 (best val_r2=0.9258)
  [HPO] Trial 20 started...
  [HPO] Trial 20 finished in 19.9s (val_r2=0.9115)
[I 2026-04-01 02:07:36,822] Trial 20 finished with value: 0.9114809330837677 and parameters: {'hidden_layers_index': 2, 'dropout': 0.3349378155169594, 'learning_rate': 0.00041952364576860947, 'batch_size': 64, 'epochs': 147}. Best is trial 8 with value: 0.9258382110442084.
    Trial 21/40 (best val_r2=0.9258)
  [HPO] Trial 21 started...
  [HPO] Trial 21 finished in 31.3s (val_r2=0.9027)
[I 2026-04-01 02:08:08,101] Trial 21 finished with value: 0.9026825650374698 and parameters: {'hidden_layers_index': 3, 'dropout': 0.15939403708197109, 'learning_rate': 0.0004329691501621049, 'batch_size': 32, 'epochs': 128}. Best is trial 8 with value: 0.9258382110442084.
    Trial 22/40 (best val_r2=0.9258)
  [HPO] Trial 22 started...
  [HPO] Trial 22 finished in 26.5s (val_r2=0.8708)
[I 2026-04-01 02:08:34,629] Trial 22 finished with value: 0.870784315249484 and parameters: {'hidden_layers_index': 3, 'dropout': 0.23067921741977332, 'learning_rate': 0.0001668909743076473, 'batch_size': 32, 'epochs': 108}. Best is trial 8 with value: 0.9258382110442084.
    Trial 23/40 (best val_r2=0.9258)
  [HPO] Trial 23 started...
  [HPO] Trial 23 finished in 34.6s (val_r2=0.9139)
[I 2026-04-01 02:09:09,261] Trial 23 finished with value: 0.9138534677133575 and parameters: {'hidden_layers_index': 3, 'dropout': 0.3036891243714182, 'learning_rate': 0.0005479196483992977, 'batch_size': 32, 'epochs': 141}. Best is trial 8 with value: 0.9258382110442084.
    Trial 24/40 (best val_r2=0.9258)
  [HPO] Trial 24 started...
  [HPO] Trial 24 finished in 33.4s (val_r2=0.9124)
[I 2026-04-01 02:09:42,692] Trial 24 finished with value: 0.9123642698339014 and parameters: {'hidden_layers_index': 3, 'dropout': 0.22343698569232479, 'learning_rate': 0.0007262573952912556, 'batch_size': 32, 'epochs': 134}. Best is trial 8 with value: 0.9258382110442084.
    Trial 25/40 (best val_r2=0.9258)
  [HPO] Trial 25 started...
  [HPO] Trial 25 finished in 28.4s (val_r2=0.8978)
[I 2026-04-01 02:10:11,144] Trial 25 finished with value: 0.8978487121887406 and parameters: {'hidden_layers_index': 2, 'dropout': 0.1718865179249426, 'learning_rate': 0.0001833394764476803, 'batch_size': 32, 'epochs': 119}. Best is trial 8 with value: 0.9258382110442084.
    Trial 26/40 (best val_r2=0.9258)
  [HPO] Trial 26 started...
  [HPO] Trial 26 finished in 35.3s (val_r2=0.8970)
[I 2026-04-01 02:10:46,489] Trial 26 finished with value: 0.8969587444776246 and parameters: {'hidden_layers_index': 3, 'dropout': 0.3519979644036266, 'learning_rate': 0.0004384342033871208, 'batch_size': 32, 'epochs': 145}. Best is trial 8 with value: 0.9258382110442084.
    Trial 27/40 (best val_r2=0.9258)
  [HPO] Trial 27 started...
  [HPO] Trial 27 finished in 24.3s (val_r2=0.8934)
[I 2026-04-01 02:11:10,755] Trial 27 finished with value: 0.8934371411084063 and parameters: {'hidden_layers_index': 2, 'dropout': 0.2968094296407569, 'learning_rate': 0.0010565236846437028, 'batch_size': 32, 'epochs': 105}. Best is trial 8 with value: 0.9258382110442084.
    Trial 28/40 (best val_r2=0.9258)
  [HPO] Trial 28 started...
  [HPO] Trial 28 finished in 42.7s (val_r2=0.8987)
[I 2026-04-01 02:11:53,448] Trial 28 finished with value: 0.8986847651881821 and parameters: {'hidden_layers_index': 3, 'dropout': 0.150071304322281, 'learning_rate': 0.00023838733096932452, 'batch_size': 32, 'epochs': 172}. Best is trial 8 with value: 0.9258382110442084.
    Trial 29/40 (best val_r2=0.9258)
  [HPO] Trial 29 started...
  [HPO] Trial 29 finished in 24.2s (val_r2=0.8953)
[I 2026-04-01 02:12:17,613] Trial 29 finished with value: 0.895283840580943 and parameters: {'hidden_layers_index': 3, 'dropout': 0.22218594316622065, 'learning_rate': 0.00013882703808190217, 'batch_size': 64, 'epochs': 154}. Best is trial 8 with value: 0.9258382110442084.
    Trial 30/40 (best val_r2=0.9258)
  [HPO] Trial 30 started...
  [HPO] Trial 30 finished in 18.9s (val_r2=0.8602)
[I 2026-04-01 02:12:36,539] Trial 30 finished with value: 0.8601740149765482 and parameters: {'hidden_layers_index': 1, 'dropout': 0.3635254928304212, 'learning_rate': 0.0003252295140746796, 'batch_size': 64, 'epochs': 126}. Best is trial 8 with value: 0.9258382110442084.
    Trial 31/40 (best val_r2=0.9258)
  [HPO] Trial 31 started...
  [HPO] Trial 31 finished in 45.5s (val_r2=0.8971)
