[I 2026-04-01 09:23:52,674] Trial 49 finished with value: 0.9316214899477611 and parameters: {'hidden_layers_index': 2, 'dropout': 0.07615099514044454, 'learning_rate': 0.00015215394331164226, 'batch_size': 128, 'epochs': 145}. Best is trial 17 with value: 0.946992650860156.
    Trial 50/50 (best val_r2=0.9470)
[6/6] Training nstxu_mlp_gamma_nocoils...
[6/6] Done. Artifacts in runs/nstxu_gamma_no_coils_hpo
Workflow nstxu_gamma_no_coils_hpo complete. Artifacts saved to runs/nstxu_gamma_no_coils_hpo
{
  "run_tag": "nstxu_gamma_no_coils_hpo",
  "dataset": {
    "file_path": "data/datasets/NSTX-U/nstxu_equil_curated.pkl",
    "n_rows": 10000,
    "n_inputs": 20,
    "n_outputs": 1,
    "output_groups": {},
    "profile_groups": {},
    "dataset_info": {
      "shape": [
        10000,
        33
      ],
      "n_input_variables": 31,
      "n_output_variables": 2,
      "n_output_groups": 0,
      "largest_output_group": 0,
      "largest_output_group_name": null
    }
  },
  "resources": {
    "scheduler": null,
    "n_cpus": 10,
    "n_gpus": 0,
    "gpu_type": null,
    "device": "cpu",
    "hostname": "asanche2-lt",
    "extras": {
      "platform": "macOS-26.3.1-arm64-arm-64bit"
    }
  },
  "splits": {
    "train": 6000,
    "val": 2000,
    "test": 2000
  },
  "scalers": {
    "input_scaler": "runs/nstxu_gamma_no_coils_hpo/scalers/inputs.joblib",
    "output_scaler": "runs/nstxu_gamma_no_coils_hpo/scalers/outputs.joblib"
  },
  "models": [
    {
      "name": "nstxu_rf_gamma_nocoils",
      "backend": "sklearn",
      "params": {
        "n_estimators": 300,
        "max_depth": 22,
        "min_samples_leaf": 1
      },
      "metrics": {
        "train": {
          "r2": 0.9764790764813619,
          "rmse": 445.4355062002278,
          "mae": 170.7237789860443,
          "mape": 160287406965193.66
        },
        "val": {
          "r2": 0.8247704277660246,
          "rmse": 1189.687399451499,
          "mae": 445.58729353943545,
          "mape": 0.7540714929369818
        },
        "test": {
          "r2": 0.7802729554244363,
          "rmse": 1330.275655138926,
          "mae": 496.664452754573,
          "mape": 0.8537933022278295
        }
      },
      "timings": {
        "train_seconds": 3.615051000000676,
        "train_inference_seconds": 0.06128733300283784,
        "val_inference_seconds": 0.0398915420009871,
        "train_inference_per_sample": 1.0214555500472973e-05,
        "val_inference_per_sample": 1.994577100049355e-05,
        "test_inference_seconds": 0.05203270800120663,
        "test_inference_per_sample": 2.6016354000603316e-05
      },
      "artifacts": {
        "model": "runs/nstxu_gamma_no_coils_hpo/models/nstxu_rf_gamma_nocoils.joblib",
        "predictions": {
          "train": "runs/nstxu_gamma_no_coils_hpo/predictions/nstxu_rf_gamma_nocoils_train.csv",
          "val": "runs/nstxu_gamma_no_coils_hpo/predictions/nstxu_rf_gamma_nocoils_val.csv",
          "test": "runs/nstxu_gamma_no_coils_hpo/predictions/nstxu_rf_gamma_nocoils_test.csv"
        },
        "hpo": "runs/nstxu_gamma_no_coils_hpo/hpo/nstxu_rf_gamma_nocoils_hpo.json"
      }
    },
    {
      "name": "nstxu_mlp_gamma_nocoils",
      "backend": "pytorch",
      "params": {
        "hidden_layers": [
          256,
          256,
          128
        ],
        "dropout": 0.220243055525559,
        "epochs": 172,
        "batch_size": 32,
        "learning_rate": 0.000165965865427942,
        "mc_dropout_passes": 40,
        "activation": "relu"
      },
      "metrics": {
        "train": {
          "r2": 0.9855642268883975,
          "rmse": 348.96162542518266,
          "mae": 161.8556554979931,
          "mape": 1457770815760456.0
        },
        "val": {
          "r2": 0.9269198735560148,
          "rmse": 768.2964145620483,
          "mae": 240.36258194877072,
          "mape": 1.1850434776496168
        },
        "test": {
          "r2": 0.9280791085345821,
          "rmse": 761.0749311866152,
          "mae": 237.05476221132784,
          "mape": 1.1183836437637993
        }
      },
      "timings": {
        "train_seconds": 55.99455908300297,
        "train_inference_seconds": 0.009571582995704375,
        "val_inference_seconds": 0.0036392499969224446,
        "train_inference_per_sample": 1.5952638326173958e-06,
        "val_inference_per_sample": 1.8196249984612223e-06,
        "test_inference_seconds": 0.0029141660052118823,
        "test_inference_per_sample": 1.457083002605941e-06
      },
      "artifacts": {
        "model": "runs/nstxu_gamma_no_coils_hpo/models/nstxu_mlp_gamma_nocoils.joblib",
        "predictions": {
          "train": "runs/nstxu_gamma_no_coils_hpo/predictions/nstxu_mlp_gamma_nocoils_train.csv",
          "val": "runs/nstxu_gamma_no_coils_hpo/predictions/nstxu_mlp_gamma_nocoils_val.csv",
          "test": "runs/nstxu_gamma_no_coils_hpo/predictions/nstxu_mlp_gamma_nocoils_test.csv",
          "val_uq": "runs/nstxu_gamma_no_coils_hpo/predictions/nstxu_mlp_gamma_nocoils_val_uq.json"
        },
        "hpo": "runs/nstxu_gamma_no_coils_hpo/hpo/nstxu_mlp_gamma_nocoils_hpo.json"
      }
    }
  ],
  "registry": "Registered Models:",
  "artifacts": {
    "root": "runs/nstxu_gamma_no_coils_hpo",
    "metrics": "runs/nstxu_gamma_no_coils_hpo/metrics.json",
    "summary": "runs/nstxu_gamma_no_coils_hpo/workflow_summary.json",
    "spec": "runs/nstxu_gamma_no_coils_hpo/spec.yaml",
    "train_data_ranges": "runs/nstxu_gamma_no_coils_hpo/train_data_ranges.json"
  }
}
>>> 2026-04-01T09:24:51-04:00 OK nstxu_gamma_no_coils_hpo

>>> 2026-04-01T09:24:51-04:00 START nstxu_t3_coils_shape_gamma_hpo

A module that was compiled using NumPy 1.x cannot be run in
NumPy 2.3.4 as it may crash. To support both 1.x and 2.x
versions of NumPy, modules must be compiled with NumPy 2.0.
Some module may need to rebuild instead e.g. with 'pybind11>=2.12'.

If you are a user of the module, the easiest solution will be to
downgrade to 'numpy<2' or try to upgrade the affected module.
We expect that some modules will need time to support NumPy 2.

Traceback (most recent call last):  File "<frozen runpy>", line 198, in _run_module_as_main
  File "<frozen runpy>", line 88, in _run_code
  File "/Users/asanche2/repos/SURGE/examples/m3dc1_workflow.py", line 14, in <module>
    import surge  # noqa: F401 - ensures package initialization registers adapters
  File "/Users/asanche2/repos/SURGE/surge/__init__.py", line 10, in <module>
    from .model import GPFLOW_AVAILABLE, MODEL_REGISTRY, PYTORCH_AVAILABLE
  File "/Users/asanche2/repos/SURGE/surge/model/__init__.py", line 7, in <module>
    from .gpflow import GPFLOW_AVAILABLE, GPflowGPRAdapter, GPflowMultiKernelAdapter
  File "/Users/asanche2/repos/SURGE/surge/model/gpflow.py", line 7, in <module>
    from .gpflow_impl import GPFLOW_AVAILABLE, GPflowGPRModel, GPflowMultiKernelGPR
  File "/Users/asanche2/repos/SURGE/surge/model/gpflow_impl.py", line 11, in <module>
    import gpflow as gpf
  File "/opt/homebrew/anaconda3/lib/python3.12/site-packages/gpflow/__init__.py", line 17, in <module>
    from . import (
  File "/opt/homebrew/anaconda3/lib/python3.12/site-packages/gpflow/conditionals/__init__.py", line 1, in <module>
    from . import conditionals, multioutput, sample_conditionals
  File "/opt/homebrew/anaconda3/lib/python3.12/site-packages/gpflow/conditionals/conditionals.py", line 17, in <module>
    import tensorflow as tf
  File "/opt/homebrew/anaconda3/lib/python3.12/site-packages/tensorflow/__init__.py", line 45, in <module>
    from tensorflow._api.v2 import __internal__
  File "/opt/homebrew/anaconda3/lib/python3.12/site-packages/tensorflow/_api/v2/__internal__/__init__.py", line 8, in <module>
    from tensorflow._api.v2.__internal__ import autograph
  File "/opt/homebrew/anaconda3/lib/python3.12/site-packages/tensorflow/_api/v2/__internal__/autograph/__init__.py", line 8, in <module>
    from tensorflow.python.autograph.core.ag_ctx import control_status_ctx # line: 34
  File "/opt/homebrew/anaconda3/lib/python3.12/site-packages/tensorflow/python/autograph/core/ag_ctx.py", line 21, in <module>
    from tensorflow.python.autograph.utils import ag_logging
  File "/opt/homebrew/anaconda3/lib/python3.12/site-packages/tensorflow/python/autograph/utils/__init__.py", line 17, in <module>
    from tensorflow.python.autograph.utils.context_managers import control_dependency_on_returns
  File "/opt/homebrew/anaconda3/lib/python3.12/site-packages/tensorflow/python/autograph/utils/context_managers.py", line 19, in <module>
    from tensorflow.python.framework import ops
  File "/opt/homebrew/anaconda3/lib/python3.12/site-packages/tensorflow/python/framework/ops.py", line 46, in <module>
    from tensorflow.python import pywrap_tfe
  File "/opt/homebrew/anaconda3/lib/python3.12/site-packages/tensorflow/python/pywrap_tfe.py", line 25, in <module>
    from tensorflow.python._pywrap_tfe import *
Traceback (most recent call last):
  File "/opt/homebrew/anaconda3/lib/python3.12/site-packages/numpy/core/_multiarray_umath.py", line 46, in __getattr__
    raise ImportError(msg)
ImportError: 
A module that was compiled using NumPy 1.x cannot be run in
NumPy 2.3.4 as it may crash. To support both 1.x and 2.x
versions of NumPy, modules must be compiled with NumPy 2.0.
Some module may need to rebuild instead e.g. with 'pybind11>=2.12'.

If you are a user of the module, the easiest solution will be to
downgrade to 'numpy<2' or try to upgrade the affected module.
We expect that some modules will need time to support NumPy 2.


AttributeError: 'MessageFactory' object has no attribute 'GetPrototype'

A module that was compiled using NumPy 1.x cannot be run in
NumPy 2.3.4 as it may crash. To support both 1.x and 2.x
versions of NumPy, modules must be compiled with NumPy 2.0.
Some module may need to rebuild instead e.g. with 'pybind11>=2.12'.

If you are a user of the module, the easiest solution will be to
downgrade to 'numpy<2' or try to upgrade the affected module.
We expect that some modules will need time to support NumPy 2.

Traceback (most recent call last):  File "<frozen runpy>", line 198, in _run_module_as_main
  File "<frozen runpy>", line 88, in _run_code
  File "/Users/asanche2/repos/SURGE/examples/m3dc1_workflow.py", line 14, in <module>
    import surge  # noqa: F401 - ensures package initialization registers adapters
  File "/Users/asanche2/repos/SURGE/surge/__init__.py", line 10, in <module>
    from .model import GPFLOW_AVAILABLE, MODEL_REGISTRY, PYTORCH_AVAILABLE
  File "/Users/asanche2/repos/SURGE/surge/model/__init__.py", line 7, in <module>
    from .gpflow import GPFLOW_AVAILABLE, GPflowGPRAdapter, GPflowMultiKernelAdapter
  File "/Users/asanche2/repos/SURGE/surge/model/gpflow.py", line 7, in <module>
    from .gpflow_impl import GPFLOW_AVAILABLE, GPflowGPRModel, GPflowMultiKernelGPR
  File "/Users/asanche2/repos/SURGE/surge/model/gpflow_impl.py", line 11, in <module>
    import gpflow as gpf
  File "/opt/homebrew/anaconda3/lib/python3.12/site-packages/gpflow/__init__.py", line 17, in <module>
    from . import (
  File "/opt/homebrew/anaconda3/lib/python3.12/site-packages/gpflow/conditionals/__init__.py", line 1, in <module>
    from . import conditionals, multioutput, sample_conditionals
  File "/opt/homebrew/anaconda3/lib/python3.12/site-packages/gpflow/conditionals/conditionals.py", line 17, in <module>
    import tensorflow as tf
  File "/opt/homebrew/anaconda3/lib/python3.12/site-packages/tensorflow/__init__.py", line 45, in <module>
    from tensorflow._api.v2 import __internal__
  File "/opt/homebrew/anaconda3/lib/python3.12/site-packages/tensorflow/_api/v2/__internal__/__init__.py", line 8, in <module>
    from tensorflow._api.v2.__internal__ import autograph
  File "/opt/homebrew/anaconda3/lib/python3.12/site-packages/tensorflow/_api/v2/__internal__/autograph/__init__.py", line 8, in <module>
    from tensorflow.python.autograph.core.ag_ctx import control_status_ctx # line: 34
  File "/opt/homebrew/anaconda3/lib/python3.12/site-packages/tensorflow/python/autograph/core/ag_ctx.py", line 21, in <module>
    from tensorflow.python.autograph.utils import ag_logging
  File "/opt/homebrew/anaconda3/lib/python3.12/site-packages/tensorflow/python/autograph/utils/__init__.py", line 17, in <module>
    from tensorflow.python.autograph.utils.context_managers import control_dependency_on_returns
  File "/opt/homebrew/anaconda3/lib/python3.12/site-packages/tensorflow/python/autograph/utils/context_managers.py", line 19, in <module>
    from tensorflow.python.framework import ops
  File "/opt/homebrew/anaconda3/lib/python3.12/site-packages/tensorflow/python/framework/ops.py", line 49, in <module>
    from tensorflow.python.client import pywrap_tf_session
  File "/opt/homebrew/anaconda3/lib/python3.12/site-packages/tensorflow/python/client/pywrap_tf_session.py", line 19, in <module>
    from tensorflow.python.client._pywrap_tf_session import *
Traceback (most recent call last):
  File "/opt/homebrew/anaconda3/lib/python3.12/site-packages/numpy/core/_multiarray_umath.py", line 46, in __getattr__
    raise ImportError(msg)
ImportError: 
A module that was compiled using NumPy 1.x cannot be run in
NumPy 2.3.4 as it may crash. To support both 1.x and 2.x
versions of NumPy, modules must be compiled with NumPy 2.0.
Some module may need to rebuild instead e.g. with 'pybind11>=2.12'.

If you are a user of the module, the easiest solution will be to
downgrade to 'numpy<2' or try to upgrade the affected module.
We expect that some modules will need time to support NumPy 2.



A module that was compiled using NumPy 1.x cannot be run in
NumPy 2.3.4 as it may crash. To support both 1.x and 2.x
versions of NumPy, modules must be compiled with NumPy 2.0.
Some module may need to rebuild instead e.g. with 'pybind11>=2.12'.

If you are a user of the module, the easiest solution will be to
downgrade to 'numpy<2' or try to upgrade the affected module.
We expect that some modules will need time to support NumPy 2.

Traceback (most recent call last):  File "<frozen runpy>", line 198, in _run_module_as_main
  File "<frozen runpy>", line 88, in _run_code
  File "/Users/asanche2/repos/SURGE/examples/m3dc1_workflow.py", line 14, in <module>
    import surge  # noqa: F401 - ensures package initialization registers adapters
  File "/Users/asanche2/repos/SURGE/surge/__init__.py", line 10, in <module>
    from .model import GPFLOW_AVAILABLE, MODEL_REGISTRY, PYTORCH_AVAILABLE
  File "/Users/asanche2/repos/SURGE/surge/model/__init__.py", line 7, in <module>
    from .gpflow import GPFLOW_AVAILABLE, GPflowGPRAdapter, GPflowMultiKernelAdapter
  File "/Users/asanche2/repos/SURGE/surge/model/gpflow.py", line 7, in <module>
    from .gpflow_impl import GPFLOW_AVAILABLE, GPflowGPRModel, GPflowMultiKernelGPR
  File "/Users/asanche2/repos/SURGE/surge/model/gpflow_impl.py", line 11, in <module>
    import gpflow as gpf
  File "/opt/homebrew/anaconda3/lib/python3.12/site-packages/gpflow/__init__.py", line 17, in <module>
    from . import (
  File "/opt/homebrew/anaconda3/lib/python3.12/site-packages/gpflow/conditionals/__init__.py", line 1, in <module>
    from . import conditionals, multioutput, sample_conditionals
  File "/opt/homebrew/anaconda3/lib/python3.12/site-packages/gpflow/conditionals/conditionals.py", line 17, in <module>
    import tensorflow as tf
  File "/opt/homebrew/anaconda3/lib/python3.12/site-packages/tensorflow/__init__.py", line 45, in <module>
    from tensorflow._api.v2 import __internal__
  File "/opt/homebrew/anaconda3/lib/python3.12/site-packages/tensorflow/_api/v2/__internal__/__init__.py", line 8, in <module>
    from tensorflow._api.v2.__internal__ import autograph
  File "/opt/homebrew/anaconda3/lib/python3.12/site-packages/tensorflow/_api/v2/__internal__/autograph/__init__.py", line 8, in <module>
    from tensorflow.python.autograph.core.ag_ctx import control_status_ctx # line: 34
  File "/opt/homebrew/anaconda3/lib/python3.12/site-packages/tensorflow/python/autograph/core/ag_ctx.py", line 21, in <module>
    from tensorflow.python.autograph.utils import ag_logging
  File "/opt/homebrew/anaconda3/lib/python3.12/site-packages/tensorflow/python/autograph/utils/__init__.py", line 17, in <module>
    from tensorflow.python.autograph.utils.context_managers import control_dependency_on_returns
  File "/opt/homebrew/anaconda3/lib/python3.12/site-packages/tensorflow/python/autograph/utils/context_managers.py", line 19, in <module>
    from tensorflow.python.framework import ops
  File "/opt/homebrew/anaconda3/lib/python3.12/site-packages/tensorflow/python/framework/ops.py", line 50, in <module>
    from tensorflow.python.eager import context
  File "/opt/homebrew/anaconda3/lib/python3.12/site-packages/tensorflow/python/eager/context.py", line 37, in <module>
    from tensorflow.python.eager import execute
  File "/opt/homebrew/anaconda3/lib/python3.12/site-packages/tensorflow/python/eager/execute.py", line 21, in <module>
    from tensorflow.python.framework import dtypes
  File "/opt/homebrew/anaconda3/lib/python3.12/site-packages/tensorflow/python/framework/dtypes.py", line 21, in <module>
    import ml_dtypes
  File "/opt/homebrew/anaconda3/lib/python3.12/site-packages/ml_dtypes/__init__.py", line 32, in <module>
    from ml_dtypes._finfo import finfo
  File "/opt/homebrew/anaconda3/lib/python3.12/site-packages/ml_dtypes/_finfo.py", line 19, in <module>
    from ml_dtypes._ml_dtypes_ext import bfloat16
Traceback (most recent call last):
  File "/opt/homebrew/anaconda3/lib/python3.12/site-packages/numpy/core/_multiarray_umath.py", line 46, in __getattr__
    raise ImportError(msg)
ImportError: 
A module that was compiled using NumPy 1.x cannot be run in
NumPy 2.3.4 as it may crash. To support both 1.x and 2.x
versions of NumPy, modules must be compiled with NumPy 2.0.
Some module may need to rebuild instead e.g. with 'pybind11>=2.12'.

If you are a user of the module, the easiest solution will be to
downgrade to 'numpy<2' or try to upgrade the affected module.
We expect that some modules will need time to support NumPy 2.


ImportError: numpy.core._multiarray_umath failed to import
Warning: GPflow not available or incompatible. Install with: pip install gpflow
SURGE workflow started.
Starting SURGE workflow for dataset data/datasets/NSTX-U/nstxu_equil_curated.pkl
[1/6] Loading dataset...
[2/6] Preparing splits and scalers...
[3/6] HPO for nstxu_t3_rf_gamma (50 trials)...
[I 2026-04-01 09:24:58,359] A new study created in memory with name: nstxu_t3_coils_shape_gamma_hpo-sklearn.random_forest
  [HPO] Trial 0 started...
  [HPO] Trial 0 finished in 6.0s (val_r2=0.7997)
[I 2026-04-01 09:25:04,316] Trial 0 finished with value: 0.7997063514478392 and parameters: {'n_estimators': 500, 'max_depth': 10, 'min_samples_leaf': 4}. Best is trial 0 with value: 0.7997063514478392.
    Trial 1/50 (best val_r2=0.7997)
  [HPO] Trial 1 started...
  [HPO] Trial 1 finished in 8.8s (val_r2=0.8503)
[I 2026-04-01 09:25:13,146] Trial 1 finished with value: 0.8502814576364683 and parameters: {'n_estimators': 600, 'max_depth': 24, 'min_samples_leaf': 2}. Best is trial 1 with value: 0.8502814576364683.
    Trial 2/50 (best val_r2=0.8503)
  [HPO] Trial 2 started...
  [HPO] Trial 2 finished in 6.1s (val_r2=0.8457)
[I 2026-04-01 09:25:19,295] Trial 2 finished with value: 0.845653689640541 and parameters: {'n_estimators': 450, 'max_depth': 20, 'min_samples_leaf': 3}. Best is trial 1 with value: 0.8502814576364683.
    Trial 3/50 (best val_r2=0.8503)
  [HPO] Trial 3 started...
  [HPO] Trial 3 finished in 4.3s (val_r2=0.7095)
[I 2026-04-01 09:25:23,614] Trial 3 finished with value: 0.7094683599418264 and parameters: {'n_estimators': 500, 'max_depth': 6, 'min_samples_leaf': 2}. Best is trial 1 with value: 0.8502814576364683.
    Trial 4/50 (best val_r2=0.8503)
  [HPO] Trial 4 started...
  [HPO] Trial 4 finished in 3.0s (val_r2=0.8461)
[I 2026-04-01 09:25:26,604] Trial 4 finished with value: 0.8461289344666777 and parameters: {'n_estimators': 200, 'max_depth': 22, 'min_samples_leaf': 2}. Best is trial 1 with value: 0.8502814576364683.
    Trial 5/50 (best val_r2=0.8503)
  [HPO] Trial 5 started...
  [HPO] Trial 5 finished in 5.4s (val_r2=0.8041)
[I 2026-04-01 09:25:32,008] Trial 5 finished with value: 0.804068068686732 and parameters: {'n_estimators': 500, 'max_depth': 10, 'min_samples_leaf': 2}. Best is trial 1 with value: 0.8502814576364683.
    Trial 6/50 (best val_r2=0.8503)
  [HPO] Trial 6 started...
  [HPO] Trial 6 finished in 2.8s (val_r2=0.8168)
[I 2026-04-01 09:25:34,784] Trial 6 finished with value: 0.8168415754949392 and parameters: {'n_estimators': 200, 'max_depth': 12, 'min_samples_leaf': 4}. Best is trial 1 with value: 0.8502814576364683.
    Trial 7/50 (best val_r2=0.8503)
  [HPO] Trial 7 started...
  [HPO] Trial 7 finished in 3.2s (val_r2=0.8159)
[I 2026-04-01 09:25:37,942] Trial 7 finished with value: 0.8158876107277677 and parameters: {'n_estimators': 250, 'max_depth': 12, 'min_samples_leaf': 4}. Best is trial 1 with value: 0.8502814576364683.
    Trial 8/50 (best val_r2=0.8503)
  [HPO] Trial 8 started...
  [HPO] Trial 8 finished in 1.8s (val_r2=0.7415)
[I 2026-04-01 09:25:39,704] Trial 8 finished with value: 0.7415067499782777 and parameters: {'n_estimators': 200, 'max_depth': 7, 'min_samples_leaf': 3}. Best is trial 1 with value: 0.8502814576364683.
    Trial 9/50 (best val_r2=0.8503)
  [HPO] Trial 9 started...
  [HPO] Trial 9 finished in 4.3s (val_r2=0.7097)
[I 2026-04-01 09:25:43,963] Trial 9 finished with value: 0.7097160775467848 and parameters: {'n_estimators': 550, 'max_depth': 6, 'min_samples_leaf': 3}. Best is trial 1 with value: 0.8502814576364683.
    Trial 10/50 (best val_r2=0.8503)
  [HPO] Trial 10 started...
  [HPO] Trial 10 finished in 9.0s (val_r2=0.8490)
