[I 2026-04-01 09:25:53,039] Trial 10 finished with value: 0.8489917658450825 and parameters: {'n_estimators': 600, 'max_depth': 18, 'min_samples_leaf': 1}. Best is trial 1 with value: 0.8502814576364683.
    Trial 11/50 (best val_r2=0.8503)
  [HPO] Trial 11 started...
  [HPO] Trial 11 finished in 9.3s (val_r2=0.8490)
[I 2026-04-01 09:26:02,390] Trial 11 finished with value: 0.8489917658450825 and parameters: {'n_estimators': 600, 'max_depth': 18, 'min_samples_leaf': 1}. Best is trial 1 with value: 0.8502814576364683.
    Trial 12/50 (best val_r2=0.8503)
  [HPO] Trial 12 started...
  [HPO] Trial 12 finished in 9.8s (val_r2=0.8531)
[I 2026-04-01 09:26:12,284] Trial 12 finished with value: 0.8530663789016047 and parameters: {'n_estimators': 600, 'max_depth': 24, 'min_samples_leaf': 1}. Best is trial 12 with value: 0.8530663789016047.
    Trial 13/50 (best val_r2=0.8531)
  [HPO] Trial 13 started...
  [HPO] Trial 13 finished in 5.2s (val_r2=0.8528)
[I 2026-04-01 09:26:17,469] Trial 13 finished with value: 0.8528061237910014 and parameters: {'n_estimators': 350, 'max_depth': 24, 'min_samples_leaf': 1}. Best is trial 12 with value: 0.8530663789016047.
    Trial 14/50 (best val_r2=0.8531)
  [HPO] Trial 14 started...
  [HPO] Trial 14 finished in 5.2s (val_r2=0.8528)
[I 2026-04-01 09:26:22,714] Trial 14 finished with value: 0.8528061237910014 and parameters: {'n_estimators': 350, 'max_depth': 24, 'min_samples_leaf': 1}. Best is trial 12 with value: 0.8530663789016047.
    Trial 15/50 (best val_r2=0.8531)
  [HPO] Trial 15 started...
  [HPO] Trial 15 finished in 5.1s (val_r2=0.8521)
[I 2026-04-01 09:26:27,831] Trial 15 finished with value: 0.8520703784688282 and parameters: {'n_estimators': 350, 'max_depth': 21, 'min_samples_leaf': 1}. Best is trial 12 with value: 0.8530663789016047.
    Trial 16/50 (best val_r2=0.8531)
  [HPO] Trial 16 started...
  [HPO] Trial 16 finished in 5.5s (val_r2=0.8427)
[I 2026-04-01 09:26:33,412] Trial 16 finished with value: 0.84268532564106 and parameters: {'n_estimators': 350, 'max_depth': 16, 'min_samples_leaf': 1}. Best is trial 12 with value: 0.8530663789016047.
    Trial 17/50 (best val_r2=0.8531)
  [HPO] Trial 17 started...
  [HPO] Trial 17 finished in 6.7s (val_r2=0.8521)
[I 2026-04-01 09:26:40,091] Trial 17 finished with value: 0.852108571411438 and parameters: {'n_estimators': 400, 'max_depth': 22, 'min_samples_leaf': 1}. Best is trial 12 with value: 0.8530663789016047.
    Trial 18/50 (best val_r2=0.8531)
  [HPO] Trial 18 started...
  [HPO] Trial 18 finished in 4.5s (val_r2=0.8461)
[I 2026-04-01 09:26:44,577] Trial 18 finished with value: 0.8460803154824125 and parameters: {'n_estimators': 300, 'max_depth': 19, 'min_samples_leaf': 2}. Best is trial 12 with value: 0.8530663789016047.
    Trial 19/50 (best val_r2=0.8531)
  [HPO] Trial 19 started...
  [HPO] Trial 19 finished in 5.6s (val_r2=0.8435)
[I 2026-04-01 09:26:50,179] Trial 19 finished with value: 0.8435137067785374 and parameters: {'n_estimators': 400, 'max_depth': 16, 'min_samples_leaf': 1}. Best is trial 12 with value: 0.8530663789016047.
    Trial 20/50 (best val_r2=0.8531)
  [HPO] Trial 20 started...
  [HPO] Trial 20 finished in 6.3s (val_r2=0.8501)
[I 2026-04-01 09:26:56,449] Trial 20 finished with value: 0.8500746532021903 and parameters: {'n_estimators': 450, 'max_depth': 24, 'min_samples_leaf': 2}. Best is trial 12 with value: 0.8530663789016047.
    Trial 21/50 (best val_r2=0.8531)
  [HPO] Trial 21 started...
  [HPO] Trial 21 finished in 5.1s (val_r2=0.8520)
[I 2026-04-01 09:27:01,542] Trial 21 finished with value: 0.8520067566083491 and parameters: {'n_estimators': 300, 'max_depth': 24, 'min_samples_leaf': 1}. Best is trial 12 with value: 0.8530663789016047.
    Trial 22/50 (best val_r2=0.8531)
  [HPO] Trial 22 started...
  [HPO] Trial 22 finished in 5.4s (val_r2=0.8515)
[I 2026-04-01 09:27:06,949] Trial 22 finished with value: 0.8515303603488484 and parameters: {'n_estimators': 350, 'max_depth': 22, 'min_samples_leaf': 1}. Best is trial 12 with value: 0.8530663789016047.
    Trial 23/50 (best val_r2=0.8531)
  [HPO] Trial 23 started...
  [HPO] Trial 23 finished in 4.9s (val_r2=0.8506)
[I 2026-04-01 09:27:11,879] Trial 23 finished with value: 0.8505595911311857 and parameters: {'n_estimators': 300, 'max_depth': 23, 'min_samples_leaf': 1}. Best is trial 12 with value: 0.8530663789016047.
    Trial 24/50 (best val_r2=0.8531)
  [HPO] Trial 24 started...
  [HPO] Trial 24 finished in 6.7s (val_r2=0.8503)
[I 2026-04-01 09:27:18,590] Trial 24 finished with value: 0.8503491962727425 and parameters: {'n_estimators': 450, 'max_depth': 20, 'min_samples_leaf': 1}. Best is trial 12 with value: 0.8530663789016047.
    Trial 25/50 (best val_r2=0.8531)
  [HPO] Trial 25 started...
  [HPO] Trial 25 finished in 4.8s (val_r2=0.8493)
[I 2026-04-01 09:27:23,443] Trial 25 finished with value: 0.8493273413618523 and parameters: {'n_estimators': 350, 'max_depth': 24, 'min_samples_leaf': 2}. Best is trial 12 with value: 0.8530663789016047.
    Trial 26/50 (best val_r2=0.8531)
  [HPO] Trial 26 started...
  [HPO] Trial 26 finished in 6.3s (val_r2=0.8525)
[I 2026-04-01 09:27:29,808] Trial 26 finished with value: 0.8524643257475503 and parameters: {'n_estimators': 400, 'max_depth': 21, 'min_samples_leaf': 1}. Best is trial 12 with value: 0.8530663789016047.
    Trial 27/50 (best val_r2=0.8531)
  [HPO] Trial 27 started...
  [HPO] Trial 27 finished in 4.1s (val_r2=0.8470)
[I 2026-04-01 09:27:33,930] Trial 27 finished with value: 0.847023627873535 and parameters: {'n_estimators': 250, 'max_depth': 22, 'min_samples_leaf': 2}. Best is trial 12 with value: 0.8530663789016047.
    Trial 28/50 (best val_r2=0.8531)
  [HPO] Trial 28 started...
  [HPO] Trial 28 finished in 5.5s (val_r2=0.8368)
[I 2026-04-01 09:27:39,400] Trial 28 finished with value: 0.8368356306777702 and parameters: {'n_estimators': 400, 'max_depth': 14, 'min_samples_leaf': 1}. Best is trial 12 with value: 0.8530663789016047.
    Trial 29/50 (best val_r2=0.8531)
  [HPO] Trial 29 started...
  [HPO] Trial 29 finished in 3.2s (val_r2=0.8415)
[I 2026-04-01 09:27:42,623] Trial 29 finished with value: 0.8414723179465842 and parameters: {'n_estimators': 250, 'max_depth': 18, 'min_samples_leaf': 3}. Best is trial 12 with value: 0.8530663789016047.
    Trial 30/50 (best val_r2=0.8531)
  [HPO] Trial 30 started...
  [HPO] Trial 30 finished in 8.2s (val_r2=0.8524)
[I 2026-04-01 09:27:50,800] Trial 30 finished with value: 0.8524315395804574 and parameters: {'n_estimators': 550, 'max_depth': 23, 'min_samples_leaf': 1}. Best is trial 12 with value: 0.8530663789016047.
    Trial 31/50 (best val_r2=0.8531)
  [HPO] Trial 31 started...
  [HPO] Trial 31 finished in 6.3s (val_r2=0.8503)
[I 2026-04-01 09:27:57,120] Trial 31 finished with value: 0.8502632951980005 and parameters: {'n_estimators': 400, 'max_depth': 20, 'min_samples_leaf': 1}. Best is trial 12 with value: 0.8530663789016047.
    Trial 32/50 (best val_r2=0.8531)
  [HPO] Trial 32 started...
  [HPO] Trial 32 finished in 7.8s (val_r2=0.8522)
[I 2026-04-01 09:28:04,957] Trial 32 finished with value: 0.8521800523893424 and parameters: {'n_estimators': 450, 'max_depth': 23, 'min_samples_leaf': 1}. Best is trial 12 with value: 0.8530663789016047.
    Trial 33/50 (best val_r2=0.8531)
  [HPO] Trial 33 started...
  [HPO] Trial 33 finished in 5.2s (val_r2=0.8521)
[I 2026-04-01 09:28:10,197] Trial 33 finished with value: 0.8520703784688282 and parameters: {'n_estimators': 350, 'max_depth': 21, 'min_samples_leaf': 1}. Best is trial 12 with value: 0.8530663789016047.
    Trial 34/50 (best val_r2=0.8531)
  [HPO] Trial 34 started...
  [HPO] Trial 34 finished in 5.5s (val_r2=0.8495)
[I 2026-04-01 09:28:15,755] Trial 34 finished with value: 0.8495378770607243 and parameters: {'n_estimators': 400, 'max_depth': 23, 'min_samples_leaf': 2}. Best is trial 12 with value: 0.8530663789016047.
    Trial 35/50 (best val_r2=0.8531)
  [HPO] Trial 35 started...
  [HPO] Trial 35 finished in 4.8s (val_r2=0.8520)
[I 2026-04-01 09:28:20,591] Trial 35 finished with value: 0.8520067566083491 and parameters: {'n_estimators': 300, 'max_depth': 24, 'min_samples_leaf': 1}. Best is trial 12 with value: 0.8530663789016047.
    Trial 36/50 (best val_r2=0.8531)
  [HPO] Trial 36 started...
  [HPO] Trial 36 finished in 6.1s (val_r2=0.8487)
[I 2026-04-01 09:28:26,669] Trial 36 finished with value: 0.8487384982957071 and parameters: {'n_estimators': 450, 'max_depth': 21, 'min_samples_leaf': 2}. Best is trial 12 with value: 0.8530663789016047.
    Trial 37/50 (best val_r2=0.8531)
  [HPO] Trial 37 started...
  [HPO] Trial 37 finished in 7.2s (val_r2=0.8485)
[I 2026-04-01 09:28:33,851] Trial 37 finished with value: 0.8484729271205703 and parameters: {'n_estimators': 500, 'max_depth': 20, 'min_samples_leaf': 2}. Best is trial 12 with value: 0.8530663789016047.
    Trial 38/50 (best val_r2=0.8531)
  [HPO] Trial 38 started...
  [HPO] Trial 38 finished in 8.5s (val_r2=0.8527)
[I 2026-04-01 09:28:42,385] Trial 38 finished with value: 0.8526650032605053 and parameters: {'n_estimators': 550, 'max_depth': 22, 'min_samples_leaf': 1}. Best is trial 12 with value: 0.8530663789016047.
    Trial 39/50 (best val_r2=0.8531)
  [HPO] Trial 39 started...
  [HPO] Trial 39 finished in 7.9s (val_r2=0.8500)
[I 2026-04-01 09:28:50,349] Trial 39 finished with value: 0.8500397675194393 and parameters: {'n_estimators': 550, 'max_depth': 24, 'min_samples_leaf': 2}. Best is trial 12 with value: 0.8530663789016047.
    Trial 40/50 (best val_r2=0.8531)
  [HPO] Trial 40 started...
  [HPO] Trial 40 finished in 8.1s (val_r2=0.8417)
[I 2026-04-01 09:28:58,453] Trial 40 finished with value: 0.8416658194818007 and parameters: {'n_estimators': 550, 'max_depth': 22, 'min_samples_leaf': 4}. Best is trial 12 with value: 0.8530663789016047.
    Trial 41/50 (best val_r2=0.8531)
  [HPO] Trial 41 started...
  [HPO] Trial 41 finished in 11.7s (val_r2=0.8526)
[I 2026-04-01 09:29:10,261] Trial 41 finished with value: 0.8526343753129021 and parameters: {'n_estimators': 600, 'max_depth': 23, 'min_samples_leaf': 1}. Best is trial 12 with value: 0.8530663789016047.
    Trial 42/50 (best val_r2=0.8531)
  [HPO] Trial 42 started...
  [HPO] Trial 42 finished in 13.6s (val_r2=0.8526)
[I 2026-04-01 09:29:23,903] Trial 42 finished with value: 0.8526343753129021 and parameters: {'n_estimators': 600, 'max_depth': 23, 'min_samples_leaf': 1}. Best is trial 12 with value: 0.8530663789016047.
    Trial 43/50 (best val_r2=0.8531)
  [HPO] Trial 43 started...
  [HPO] Trial 43 finished in 10.7s (val_r2=0.8531)
[I 2026-04-01 09:29:34,617] Trial 43 finished with value: 0.8530663789016047 and parameters: {'n_estimators': 600, 'max_depth': 24, 'min_samples_leaf': 1}. Best is trial 12 with value: 0.8530663789016047.
    Trial 44/50 (best val_r2=0.8531)
  [HPO] Trial 44 started...
  [HPO] Trial 44 finished in 10.2s (val_r2=0.8531)
[I 2026-04-01 09:29:44,896] Trial 44 finished with value: 0.8530663789016047 and parameters: {'n_estimators': 600, 'max_depth': 24, 'min_samples_leaf': 1}. Best is trial 12 with value: 0.8530663789016047.
    Trial 45/50 (best val_r2=0.8531)
  [HPO] Trial 45 started...
  [HPO] Trial 45 finished in 9.5s (val_r2=0.8531)
[I 2026-04-01 09:29:54,480] Trial 45 finished with value: 0.8530663789016047 and parameters: {'n_estimators': 600, 'max_depth': 24, 'min_samples_leaf': 1}. Best is trial 12 with value: 0.8530663789016047.
    Trial 46/50 (best val_r2=0.8531)
  [HPO] Trial 46 started...
  [HPO] Trial 46 finished in 7.2s (val_r2=0.8136)
[I 2026-04-01 09:30:01,672] Trial 46 finished with value: 0.8135571977810729 and parameters: {'n_estimators': 600, 'max_depth': 11, 'min_samples_leaf': 3}. Best is trial 12 with value: 0.8530663789016047.
    Trial 47/50 (best val_r2=0.8531)
  [HPO] Trial 47 started...
  [HPO] Trial 47 finished in 5.7s (val_r2=0.7893)
[I 2026-04-01 09:30:07,392] Trial 47 finished with value: 0.7892638479346779 and parameters: {'n_estimators': 550, 'max_depth': 9, 'min_samples_leaf': 1}. Best is trial 12 with value: 0.8530663789016047.
    Trial 48/50 (best val_r2=0.8531)
  [HPO] Trial 48 started...
  [HPO] Trial 48 finished in 8.0s (val_r2=0.8527)
[I 2026-04-01 09:30:15,408] Trial 48 finished with value: 0.8527074623881176 and parameters: {'n_estimators': 500, 'max_depth': 24, 'min_samples_leaf': 1}. Best is trial 12 with value: 0.8530663789016047.
    Trial 49/50 (best val_r2=0.8531)
  [HPO] Trial 49 started...
  [HPO] Trial 49 finished in 8.8s (val_r2=0.8498)
[I 2026-04-01 09:30:24,297] Trial 49 finished with value: 0.8498104027280213 and parameters: {'n_estimators': 600, 'max_depth': 19, 'min_samples_leaf': 1}. Best is trial 12 with value: 0.8530663789016047.
    Trial 50/50 (best val_r2=0.8531)
[4/6] Training nstxu_t3_rf_gamma...
[5/6] HPO for nstxu_t3_mlp_gamma (50 trials)...
[I 2026-04-01 09:30:34,292] A new study created in memory with name: nstxu_t3_coils_shape_gamma_hpo-torch.mlp
  [HPO] Trial 0 started...
  [HPO] Trial 0 finished in 26.3s (val_r2=0.9045)
[I 2026-04-01 09:31:00,628] Trial 0 finished with value: 0.9045098924218151 and parameters: {'hidden_layers_index': 3, 'dropout': 0.09501648801396492, 'learning_rate': 0.0025143428814176426, 'batch_size': 64, 'epochs': 153}. Best is trial 0 with value: 0.9045098924218151.
    Trial 1/50 (best val_r2=0.9045)
  [HPO] Trial 1 started...
  [HPO] Trial 1 finished in 35.3s (val_r2=0.8991)
[I 2026-04-01 09:31:35,939] Trial 1 finished with value: 0.8990663562580941 and parameters: {'hidden_layers_index': 3, 'dropout': 0.2566453379036277, 'learning_rate': 0.0016853391697173288, 'batch_size': 64, 'epochs': 183}. Best is trial 0 with value: 0.9045098924218151.
    Trial 2/50 (best val_r2=0.9045)
  [HPO] Trial 2 started...
  [HPO] Trial 2 finished in 28.3s (val_r2=0.9230)
[I 2026-04-01 09:32:04,268] Trial 2 finished with value: 0.9229976451973176 and parameters: {'hidden_layers_index': 1, 'dropout': 0.2719391806312388, 'learning_rate': 0.0002725285130250698, 'batch_size': 128, 'epochs': 194}. Best is trial 2 with value: 0.9229976451973176.
    Trial 3/50 (best val_r2=0.9230)
  [HPO] Trial 3 started...
  [HPO] Trial 3 finished in 18.5s (val_r2=0.8927)
[I 2026-04-01 09:32:22,728] Trial 3 finished with value: 0.892664436240697 and parameters: {'hidden_layers_index': 0, 'dropout': 0.12775654655214583, 'learning_rate': 0.00362466400156375, 'batch_size': 128, 'epochs': 185}. Best is trial 2 with value: 0.9229976451973176.
    Trial 4/50 (best val_r2=0.9230)
  [HPO] Trial 4 started...
  [HPO] Trial 4 finished in 17.7s (val_r2=0.8905)
[I 2026-04-01 09:32:40,441] Trial 4 finished with value: 0.8905083738557212 and parameters: {'hidden_layers_index': 0, 'dropout': 0.29863089479757504, 'learning_rate': 0.0024043227611998323, 'batch_size': 64, 'epochs': 138}. Best is trial 2 with value: 0.9229976451973176.
    Trial 5/50 (best val_r2=0.9230)
  [HPO] Trial 5 started...
  [HPO] Trial 5 finished in 45.5s (val_r2=0.9063)
[I 2026-04-01 09:33:25,964] Trial 5 finished with value: 0.906305484427827 and parameters: {'hidden_layers_index': 3, 'dropout': 4.81342779403704e-06, 'learning_rate': 0.0002627903447762754, 'batch_size': 32, 'epochs': 164}. Best is trial 2 with value: 0.9229976451973176.
    Trial 6/50 (best val_r2=0.9230)
  [HPO] Trial 6 started...
  [HPO] Trial 6 finished in 22.6s (val_r2=0.8914)
[I 2026-04-01 09:33:48,549] Trial 6 finished with value: 0.8913787714950685 and parameters: {'hidden_layers_index': 3, 'dropout': 0.09779028087919613, 'learning_rate': 0.0006001696958441087, 'batch_size': 128, 'epochs': 173}. Best is trial 2 with value: 0.9229976451973176.
    Trial 7/50 (best val_r2=0.9230)
  [HPO] Trial 7 started...
  [HPO] Trial 7 finished in 9.1s (val_r2=0.9094)
[I 2026-04-01 09:33:57,626] Trial 7 finished with value: 0.9093600836386236 and parameters: {'hidden_layers_index': 0, 'dropout': 0.27443403167492536, 'learning_rate': 0.0008540385215381805, 'batch_size': 128, 'epochs': 98}. Best is trial 2 with value: 0.9229976451973176.
    Trial 8/50 (best val_r2=0.9230)
  [HPO] Trial 8 started...
  [HPO] Trial 8 finished in 56.3s (val_r2=0.9225)
[I 2026-04-01 09:34:53,902] Trial 8 finished with value: 0.9225164342576658 and parameters: {'hidden_layers_index': 3, 'dropout': 0.27204200624185687, 'learning_rate': 0.0002533817781390946, 'batch_size': 32, 'epochs': 181}. Best is trial 2 with value: 0.9229976451973176.
    Trial 9/50 (best val_r2=0.9230)
  [HPO] Trial 9 started...
  [HPO] Trial 9 finished in 24.2s (val_r2=0.9158)
[I 2026-04-01 09:35:18,134] Trial 9 finished with value: 0.9157982100997935 and parameters: {'hidden_layers_index': 1, 'dropout': 0.057948395618530046, 'learning_rate': 0.0002110412997403752, 'batch_size': 128, 'epochs': 185}. Best is trial 2 with value: 0.9229976451973176.
    Trial 10/50 (best val_r2=0.9230)
  [HPO] Trial 10 started...
  [HPO] Trial 10 finished in 16.0s (val_r2=0.8610)
[I 2026-04-01 09:35:34,098] Trial 10 finished with value: 0.8609740680015409 and parameters: {'hidden_layers_index': 1, 'dropout': 0.38657081357624046, 'learning_rate': 0.00010575648042945282, 'batch_size': 128, 'epochs': 126}. Best is trial 2 with value: 0.9229976451973176.
    Trial 11/50 (best val_r2=0.9230)
  [HPO] Trial 11 started...
  [HPO] Trial 11 finished in 50.4s (val_r2=0.9103)
[I 2026-04-01 09:36:24,541] Trial 11 finished with value: 0.9103286612025441 and parameters: {'hidden_layers_index': 2, 'dropout': 0.1892843825713042, 'learning_rate': 0.00034682945681412103, 'batch_size': 32, 'epochs': 199}. Best is trial 2 with value: 0.9229976451973176.
    Trial 12/50 (best val_r2=0.9230)
  [HPO] Trial 12 started...
  [HPO] Trial 12 finished in 51.4s (val_r2=0.9274)
[I 2026-04-01 09:37:15,937] Trial 12 finished with value: 0.9273674974789048 and parameters: {'hidden_layers_index': 2, 'dropout': 0.34833555022829726, 'learning_rate': 0.00012574860425370763, 'batch_size': 32, 'epochs': 197}. Best is trial 12 with value: 0.9273674974789048.
    Trial 13/50 (best val_r2=0.9274)
  [HPO] Trial 13 started...
  [HPO] Trial 13 finished in 59.9s (val_r2=0.9319)
[I 2026-04-01 09:38:15,802] Trial 13 finished with value: 0.9318791482924578 and parameters: {'hidden_layers_index': 2, 'dropout': 0.380572239779309, 'learning_rate': 0.00010511600031981292, 'batch_size': 32, 'epochs': 200}. Best is trial 13 with value: 0.9318791482924578.
    Trial 14/50 (best val_r2=0.9319)
  [HPO] Trial 14 started...
  [HPO] Trial 14 finished in 31.1s (val_r2=0.9026)
[I 2026-04-01 09:38:46,867] Trial 14 finished with value: 0.902594157000955 and parameters: {'hidden_layers_index': 2, 'dropout': 0.399873086806622, 'learning_rate': 0.00010285123093616504, 'batch_size': 32, 'epochs': 109}. Best is trial 13 with value: 0.9318791482924578.
    Trial 15/50 (best val_r2=0.9319)
  [HPO] Trial 15 started...
  [HPO] Trial 15 finished in 43.4s (val_r2=0.9129)
[I 2026-04-01 09:39:30,284] Trial 15 finished with value: 0.9128801012678904 and parameters: {'hidden_layers_index': 2, 'dropout': 0.33072636109310677, 'learning_rate': 0.00016113759048656562, 'batch_size': 32, 'epochs': 159}. Best is trial 13 with value: 0.9318791482924578.
    Trial 16/50 (best val_r2=0.9319)
  [HPO] Trial 16 started...
  [HPO] Trial 16 finished in 58.3s (val_r2=0.9106)
[I 2026-04-01 09:40:28,549] Trial 16 finished with value: 0.9106033473522095 and parameters: {'hidden_layers_index': 2, 'dropout': 0.3483639711674471, 'learning_rate': 0.0006998030118198035, 'batch_size': 32, 'epochs': 198}. Best is trial 13 with value: 0.9318791482924578.
    Trial 17/50 (best val_r2=0.9319)
  [HPO] Trial 17 started...
  [HPO] Trial 17 finished in 45.4s (val_r2=0.9139)
[I 2026-04-01 09:41:13,956] Trial 17 finished with value: 0.913901342801216 and parameters: {'hidden_layers_index': 2, 'dropout': 0.1843132397317376, 'learning_rate': 0.0004341990225146959, 'batch_size': 32, 'epochs': 142}. Best is trial 13 with value: 0.9318791482924578.
    Trial 18/50 (best val_r2=0.9319)
  [HPO] Trial 18 started...
  [HPO] Trial 18 finished in 44.2s (val_r2=0.9150)
[I 2026-04-01 09:41:58,122] Trial 18 finished with value: 0.9149630964237899 and parameters: {'hidden_layers_index': 1, 'dropout': 0.3502215421445802, 'learning_rate': 0.00015034882567393305, 'batch_size': 32, 'epochs': 167}. Best is trial 13 with value: 0.9318791482924578.
    Trial 19/50 (best val_r2=0.9319)
  [HPO] Trial 19 started...
  [HPO] Trial 19 finished in 23.3s (val_r2=0.9162)
[I 2026-04-01 09:42:21,437] Trial 19 finished with value: 0.9161768452259651 and parameters: {'hidden_layers_index': 2, 'dropout': 0.237994167437379, 'learning_rate': 0.0011359549279588823, 'batch_size': 32, 'epochs': 83}. Best is trial 13 with value: 0.9318791482924578.
    Trial 20/50 (best val_r2=0.9319)
  [HPO] Trial 20 started...
  [HPO] Trial 20 finished in 37.1s (val_r2=0.9245)
[I 2026-04-01 09:42:58,552] Trial 20 finished with value: 0.9245099798037544 and parameters: {'hidden_layers_index': 1, 'dropout': 0.315212554987843, 'learning_rate': 0.00015861121571972528, 'batch_size': 32, 'epochs': 148}. Best is trial 13 with value: 0.9318791482924578.
    Trial 21/50 (best val_r2=0.9319)
  [HPO] Trial 21 started...
  [HPO] Trial 21 finished in 30.5s (val_r2=0.9122)
[I 2026-04-01 09:43:29,072] Trial 21 finished with value: 0.9122139492559801 and parameters: {'hidden_layers_index': 1, 'dropout': 0.32128255479069207, 'learning_rate': 0.00015372458377363582, 'batch_size': 32, 'epochs': 121}. Best is trial 13 with value: 0.9318791482924578.
    Trial 22/50 (best val_r2=0.9319)
  [HPO] Trial 22 started...
  [HPO] Trial 22 finished in 38.5s (val_r2=0.9201)
[I 2026-04-01 09:44:07,605] Trial 22 finished with value: 0.9201208215346715 and parameters: {'hidden_layers_index': 2, 'dropout': 0.3691316500457003, 'learning_rate': 0.0001061909007015667, 'batch_size': 32, 'epochs': 144}. Best is trial 13 with value: 0.9318791482924578.
    Trial 23/50 (best val_r2=0.9319)
  [HPO] Trial 23 started...
  [HPO] Trial 23 finished in 56.6s (val_r2=0.9096)
