[I 2026-04-01 02:13:22,015] Trial 31 finished with value: 0.8971399483026525 and parameters: {'hidden_layers_index': 3, 'dropout': 0.30834007024145393, 'learning_rate': 0.0005625140384676439, 'batch_size': 32, 'epochs': 143}. Best is trial 8 with value: 0.9258382110442084.
    Trial 32/40 (best val_r2=0.9258)
  [HPO] Trial 32 started...
  [HPO] Trial 32 finished in 26.5s (val_r2=0.8807)
[I 2026-04-01 02:13:48,526] Trial 32 finished with value: 0.8807133380682988 and parameters: {'hidden_layers_index': 3, 'dropout': 0.2583307667208989, 'learning_rate': 0.0005176761836371778, 'batch_size': 32, 'epochs': 81}. Best is trial 8 with value: 0.9258382110442084.
    Trial 33/40 (best val_r2=0.9258)
  [HPO] Trial 33 started...
  [HPO] Trial 33 finished in 46.0s (val_r2=0.9000)
[I 2026-04-01 02:14:34,505] Trial 33 finished with value: 0.9000467819503079 and parameters: {'hidden_layers_index': 3, 'dropout': 0.2747263431870937, 'learning_rate': 0.0007536741601055565, 'batch_size': 32, 'epochs': 140}. Best is trial 8 with value: 0.9258382110442084.
    Trial 34/40 (best val_r2=0.9258)
  [HPO] Trial 34 started...
  [HPO] Trial 34 finished in 34.3s (val_r2=0.9075)
[I 2026-04-01 02:15:08,814] Trial 34 finished with value: 0.9075015740674287 and parameters: {'hidden_layers_index': 3, 'dropout': 0.30931310944909407, 'learning_rate': 0.0015389914826226595, 'batch_size': 32, 'epochs': 114}. Best is trial 8 with value: 0.9258382110442084.
    Trial 35/40 (best val_r2=0.9258)
  [HPO] Trial 35 started...
  [HPO] Trial 35 finished in 26.4s (val_r2=0.9194)
[I 2026-04-01 02:15:35,237] Trial 35 finished with value: 0.9193747543005341 and parameters: {'hidden_layers_index': 3, 'dropout': 0.25312767466515884, 'learning_rate': 0.0003837307741521366, 'batch_size': 128, 'epochs': 175}. Best is trial 8 with value: 0.9258382110442084.
    Trial 36/40 (best val_r2=0.9258)
  [HPO] Trial 36 started...
  [HPO] Trial 36 finished in 29.7s (val_r2=0.8983)
[I 2026-04-01 02:16:04,935] Trial 36 finished with value: 0.8983047038260247 and parameters: {'hidden_layers_index': 3, 'dropout': 0.2496629761410092, 'learning_rate': 0.0002786002532228422, 'batch_size': 128, 'epochs': 191}. Best is trial 8 with value: 0.9258382110442084.
    Trial 37/40 (best val_r2=0.9258)
  [HPO] Trial 37 started...
  [HPO] Trial 37 finished in 19.9s (val_r2=0.9068)
[I 2026-04-01 02:16:24,863] Trial 37 finished with value: 0.9067641550748395 and parameters: {'hidden_layers_index': 2, 'dropout': 0.2846864255391325, 'learning_rate': 0.0004007678661644894, 'batch_size': 128, 'epochs': 178}. Best is trial 8 with value: 0.9258382110442084.
    Trial 38/40 (best val_r2=0.9258)
  [HPO] Trial 38 started...
  [HPO] Trial 38 finished in 24.2s (val_r2=0.8908)
[I 2026-04-01 02:16:49,062] Trial 38 finished with value: 0.8907613595089813 and parameters: {'hidden_layers_index': 3, 'dropout': 0.20770698554552106, 'learning_rate': 0.0002282523884989692, 'batch_size': 128, 'epochs': 163}. Best is trial 8 with value: 0.9258382110442084.
    Trial 39/40 (best val_r2=0.9258)
  [HPO] Trial 39 started...
  [HPO] Trial 39 finished in 18.6s (val_r2=0.8703)
[I 2026-04-01 02:17:07,644] Trial 39 finished with value: 0.8702805514731208 and parameters: {'hidden_layers_index': 0, 'dropout': 0.11034751076699126, 'learning_rate': 0.0023928888859833563, 'batch_size': 128, 'epochs': 172}. Best is trial 8 with value: 0.9258382110442084.
    Trial 40/40 (best val_r2=0.9258)
[6/6] Training nstxu_mlp_mag_gamma...
[6/6] Done. Artifacts in runs/nstxu_magnetics_gamma_hpo
Workflow nstxu_magnetics_gamma_hpo complete. Artifacts saved to runs/nstxu_magnetics_gamma_hpo
{
  "run_tag": "nstxu_magnetics_gamma_hpo",
  "dataset": {
    "file_path": "data/datasets/NSTX-U/nstxu_equil_curated.pkl",
    "n_rows": 10000,
    "n_inputs": 9,
    "n_outputs": 1,
    "output_groups": {},
    "profile_groups": {},
    "dataset_info": {
      "shape": [
        10000,
        33
      ],
      "n_input_variables": 29,
      "n_output_variables": 4,
      "n_output_groups": 0,
      "largest_output_group": 0,
      "largest_output_group_name": null
    }
  },
  "resources": {
    "scheduler": null,
    "n_cpus": 10,
    "n_gpus": 0,
    "gpu_type": null,
    "device": "cpu",
    "hostname": "asanche2-lt",
    "extras": {
      "platform": "macOS-26.3.1-arm64-arm-64bit"
    }
  },
  "splits": {
    "train": 6000,
    "val": 2000,
    "test": 2000
  },
  "scalers": {
    "input_scaler": "runs/nstxu_magnetics_gamma_hpo/scalers/inputs.joblib",
    "output_scaler": "runs/nstxu_magnetics_gamma_hpo/scalers/outputs.joblib"
  },
  "models": [
    {
      "name": "nstxu_rf_mag_gamma",
      "backend": "sklearn",
      "params": {
        "n_estimators": 600,
        "max_depth": 26,
        "min_samples_leaf": 1
      },
      "metrics": {
        "train": {
          "r2": 0.9643239832027328,
          "rmse": 548.5873983980807,
          "mae": 237.5994834012553,
          "mape": 1233088027682.5198
        },
        "val": {
          "r2": 0.7367361932176117,
          "rmse": 1458.225672480264,
          "mae": 634.7360818726713,
          "mape": 0.9494162054678561
        },
        "test": {
          "r2": 0.70466954713526,
          "rmse": 1542.247240418327,
          "mae": 682.5852672168104,
          "mape": 1.092500621146772
        }
      },
      "timings": {
        "train_seconds": 2.458927291998407,
        "train_inference_seconds": 0.11198954100109404,
        "val_inference_seconds": 0.07398241599730682,
        "train_inference_per_sample": 1.866492350018234e-05,
        "val_inference_per_sample": 3.699120799865341e-05,
        "test_inference_seconds": 0.06395483399683144,
        "test_inference_per_sample": 3.197741699841572e-05
      },
      "artifacts": {
        "model": "runs/nstxu_magnetics_gamma_hpo/models/nstxu_rf_mag_gamma.joblib",
        "predictions": {
          "train": "runs/nstxu_magnetics_gamma_hpo/predictions/nstxu_rf_mag_gamma_train.csv",
          "val": "runs/nstxu_magnetics_gamma_hpo/predictions/nstxu_rf_mag_gamma_val.csv",
          "test": "runs/nstxu_magnetics_gamma_hpo/predictions/nstxu_rf_mag_gamma_test.csv"
        },
        "hpo": "runs/nstxu_magnetics_gamma_hpo/hpo/nstxu_rf_mag_gamma_hpo.json"
      }
    },
    {
      "name": "nstxu_mlp_mag_gamma",
      "backend": "pytorch",
      "params": {
        "hidden_layers": [
          384,
          256,
          128
        ],
        "dropout": 0.27204200624185687,
        "epochs": 181,
        "batch_size": 32,
        "learning_rate": 0.0002533817781390946,
        "mc_dropout_passes": 40,
        "activation": "relu"
      },
      "metrics": {
        "train": {
          "r2": 0.951181497351064,
          "rmse": 641.726353564809,
          "mae": 226.39471884209297,
          "mape": 1552175617129055.0
        },
        "val": {
          "r2": 0.8947770685388718,
          "rmse": 921.9011566075309,
          "mae": 298.1068129777897,
          "mape": 0.8456376062859351
        },
        "test": {
          "r2": 0.8393311908379831,
          "rmse": 1137.537371811088,
          "mae": 344.8873333262181,
          "mape": 0.9444942397312398
        }
      },
      "timings": {
        "train_seconds": 57.80747800000245,
        "train_inference_seconds": 0.01380095800413983,
        "val_inference_seconds": 0.00332091699965531,
        "train_inference_per_sample": 2.300159667356638e-06,
        "val_inference_per_sample": 1.660458499827655e-06,
        "test_inference_seconds": 0.003326375001051929,
        "test_inference_per_sample": 1.6631875005259645e-06
      },
      "artifacts": {
        "model": "runs/nstxu_magnetics_gamma_hpo/models/nstxu_mlp_mag_gamma.joblib",
        "predictions": {
          "train": "runs/nstxu_magnetics_gamma_hpo/predictions/nstxu_mlp_mag_gamma_train.csv",
          "val": "runs/nstxu_magnetics_gamma_hpo/predictions/nstxu_mlp_mag_gamma_val.csv",
          "test": "runs/nstxu_magnetics_gamma_hpo/predictions/nstxu_mlp_mag_gamma_test.csv",
          "val_uq": "runs/nstxu_magnetics_gamma_hpo/predictions/nstxu_mlp_mag_gamma_val_uq.json"
        },
        "hpo": "runs/nstxu_magnetics_gamma_hpo/hpo/nstxu_mlp_mag_gamma_hpo.json"
      }
    }
  ],
  "registry": "Registered Models:",
  "artifacts": {
    "root": "runs/nstxu_magnetics_gamma_hpo",
    "metrics": "runs/nstxu_magnetics_gamma_hpo/metrics.json",
    "summary": "runs/nstxu_magnetics_gamma_hpo/workflow_summary.json",
    "spec": "runs/nstxu_magnetics_gamma_hpo/spec.yaml",
    "train_data_ranges": "runs/nstxu_magnetics_gamma_hpo/train_data_ranges.json"
  }
}
>>> 2026-04-01T02:18:07-04:00 OK nstxu_magnetics_gamma_hpo

>>> 2026-04-01T02:18:07-04:00 START nstxu_gamma_shapes_only_hpo

A module that was compiled using NumPy 1.x cannot be run in
NumPy 2.3.4 as it may crash. To support both 1.x and 2.x
versions of NumPy, modules must be compiled with NumPy 2.0.
Some module may need to rebuild instead e.g. with 'pybind11>=2.12'.

If you are a user of the module, the easiest solution will be to
downgrade to 'numpy<2' or try to upgrade the affected module.
We expect that some modules will need time to support NumPy 2.

Traceback (most recent call last):  File "<frozen runpy>", line 198, in _run_module_as_main
  File "<frozen runpy>", line 88, in _run_code
  File "/Users/asanche2/repos/SURGE/examples/m3dc1_workflow.py", line 14, in <module>
    import surge  # noqa: F401 - ensures package initialization registers adapters
  File "/Users/asanche2/repos/SURGE/surge/__init__.py", line 10, in <module>
    from .model import GPFLOW_AVAILABLE, MODEL_REGISTRY, PYTORCH_AVAILABLE
  File "/Users/asanche2/repos/SURGE/surge/model/__init__.py", line 7, in <module>
    from .gpflow import GPFLOW_AVAILABLE, GPflowGPRAdapter, GPflowMultiKernelAdapter
  File "/Users/asanche2/repos/SURGE/surge/model/gpflow.py", line 7, in <module>
    from .gpflow_impl import GPFLOW_AVAILABLE, GPflowGPRModel, GPflowMultiKernelGPR
  File "/Users/asanche2/repos/SURGE/surge/model/gpflow_impl.py", line 11, in <module>
    import gpflow as gpf
  File "/opt/homebrew/anaconda3/lib/python3.12/site-packages/gpflow/__init__.py", line 17, in <module>
    from . import (
  File "/opt/homebrew/anaconda3/lib/python3.12/site-packages/gpflow/conditionals/__init__.py", line 1, in <module>
    from . import conditionals, multioutput, sample_conditionals
  File "/opt/homebrew/anaconda3/lib/python3.12/site-packages/gpflow/conditionals/conditionals.py", line 17, in <module>
    import tensorflow as tf
  File "/opt/homebrew/anaconda3/lib/python3.12/site-packages/tensorflow/__init__.py", line 45, in <module>
    from tensorflow._api.v2 import __internal__
  File "/opt/homebrew/anaconda3/lib/python3.12/site-packages/tensorflow/_api/v2/__internal__/__init__.py", line 8, in <module>
    from tensorflow._api.v2.__internal__ import autograph
  File "/opt/homebrew/anaconda3/lib/python3.12/site-packages/tensorflow/_api/v2/__internal__/autograph/__init__.py", line 8, in <module>
    from tensorflow.python.autograph.core.ag_ctx import control_status_ctx # line: 34
  File "/opt/homebrew/anaconda3/lib/python3.12/site-packages/tensorflow/python/autograph/core/ag_ctx.py", line 21, in <module>
    from tensorflow.python.autograph.utils import ag_logging
  File "/opt/homebrew/anaconda3/lib/python3.12/site-packages/tensorflow/python/autograph/utils/__init__.py", line 17, in <module>
    from tensorflow.python.autograph.utils.context_managers import control_dependency_on_returns
  File "/opt/homebrew/anaconda3/lib/python3.12/site-packages/tensorflow/python/autograph/utils/context_managers.py", line 19, in <module>
    from tensorflow.python.framework import ops
  File "/opt/homebrew/anaconda3/lib/python3.12/site-packages/tensorflow/python/framework/ops.py", line 46, in <module>
    from tensorflow.python import pywrap_tfe
  File "/opt/homebrew/anaconda3/lib/python3.12/site-packages/tensorflow/python/pywrap_tfe.py", line 25, in <module>
    from tensorflow.python._pywrap_tfe import *
Traceback (most recent call last):
  File "/opt/homebrew/anaconda3/lib/python3.12/site-packages/numpy/core/_multiarray_umath.py", line 46, in __getattr__
    raise ImportError(msg)
ImportError: 
A module that was compiled using NumPy 1.x cannot be run in
NumPy 2.3.4 as it may crash. To support both 1.x and 2.x
versions of NumPy, modules must be compiled with NumPy 2.0.
Some module may need to rebuild instead e.g. with 'pybind11>=2.12'.

If you are a user of the module, the easiest solution will be to
downgrade to 'numpy<2' or try to upgrade the affected module.
We expect that some modules will need time to support NumPy 2.


AttributeError: 'MessageFactory' object has no attribute 'GetPrototype'

A module that was compiled using NumPy 1.x cannot be run in
NumPy 2.3.4 as it may crash. To support both 1.x and 2.x
versions of NumPy, modules must be compiled with NumPy 2.0.
Some module may need to rebuild instead e.g. with 'pybind11>=2.12'.

If you are a user of the module, the easiest solution will be to
downgrade to 'numpy<2' or try to upgrade the affected module.
We expect that some modules will need time to support NumPy 2.

Traceback (most recent call last):  File "<frozen runpy>", line 198, in _run_module_as_main
  File "<frozen runpy>", line 88, in _run_code
  File "/Users/asanche2/repos/SURGE/examples/m3dc1_workflow.py", line 14, in <module>
    import surge  # noqa: F401 - ensures package initialization registers adapters
  File "/Users/asanche2/repos/SURGE/surge/__init__.py", line 10, in <module>
    from .model import GPFLOW_AVAILABLE, MODEL_REGISTRY, PYTORCH_AVAILABLE
  File "/Users/asanche2/repos/SURGE/surge/model/__init__.py", line 7, in <module>
    from .gpflow import GPFLOW_AVAILABLE, GPflowGPRAdapter, GPflowMultiKernelAdapter
  File "/Users/asanche2/repos/SURGE/surge/model/gpflow.py", line 7, in <module>
    from .gpflow_impl import GPFLOW_AVAILABLE, GPflowGPRModel, GPflowMultiKernelGPR
  File "/Users/asanche2/repos/SURGE/surge/model/gpflow_impl.py", line 11, in <module>
    import gpflow as gpf
  File "/opt/homebrew/anaconda3/lib/python3.12/site-packages/gpflow/__init__.py", line 17, in <module>
    from . import (
  File "/opt/homebrew/anaconda3/lib/python3.12/site-packages/gpflow/conditionals/__init__.py", line 1, in <module>
    from . import conditionals, multioutput, sample_conditionals
  File "/opt/homebrew/anaconda3/lib/python3.12/site-packages/gpflow/conditionals/conditionals.py", line 17, in <module>
    import tensorflow as tf
  File "/opt/homebrew/anaconda3/lib/python3.12/site-packages/tensorflow/__init__.py", line 45, in <module>
    from tensorflow._api.v2 import __internal__
  File "/opt/homebrew/anaconda3/lib/python3.12/site-packages/tensorflow/_api/v2/__internal__/__init__.py", line 8, in <module>
    from tensorflow._api.v2.__internal__ import autograph
  File "/opt/homebrew/anaconda3/lib/python3.12/site-packages/tensorflow/_api/v2/__internal__/autograph/__init__.py", line 8, in <module>
    from tensorflow.python.autograph.core.ag_ctx import control_status_ctx # line: 34
  File "/opt/homebrew/anaconda3/lib/python3.12/site-packages/tensorflow/python/autograph/core/ag_ctx.py", line 21, in <module>
    from tensorflow.python.autograph.utils import ag_logging
  File "/opt/homebrew/anaconda3/lib/python3.12/site-packages/tensorflow/python/autograph/utils/__init__.py", line 17, in <module>
    from tensorflow.python.autograph.utils.context_managers import control_dependency_on_returns
  File "/opt/homebrew/anaconda3/lib/python3.12/site-packages/tensorflow/python/autograph/utils/context_managers.py", line 19, in <module>
    from tensorflow.python.framework import ops
  File "/opt/homebrew/anaconda3/lib/python3.12/site-packages/tensorflow/python/framework/ops.py", line 49, in <module>
    from tensorflow.python.client import pywrap_tf_session
  File "/opt/homebrew/anaconda3/lib/python3.12/site-packages/tensorflow/python/client/pywrap_tf_session.py", line 19, in <module>
    from tensorflow.python.client._pywrap_tf_session import *
Traceback (most recent call last):
  File "/opt/homebrew/anaconda3/lib/python3.12/site-packages/numpy/core/_multiarray_umath.py", line 46, in __getattr__
    raise ImportError(msg)
ImportError: 
A module that was compiled using NumPy 1.x cannot be run in
NumPy 2.3.4 as it may crash. To support both 1.x and 2.x
versions of NumPy, modules must be compiled with NumPy 2.0.
Some module may need to rebuild instead e.g. with 'pybind11>=2.12'.

If you are a user of the module, the easiest solution will be to
downgrade to 'numpy<2' or try to upgrade the affected module.
We expect that some modules will need time to support NumPy 2.



A module that was compiled using NumPy 1.x cannot be run in
NumPy 2.3.4 as it may crash. To support both 1.x and 2.x
versions of NumPy, modules must be compiled with NumPy 2.0.
Some module may need to rebuild instead e.g. with 'pybind11>=2.12'.

If you are a user of the module, the easiest solution will be to
downgrade to 'numpy<2' or try to upgrade the affected module.
We expect that some modules will need time to support NumPy 2.

Traceback (most recent call last):  File "<frozen runpy>", line 198, in _run_module_as_main
  File "<frozen runpy>", line 88, in _run_code
  File "/Users/asanche2/repos/SURGE/examples/m3dc1_workflow.py", line 14, in <module>
    import surge  # noqa: F401 - ensures package initialization registers adapters
  File "/Users/asanche2/repos/SURGE/surge/__init__.py", line 10, in <module>
    from .model import GPFLOW_AVAILABLE, MODEL_REGISTRY, PYTORCH_AVAILABLE
  File "/Users/asanche2/repos/SURGE/surge/model/__init__.py", line 7, in <module>
    from .gpflow import GPFLOW_AVAILABLE, GPflowGPRAdapter, GPflowMultiKernelAdapter
  File "/Users/asanche2/repos/SURGE/surge/model/gpflow.py", line 7, in <module>
    from .gpflow_impl import GPFLOW_AVAILABLE, GPflowGPRModel, GPflowMultiKernelGPR
  File "/Users/asanche2/repos/SURGE/surge/model/gpflow_impl.py", line 11, in <module>
    import gpflow as gpf
  File "/opt/homebrew/anaconda3/lib/python3.12/site-packages/gpflow/__init__.py", line 17, in <module>
    from . import (
  File "/opt/homebrew/anaconda3/lib/python3.12/site-packages/gpflow/conditionals/__init__.py", line 1, in <module>
    from . import conditionals, multioutput, sample_conditionals
  File "/opt/homebrew/anaconda3/lib/python3.12/site-packages/gpflow/conditionals/conditionals.py", line 17, in <module>
    import tensorflow as tf
  File "/opt/homebrew/anaconda3/lib/python3.12/site-packages/tensorflow/__init__.py", line 45, in <module>
    from tensorflow._api.v2 import __internal__
  File "/opt/homebrew/anaconda3/lib/python3.12/site-packages/tensorflow/_api/v2/__internal__/__init__.py", line 8, in <module>
    from tensorflow._api.v2.__internal__ import autograph
  File "/opt/homebrew/anaconda3/lib/python3.12/site-packages/tensorflow/_api/v2/__internal__/autograph/__init__.py", line 8, in <module>
    from tensorflow.python.autograph.core.ag_ctx import control_status_ctx # line: 34
  File "/opt/homebrew/anaconda3/lib/python3.12/site-packages/tensorflow/python/autograph/core/ag_ctx.py", line 21, in <module>
    from tensorflow.python.autograph.utils import ag_logging
  File "/opt/homebrew/anaconda3/lib/python3.12/site-packages/tensorflow/python/autograph/utils/__init__.py", line 17, in <module>
    from tensorflow.python.autograph.utils.context_managers import control_dependency_on_returns
  File "/opt/homebrew/anaconda3/lib/python3.12/site-packages/tensorflow/python/autograph/utils/context_managers.py", line 19, in <module>
    from tensorflow.python.framework import ops
  File "/opt/homebrew/anaconda3/lib/python3.12/site-packages/tensorflow/python/framework/ops.py", line 50, in <module>
    from tensorflow.python.eager import context
  File "/opt/homebrew/anaconda3/lib/python3.12/site-packages/tensorflow/python/eager/context.py", line 37, in <module>
    from tensorflow.python.eager import execute
  File "/opt/homebrew/anaconda3/lib/python3.12/site-packages/tensorflow/python/eager/execute.py", line 21, in <module>
    from tensorflow.python.framework import dtypes
  File "/opt/homebrew/anaconda3/lib/python3.12/site-packages/tensorflow/python/framework/dtypes.py", line 21, in <module>
    import ml_dtypes
  File "/opt/homebrew/anaconda3/lib/python3.12/site-packages/ml_dtypes/__init__.py", line 32, in <module>
    from ml_dtypes._finfo import finfo
  File "/opt/homebrew/anaconda3/lib/python3.12/site-packages/ml_dtypes/_finfo.py", line 19, in <module>
    from ml_dtypes._ml_dtypes_ext import bfloat16
Traceback (most recent call last):
  File "/opt/homebrew/anaconda3/lib/python3.12/site-packages/numpy/core/_multiarray_umath.py", line 46, in __getattr__
    raise ImportError(msg)
ImportError: 
A module that was compiled using NumPy 1.x cannot be run in
NumPy 2.3.4 as it may crash. To support both 1.x and 2.x
versions of NumPy, modules must be compiled with NumPy 2.0.
Some module may need to rebuild instead e.g. with 'pybind11>=2.12'.

If you are a user of the module, the easiest solution will be to
downgrade to 'numpy<2' or try to upgrade the affected module.
We expect that some modules will need time to support NumPy 2.


ImportError: numpy.core._multiarray_umath failed to import
Warning: GPflow not available or incompatible. Install with: pip install gpflow
SURGE workflow started.
Starting SURGE workflow for dataset data/datasets/NSTX-U/nstxu_equil_curated.pkl
[1/6] Loading dataset...
[2/6] Preparing splits and scalers...
[3/6] HPO for nstxu_rf_gamma_shapes (50 trials)...
[I 2026-04-01 02:18:13,778] A new study created in memory with name: nstxu_gamma_shapes_only_hpo-sklearn.random_forest
  [HPO] Trial 0 started...
  [HPO] Trial 0 finished in 2.2s (val_r2=0.7862)
