======== 2026-04-01T01:28:52-04:00 queue start =========

>>> 2026-04-01T01:28:52-04:00 START nstxu_magnetics_shaping_hpo

A module that was compiled using NumPy 1.x cannot be run in
NumPy 2.3.4 as it may crash. To support both 1.x and 2.x
versions of NumPy, modules must be compiled with NumPy 2.0.
Some module may need to rebuild instead e.g. with 'pybind11>=2.12'.

If you are a user of the module, the easiest solution will be to
downgrade to 'numpy<2' or try to upgrade the affected module.
We expect that some modules will need time to support NumPy 2.

Traceback (most recent call last):  File "<frozen runpy>", line 198, in _run_module_as_main
  File "<frozen runpy>", line 88, in _run_code
  File "/Users/asanche2/repos/SURGE/examples/m3dc1_workflow.py", line 14, in <module>
    import surge  # noqa: F401 - ensures package initialization registers adapters
  File "/Users/asanche2/repos/SURGE/surge/__init__.py", line 10, in <module>
    from .model import GPFLOW_AVAILABLE, MODEL_REGISTRY, PYTORCH_AVAILABLE
  File "/Users/asanche2/repos/SURGE/surge/model/__init__.py", line 7, in <module>
    from .gpflow import GPFLOW_AVAILABLE, GPflowGPRAdapter, GPflowMultiKernelAdapter
  File "/Users/asanche2/repos/SURGE/surge/model/gpflow.py", line 7, in <module>
    from .gpflow_impl import GPFLOW_AVAILABLE, GPflowGPRModel, GPflowMultiKernelGPR
  File "/Users/asanche2/repos/SURGE/surge/model/gpflow_impl.py", line 11, in <module>
    import gpflow as gpf
  File "/opt/homebrew/anaconda3/lib/python3.12/site-packages/gpflow/__init__.py", line 17, in <module>
    from . import (
  File "/opt/homebrew/anaconda3/lib/python3.12/site-packages/gpflow/conditionals/__init__.py", line 1, in <module>
    from . import conditionals, multioutput, sample_conditionals
  File "/opt/homebrew/anaconda3/lib/python3.12/site-packages/gpflow/conditionals/conditionals.py", line 17, in <module>
    import tensorflow as tf
  File "/opt/homebrew/anaconda3/lib/python3.12/site-packages/tensorflow/__init__.py", line 45, in <module>
    from tensorflow._api.v2 import __internal__
  File "/opt/homebrew/anaconda3/lib/python3.12/site-packages/tensorflow/_api/v2/__internal__/__init__.py", line 8, in <module>
    from tensorflow._api.v2.__internal__ import autograph
  File "/opt/homebrew/anaconda3/lib/python3.12/site-packages/tensorflow/_api/v2/__internal__/autograph/__init__.py", line 8, in <module>
    from tensorflow.python.autograph.core.ag_ctx import control_status_ctx # line: 34
  File "/opt/homebrew/anaconda3/lib/python3.12/site-packages/tensorflow/python/autograph/core/ag_ctx.py", line 21, in <module>
    from tensorflow.python.autograph.utils import ag_logging
  File "/opt/homebrew/anaconda3/lib/python3.12/site-packages/tensorflow/python/autograph/utils/__init__.py", line 17, in <module>
    from tensorflow.python.autograph.utils.context_managers import control_dependency_on_returns
  File "/opt/homebrew/anaconda3/lib/python3.12/site-packages/tensorflow/python/autograph/utils/context_managers.py", line 19, in <module>
    from tensorflow.python.framework import ops
  File "/opt/homebrew/anaconda3/lib/python3.12/site-packages/tensorflow/python/framework/ops.py", line 46, in <module>
    from tensorflow.python import pywrap_tfe
  File "/opt/homebrew/anaconda3/lib/python3.12/site-packages/tensorflow/python/pywrap_tfe.py", line 25, in <module>
    from tensorflow.python._pywrap_tfe import *
Traceback (most recent call last):
  File "/opt/homebrew/anaconda3/lib/python3.12/site-packages/numpy/core/_multiarray_umath.py", line 46, in __getattr__
    raise ImportError(msg)
ImportError: 
A module that was compiled using NumPy 1.x cannot be run in
NumPy 2.3.4 as it may crash. To support both 1.x and 2.x
versions of NumPy, modules must be compiled with NumPy 2.0.
Some module may need to rebuild instead e.g. with 'pybind11>=2.12'.

If you are a user of the module, the easiest solution will be to
downgrade to 'numpy<2' or try to upgrade the affected module.
We expect that some modules will need time to support NumPy 2.


AttributeError: 'MessageFactory' object has no attribute 'GetPrototype'

A module that was compiled using NumPy 1.x cannot be run in
NumPy 2.3.4 as it may crash. To support both 1.x and 2.x
versions of NumPy, modules must be compiled with NumPy 2.0.
Some module may need to rebuild instead e.g. with 'pybind11>=2.12'.

If you are a user of the module, the easiest solution will be to
downgrade to 'numpy<2' or try to upgrade the affected module.
We expect that some modules will need time to support NumPy 2.

Traceback (most recent call last):  File "<frozen runpy>", line 198, in _run_module_as_main
  File "<frozen runpy>", line 88, in _run_code
  File "/Users/asanche2/repos/SURGE/examples/m3dc1_workflow.py", line 14, in <module>
    import surge  # noqa: F401 - ensures package initialization registers adapters
  File "/Users/asanche2/repos/SURGE/surge/__init__.py", line 10, in <module>
    from .model import GPFLOW_AVAILABLE, MODEL_REGISTRY, PYTORCH_AVAILABLE
  File "/Users/asanche2/repos/SURGE/surge/model/__init__.py", line 7, in <module>
    from .gpflow import GPFLOW_AVAILABLE, GPflowGPRAdapter, GPflowMultiKernelAdapter
  File "/Users/asanche2/repos/SURGE/surge/model/gpflow.py", line 7, in <module>
    from .gpflow_impl import GPFLOW_AVAILABLE, GPflowGPRModel, GPflowMultiKernelGPR
  File "/Users/asanche2/repos/SURGE/surge/model/gpflow_impl.py", line 11, in <module>
    import gpflow as gpf
  File "/opt/homebrew/anaconda3/lib/python3.12/site-packages/gpflow/__init__.py", line 17, in <module>
    from . import (
  File "/opt/homebrew/anaconda3/lib/python3.12/site-packages/gpflow/conditionals/__init__.py", line 1, in <module>
    from . import conditionals, multioutput, sample_conditionals
  File "/opt/homebrew/anaconda3/lib/python3.12/site-packages/gpflow/conditionals/conditionals.py", line 17, in <module>
    import tensorflow as tf
  File "/opt/homebrew/anaconda3/lib/python3.12/site-packages/tensorflow/__init__.py", line 45, in <module>
    from tensorflow._api.v2 import __internal__
  File "/opt/homebrew/anaconda3/lib/python3.12/site-packages/tensorflow/_api/v2/__internal__/__init__.py", line 8, in <module>
    from tensorflow._api.v2.__internal__ import autograph
  File "/opt/homebrew/anaconda3/lib/python3.12/site-packages/tensorflow/_api/v2/__internal__/autograph/__init__.py", line 8, in <module>
    from tensorflow.python.autograph.core.ag_ctx import control_status_ctx # line: 34
  File "/opt/homebrew/anaconda3/lib/python3.12/site-packages/tensorflow/python/autograph/core/ag_ctx.py", line 21, in <module>
    from tensorflow.python.autograph.utils import ag_logging
  File "/opt/homebrew/anaconda3/lib/python3.12/site-packages/tensorflow/python/autograph/utils/__init__.py", line 17, in <module>
    from tensorflow.python.autograph.utils.context_managers import control_dependency_on_returns
  File "/opt/homebrew/anaconda3/lib/python3.12/site-packages/tensorflow/python/autograph/utils/context_managers.py", line 19, in <module>
    from tensorflow.python.framework import ops
  File "/opt/homebrew/anaconda3/lib/python3.12/site-packages/tensorflow/python/framework/ops.py", line 49, in <module>
    from tensorflow.python.client import pywrap_tf_session
  File "/opt/homebrew/anaconda3/lib/python3.12/site-packages/tensorflow/python/client/pywrap_tf_session.py", line 19, in <module>
    from tensorflow.python.client._pywrap_tf_session import *
Traceback (most recent call last):
  File "/opt/homebrew/anaconda3/lib/python3.12/site-packages/numpy/core/_multiarray_umath.py", line 46, in __getattr__
    raise ImportError(msg)
ImportError: 
A module that was compiled using NumPy 1.x cannot be run in
NumPy 2.3.4 as it may crash. To support both 1.x and 2.x
versions of NumPy, modules must be compiled with NumPy 2.0.
Some module may need to rebuild instead e.g. with 'pybind11>=2.12'.

If you are a user of the module, the easiest solution will be to
downgrade to 'numpy<2' or try to upgrade the affected module.
We expect that some modules will need time to support NumPy 2.



A module that was compiled using NumPy 1.x cannot be run in
NumPy 2.3.4 as it may crash. To support both 1.x and 2.x
versions of NumPy, modules must be compiled with NumPy 2.0.
Some module may need to rebuild instead e.g. with 'pybind11>=2.12'.

If you are a user of the module, the easiest solution will be to
downgrade to 'numpy<2' or try to upgrade the affected module.
We expect that some modules will need time to support NumPy 2.

Traceback (most recent call last):  File "<frozen runpy>", line 198, in _run_module_as_main
  File "<frozen runpy>", line 88, in _run_code
  File "/Users/asanche2/repos/SURGE/examples/m3dc1_workflow.py", line 14, in <module>
    import surge  # noqa: F401 - ensures package initialization registers adapters
  File "/Users/asanche2/repos/SURGE/surge/__init__.py", line 10, in <module>
    from .model import GPFLOW_AVAILABLE, MODEL_REGISTRY, PYTORCH_AVAILABLE
  File "/Users/asanche2/repos/SURGE/surge/model/__init__.py", line 7, in <module>
    from .gpflow import GPFLOW_AVAILABLE, GPflowGPRAdapter, GPflowMultiKernelAdapter
  File "/Users/asanche2/repos/SURGE/surge/model/gpflow.py", line 7, in <module>
    from .gpflow_impl import GPFLOW_AVAILABLE, GPflowGPRModel, GPflowMultiKernelGPR
  File "/Users/asanche2/repos/SURGE/surge/model/gpflow_impl.py", line 11, in <module>
    import gpflow as gpf
  File "/opt/homebrew/anaconda3/lib/python3.12/site-packages/gpflow/__init__.py", line 17, in <module>
    from . import (
  File "/opt/homebrew/anaconda3/lib/python3.12/site-packages/gpflow/conditionals/__init__.py", line 1, in <module>
    from . import conditionals, multioutput, sample_conditionals
  File "/opt/homebrew/anaconda3/lib/python3.12/site-packages/gpflow/conditionals/conditionals.py", line 17, in <module>
    import tensorflow as tf
  File "/opt/homebrew/anaconda3/lib/python3.12/site-packages/tensorflow/__init__.py", line 45, in <module>
    from tensorflow._api.v2 import __internal__
  File "/opt/homebrew/anaconda3/lib/python3.12/site-packages/tensorflow/_api/v2/__internal__/__init__.py", line 8, in <module>
    from tensorflow._api.v2.__internal__ import autograph
  File "/opt/homebrew/anaconda3/lib/python3.12/site-packages/tensorflow/_api/v2/__internal__/autograph/__init__.py", line 8, in <module>
    from tensorflow.python.autograph.core.ag_ctx import control_status_ctx # line: 34
  File "/opt/homebrew/anaconda3/lib/python3.12/site-packages/tensorflow/python/autograph/core/ag_ctx.py", line 21, in <module>
    from tensorflow.python.autograph.utils import ag_logging
  File "/opt/homebrew/anaconda3/lib/python3.12/site-packages/tensorflow/python/autograph/utils/__init__.py", line 17, in <module>
    from tensorflow.python.autograph.utils.context_managers import control_dependency_on_returns
  File "/opt/homebrew/anaconda3/lib/python3.12/site-packages/tensorflow/python/autograph/utils/context_managers.py", line 19, in <module>
    from tensorflow.python.framework import ops
  File "/opt/homebrew/anaconda3/lib/python3.12/site-packages/tensorflow/python/framework/ops.py", line 50, in <module>
    from tensorflow.python.eager import context
  File "/opt/homebrew/anaconda3/lib/python3.12/site-packages/tensorflow/python/eager/context.py", line 37, in <module>
    from tensorflow.python.eager import execute
  File "/opt/homebrew/anaconda3/lib/python3.12/site-packages/tensorflow/python/eager/execute.py", line 21, in <module>
    from tensorflow.python.framework import dtypes
  File "/opt/homebrew/anaconda3/lib/python3.12/site-packages/tensorflow/python/framework/dtypes.py", line 21, in <module>
    import ml_dtypes
  File "/opt/homebrew/anaconda3/lib/python3.12/site-packages/ml_dtypes/__init__.py", line 32, in <module>
    from ml_dtypes._finfo import finfo
  File "/opt/homebrew/anaconda3/lib/python3.12/site-packages/ml_dtypes/_finfo.py", line 19, in <module>
    from ml_dtypes._ml_dtypes_ext import bfloat16
Traceback (most recent call last):
  File "/opt/homebrew/anaconda3/lib/python3.12/site-packages/numpy/core/_multiarray_umath.py", line 46, in __getattr__
    raise ImportError(msg)
ImportError: 
A module that was compiled using NumPy 1.x cannot be run in
NumPy 2.3.4 as it may crash. To support both 1.x and 2.x
versions of NumPy, modules must be compiled with NumPy 2.0.
Some module may need to rebuild instead e.g. with 'pybind11>=2.12'.

If you are a user of the module, the easiest solution will be to
downgrade to 'numpy<2' or try to upgrade the affected module.
We expect that some modules will need time to support NumPy 2.


ImportError: numpy.core._multiarray_umath failed to import
Warning: GPflow not available or incompatible. Install with: pip install gpflow
SURGE workflow started.
Starting SURGE workflow for dataset data/datasets/NSTX-U/nstxu_equil_curated.pkl
[1/6] Loading dataset...
[2/6] Preparing splits and scalers...
[3/6] HPO for nstxu_rf_mag_shape (40 trials)...
[I 2026-04-01 01:29:00,866] A new study created in memory with name: nstxu_magnetics_shaping_hpo-sklearn.random_forest
  [HPO] Trial 0 started...
  [HPO] Trial 0 finished in 3.1s (val_r2=0.9255)
[I 2026-04-01 01:29:03,938] Trial 0 finished with value: 0.925524032717294 and parameters: {'n_estimators': 500, 'max_depth': 13, 'min_samples_leaf': 4}. Best is trial 0 with value: 0.925524032717294.
    Trial 1/40 (best val_r2=0.9255)
  [HPO] Trial 1 started...
  [HPO] Trial 1 finished in 3.3s (val_r2=0.9350)
[I 2026-04-01 01:29:07,272] Trial 1 finished with value: 0.9349927762954796 and parameters: {'n_estimators': 600, 'max_depth': 30, 'min_samples_leaf': 2}. Best is trial 1 with value: 0.9349927762954796.
    Trial 2/40 (best val_r2=0.9350)
  [HPO] Trial 2 started...
  [HPO] Trial 2 finished in 1.8s (val_r2=0.9309)
[I 2026-04-01 01:29:09,099] Trial 2 finished with value: 0.9309134743003902 and parameters: {'n_estimators': 450, 'max_depth': 25, 'min_samples_leaf': 3}. Best is trial 1 with value: 0.9349927762954796.
    Trial 3/40 (best val_r2=0.9350)
  [HPO] Trial 3 started...
  [HPO] Trial 3 finished in 2.3s (val_r2=0.8696)
[I 2026-04-01 01:29:11,403] Trial 3 finished with value: 0.8695814778315296 and parameters: {'n_estimators': 500, 'max_depth': 8, 'min_samples_leaf': 2}. Best is trial 1 with value: 0.9349927762954796.
    Trial 4/40 (best val_r2=0.9350)
  [HPO] Trial 4 started...
  [HPO] Trial 4 finished in 1.1s (val_r2=0.9353)
[I 2026-04-01 01:29:12,474] Trial 4 finished with value: 0.935261231596729 and parameters: {'n_estimators': 200, 'max_depth': 27, 'min_samples_leaf': 2}. Best is trial 4 with value: 0.935261231596729.
    Trial 5/40 (best val_r2=0.9353)
  [HPO] Trial 5 started...
  [HPO] Trial 5 finished in 3.0s (val_r2=0.9332)
[I 2026-04-01 01:29:15,547] Trial 5 finished with value: 0.9331552292814425 and parameters: {'n_estimators': 500, 'max_depth': 13, 'min_samples_leaf': 2}. Best is trial 4 with value: 0.935261231596729.
    Trial 6/40 (best val_r2=0.9353)
  [HPO] Trial 6 started...
  [HPO] Trial 6 finished in 1.6s (val_r2=0.9265)
[I 2026-04-01 01:29:17,108] Trial 6 finished with value: 0.9264659407564904 and parameters: {'n_estimators': 200, 'max_depth': 16, 'min_samples_leaf': 4}. Best is trial 4 with value: 0.935261231596729.
    Trial 7/40 (best val_r2=0.9353)
  [HPO] Trial 7 started...
  [HPO] Trial 7 finished in 1.3s (val_r2=0.9263)
[I 2026-04-01 01:29:18,420] Trial 7 finished with value: 0.9262587964091615 and parameters: {'n_estimators': 250, 'max_depth': 15, 'min_samples_leaf': 4}. Best is trial 4 with value: 0.935261231596729.
    Trial 8/40 (best val_r2=0.9353)
  [HPO] Trial 8 started...
  [HPO] Trial 8 finished in 0.8s (val_r2=0.8959)
[I 2026-04-01 01:29:19,183] Trial 8 finished with value: 0.895943842914793 and parameters: {'n_estimators': 200, 'max_depth': 9, 'min_samples_leaf': 3}. Best is trial 4 with value: 0.935261231596729.
    Trial 9/40 (best val_r2=0.9353)
  [HPO] Trial 9 started...
  [HPO] Trial 9 finished in 2.1s (val_r2=0.8706)
[I 2026-04-01 01:29:21,294] Trial 9 finished with value: 0.870647197959697 and parameters: {'n_estimators': 550, 'max_depth': 8, 'min_samples_leaf': 3}. Best is trial 4 with value: 0.935261231596729.
    Trial 10/40 (best val_r2=0.9353)
  [HPO] Trial 10 started...
  [HPO] Trial 10 finished in 1.3s (val_r2=0.9375)
[I 2026-04-01 01:29:22,630] Trial 10 finished with value: 0.9375062235205691 and parameters: {'n_estimators': 300, 'max_depth': 23, 'min_samples_leaf': 1}. Best is trial 10 with value: 0.9375062235205691.
    Trial 11/40 (best val_r2=0.9375)
  [HPO] Trial 11 started...
  [HPO] Trial 11 finished in 1.6s (val_r2=0.9375)
[I 2026-04-01 01:29:24,234] Trial 11 finished with value: 0.9375187979383648 and parameters: {'n_estimators': 350, 'max_depth': 23, 'min_samples_leaf': 1}. Best is trial 11 with value: 0.9375187979383648.
    Trial 12/40 (best val_r2=0.9375)
  [HPO] Trial 12 started...
  [HPO] Trial 12 finished in 1.7s (val_r2=0.9375)
[I 2026-04-01 01:29:25,987] Trial 12 finished with value: 0.9375090243278683 and parameters: {'n_estimators': 350, 'max_depth': 22, 'min_samples_leaf': 1}. Best is trial 11 with value: 0.9375187979383648.
    Trial 13/40 (best val_r2=0.9375)
  [HPO] Trial 13 started...
  [HPO] Trial 13 finished in 1.6s (val_r2=0.9375)
[I 2026-04-01 01:29:27,597] Trial 13 finished with value: 0.937525705042138 and parameters: {'n_estimators': 350, 'max_depth': 21, 'min_samples_leaf': 1}. Best is trial 13 with value: 0.937525705042138.
    Trial 14/40 (best val_r2=0.9375)
  [HPO] Trial 14 started...
  [HPO] Trial 14 finished in 1.7s (val_r2=0.9375)
[I 2026-04-01 01:29:29,367] Trial 14 finished with value: 0.937455241953741 and parameters: {'n_estimators': 400, 'max_depth': 20, 'min_samples_leaf': 1}. Best is trial 13 with value: 0.937525705042138.
    Trial 15/40 (best val_r2=0.9375)
  [HPO] Trial 15 started...
  [HPO] Trial 15 finished in 1.6s (val_r2=0.9375)
[I 2026-04-01 01:29:31,060] Trial 15 finished with value: 0.937497196027707 and parameters: {'n_estimators': 350, 'max_depth': 18, 'min_samples_leaf': 1}. Best is trial 13 with value: 0.937525705042138.
    Trial 16/40 (best val_r2=0.9375)
  [HPO] Trial 16 started...
  [HPO] Trial 16 finished in 1.5s (val_r2=0.9375)
[I 2026-04-01 01:29:32,637] Trial 16 finished with value: 0.9375299991652175 and parameters: {'n_estimators': 350, 'max_depth': 27, 'min_samples_leaf': 1}. Best is trial 16 with value: 0.9375299991652175.
    Trial 17/40 (best val_r2=0.9375)
  [HPO] Trial 17 started...
  [HPO] Trial 17 finished in 1.3s (val_r2=0.9375)
[I 2026-04-01 01:29:33,972] Trial 17 finished with value: 0.9375193456649442 and parameters: {'n_estimators': 300, 'max_depth': 30, 'min_samples_leaf': 1}. Best is trial 16 with value: 0.9375299991652175.
    Trial 18/40 (best val_r2=0.9375)
  [HPO] Trial 18 started...
  [HPO] Trial 18 finished in 1.9s (val_r2=0.9352)
[I 2026-04-01 01:29:35,881] Trial 18 finished with value: 0.9351693764606346 and parameters: {'n_estimators': 400, 'max_depth': 27, 'min_samples_leaf': 2}. Best is trial 16 with value: 0.9375299991652175.
    Trial 19/40 (best val_r2=0.9375)
  [HPO] Trial 19 started...
  [HPO] Trial 19 finished in 1.5s (val_r2=0.9374)
[I 2026-04-01 01:29:37,390] Trial 19 finished with value: 0.937430662728207 and parameters: {'n_estimators': 300, 'max_depth': 20, 'min_samples_leaf': 1}. Best is trial 16 with value: 0.9375299991652175.
    Trial 20/40 (best val_r2=0.9375)
  [HPO] Trial 20 started...
  [HPO] Trial 20 finished in 1.8s (val_r2=0.9351)
[I 2026-04-01 01:29:39,195] Trial 20 finished with value: 0.9350978341853138 and parameters: {'n_estimators': 450, 'max_depth': 27, 'min_samples_leaf': 2}. Best is trial 16 with value: 0.9375299991652175.
    Trial 21/40 (best val_r2=0.9375)
  [HPO] Trial 21 started...
  [HPO] Trial 21 finished in 1.3s (val_r2=0.9375)
[I 2026-04-01 01:29:40,562] Trial 21 finished with value: 0.9375193456649442 and parameters: {'n_estimators': 300, 'max_depth': 30, 'min_samples_leaf': 1}. Best is trial 16 with value: 0.9375299991652175.
    Trial 22/40 (best val_r2=0.9375)
  [HPO] Trial 22 started...
  [HPO] Trial 22 finished in 1.1s (val_r2=0.9375)
[I 2026-04-01 01:29:41,676] Trial 22 finished with value: 0.9374773659265565 and parameters: {'n_estimators': 250, 'max_depth': 29, 'min_samples_leaf': 1}. Best is trial 16 with value: 0.9375299991652175.
    Trial 23/40 (best val_r2=0.9375)
  [HPO] Trial 23 started...
  [HPO] Trial 23 finished in 1.5s (val_r2=0.9375)
[I 2026-04-01 01:29:43,223] Trial 23 finished with value: 0.9375299991652175 and parameters: {'n_estimators': 350, 'max_depth': 26, 'min_samples_leaf': 1}. Best is trial 16 with value: 0.9375299991652175.
    Trial 24/40 (best val_r2=0.9375)
  [HPO] Trial 24 started...
  [HPO] Trial 24 finished in 1.6s (val_r2=0.9375)
[I 2026-04-01 01:29:44,878] Trial 24 finished with value: 0.9374928875121186 and parameters: {'n_estimators': 400, 'max_depth': 25, 'min_samples_leaf': 1}. Best is trial 16 with value: 0.9375299991652175.
    Trial 25/40 (best val_r2=0.9375)
  [HPO] Trial 25 started...
  [HPO] Trial 25 finished in 2.2s (val_r2=0.9352)
[I 2026-04-01 01:29:47,105] Trial 25 finished with value: 0.9352384676011567 and parameters: {'n_estimators': 350, 'max_depth': 25, 'min_samples_leaf': 2}. Best is trial 16 with value: 0.9375299991652175.
    Trial 26/40 (best val_r2=0.9375)
  [HPO] Trial 26 started...
  [HPO] Trial 26 finished in 2.2s (val_r2=0.9375)
[I 2026-04-01 01:29:49,403] Trial 26 finished with value: 0.9374769992424312 and parameters: {'n_estimators': 400, 'max_depth': 22, 'min_samples_leaf': 1}. Best is trial 16 with value: 0.9375299991652175.
    Trial 27/40 (best val_r2=0.9375)
  [HPO] Trial 27 started...
  [HPO] Trial 27 finished in 1.1s (val_r2=0.9353)
