[I 2026-04-01 02:50:07,980] Trial 10 finished with value: 0.8489917658450825 and parameters: {'n_estimators': 600, 'max_depth': 18, 'min_samples_leaf': 1}. Best is trial 1 with value: 0.8502814576364683.
    Trial 11/50 (best val_r2=0.8503)
  [HPO] Trial 11 started...
  [HPO] Trial 11 finished in 9.0s (val_r2=0.8490)
[I 2026-04-01 02:50:17,044] Trial 11 finished with value: 0.8489917658450825 and parameters: {'n_estimators': 600, 'max_depth': 18, 'min_samples_leaf': 1}. Best is trial 1 with value: 0.8502814576364683.
    Trial 12/50 (best val_r2=0.8503)
  [HPO] Trial 12 started...
  [HPO] Trial 12 finished in 8.7s (val_r2=0.8531)
[I 2026-04-01 02:50:25,773] Trial 12 finished with value: 0.8530663789016047 and parameters: {'n_estimators': 600, 'max_depth': 24, 'min_samples_leaf': 1}. Best is trial 12 with value: 0.8530663789016047.
    Trial 13/50 (best val_r2=0.8531)
  [HPO] Trial 13 started...
  [HPO] Trial 13 finished in 5.7s (val_r2=0.8528)
[I 2026-04-01 02:50:31,508] Trial 13 finished with value: 0.8528061237910014 and parameters: {'n_estimators': 350, 'max_depth': 24, 'min_samples_leaf': 1}. Best is trial 12 with value: 0.8530663789016047.
    Trial 14/50 (best val_r2=0.8531)
  [HPO] Trial 14 started...
  [HPO] Trial 14 finished in 5.1s (val_r2=0.8528)
[I 2026-04-01 02:50:36,639] Trial 14 finished with value: 0.8528061237910014 and parameters: {'n_estimators': 350, 'max_depth': 24, 'min_samples_leaf': 1}. Best is trial 12 with value: 0.8530663789016047.
    Trial 15/50 (best val_r2=0.8531)
  [HPO] Trial 15 started...
  [HPO] Trial 15 finished in 5.2s (val_r2=0.8521)
[I 2026-04-01 02:50:41,862] Trial 15 finished with value: 0.8520703784688282 and parameters: {'n_estimators': 350, 'max_depth': 21, 'min_samples_leaf': 1}. Best is trial 12 with value: 0.8530663789016047.
    Trial 16/50 (best val_r2=0.8531)
  [HPO] Trial 16 started...
  [HPO] Trial 16 finished in 4.4s (val_r2=0.8427)
[I 2026-04-01 02:50:46,283] Trial 16 finished with value: 0.84268532564106 and parameters: {'n_estimators': 350, 'max_depth': 16, 'min_samples_leaf': 1}. Best is trial 12 with value: 0.8530663789016047.
    Trial 17/50 (best val_r2=0.8531)
  [HPO] Trial 17 started...
  [HPO] Trial 17 finished in 5.2s (val_r2=0.8521)
[I 2026-04-01 02:50:51,501] Trial 17 finished with value: 0.852108571411438 and parameters: {'n_estimators': 400, 'max_depth': 22, 'min_samples_leaf': 1}. Best is trial 12 with value: 0.8530663789016047.
    Trial 18/50 (best val_r2=0.8531)
  [HPO] Trial 18 started...
  [HPO] Trial 18 finished in 3.7s (val_r2=0.8461)
[I 2026-04-01 02:50:55,230] Trial 18 finished with value: 0.8460803154824125 and parameters: {'n_estimators': 300, 'max_depth': 19, 'min_samples_leaf': 2}. Best is trial 12 with value: 0.8530663789016047.
    Trial 19/50 (best val_r2=0.8531)
  [HPO] Trial 19 started...
  [HPO] Trial 19 finished in 4.9s (val_r2=0.8435)
[I 2026-04-01 02:51:00,134] Trial 19 finished with value: 0.8435137067785374 and parameters: {'n_estimators': 400, 'max_depth': 16, 'min_samples_leaf': 1}. Best is trial 12 with value: 0.8530663789016047.
    Trial 20/50 (best val_r2=0.8531)
  [HPO] Trial 20 started...
  [HPO] Trial 20 finished in 5.6s (val_r2=0.8501)
[I 2026-04-01 02:51:05,793] Trial 20 finished with value: 0.8500746532021903 and parameters: {'n_estimators': 450, 'max_depth': 24, 'min_samples_leaf': 2}. Best is trial 12 with value: 0.8530663789016047.
    Trial 21/50 (best val_r2=0.8531)
  [HPO] Trial 21 started...
  [HPO] Trial 21 finished in 4.9s (val_r2=0.8520)
[I 2026-04-01 02:51:10,699] Trial 21 finished with value: 0.8520067566083491 and parameters: {'n_estimators': 300, 'max_depth': 24, 'min_samples_leaf': 1}. Best is trial 12 with value: 0.8530663789016047.
    Trial 22/50 (best val_r2=0.8531)
  [HPO] Trial 22 started...
  [HPO] Trial 22 finished in 4.9s (val_r2=0.8515)
[I 2026-04-01 02:51:15,573] Trial 22 finished with value: 0.8515303603488484 and parameters: {'n_estimators': 350, 'max_depth': 22, 'min_samples_leaf': 1}. Best is trial 12 with value: 0.8530663789016047.
    Trial 23/50 (best val_r2=0.8531)
  [HPO] Trial 23 started...
  [HPO] Trial 23 finished in 4.2s (val_r2=0.8506)
[I 2026-04-01 02:51:19,781] Trial 23 finished with value: 0.8505595911311857 and parameters: {'n_estimators': 300, 'max_depth': 23, 'min_samples_leaf': 1}. Best is trial 12 with value: 0.8530663789016047.
    Trial 24/50 (best val_r2=0.8531)
  [HPO] Trial 24 started...
  [HPO] Trial 24 finished in 6.2s (val_r2=0.8503)
[I 2026-04-01 02:51:25,986] Trial 24 finished with value: 0.8503491962727425 and parameters: {'n_estimators': 450, 'max_depth': 20, 'min_samples_leaf': 1}. Best is trial 12 with value: 0.8530663789016047.
    Trial 25/50 (best val_r2=0.8531)
  [HPO] Trial 25 started...
  [HPO] Trial 25 finished in 4.4s (val_r2=0.8493)
[I 2026-04-01 02:51:30,354] Trial 25 finished with value: 0.8493273413618523 and parameters: {'n_estimators': 350, 'max_depth': 24, 'min_samples_leaf': 2}. Best is trial 12 with value: 0.8530663789016047.
    Trial 26/50 (best val_r2=0.8531)
  [HPO] Trial 26 started...
  [HPO] Trial 26 finished in 5.3s (val_r2=0.8525)
[I 2026-04-01 02:51:35,695] Trial 26 finished with value: 0.8524643257475503 and parameters: {'n_estimators': 400, 'max_depth': 21, 'min_samples_leaf': 1}. Best is trial 12 with value: 0.8530663789016047.
    Trial 27/50 (best val_r2=0.8531)
  [HPO] Trial 27 started...
  [HPO] Trial 27 finished in 3.9s (val_r2=0.8470)
[I 2026-04-01 02:51:39,587] Trial 27 finished with value: 0.847023627873535 and parameters: {'n_estimators': 250, 'max_depth': 22, 'min_samples_leaf': 2}. Best is trial 12 with value: 0.8530663789016047.
    Trial 28/50 (best val_r2=0.8531)
  [HPO] Trial 28 started...
  [HPO] Trial 28 finished in 5.3s (val_r2=0.8368)
[I 2026-04-01 02:51:44,874] Trial 28 finished with value: 0.8368356306777702 and parameters: {'n_estimators': 400, 'max_depth': 14, 'min_samples_leaf': 1}. Best is trial 12 with value: 0.8530663789016047.
    Trial 29/50 (best val_r2=0.8531)
  [HPO] Trial 29 started...
  [HPO] Trial 29 finished in 3.3s (val_r2=0.8415)
[I 2026-04-01 02:51:48,200] Trial 29 finished with value: 0.8414723179465842 and parameters: {'n_estimators': 250, 'max_depth': 18, 'min_samples_leaf': 3}. Best is trial 12 with value: 0.8530663789016047.
    Trial 30/50 (best val_r2=0.8531)
  [HPO] Trial 30 started...
  [HPO] Trial 30 finished in 7.5s (val_r2=0.8524)
[I 2026-04-01 02:51:55,754] Trial 30 finished with value: 0.8524315395804574 and parameters: {'n_estimators': 550, 'max_depth': 23, 'min_samples_leaf': 1}. Best is trial 12 with value: 0.8530663789016047.
    Trial 31/50 (best val_r2=0.8531)
  [HPO] Trial 31 started...
  [HPO] Trial 31 finished in 6.4s (val_r2=0.8503)
[I 2026-04-01 02:52:02,207] Trial 31 finished with value: 0.8502632951980005 and parameters: {'n_estimators': 400, 'max_depth': 20, 'min_samples_leaf': 1}. Best is trial 12 with value: 0.8530663789016047.
    Trial 32/50 (best val_r2=0.8531)
  [HPO] Trial 32 started...
  [HPO] Trial 32 finished in 5.9s (val_r2=0.8522)
[I 2026-04-01 02:52:08,131] Trial 32 finished with value: 0.8521800523893424 and parameters: {'n_estimators': 450, 'max_depth': 23, 'min_samples_leaf': 1}. Best is trial 12 with value: 0.8530663789016047.
    Trial 33/50 (best val_r2=0.8531)
  [HPO] Trial 33 started...
  [HPO] Trial 33 finished in 5.0s (val_r2=0.8521)
[I 2026-04-01 02:52:13,159] Trial 33 finished with value: 0.8520703784688282 and parameters: {'n_estimators': 350, 'max_depth': 21, 'min_samples_leaf': 1}. Best is trial 12 with value: 0.8530663789016047.
    Trial 34/50 (best val_r2=0.8531)
  [HPO] Trial 34 started...
  [HPO] Trial 34 finished in 4.9s (val_r2=0.8495)
[I 2026-04-01 02:52:18,063] Trial 34 finished with value: 0.8495378770607243 and parameters: {'n_estimators': 400, 'max_depth': 23, 'min_samples_leaf': 2}. Best is trial 12 with value: 0.8530663789016047.
    Trial 35/50 (best val_r2=0.8531)
  [HPO] Trial 35 started...
  [HPO] Trial 35 finished in 4.0s (val_r2=0.8520)
[I 2026-04-01 02:52:22,122] Trial 35 finished with value: 0.8520067566083491 and parameters: {'n_estimators': 300, 'max_depth': 24, 'min_samples_leaf': 1}. Best is trial 12 with value: 0.8530663789016047.
    Trial 36/50 (best val_r2=0.8531)
  [HPO] Trial 36 started...
  [HPO] Trial 36 finished in 5.5s (val_r2=0.8487)
[I 2026-04-01 02:52:27,675] Trial 36 finished with value: 0.8487384982957071 and parameters: {'n_estimators': 450, 'max_depth': 21, 'min_samples_leaf': 2}. Best is trial 12 with value: 0.8530663789016047.
    Trial 37/50 (best val_r2=0.8531)
  [HPO] Trial 37 started...
  [HPO] Trial 37 finished in 5.7s (val_r2=0.8485)
[I 2026-04-01 02:52:33,382] Trial 37 finished with value: 0.8484729271205703 and parameters: {'n_estimators': 500, 'max_depth': 20, 'min_samples_leaf': 2}. Best is trial 12 with value: 0.8530663789016047.
    Trial 38/50 (best val_r2=0.8531)
  [HPO] Trial 38 started...
  [HPO] Trial 38 finished in 7.9s (val_r2=0.8527)
[I 2026-04-01 02:52:41,329] Trial 38 finished with value: 0.8526650032605053 and parameters: {'n_estimators': 550, 'max_depth': 22, 'min_samples_leaf': 1}. Best is trial 12 with value: 0.8530663789016047.
    Trial 39/50 (best val_r2=0.8531)
  [HPO] Trial 39 started...
  [HPO] Trial 39 finished in 6.9s (val_r2=0.8500)
[I 2026-04-01 02:52:48,230] Trial 39 finished with value: 0.8500397675194393 and parameters: {'n_estimators': 550, 'max_depth': 24, 'min_samples_leaf': 2}. Best is trial 12 with value: 0.8530663789016047.
    Trial 40/50 (best val_r2=0.8531)
  [HPO] Trial 40 started...
  [HPO] Trial 40 finished in 6.1s (val_r2=0.8417)
[I 2026-04-01 02:52:54,358] Trial 40 finished with value: 0.8416658194818007 and parameters: {'n_estimators': 550, 'max_depth': 22, 'min_samples_leaf': 4}. Best is trial 12 with value: 0.8530663789016047.
    Trial 41/50 (best val_r2=0.8531)
  [HPO] Trial 41 started...
  [HPO] Trial 41 finished in 8.8s (val_r2=0.8526)
[I 2026-04-01 02:53:03,213] Trial 41 finished with value: 0.8526343753129021 and parameters: {'n_estimators': 600, 'max_depth': 23, 'min_samples_leaf': 1}. Best is trial 12 with value: 0.8530663789016047.
    Trial 42/50 (best val_r2=0.8531)
  [HPO] Trial 42 started...
  [HPO] Trial 42 finished in 7.2s (val_r2=0.8526)
[I 2026-04-01 02:53:10,464] Trial 42 finished with value: 0.852634375312902 and parameters: {'n_estimators': 600, 'max_depth': 23, 'min_samples_leaf': 1}. Best is trial 12 with value: 0.8530663789016047.
    Trial 43/50 (best val_r2=0.8531)
  [HPO] Trial 43 started...
  [HPO] Trial 43 finished in 8.8s (val_r2=0.8531)
[I 2026-04-01 02:53:19,300] Trial 43 finished with value: 0.8530663789016047 and parameters: {'n_estimators': 600, 'max_depth': 24, 'min_samples_leaf': 1}. Best is trial 12 with value: 0.8530663789016047.
    Trial 44/50 (best val_r2=0.8531)
  [HPO] Trial 44 started...
  [HPO] Trial 44 finished in 9.0s (val_r2=0.8531)
[I 2026-04-01 02:53:28,371] Trial 44 finished with value: 0.8530663789016047 and parameters: {'n_estimators': 600, 'max_depth': 24, 'min_samples_leaf': 1}. Best is trial 12 with value: 0.8530663789016047.
    Trial 45/50 (best val_r2=0.8531)
  [HPO] Trial 45 started...
  [HPO] Trial 45 finished in 8.3s (val_r2=0.8531)
[I 2026-04-01 02:53:36,719] Trial 45 finished with value: 0.8530663789016047 and parameters: {'n_estimators': 600, 'max_depth': 24, 'min_samples_leaf': 1}. Best is trial 12 with value: 0.8530663789016047.
    Trial 46/50 (best val_r2=0.8531)
  [HPO] Trial 46 started...
  [HPO] Trial 46 finished in 6.6s (val_r2=0.8136)
[I 2026-04-01 02:53:43,311] Trial 46 finished with value: 0.8135571977810729 and parameters: {'n_estimators': 600, 'max_depth': 11, 'min_samples_leaf': 3}. Best is trial 12 with value: 0.8530663789016047.
    Trial 47/50 (best val_r2=0.8531)
  [HPO] Trial 47 started...
  [HPO] Trial 47 finished in 5.7s (val_r2=0.7893)
[I 2026-04-01 02:53:49,031] Trial 47 finished with value: 0.7892638479346779 and parameters: {'n_estimators': 550, 'max_depth': 9, 'min_samples_leaf': 1}. Best is trial 12 with value: 0.8530663789016047.
    Trial 48/50 (best val_r2=0.8531)
  [HPO] Trial 48 started...
  [HPO] Trial 48 finished in 8.7s (val_r2=0.8527)
[I 2026-04-01 02:53:57,745] Trial 48 finished with value: 0.8527074623881176 and parameters: {'n_estimators': 500, 'max_depth': 24, 'min_samples_leaf': 1}. Best is trial 12 with value: 0.8530663789016047.
    Trial 49/50 (best val_r2=0.8531)
  [HPO] Trial 49 started...
  [HPO] Trial 49 finished in 9.7s (val_r2=0.8498)
[I 2026-04-01 02:54:07,458] Trial 49 finished with value: 0.8498104027280213 and parameters: {'n_estimators': 600, 'max_depth': 19, 'min_samples_leaf': 1}. Best is trial 12 with value: 0.8530663789016047.
    Trial 50/50 (best val_r2=0.8531)
[4/6] Training nstxu_rf_gamma_full...
[5/6] HPO for nstxu_mlp_gamma_full (50 trials)...
[I 2026-04-01 02:54:16,943] A new study created in memory with name: nstxu_gamma_full_hpo-torch.mlp
  [HPO] Trial 0 started...
  [HPO] Trial 0 finished in 23.9s (val_r2=0.9168)
[I 2026-04-01 02:54:40,827] Trial 0 finished with value: 0.9167833982131373 and parameters: {'hidden_layers_index': 3, 'dropout': 0.09501648801396492, 'learning_rate': 0.0025143428814176426, 'batch_size': 64, 'epochs': 153}. Best is trial 0 with value: 0.9167833982131373.
    Trial 1/50 (best val_r2=0.9168)
  [HPO] Trial 1 started...
  [HPO] Trial 1 finished in 29.6s (val_r2=0.9193)
[I 2026-04-01 02:55:10,433] Trial 1 finished with value: 0.9193439096411645 and parameters: {'hidden_layers_index': 3, 'dropout': 0.2566453379036277, 'learning_rate': 0.0016853391697173288, 'batch_size': 64, 'epochs': 183}. Best is trial 1 with value: 0.9193439096411645.
    Trial 2/50 (best val_r2=0.9193)
  [HPO] Trial 2 started...
  [HPO] Trial 2 finished in 20.9s (val_r2=0.9213)
[I 2026-04-01 02:55:31,340] Trial 2 finished with value: 0.9213428966424395 and parameters: {'hidden_layers_index': 1, 'dropout': 0.2719391806312388, 'learning_rate': 0.0002725285130250698, 'batch_size': 128, 'epochs': 194}. Best is trial 2 with value: 0.9213428966424395.
    Trial 3/50 (best val_r2=0.9213)
  [HPO] Trial 3 started...
  [HPO] Trial 3 finished in 15.3s (val_r2=0.9256)
[I 2026-04-01 02:55:46,625] Trial 3 finished with value: 0.9255515268849213 and parameters: {'hidden_layers_index': 0, 'dropout': 0.12775654655214583, 'learning_rate': 0.00362466400156375, 'batch_size': 128, 'epochs': 185}. Best is trial 3 with value: 0.9255515268849213.
    Trial 4/50 (best val_r2=0.9256)
  [HPO] Trial 4 started...
  [HPO] Trial 4 finished in 19.1s (val_r2=0.8798)
[I 2026-04-01 02:56:05,722] Trial 4 finished with value: 0.8797941229120193 and parameters: {'hidden_layers_index': 0, 'dropout': 0.29863089479757504, 'learning_rate': 0.0024043227611998323, 'batch_size': 64, 'epochs': 138}. Best is trial 3 with value: 0.9255515268849213.
    Trial 5/50 (best val_r2=0.9256)
  [HPO] Trial 5 started...
  [HPO] Trial 5 finished in 40.8s (val_r2=0.9096)
[I 2026-04-01 02:56:46,514] Trial 5 finished with value: 0.9096375497887004 and parameters: {'hidden_layers_index': 3, 'dropout': 4.81342779403704e-06, 'learning_rate': 0.0002627903447762754, 'batch_size': 32, 'epochs': 164}. Best is trial 3 with value: 0.9255515268849213.
    Trial 6/50 (best val_r2=0.9256)
  [HPO] Trial 6 started...
  [HPO] Trial 6 finished in 20.3s (val_r2=0.9072)
[I 2026-04-01 02:57:06,833] Trial 6 finished with value: 0.9071532387785863 and parameters: {'hidden_layers_index': 3, 'dropout': 0.09779028087919613, 'learning_rate': 0.0006001696958441087, 'batch_size': 128, 'epochs': 173}. Best is trial 3 with value: 0.9255515268849213.
    Trial 7/50 (best val_r2=0.9256)
  [HPO] Trial 7 started...
  [HPO] Trial 7 finished in 8.0s (val_r2=0.9147)
[I 2026-04-01 02:57:14,786] Trial 7 finished with value: 0.9146839673665237 and parameters: {'hidden_layers_index': 0, 'dropout': 0.27443403167492536, 'learning_rate': 0.0008540385215381805, 'batch_size': 128, 'epochs': 98}. Best is trial 3 with value: 0.9255515268849213.
    Trial 8/50 (best val_r2=0.9256)
  [HPO] Trial 8 started...
  [HPO] Trial 8 finished in 45.6s (val_r2=0.9056)
[I 2026-04-01 02:58:00,367] Trial 8 finished with value: 0.9055939275497146 and parameters: {'hidden_layers_index': 3, 'dropout': 0.27204200624185687, 'learning_rate': 0.0002533817781390946, 'batch_size': 32, 'epochs': 181}. Best is trial 3 with value: 0.9255515268849213.
    Trial 9/50 (best val_r2=0.9256)
  [HPO] Trial 9 started...
  [HPO] Trial 9 finished in 20.2s (val_r2=0.9177)
[I 2026-04-01 02:58:20,536] Trial 9 finished with value: 0.9176505861487412 and parameters: {'hidden_layers_index': 1, 'dropout': 0.057948395618530046, 'learning_rate': 0.0002110412997403752, 'batch_size': 128, 'epochs': 185}. Best is trial 3 with value: 0.9255515268849213.
    Trial 10/50 (best val_r2=0.9256)
  [HPO] Trial 10 started...
  [HPO] Trial 10 finished in 11.0s (val_r2=0.8984)
[I 2026-04-01 02:58:31,500] Trial 10 finished with value: 0.8983559163118924 and parameters: {'hidden_layers_index': 0, 'dropout': 0.3823249488402962, 'learning_rate': 0.004456699842352505, 'batch_size': 128, 'epochs': 130}. Best is trial 3 with value: 0.9255515268849213.
    Trial 11/50 (best val_r2=0.9256)
  [HPO] Trial 11 started...
  [HPO] Trial 11 finished in 21.8s (val_r2=0.9083)
[I 2026-04-01 02:58:53,292] Trial 11 finished with value: 0.9082802176685011 and parameters: {'hidden_layers_index': 1, 'dropout': 0.1722267222247885, 'learning_rate': 0.0001129472783262536, 'batch_size': 128, 'epochs': 199}. Best is trial 3 with value: 0.9255515268849213.
    Trial 12/50 (best val_r2=0.9256)
  [HPO] Trial 12 started...
  [HPO] Trial 12 finished in 20.9s (val_r2=0.9141)
[I 2026-04-01 02:59:14,236] Trial 12 finished with value: 0.9141139487209607 and parameters: {'hidden_layers_index': 1, 'dropout': 0.19052722890002746, 'learning_rate': 0.0005863026748034433, 'batch_size': 128, 'epochs': 197}. Best is trial 3 with value: 0.9255515268849213.
    Trial 13/50 (best val_r2=0.9256)
  [HPO] Trial 13 started...
  [HPO] Trial 13 finished in 10.6s (val_r2=0.9080)
[I 2026-04-01 02:59:24,871] Trial 13 finished with value: 0.9079906461989825 and parameters: {'hidden_layers_index': 2, 'dropout': 0.3699353955345667, 'learning_rate': 0.0011310537619692077, 'batch_size': 128, 'epochs': 110}. Best is trial 3 with value: 0.9255515268849213.
    Trial 14/50 (best val_r2=0.9256)
  [HPO] Trial 14 started...
  [HPO] Trial 14 finished in 15.1s (val_r2=0.9266)
[I 2026-04-01 02:59:39,939] Trial 14 finished with value: 0.9266024148169681 and parameters: {'hidden_layers_index': 2, 'dropout': 0.14497066608589476, 'learning_rate': 0.0004023041340627332, 'batch_size': 128, 'epochs': 157}. Best is trial 14 with value: 0.9266024148169681.
    Trial 15/50 (best val_r2=0.9266)
  [HPO] Trial 15 started...
  [HPO] Trial 15 finished in 40.9s (val_r2=0.8893)
[I 2026-04-01 03:00:20,861] Trial 15 finished with value: 0.889311461911029 and parameters: {'hidden_layers_index': 2, 'dropout': 0.13807908129855953, 'learning_rate': 0.004852893870767819, 'batch_size': 32, 'epochs': 156}. Best is trial 14 with value: 0.9266024148169681.
    Trial 16/50 (best val_r2=0.9266)
  [HPO] Trial 16 started...
  [HPO] Trial 16 finished in 13.1s (val_r2=0.9165)
[I 2026-04-01 03:00:33,972] Trial 16 finished with value: 0.9164921820911632 and parameters: {'hidden_layers_index': 2, 'dropout': 0.15060939744514368, 'learning_rate': 0.00041825262472089094, 'batch_size': 128, 'epochs': 122}. Best is trial 14 with value: 0.9266024148169681.
    Trial 17/50 (best val_r2=0.9266)
  [HPO] Trial 17 started...
  [HPO] Trial 17 finished in 14.7s (val_r2=0.8999)
[I 2026-04-01 03:00:48,635] Trial 17 finished with value: 0.8998723425344873 and parameters: {'hidden_layers_index': 2, 'dropout': 0.2313723190387554, 'learning_rate': 0.000109374785094605, 'batch_size': 128, 'epochs': 147}. Best is trial 14 with value: 0.9266024148169681.
    Trial 18/50 (best val_r2=0.9266)
  [HPO] Trial 18 started...
  [HPO] Trial 18 finished in 31.6s (val_r2=0.9117)
[I 2026-04-01 03:01:20,258] Trial 18 finished with value: 0.911683287127136 and parameters: {'hidden_layers_index': 0, 'dropout': 0.03873372523756294, 'learning_rate': 0.0012776148576520109, 'batch_size': 32, 'epochs': 166}. Best is trial 14 with value: 0.9266024148169681.
    Trial 19/50 (best val_r2=0.9266)
  [HPO] Trial 19 started...
  [HPO] Trial 19 finished in 12.1s (val_r2=0.9094)
[I 2026-04-01 03:01:32,389] Trial 19 finished with value: 0.909394211268046 and parameters: {'hidden_layers_index': 1, 'dropout': 0.11754395854733851, 'learning_rate': 0.000426724557167128, 'batch_size': 64, 'epochs': 83}. Best is trial 14 with value: 0.9266024148169681.
    Trial 20/50 (best val_r2=0.9266)
  [HPO] Trial 20 started...
  [HPO] Trial 20 finished in 16.4s (val_r2=0.9258)
[I 2026-04-01 03:01:48,798] Trial 20 finished with value: 0.9257530748654358 and parameters: {'hidden_layers_index': 2, 'dropout': 0.21855952706336462, 'learning_rate': 0.003075107170523633, 'batch_size': 128, 'epochs': 170}. Best is trial 14 with value: 0.9266024148169681.
    Trial 21/50 (best val_r2=0.9266)
  [HPO] Trial 21 started...
  [HPO] Trial 21 finished in 16.4s (val_r2=0.9167)
[I 2026-04-01 03:02:05,206] Trial 21 finished with value: 0.9166789950949439 and parameters: {'hidden_layers_index': 2, 'dropout': 0.21096437867600137, 'learning_rate': 0.0034892219218304074, 'batch_size': 128, 'epochs': 169}. Best is trial 14 with value: 0.9266024148169681.
    Trial 22/50 (best val_r2=0.9266)
  [HPO] Trial 22 started...
  [HPO] Trial 22 finished in 16.9s (val_r2=0.9167)
[I 2026-04-01 03:02:22,135] Trial 22 finished with value: 0.9166534522081237 and parameters: {'hidden_layers_index': 2, 'dropout': 0.16719439573175757, 'learning_rate': 0.002553758010365538, 'batch_size': 128, 'epochs': 176}. Best is trial 14 with value: 0.9266024148169681.
    Trial 23/50 (best val_r2=0.9266)
  [HPO] Trial 23 started...
  [HPO] Trial 23 finished in 14.3s (val_r2=0.9086)
