[I 2026-04-01 02:27:26,703] Trial 15 finished with value: 0.8748376567530216 and parameters: {'hidden_layers_index': 1, 'dropout': 0.17854595614349508, 'learning_rate': 0.0010700990126350472, 'batch_size': 32, 'epochs': 108}. Best is trial 2 with value: 0.9068297460023773.
    Trial 16/50 (best val_r2=0.9068)
  [HPO] Trial 16 started...
  [HPO] Trial 16 finished in 15.0s (val_r2=0.9051)
[I 2026-04-01 02:27:41,743] Trial 16 finished with value: 0.9051064522988961 and parameters: {'hidden_layers_index': 0, 'dropout': 0.09784311805642923, 'learning_rate': 0.00015600008099965343, 'batch_size': 128, 'epochs': 161}. Best is trial 2 with value: 0.9068297460023773.
    Trial 17/50 (best val_r2=0.9068)
  [HPO] Trial 17 started...
  [HPO] Trial 17 finished in 21.3s (val_r2=0.9040)
[I 2026-04-01 02:28:03,094] Trial 17 finished with value: 0.9040208454716677 and parameters: {'hidden_layers_index': 1, 'dropout': 0.3321311495877609, 'learning_rate': 0.0003988322787150474, 'batch_size': 128, 'epochs': 190}. Best is trial 2 with value: 0.9068297460023773.
    Trial 18/50 (best val_r2=0.9068)
  [HPO] Trial 18 started...
  [HPO] Trial 18 finished in 53.7s (val_r2=0.8966)
[I 2026-04-01 02:28:56,833] Trial 18 finished with value: 0.8966010391384751 and parameters: {'hidden_layers_index': 1, 'dropout': 0.23980605816623712, 'learning_rate': 0.00018142333150552485, 'batch_size': 32, 'epochs': 219}. Best is trial 2 with value: 0.9068297460023773.
    Trial 19/50 (best val_r2=0.9068)
  [HPO] Trial 19 started...
  [HPO] Trial 19 finished in 27.2s (val_r2=0.8861)
[I 2026-04-01 02:29:24,023] Trial 19 finished with value: 0.8860697149031409 and parameters: {'hidden_layers_index': 0, 'dropout': 0.2570721972261748, 'learning_rate': 0.0005023362849343998, 'batch_size': 64, 'epochs': 207}. Best is trial 2 with value: 0.9068297460023773.
    Trial 20/50 (best val_r2=0.9068)
  [HPO] Trial 20 started...
  [HPO] Trial 20 finished in 19.8s (val_r2=0.8905)
[I 2026-04-01 02:29:43,861] Trial 20 finished with value: 0.8904831821112534 and parameters: {'hidden_layers_index': 1, 'dropout': 0.34870739375679893, 'learning_rate': 0.0011345592076733128, 'batch_size': 128, 'epochs': 165}. Best is trial 2 with value: 0.9068297460023773.
    Trial 21/50 (best val_r2=0.9068)
  [HPO] Trial 21 started...
  [HPO] Trial 21 finished in 25.2s (val_r2=0.9041)
[I 2026-04-01 02:30:09,058] Trial 21 finished with value: 0.9041418094232548 and parameters: {'hidden_layers_index': 2, 'dropout': 0.10776844855430184, 'learning_rate': 0.0006891766571427007, 'batch_size': 128, 'epochs': 193}. Best is trial 2 with value: 0.9068297460023773.
    Trial 22/50 (best val_r2=0.9068)
  [HPO] Trial 22 started...
  [HPO] Trial 22 finished in 25.0s (val_r2=0.8941)
[I 2026-04-01 02:30:34,087] Trial 22 finished with value: 0.894148753735843 and parameters: {'hidden_layers_index': 2, 'dropout': 0.0912577806280843, 'learning_rate': 0.0005362013826309411, 'batch_size': 128, 'epochs': 195}. Best is trial 2 with value: 0.9068297460023773.
    Trial 23/50 (best val_r2=0.9068)
  [HPO] Trial 23 started...
  [HPO] Trial 23 finished in 24.9s (val_r2=0.9024)
[I 2026-04-01 02:30:58,998] Trial 23 finished with value: 0.9023756917511706 and parameters: {'hidden_layers_index': 1, 'dropout': 0.17627646732570001, 'learning_rate': 0.0003501356723344989, 'batch_size': 128, 'epochs': 209}. Best is trial 2 with value: 0.9068297460023773.
    Trial 24/50 (best val_r2=0.9068)
  [HPO] Trial 24 started...
  [HPO] Trial 24 finished in 22.8s (val_r2=0.9069)
[I 2026-04-01 02:31:21,836] Trial 24 finished with value: 0.9069491129729822 and parameters: {'hidden_layers_index': 2, 'dropout': 0.1428428415137376, 'learning_rate': 0.0006285302969637497, 'batch_size': 128, 'epochs': 183}. Best is trial 24 with value: 0.9069491129729822.
    Trial 25/50 (best val_r2=0.9069)
  [HPO] Trial 25 started...
  [HPO] Trial 25 finished in 22.0s (val_r2=0.9062)
[I 2026-04-01 02:31:43,885] Trial 25 finished with value: 0.9062413794083379 and parameters: {'hidden_layers_index': 1, 'dropout': 0.19930391006732784, 'learning_rate': 0.000234961512542809, 'batch_size': 128, 'epochs': 182}. Best is trial 24 with value: 0.9069491129729822.
    Trial 26/50 (best val_r2=0.9069)
  [HPO] Trial 26 started...
  [HPO] Trial 26 finished in 25.0s (val_r2=0.8940)
[I 2026-04-01 02:32:08,905] Trial 26 finished with value: 0.8940032383801126 and parameters: {'hidden_layers_index': 1, 'dropout': 0.13833242114929697, 'learning_rate': 0.00015253336266244386, 'batch_size': 128, 'epochs': 211}. Best is trial 24 with value: 0.9069491129729822.
    Trial 27/50 (best val_r2=0.9069)
  [HPO] Trial 27 started...
  [HPO] Trial 27 finished in 21.4s (val_r2=0.9019)
[I 2026-04-01 02:32:30,269] Trial 27 finished with value: 0.9019397162457938 and parameters: {'hidden_layers_index': 2, 'dropout': 0.07914425581798616, 'learning_rate': 0.00038350039126428236, 'batch_size': 128, 'epochs': 168}. Best is trial 24 with value: 0.9069491129729822.
    Trial 28/50 (best val_r2=0.9069)
  [HPO] Trial 28 started...
  [HPO] Trial 28 finished in 28.4s (val_r2=0.8819)
[I 2026-04-01 02:32:58,715] Trial 28 finished with value: 0.8818675790064142 and parameters: {'hidden_layers_index': 1, 'dropout': 0.24330474814859615, 'learning_rate': 0.0008721259227932103, 'batch_size': 64, 'epochs': 187}. Best is trial 24 with value: 0.9069491129729822.
    Trial 29/50 (best val_r2=0.9069)
  [HPO] Trial 29 started...
  [HPO] Trial 29 finished in 44.3s (val_r2=0.9087)
[I 2026-04-01 02:33:42,988] Trial 29 finished with value: 0.9087342608970949 and parameters: {'hidden_layers_index': 2, 'dropout': 0.11309587805797441, 'learning_rate': 0.0015913278310463585, 'batch_size': 32, 'epochs': 173}. Best is trial 29 with value: 0.9087342608970949.
    Trial 30/50 (best val_r2=0.9087)
  [HPO] Trial 30 started...
  [HPO] Trial 30 finished in 43.7s (val_r2=0.8799)
[I 2026-04-01 02:34:26,684] Trial 30 finished with value: 0.8799398376733989 and parameters: {'hidden_layers_index': 2, 'dropout': 0.1243507047591878, 'learning_rate': 0.001913194660630547, 'batch_size': 32, 'epochs': 146}. Best is trial 29 with value: 0.9087342608970949.
    Trial 31/50 (best val_r2=0.9087)
  [HPO] Trial 31 started...
  [HPO] Trial 31 finished in 55.8s (val_r2=0.8817)
[I 2026-04-01 02:35:22,526] Trial 31 finished with value: 0.8817118704925209 and parameters: {'hidden_layers_index': 2, 'dropout': 0.15856510509327926, 'learning_rate': 0.0015763333866500738, 'batch_size': 32, 'epochs': 199}. Best is trial 29 with value: 0.9087342608970949.
    Trial 32/50 (best val_r2=0.9087)
  [HPO] Trial 32 started...
  [HPO] Trial 32 finished in 47.7s (val_r2=0.8691)
[I 2026-04-01 02:36:10,233] Trial 32 finished with value: 0.8690943436476297 and parameters: {'hidden_layers_index': 2, 'dropout': 0.11518070016611295, 'learning_rate': 0.00389550625445374, 'batch_size': 32, 'epochs': 177}. Best is trial 29 with value: 0.9087342608970949.
    Trial 33/50 (best val_r2=0.9087)
  [HPO] Trial 33 started...
  [HPO] Trial 33 finished in 29.0s (val_r2=0.8776)
[I 2026-04-01 02:36:39,251] Trial 33 finished with value: 0.8776125398455171 and parameters: {'hidden_layers_index': 2, 'dropout': 0.07909224452699493, 'learning_rate': 0.0013238903806334693, 'batch_size': 64, 'epochs': 173}. Best is trial 29 with value: 0.9087342608970949.
    Trial 34/50 (best val_r2=0.9087)
  [HPO] Trial 34 started...
  [HPO] Trial 34 finished in 43.0s (val_r2=0.8941)
[I 2026-04-01 02:37:22,265] Trial 34 finished with value: 0.8941174180562649 and parameters: {'hidden_layers_index': 2, 'dropout': 0.14537546536558243, 'learning_rate': 0.0024253946382781517, 'batch_size': 32, 'epochs': 152}. Best is trial 29 with value: 0.9087342608970949.
    Trial 35/50 (best val_r2=0.9087)
  [HPO] Trial 35 started...
  [HPO] Trial 35 finished in 32.8s (val_r2=0.8875)
[I 2026-04-01 02:37:55,042] Trial 35 finished with value: 0.8874847424656274 and parameters: {'hidden_layers_index': 1, 'dropout': 0.18795102966063493, 'learning_rate': 0.0029553448047354804, 'batch_size': 64, 'epochs': 213}. Best is trial 29 with value: 0.9087342608970949.
    Trial 36/50 (best val_r2=0.9087)
  [HPO] Trial 36 started...
  [HPO] Trial 36 finished in 57.4s (val_r2=0.9074)
[I 2026-04-01 02:38:52,493] Trial 36 finished with value: 0.9074283373067201 and parameters: {'hidden_layers_index': 2, 'dropout': 0.067758038437957, 'learning_rate': 0.00020585731871014374, 'batch_size': 32, 'epochs': 202}. Best is trial 29 with value: 0.9087342608970949.
    Trial 37/50 (best val_r2=0.9087)
  [HPO] Trial 37 started...
  [HPO] Trial 37 finished in 47.5s (val_r2=0.8808)
[I 2026-04-01 02:39:40,022] Trial 37 finished with value: 0.8808332029775958 and parameters: {'hidden_layers_index': 2, 'dropout': 0.0650297024420862, 'learning_rate': 0.00032048443149508945, 'batch_size': 32, 'epochs': 180}. Best is trial 29 with value: 0.9087342608970949.
    Trial 38/50 (best val_r2=0.9087)
  [HPO] Trial 38 started...
  [HPO] Trial 38 finished in 53.1s (val_r2=0.8740)
[I 2026-04-01 02:40:33,172] Trial 38 finished with value: 0.873992946730974 and parameters: {'hidden_layers_index': 2, 'dropout': 0.16067739520160845, 'learning_rate': 0.0007421433670886068, 'batch_size': 32, 'epochs': 199}. Best is trial 29 with value: 0.9087342608970949.
    Trial 39/50 (best val_r2=0.9087)
  [HPO] Trial 39 started...
  [HPO] Trial 39 finished in 51.4s (val_r2=0.8895)
[I 2026-04-01 02:41:24,586] Trial 39 finished with value: 0.8894694975901489 and parameters: {'hidden_layers_index': 2, 'dropout': 0.30426564368935105, 'learning_rate': 0.00013017890069198863, 'batch_size': 32, 'epochs': 187}. Best is trial 29 with value: 0.9087342608970949.
    Trial 40/50 (best val_r2=0.9087)
  [HPO] Trial 40 started...
  [HPO] Trial 40 finished in 51.7s (val_r2=0.8381)
[I 2026-04-01 02:42:16,298] Trial 40 finished with value: 0.8381484272621544 and parameters: {'hidden_layers_index': 2, 'dropout': 0.07190617513165581, 'learning_rate': 0.0019134861020612623, 'batch_size': 32, 'epochs': 171}. Best is trial 29 with value: 0.9087342608970949.
    Trial 41/50 (best val_r2=0.9087)
  [HPO] Trial 41 started...
  [HPO] Trial 41 finished in 59.8s (val_r2=0.8946)
[I 2026-04-01 02:43:16,082] Trial 41 finished with value: 0.8946410800988035 and parameters: {'hidden_layers_index': 2, 'dropout': 0.09944325598606021, 'learning_rate': 0.0002165662685538192, 'batch_size': 32, 'epochs': 204}. Best is trial 29 with value: 0.9087342608970949.
    Trial 42/50 (best val_r2=0.9087)
  [HPO] Trial 42 started...
  [HPO] Trial 42 finished in 33.0s (val_r2=0.9116)
[I 2026-04-01 02:43:49,132] Trial 42 finished with value: 0.911614260125136 and parameters: {'hidden_layers_index': 2, 'dropout': 0.053494410992478675, 'learning_rate': 0.00019460723382754385, 'batch_size': 128, 'epochs': 198}. Best is trial 42 with value: 0.911614260125136.
    Trial 43/50 (best val_r2=0.9116)
  [HPO] Trial 43 started...
  [HPO] Trial 43 finished in 30.7s (val_r2=0.9043)
[I 2026-04-01 02:44:19,834] Trial 43 finished with value: 0.9042777860871054 and parameters: {'hidden_layers_index': 2, 'dropout': 0.0669135351927244, 'learning_rate': 0.0002965123775822406, 'batch_size': 128, 'epochs': 195}. Best is trial 42 with value: 0.911614260125136.
    Trial 44/50 (best val_r2=0.9116)
  [HPO] Trial 44 started...
  [HPO] Trial 44 finished in 73.1s (val_r2=0.8795)
[I 2026-04-01 02:45:32,979] Trial 44 finished with value: 0.8794989667729893 and parameters: {'hidden_layers_index': 2, 'dropout': 0.12096766823936404, 'learning_rate': 0.004497344494645187, 'batch_size': 32, 'epochs': 214}. Best is trial 42 with value: 0.911614260125136.
    Trial 45/50 (best val_r2=0.9116)
  [HPO] Trial 45 started...
  [HPO] Trial 45 finished in 34.3s (val_r2=0.9041)
[I 2026-04-01 02:46:07,313] Trial 45 finished with value: 0.9041452025263216 and parameters: {'hidden_layers_index': 2, 'dropout': 0.05521890353145632, 'learning_rate': 0.0001946842259076101, 'batch_size': 128, 'epochs': 202}. Best is trial 42 with value: 0.911614260125136.
    Trial 46/50 (best val_r2=0.9116)
  [HPO] Trial 46 started...
  [HPO] Trial 46 finished in 30.1s (val_r2=0.8960)
[I 2026-04-01 02:46:37,448] Trial 46 finished with value: 0.8959849517738735 and parameters: {'hidden_layers_index': 2, 'dropout': 0.08958355138416613, 'learning_rate': 0.0002607167401560139, 'batch_size': 128, 'epochs': 183}. Best is trial 42 with value: 0.911614260125136.
    Trial 47/50 (best val_r2=0.9116)
  [HPO] Trial 47 started...
  [HPO] Trial 47 finished in 44.0s (val_r2=0.8929)
[I 2026-04-01 02:47:21,486] Trial 47 finished with value: 0.8928764659562725 and parameters: {'hidden_layers_index': 2, 'dropout': 0.14998646538019164, 'learning_rate': 0.000126719350604853, 'batch_size': 64, 'epochs': 190}. Best is trial 42 with value: 0.911614260125136.
    Trial 48/50 (best val_r2=0.9116)
  [HPO] Trial 48 started...
  [HPO] Trial 48 finished in 35.8s (val_r2=0.8996)
[I 2026-04-01 02:47:57,245] Trial 48 finished with value: 0.8996465910086272 and parameters: {'hidden_layers_index': 2, 'dropout': 0.13100593551380704, 'learning_rate': 0.00045945014679624636, 'batch_size': 128, 'epochs': 198}. Best is trial 42 with value: 0.911614260125136.
    Trial 49/50 (best val_r2=0.9116)
  [HPO] Trial 49 started...
  [HPO] Trial 49 finished in 41.7s (val_r2=0.8978)
