[I 2026-04-01 09:45:04,230] Trial 23 finished with value: 0.9095629875396378 and parameters: {'hidden_layers_index': 1, 'dropout': 0.3069742992909313, 'learning_rate': 0.0001822763516528011, 'batch_size': 32, 'epochs': 177}. Best is trial 13 with value: 0.9318791482924578.
    Trial 24/50 (best val_r2=0.9319)
  [HPO] Trial 24 started...
  [HPO] Trial 24 finished in 58.8s (val_r2=0.8769)
[I 2026-04-01 09:46:03,071] Trial 24 finished with value: 0.8769116128160375 and parameters: {'hidden_layers_index': 2, 'dropout': 0.2244780231990166, 'learning_rate': 0.0004332536989162386, 'batch_size': 32, 'epochs': 192}. Best is trial 13 with value: 0.9318791482924578.
    Trial 25/50 (best val_r2=0.9319)
  [HPO] Trial 25 started...
  [HPO] Trial 25 finished in 29.5s (val_r2=0.9075)
[I 2026-04-01 09:46:32,557] Trial 25 finished with value: 0.907489971247489 and parameters: {'hidden_layers_index': 1, 'dropout': 0.36188881541655565, 'learning_rate': 0.0001282694881087145, 'batch_size': 64, 'epochs': 155}. Best is trial 13 with value: 0.9318791482924578.
    Trial 26/50 (best val_r2=0.9319)
  [HPO] Trial 26 started...
  [HPO] Trial 26 finished in 48.7s (val_r2=0.9080)
[I 2026-04-01 09:47:21,223] Trial 26 finished with value: 0.9080263919545026 and parameters: {'hidden_layers_index': 2, 'dropout': 0.3967465339837763, 'learning_rate': 0.00020639135110712704, 'batch_size': 32, 'epochs': 168}. Best is trial 13 with value: 0.9318791482924578.
    Trial 27/50 (best val_r2=0.9319)
  [HPO] Trial 27 started...
  [HPO] Trial 27 finished in 34.4s (val_r2=0.9063)
[I 2026-04-01 09:47:55,663] Trial 27 finished with value: 0.9063217204985231 and parameters: {'hidden_layers_index': 1, 'dropout': 0.30180897971336396, 'learning_rate': 0.00013282467075745967, 'batch_size': 32, 'epochs': 128}. Best is trial 13 with value: 0.9318791482924578.
    Trial 28/50 (best val_r2=0.9319)
  [HPO] Trial 28 started...
  [HPO] Trial 28 finished in 47.7s (val_r2=0.9159)
[I 2026-04-01 09:48:43,326] Trial 28 finished with value: 0.9159230295200127 and parameters: {'hidden_layers_index': 0, 'dropout': 0.33659192883752465, 'learning_rate': 0.0003592043446018778, 'batch_size': 32, 'epochs': 190}. Best is trial 13 with value: 0.9318791482924578.
    Trial 29/50 (best val_r2=0.9319)
  [HPO] Trial 29 started...
  [HPO] Trial 29 finished in 33.4s (val_r2=0.9310)
[I 2026-04-01 09:49:16,760] Trial 29 finished with value: 0.9309931721604396 and parameters: {'hidden_layers_index': 3, 'dropout': 0.3675102312971087, 'learning_rate': 0.00019717680085852544, 'batch_size': 64, 'epochs': 147}. Best is trial 13 with value: 0.9318791482924578.
    Trial 30/50 (best val_r2=0.9319)
  [HPO] Trial 30 started...
  [HPO] Trial 30 finished in 23.0s (val_r2=0.9345)
[I 2026-04-01 09:49:39,725] Trial 30 finished with value: 0.934516217926489 and parameters: {'hidden_layers_index': 3, 'dropout': 0.15724503090056438, 'learning_rate': 0.00010015467146279554, 'batch_size': 64, 'epochs': 110}. Best is trial 30 with value: 0.934516217926489.
    Trial 31/50 (best val_r2=0.9345)
  [HPO] Trial 31 started...
  [HPO] Trial 31 finished in 23.7s (val_r2=0.9255)
[I 2026-04-01 09:50:03,430] Trial 31 finished with value: 0.9254662422770433 and parameters: {'hidden_layers_index': 3, 'dropout': 0.16110176850125085, 'learning_rate': 0.00010006658905593455, 'batch_size': 64, 'epochs': 110}. Best is trial 30 with value: 0.934516217926489.
    Trial 32/50 (best val_r2=0.9345)
  [HPO] Trial 32 started...
  [HPO] Trial 32 finished in 16.2s (val_r2=0.9268)
[I 2026-04-01 09:50:19,672] Trial 32 finished with value: 0.92680594226169 and parameters: {'hidden_layers_index': 3, 'dropout': 0.13168624222054123, 'learning_rate': 0.00012741851174394666, 'batch_size': 64, 'epochs': 81}. Best is trial 30 with value: 0.934516217926489.
    Trial 33/50 (best val_r2=0.9345)
  [HPO] Trial 33 started...
  [HPO] Trial 33 finished in 19.4s (val_r2=0.9021)
[I 2026-04-01 09:50:39,053] Trial 33 finished with value: 0.9021038262337873 and parameters: {'hidden_layers_index': 3, 'dropout': 0.21976064297686265, 'learning_rate': 0.0002226531900427231, 'batch_size': 64, 'epochs': 92}. Best is trial 30 with value: 0.934516217926489.
    Trial 34/50 (best val_r2=0.9345)
  [HPO] Trial 34 started...
  [HPO] Trial 34 finished in 22.8s (val_r2=0.9088)
[I 2026-04-01 09:51:01,837] Trial 34 finished with value: 0.9088470935413776 and parameters: {'hidden_layers_index': 3, 'dropout': 0.3738374311516809, 'learning_rate': 0.00018478132702804938, 'batch_size': 64, 'epochs': 113}. Best is trial 30 with value: 0.934516217926489.
    Trial 35/50 (best val_r2=0.9345)
  [HPO] Trial 35 started...
  [HPO] Trial 35 finished in 28.1s (val_r2=0.9287)
[I 2026-04-01 09:51:29,912] Trial 35 finished with value: 0.9286631056472907 and parameters: {'hidden_layers_index': 3, 'dropout': 0.1542591577931375, 'learning_rate': 0.00012740627477852453, 'batch_size': 64, 'epochs': 133}. Best is trial 30 with value: 0.934516217926489.
    Trial 36/50 (best val_r2=0.9345)
  [HPO] Trial 36 started...
  [HPO] Trial 36 finished in 27.0s (val_r2=0.9025)
[I 2026-04-01 09:51:56,886] Trial 36 finished with value: 0.9025191379718557 and parameters: {'hidden_layers_index': 3, 'dropout': 0.1547012053846247, 'learning_rate': 0.00030238448589050177, 'batch_size': 64, 'epochs': 136}. Best is trial 30 with value: 0.934516217926489.
    Trial 37/50 (best val_r2=0.9345)
  [HPO] Trial 37 started...
  [HPO] Trial 37 finished in 21.4s (val_r2=0.8721)
[I 2026-04-01 09:52:18,311] Trial 37 finished with value: 0.8721033089697501 and parameters: {'hidden_layers_index': 3, 'dropout': 0.08127462411855677, 'learning_rate': 0.0012628343504195699, 'batch_size': 64, 'epochs': 101}. Best is trial 30 with value: 0.934516217926489.
    Trial 38/50 (best val_r2=0.9345)
  [HPO] Trial 38 started...
  [HPO] Trial 38 finished in 25.9s (val_r2=0.9143)
[I 2026-04-01 09:52:44,213] Trial 38 finished with value: 0.9142983227320807 and parameters: {'hidden_layers_index': 3, 'dropout': 0.10472841637531671, 'learning_rate': 0.00012821286505858786, 'batch_size': 64, 'epochs': 131}. Best is trial 30 with value: 0.934516217926489.
    Trial 39/50 (best val_r2=0.9345)
  [HPO] Trial 39 started...
  [HPO] Trial 39 finished in 24.6s (val_r2=0.9164)
[I 2026-04-01 09:53:08,791] Trial 39 finished with value: 0.9163588251067969 and parameters: {'hidden_layers_index': 3, 'dropout': 0.042867983937287524, 'learning_rate': 0.0023928888859833563, 'batch_size': 64, 'epochs': 119}. Best is trial 30 with value: 0.934516217926489.
    Trial 40/50 (best val_r2=0.9345)
  [HPO] Trial 40 started...
  [HPO] Trial 40 finished in 27.2s (val_r2=0.9151)
[I 2026-04-01 09:53:36,014] Trial 40 finished with value: 0.9150811969438145 and parameters: {'hidden_layers_index': 3, 'dropout': 0.14880680269512273, 'learning_rate': 0.0002469214174987752, 'batch_size': 64, 'epochs': 135}. Best is trial 30 with value: 0.934516217926489.
    Trial 41/50 (best val_r2=0.9345)
  [HPO] Trial 41 started...
  [HPO] Trial 41 finished in 37.9s (val_r2=0.9214)
[I 2026-04-01 09:54:13,940] Trial 41 finished with value: 0.9214316030105684 and parameters: {'hidden_layers_index': 3, 'dropout': 0.17788832725118892, 'learning_rate': 0.00011621014763133885, 'batch_size': 64, 'epochs': 186}. Best is trial 30 with value: 0.934516217926489.
    Trial 42/50 (best val_r2=0.9345)
  [HPO] Trial 42 started...
  [HPO] Trial 42 finished in 28.2s (val_r2=0.9321)
[I 2026-04-01 09:54:42,118] Trial 42 finished with value: 0.9320504358846616 and parameters: {'hidden_layers_index': 2, 'dropout': 0.12116955922533101, 'learning_rate': 0.00018268265694115448, 'batch_size': 64, 'epochs': 150}. Best is trial 30 with value: 0.934516217926489.
    Trial 43/50 (best val_r2=0.9345)
  [HPO] Trial 43 started...
  [HPO] Trial 43 finished in 30.6s (val_r2=0.9278)
[I 2026-04-01 09:55:12,723] Trial 43 finished with value: 0.9278040275950173 and parameters: {'hidden_layers_index': 3, 'dropout': 0.1190230428939246, 'learning_rate': 0.00018011973501154405, 'batch_size': 64, 'epochs': 155}. Best is trial 30 with value: 0.934516217926489.
    Trial 44/50 (best val_r2=0.9345)
  [HPO] Trial 44 started...
  [HPO] Trial 44 finished in 31.2s (val_r2=0.8429)
[I 2026-04-01 09:55:43,912] Trial 44 finished with value: 0.8429206355023519 and parameters: {'hidden_layers_index': 3, 'dropout': 0.20661204035110758, 'learning_rate': 0.004497344494645187, 'batch_size': 64, 'epochs': 150}. Best is trial 30 with value: 0.934516217926489.
    Trial 45/50 (best val_r2=0.9345)
  [HPO] Trial 45 started...
  [HPO] Trial 45 finished in 29.4s (val_r2=0.9105)
[I 2026-04-01 09:56:13,356] Trial 45 finished with value: 0.910456382653251 and parameters: {'hidden_layers_index': 2, 'dropout': 0.08119050655723938, 'learning_rate': 0.0003024452369132137, 'batch_size': 64, 'epochs': 160}. Best is trial 30 with value: 0.934516217926489.
    Trial 46/50 (best val_r2=0.9345)
  [HPO] Trial 46 started...
  [HPO] Trial 46 finished in 19.7s (val_r2=0.9239)
[I 2026-04-01 09:56:33,067] Trial 46 finished with value: 0.9239419982331455 and parameters: {'hidden_layers_index': 3, 'dropout': 0.25173236954206907, 'learning_rate': 0.00014973258891014103, 'batch_size': 128, 'epochs': 119}. Best is trial 30 with value: 0.934516217926489.
    Trial 47/50 (best val_r2=0.9345)
  [HPO] Trial 47 started...
  [HPO] Trial 47 finished in 18.1s (val_r2=0.9090)
[I 2026-04-01 09:56:51,155] Trial 47 finished with value: 0.9090001500985347 and parameters: {'hidden_layers_index': 2, 'dropout': 0.13982658518015326, 'learning_rate': 0.00018481817726351504, 'batch_size': 64, 'epochs': 104}. Best is trial 30 with value: 0.934516217926489.
    Trial 48/50 (best val_r2=0.9345)
  [HPO] Trial 48 started...
  [HPO] Trial 48 finished in 16.0s (val_r2=0.9208)
[I 2026-04-01 09:57:07,119] Trial 48 finished with value: 0.9207520836107737 and parameters: {'hidden_layers_index': 2, 'dropout': 0.1716509621873212, 'learning_rate': 0.00021714190372952794, 'batch_size': 64, 'epochs': 95}. Best is trial 30 with value: 0.934516217926489.
    Trial 49/50 (best val_r2=0.9345)
  [HPO] Trial 49 started...
  [HPO] Trial 49 finished in 23.1s (val_r2=0.9185)
[I 2026-04-01 09:57:30,251] Trial 49 finished with value: 0.9185227118822641 and parameters: {'hidden_layers_index': 3, 'dropout': 0.11382011548698716, 'learning_rate': 0.00047228242347482175, 'batch_size': 128, 'epochs': 143}. Best is trial 30 with value: 0.934516217926489.
    Trial 50/50 (best val_r2=0.9345)
[6/6] Training nstxu_t3_mlp_gamma...
[6/6] Done. Artifacts in runs/nstxu_t3_coils_shape_gamma_hpo
Workflow nstxu_t3_coils_shape_gamma_hpo complete. Artifacts saved to runs/nstxu_t3_coils_shape_gamma_hpo
{
  "run_tag": "nstxu_t3_coils_shape_gamma_hpo",
  "dataset": {
    "file_path": "data/datasets/NSTX-U/nstxu_equil_curated.pkl",
    "n_rows": 10000,
    "n_inputs": 24,
    "n_outputs": 1,
    "output_groups": {},
    "profile_groups": {},
    "dataset_info": {
      "shape": [
        10000,
        33
      ],
      "n_input_variables": 31,
      "n_output_variables": 2,
      "n_output_groups": 0,
      "largest_output_group": 0,
      "largest_output_group_name": null
    }
  },
  "resources": {
    "scheduler": null,
    "n_cpus": 10,
    "n_gpus": 0,
    "gpu_type": null,
    "device": "cpu",
    "hostname": "asanche2-lt",
    "extras": {
      "platform": "macOS-26.3.1-arm64-arm-64bit"
    }
  },
  "splits": {
    "train": 6000,
    "val": 2000,
    "test": 2000
  },
  "scalers": {
    "input_scaler": "runs/nstxu_t3_coils_shape_gamma_hpo/scalers/inputs.joblib",
    "output_scaler": "runs/nstxu_t3_coils_shape_gamma_hpo/scalers/outputs.joblib"
  },
  "models": [
    {
      "name": "nstxu_t3_rf_gamma",
      "backend": "sklearn",
      "params": {
        "n_estimators": 600,
        "max_depth": 24,
        "min_samples_leaf": 1
      },
      "metrics": {
        "train": {
          "r2": 0.9801428761023394,
          "rmse": 409.2755682172927,
          "mae": 141.8290287025702,
          "mape": 4903607302792.741
        },
        "val": {
          "r2": 0.8530663789016047,
          "rmse": 1089.405973368093,
          "mae": 368.12767991328076,
          "mape": 0.5829621952426635
        },
        "test": {
          "r2": 0.8039518126527113,
          "rmse": 1256.5544187996957,
          "mae": 433.1781846504088,
          "mape": 0.713906875357637
        }
      },
      "timings": {
        "train_seconds": 9.004782707997947,
        "train_inference_seconds": 0.21528083400335163,
        "val_inference_seconds": 0.10799662500357954,
        "train_inference_per_sample": 3.5880139000558604e-05,
        "val_inference_per_sample": 5.399831250178977e-05,
        "test_inference_seconds": 0.11081108300277265,
        "test_inference_per_sample": 5.540554150138632e-05
      },
      "artifacts": {
        "model": "runs/nstxu_t3_coils_shape_gamma_hpo/models/nstxu_t3_rf_gamma.joblib",
        "predictions": {
          "train": "runs/nstxu_t3_coils_shape_gamma_hpo/predictions/nstxu_t3_rf_gamma_train.csv",
          "val": "runs/nstxu_t3_coils_shape_gamma_hpo/predictions/nstxu_t3_rf_gamma_val.csv",
          "test": "runs/nstxu_t3_coils_shape_gamma_hpo/predictions/nstxu_t3_rf_gamma_test.csv"
        },
        "hpo": "runs/nstxu_t3_coils_shape_gamma_hpo/hpo/nstxu_t3_rf_gamma_hpo.json"
      }
    },
    {
      "name": "nstxu_t3_mlp_gamma",
      "backend": "pytorch",
      "params": {
        "hidden_layers": [
          384,
          256,
          128
        ],
        "dropout": 0.15724503090056438,
        "epochs": 110,
        "batch_size": 64,
        "learning_rate": 0.00010015467146279554,
        "mc_dropout_passes": 40,
        "activation": "relu"
      },
      "metrics": {
        "train": {
          "r2": 0.9741565947350702,
          "rmse": 466.9092913735679,
          "mae": 192.66199640573709,
          "mape": 1137013587124246.5
        },
        "val": {
          "r2": 0.921284119313591,
          "rmse": 797.3708242152791,
          "mae": 260.0550076795751,
          "mape": 1.0344812133567056
        },
        "test": {
          "r2": 0.9069437746991432,
          "rmse": 865.7103348226431,
          "mae": 272.41496260130464,
          "mape": 1.0464264740872014
        }
      },
      "timings": {
        "train_seconds": 22.242087624996202,
        "train_inference_seconds": 0.015410874999361113,
        "val_inference_seconds": 0.0046332909987540916,
        "train_inference_per_sample": 2.5684791665601853e-06,
        "val_inference_per_sample": 2.3166454993770457e-06,
        "test_inference_seconds": 0.004140290999202989,
        "test_inference_per_sample": 2.0701454996014945e-06
      },
      "artifacts": {
        "model": "runs/nstxu_t3_coils_shape_gamma_hpo/models/nstxu_t3_mlp_gamma.joblib",
        "predictions": {
          "train": "runs/nstxu_t3_coils_shape_gamma_hpo/predictions/nstxu_t3_mlp_gamma_train.csv",
          "val": "runs/nstxu_t3_coils_shape_gamma_hpo/predictions/nstxu_t3_mlp_gamma_val.csv",
          "test": "runs/nstxu_t3_coils_shape_gamma_hpo/predictions/nstxu_t3_mlp_gamma_test.csv",
          "val_uq": "runs/nstxu_t3_coils_shape_gamma_hpo/predictions/nstxu_t3_mlp_gamma_val_uq.json"
        },
        "hpo": "runs/nstxu_t3_coils_shape_gamma_hpo/hpo/nstxu_t3_mlp_gamma_hpo.json"
      }
    }
  ],
  "registry": "Registered Models:",
  "artifacts": {
    "root": "runs/nstxu_t3_coils_shape_gamma_hpo",
    "metrics": "runs/nstxu_t3_coils_shape_gamma_hpo/metrics.json",
    "summary": "runs/nstxu_t3_coils_shape_gamma_hpo/workflow_summary.json",
    "spec": "runs/nstxu_t3_coils_shape_gamma_hpo/spec.yaml",
    "train_data_ranges": "runs/nstxu_t3_coils_shape_gamma_hpo/train_data_ranges.json"
  }
}
>>> 2026-04-01T09:57:55-04:00 OK nstxu_t3_coils_shape_gamma_hpo
======== 2026-04-01T09:57:55-04:00 queue end =========
Metrics: python scripts/nstxu/collect_nstxu_metrics.py
