[I 2026-04-01 01:55:51,146] Trial 39 finished with value: 0.9786654048617399 and parameters: {'hidden_layers_index': 0, 'dropout': 0.18311185055471496, 'learning_rate': 0.0022565069590731526, 'batch_size': 128, 'epochs': 197}. Best is trial 11 with value: 0.9829185199679228.
    Trial 40/40 (best val_r2=0.9829)
[6/6] Training nstxu_mlp_mag_shape...
[6/6] Done. Artifacts in runs/nstxu_magnetics_shaping_hpo
Workflow nstxu_magnetics_shaping_hpo complete. Artifacts saved to runs/nstxu_magnetics_shaping_hpo
{
  "run_tag": "nstxu_magnetics_shaping_hpo",
  "dataset": {
    "file_path": "data/datasets/NSTX-U/nstxu_equil_curated.pkl",
    "n_rows": 10000,
    "n_inputs": 9,
    "n_outputs": 8,
    "output_groups": {},
    "profile_groups": {},
    "dataset_info": {
      "shape": [
        10000,
        33
      ],
      "n_input_variables": 21,
      "n_output_variables": 12,
      "n_output_groups": 0,
      "largest_output_group": 0,
      "largest_output_group_name": null
    }
  },
  "resources": {
    "scheduler": null,
    "n_cpus": 10,
    "n_gpus": 0,
    "gpu_type": null,
    "device": "cpu",
    "hostname": "asanche2-lt",
    "extras": {
      "platform": "macOS-26.3.1-arm64-arm-64bit"
    }
  },
  "splits": {
    "train": 6000,
    "val": 2000,
    "test": 2000
  },
  "scalers": {
    "input_scaler": "runs/nstxu_magnetics_shaping_hpo/scalers/inputs.joblib",
    "output_scaler": "runs/nstxu_magnetics_shaping_hpo/scalers/outputs.joblib"
  },
  "models": [
    {
      "name": "nstxu_rf_mag_shape",
      "backend": "sklearn",
      "params": {
        "n_estimators": 600,
        "max_depth": 26,
        "min_samples_leaf": 1
      },
      "metrics": {
        "train": {
          "r2": 0.9923107356518341,
          "rmse": 0.015326066766432387,
          "mae": 0.007941894851879438,
          "mape": 33554792609.227455
        },
        "val": {
          "r2": 0.9375444547160718,
          "rmse": 0.04190168153110882,
          "mae": 0.021752369606107796,
          "mape": 0.14711724276053548
        },
        "test": {
          "r2": 0.9379157768572675,
          "rmse": 0.04193557242712617,
          "mae": 0.021968096508604602,
          "mape": 0.1146679545095388
        }
      },
      "timings": {
        "train_seconds": 2.2851535419977154,
        "train_inference_seconds": 0.13038720800250303,
        "val_inference_seconds": 0.07350454200059175,
        "train_inference_per_sample": 2.1731201333750506e-05,
        "val_inference_per_sample": 3.6752271000295877e-05,
        "test_inference_seconds": 0.2126645830066991,
        "test_inference_per_sample": 0.00010633229150334955
      },
      "artifacts": {
        "model": "runs/nstxu_magnetics_shaping_hpo/models/nstxu_rf_mag_shape.joblib",
        "predictions": {
          "train": "runs/nstxu_magnetics_shaping_hpo/predictions/nstxu_rf_mag_shape_train.csv",
          "val": "runs/nstxu_magnetics_shaping_hpo/predictions/nstxu_rf_mag_shape_val.csv",
          "test": "runs/nstxu_magnetics_shaping_hpo/predictions/nstxu_rf_mag_shape_test.csv"
        },
        "hpo": "runs/nstxu_magnetics_shaping_hpo/hpo/nstxu_rf_mag_shape_hpo.json"
      }
    },
    {
      "name": "nstxu_mlp_mag_shape",
      "backend": "pytorch",
      "params": {
        "hidden_layers": [
          384,
          256,
          128
        ],
        "dropout": 0.05264972861629626,
        "epochs": 175,
        "batch_size": 32,
        "learning_rate": 0.000167380615653714,
        "mc_dropout_passes": 32,
        "activation": "relu"
      },
      "metrics": {
        "train": {
          "r2": 0.9873261281477894,
          "rmse": 0.023215385911576267,
          "mae": 0.009802719080228787,
          "mape": 426087414759.4904
        },
        "val": {
          "r2": 0.9828352003775613,
          "rmse": 0.026331047437604938,
          "mae": 0.010876207444773588,
          "mape": 0.12483308879606425
        },
        "test": {
          "r2": 0.9838893647812844,
          "rmse": 0.026433196006366955,
          "mae": 0.010578954294609921,
          "mape": 0.05520562079101813
        }
      },
      "timings": {
        "train_seconds": 49.89787529100431,
        "train_inference_seconds": 0.03549833300348837,
        "val_inference_seconds": 0.009621042001526803,
        "train_inference_per_sample": 5.916388833914728e-06,
        "val_inference_per_sample": 4.810521000763401e-06,
        "test_inference_seconds": 0.006747750005160924,
        "test_inference_per_sample": 3.373875002580462e-06
      },
      "artifacts": {
        "model": "runs/nstxu_magnetics_shaping_hpo/models/nstxu_mlp_mag_shape.joblib",
        "predictions": {
          "train": "runs/nstxu_magnetics_shaping_hpo/predictions/nstxu_mlp_mag_shape_train.csv",
          "val": "runs/nstxu_magnetics_shaping_hpo/predictions/nstxu_mlp_mag_shape_val.csv",
          "test": "runs/nstxu_magnetics_shaping_hpo/predictions/nstxu_mlp_mag_shape_test.csv",
          "val_uq": "runs/nstxu_magnetics_shaping_hpo/predictions/nstxu_mlp_mag_shape_val_uq.json"
        },
        "hpo": "runs/nstxu_magnetics_shaping_hpo/hpo/nstxu_mlp_mag_shape_hpo.json"
      }
    }
  ],
  "registry": "Registered Models:",
  "artifacts": {
    "root": "runs/nstxu_magnetics_shaping_hpo",
    "metrics": "runs/nstxu_magnetics_shaping_hpo/metrics.json",
    "summary": "runs/nstxu_magnetics_shaping_hpo/workflow_summary.json",
    "spec": "runs/nstxu_magnetics_shaping_hpo/spec.yaml",
    "train_data_ranges": "runs/nstxu_magnetics_shaping_hpo/train_data_ranges.json"
  }
}
>>> 2026-04-01T01:56:43-04:00 OK nstxu_magnetics_shaping_hpo

>>> 2026-04-01T01:56:43-04:00 START nstxu_magnetics_gamma_hpo

A module that was compiled using NumPy 1.x cannot be run in
NumPy 2.3.4 as it may crash. To support both 1.x and 2.x
versions of NumPy, modules must be compiled with NumPy 2.0.
Some module may need to rebuild instead e.g. with 'pybind11>=2.12'.

If you are a user of the module, the easiest solution will be to
downgrade to 'numpy<2' or try to upgrade the affected module.
We expect that some modules will need time to support NumPy 2.

Traceback (most recent call last):  File "<frozen runpy>", line 198, in _run_module_as_main
  File "<frozen runpy>", line 88, in _run_code
  File "/Users/asanche2/repos/SURGE/examples/m3dc1_workflow.py", line 14, in <module>
    import surge  # noqa: F401 - ensures package initialization registers adapters
  File "/Users/asanche2/repos/SURGE/surge/__init__.py", line 10, in <module>
    from .model import GPFLOW_AVAILABLE, MODEL_REGISTRY, PYTORCH_AVAILABLE
  File "/Users/asanche2/repos/SURGE/surge/model/__init__.py", line 7, in <module>
    from .gpflow import GPFLOW_AVAILABLE, GPflowGPRAdapter, GPflowMultiKernelAdapter
  File "/Users/asanche2/repos/SURGE/surge/model/gpflow.py", line 7, in <module>
    from .gpflow_impl import GPFLOW_AVAILABLE, GPflowGPRModel, GPflowMultiKernelGPR
  File "/Users/asanche2/repos/SURGE/surge/model/gpflow_impl.py", line 11, in <module>
    import gpflow as gpf
  File "/opt/homebrew/anaconda3/lib/python3.12/site-packages/gpflow/__init__.py", line 17, in <module>
    from . import (
  File "/opt/homebrew/anaconda3/lib/python3.12/site-packages/gpflow/conditionals/__init__.py", line 1, in <module>
    from . import conditionals, multioutput, sample_conditionals
  File "/opt/homebrew/anaconda3/lib/python3.12/site-packages/gpflow/conditionals/conditionals.py", line 17, in <module>
    import tensorflow as tf
  File "/opt/homebrew/anaconda3/lib/python3.12/site-packages/tensorflow/__init__.py", line 45, in <module>
    from tensorflow._api.v2 import __internal__
  File "/opt/homebrew/anaconda3/lib/python3.12/site-packages/tensorflow/_api/v2/__internal__/__init__.py", line 8, in <module>
    from tensorflow._api.v2.__internal__ import autograph
  File "/opt/homebrew/anaconda3/lib/python3.12/site-packages/tensorflow/_api/v2/__internal__/autograph/__init__.py", line 8, in <module>
    from tensorflow.python.autograph.core.ag_ctx import control_status_ctx # line: 34
  File "/opt/homebrew/anaconda3/lib/python3.12/site-packages/tensorflow/python/autograph/core/ag_ctx.py", line 21, in <module>
    from tensorflow.python.autograph.utils import ag_logging
  File "/opt/homebrew/anaconda3/lib/python3.12/site-packages/tensorflow/python/autograph/utils/__init__.py", line 17, in <module>
    from tensorflow.python.autograph.utils.context_managers import control_dependency_on_returns
  File "/opt/homebrew/anaconda3/lib/python3.12/site-packages/tensorflow/python/autograph/utils/context_managers.py", line 19, in <module>
    from tensorflow.python.framework import ops
  File "/opt/homebrew/anaconda3/lib/python3.12/site-packages/tensorflow/python/framework/ops.py", line 46, in <module>
    from tensorflow.python import pywrap_tfe
  File "/opt/homebrew/anaconda3/lib/python3.12/site-packages/tensorflow/python/pywrap_tfe.py", line 25, in <module>
    from tensorflow.python._pywrap_tfe import *
Traceback (most recent call last):
  File "/opt/homebrew/anaconda3/lib/python3.12/site-packages/numpy/core/_multiarray_umath.py", line 46, in __getattr__
    raise ImportError(msg)
ImportError: 
A module that was compiled using NumPy 1.x cannot be run in
NumPy 2.3.4 as it may crash. To support both 1.x and 2.x
versions of NumPy, modules must be compiled with NumPy 2.0.
Some module may need to rebuild instead e.g. with 'pybind11>=2.12'.

If you are a user of the module, the easiest solution will be to
downgrade to 'numpy<2' or try to upgrade the affected module.
We expect that some modules will need time to support NumPy 2.


AttributeError: 'MessageFactory' object has no attribute 'GetPrototype'

A module that was compiled using NumPy 1.x cannot be run in
NumPy 2.3.4 as it may crash. To support both 1.x and 2.x
versions of NumPy, modules must be compiled with NumPy 2.0.
Some module may need to rebuild instead e.g. with 'pybind11>=2.12'.

If you are a user of the module, the easiest solution will be to
downgrade to 'numpy<2' or try to upgrade the affected module.
We expect that some modules will need time to support NumPy 2.

Traceback (most recent call last):  File "<frozen runpy>", line 198, in _run_module_as_main
  File "<frozen runpy>", line 88, in _run_code
  File "/Users/asanche2/repos/SURGE/examples/m3dc1_workflow.py", line 14, in <module>
    import surge  # noqa: F401 - ensures package initialization registers adapters
  File "/Users/asanche2/repos/SURGE/surge/__init__.py", line 10, in <module>
    from .model import GPFLOW_AVAILABLE, MODEL_REGISTRY, PYTORCH_AVAILABLE
  File "/Users/asanche2/repos/SURGE/surge/model/__init__.py", line 7, in <module>
    from .gpflow import GPFLOW_AVAILABLE, GPflowGPRAdapter, GPflowMultiKernelAdapter
  File "/Users/asanche2/repos/SURGE/surge/model/gpflow.py", line 7, in <module>
    from .gpflow_impl import GPFLOW_AVAILABLE, GPflowGPRModel, GPflowMultiKernelGPR
  File "/Users/asanche2/repos/SURGE/surge/model/gpflow_impl.py", line 11, in <module>
    import gpflow as gpf
  File "/opt/homebrew/anaconda3/lib/python3.12/site-packages/gpflow/__init__.py", line 17, in <module>
    from . import (
  File "/opt/homebrew/anaconda3/lib/python3.12/site-packages/gpflow/conditionals/__init__.py", line 1, in <module>
    from . import conditionals, multioutput, sample_conditionals
  File "/opt/homebrew/anaconda3/lib/python3.12/site-packages/gpflow/conditionals/conditionals.py", line 17, in <module>
    import tensorflow as tf
  File "/opt/homebrew/anaconda3/lib/python3.12/site-packages/tensorflow/__init__.py", line 45, in <module>
    from tensorflow._api.v2 import __internal__
  File "/opt/homebrew/anaconda3/lib/python3.12/site-packages/tensorflow/_api/v2/__internal__/__init__.py", line 8, in <module>
    from tensorflow._api.v2.__internal__ import autograph
  File "/opt/homebrew/anaconda3/lib/python3.12/site-packages/tensorflow/_api/v2/__internal__/autograph/__init__.py", line 8, in <module>
    from tensorflow.python.autograph.core.ag_ctx import control_status_ctx # line: 34
  File "/opt/homebrew/anaconda3/lib/python3.12/site-packages/tensorflow/python/autograph/core/ag_ctx.py", line 21, in <module>
    from tensorflow.python.autograph.utils import ag_logging
  File "/opt/homebrew/anaconda3/lib/python3.12/site-packages/tensorflow/python/autograph/utils/__init__.py", line 17, in <module>
    from tensorflow.python.autograph.utils.context_managers import control_dependency_on_returns
  File "/opt/homebrew/anaconda3/lib/python3.12/site-packages/tensorflow/python/autograph/utils/context_managers.py", line 19, in <module>
    from tensorflow.python.framework import ops
  File "/opt/homebrew/anaconda3/lib/python3.12/site-packages/tensorflow/python/framework/ops.py", line 49, in <module>
    from tensorflow.python.client import pywrap_tf_session
  File "/opt/homebrew/anaconda3/lib/python3.12/site-packages/tensorflow/python/client/pywrap_tf_session.py", line 19, in <module>
    from tensorflow.python.client._pywrap_tf_session import *
Traceback (most recent call last):
  File "/opt/homebrew/anaconda3/lib/python3.12/site-packages/numpy/core/_multiarray_umath.py", line 46, in __getattr__
    raise ImportError(msg)
ImportError: 
A module that was compiled using NumPy 1.x cannot be run in
NumPy 2.3.4 as it may crash. To support both 1.x and 2.x
versions of NumPy, modules must be compiled with NumPy 2.0.
Some module may need to rebuild instead e.g. with 'pybind11>=2.12'.

If you are a user of the module, the easiest solution will be to
downgrade to 'numpy<2' or try to upgrade the affected module.
We expect that some modules will need time to support NumPy 2.



A module that was compiled using NumPy 1.x cannot be run in
NumPy 2.3.4 as it may crash. To support both 1.x and 2.x
versions of NumPy, modules must be compiled with NumPy 2.0.
Some module may need to rebuild instead e.g. with 'pybind11>=2.12'.

If you are a user of the module, the easiest solution will be to
downgrade to 'numpy<2' or try to upgrade the affected module.
We expect that some modules will need time to support NumPy 2.

Traceback (most recent call last):  File "<frozen runpy>", line 198, in _run_module_as_main
  File "<frozen runpy>", line 88, in _run_code
  File "/Users/asanche2/repos/SURGE/examples/m3dc1_workflow.py", line 14, in <module>
    import surge  # noqa: F401 - ensures package initialization registers adapters
  File "/Users/asanche2/repos/SURGE/surge/__init__.py", line 10, in <module>
    from .model import GPFLOW_AVAILABLE, MODEL_REGISTRY, PYTORCH_AVAILABLE
  File "/Users/asanche2/repos/SURGE/surge/model/__init__.py", line 7, in <module>
    from .gpflow import GPFLOW_AVAILABLE, GPflowGPRAdapter, GPflowMultiKernelAdapter
  File "/Users/asanche2/repos/SURGE/surge/model/gpflow.py", line 7, in <module>
    from .gpflow_impl import GPFLOW_AVAILABLE, GPflowGPRModel, GPflowMultiKernelGPR
  File "/Users/asanche2/repos/SURGE/surge/model/gpflow_impl.py", line 11, in <module>
    import gpflow as gpf
  File "/opt/homebrew/anaconda3/lib/python3.12/site-packages/gpflow/__init__.py", line 17, in <module>
    from . import (
  File "/opt/homebrew/anaconda3/lib/python3.12/site-packages/gpflow/conditionals/__init__.py", line 1, in <module>
    from . import conditionals, multioutput, sample_conditionals
  File "/opt/homebrew/anaconda3/lib/python3.12/site-packages/gpflow/conditionals/conditionals.py", line 17, in <module>
    import tensorflow as tf
  File "/opt/homebrew/anaconda3/lib/python3.12/site-packages/tensorflow/__init__.py", line 45, in <module>
    from tensorflow._api.v2 import __internal__
  File "/opt/homebrew/anaconda3/lib/python3.12/site-packages/tensorflow/_api/v2/__internal__/__init__.py", line 8, in <module>
    from tensorflow._api.v2.__internal__ import autograph
  File "/opt/homebrew/anaconda3/lib/python3.12/site-packages/tensorflow/_api/v2/__internal__/autograph/__init__.py", line 8, in <module>
    from tensorflow.python.autograph.core.ag_ctx import control_status_ctx # line: 34
  File "/opt/homebrew/anaconda3/lib/python3.12/site-packages/tensorflow/python/autograph/core/ag_ctx.py", line 21, in <module>
    from tensorflow.python.autograph.utils import ag_logging
  File "/opt/homebrew/anaconda3/lib/python3.12/site-packages/tensorflow/python/autograph/utils/__init__.py", line 17, in <module>
    from tensorflow.python.autograph.utils.context_managers import control_dependency_on_returns
  File "/opt/homebrew/anaconda3/lib/python3.12/site-packages/tensorflow/python/autograph/utils/context_managers.py", line 19, in <module>
    from tensorflow.python.framework import ops
  File "/opt/homebrew/anaconda3/lib/python3.12/site-packages/tensorflow/python/framework/ops.py", line 50, in <module>
    from tensorflow.python.eager import context
  File "/opt/homebrew/anaconda3/lib/python3.12/site-packages/tensorflow/python/eager/context.py", line 37, in <module>
    from tensorflow.python.eager import execute
  File "/opt/homebrew/anaconda3/lib/python3.12/site-packages/tensorflow/python/eager/execute.py", line 21, in <module>
    from tensorflow.python.framework import dtypes
  File "/opt/homebrew/anaconda3/lib/python3.12/site-packages/tensorflow/python/framework/dtypes.py", line 21, in <module>
    import ml_dtypes
  File "/opt/homebrew/anaconda3/lib/python3.12/site-packages/ml_dtypes/__init__.py", line 32, in <module>
    from ml_dtypes._finfo import finfo
  File "/opt/homebrew/anaconda3/lib/python3.12/site-packages/ml_dtypes/_finfo.py", line 19, in <module>
    from ml_dtypes._ml_dtypes_ext import bfloat16
Traceback (most recent call last):
  File "/opt/homebrew/anaconda3/lib/python3.12/site-packages/numpy/core/_multiarray_umath.py", line 46, in __getattr__
    raise ImportError(msg)
ImportError: 
A module that was compiled using NumPy 1.x cannot be run in
NumPy 2.3.4 as it may crash. To support both 1.x and 2.x
versions of NumPy, modules must be compiled with NumPy 2.0.
Some module may need to rebuild instead e.g. with 'pybind11>=2.12'.

If you are a user of the module, the easiest solution will be to
downgrade to 'numpy<2' or try to upgrade the affected module.
We expect that some modules will need time to support NumPy 2.


ImportError: numpy.core._multiarray_umath failed to import
Warning: GPflow not available or incompatible. Install with: pip install gpflow
SURGE workflow started.
Starting SURGE workflow for dataset data/datasets/NSTX-U/nstxu_equil_curated.pkl
[1/6] Loading dataset...
[2/6] Preparing splits and scalers...
[3/6] HPO for nstxu_rf_mag_gamma (40 trials)...
[I 2026-04-01 01:56:48,692] A new study created in memory with name: nstxu_magnetics_gamma_hpo-sklearn.random_forest
  [HPO] Trial 0 started...
  [HPO] Trial 0 finished in 2.1s (val_r2=0.6953)
[I 2026-04-01 01:56:50,751] Trial 0 finished with value: 0.6952541315995425 and parameters: {'n_estimators': 500, 'max_depth': 12, 'min_samples_leaf': 4}. Best is trial 0 with value: 0.6952541315995425.
    Trial 1/40 (best val_r2=0.6953)
  [HPO] Trial 1 started...
  [HPO] Trial 1 finished in 2.6s (val_r2=0.7325)
[I 2026-04-01 01:56:53,350] Trial 1 finished with value: 0.7325481730248908 and parameters: {'n_estimators': 600, 'max_depth': 28, 'min_samples_leaf': 2}. Best is trial 1 with value: 0.7325481730248908.
    Trial 2/40 (best val_r2=0.7325)
  [HPO] Trial 2 started...
  [HPO] Trial 2 finished in 1.7s (val_r2=0.7259)
[I 2026-04-01 01:56:55,099] Trial 2 finished with value: 0.7258741762359835 and parameters: {'n_estimators': 450, 'max_depth': 24, 'min_samples_leaf': 3}. Best is trial 1 with value: 0.7325481730248908.
    Trial 3/40 (best val_r2=0.7325)
  [HPO] Trial 3 started...
  [HPO] Trial 3 finished in 1.4s (val_r2=0.6548)
[I 2026-04-01 01:56:56,464] Trial 3 finished with value: 0.6547872764407217 and parameters: {'n_estimators': 500, 'max_depth': 8, 'min_samples_leaf': 2}. Best is trial 1 with value: 0.7325481730248908.
    Trial 4/40 (best val_r2=0.7325)
  [HPO] Trial 4 started...
  [HPO] Trial 4 finished in 1.0s (val_r2=0.7293)
[I 2026-04-01 01:56:57,504] Trial 4 finished with value: 0.7293056775033587 and parameters: {'n_estimators': 200, 'max_depth': 25, 'min_samples_leaf': 2}. Best is trial 1 with value: 0.7325481730248908.
    Trial 5/40 (best val_r2=0.7325)
  [HPO] Trial 5 started...
  [HPO] Trial 5 finished in 1.7s (val_r2=0.7104)
[I 2026-04-01 01:56:59,212] Trial 5 finished with value: 0.7104183688560411 and parameters: {'n_estimators': 500, 'max_depth': 13, 'min_samples_leaf': 2}. Best is trial 1 with value: 0.7325481730248908.
    Trial 6/40 (best val_r2=0.7325)
  [HPO] Trial 6 started...
  [HPO] Trial 6 finished in 0.7s (val_r2=0.7103)
[I 2026-04-01 01:56:59,958] Trial 6 finished with value: 0.7102520765567435 and parameters: {'n_estimators': 200, 'max_depth': 15, 'min_samples_leaf': 4}. Best is trial 1 with value: 0.7325481730248908.
    Trial 7/40 (best val_r2=0.7325)
  [HPO] Trial 7 started...
  [HPO] Trial 7 finished in 0.9s (val_r2=0.7069)
[I 2026-04-01 01:57:00,837] Trial 7 finished with value: 0.7069083913918024 and parameters: {'n_estimators': 250, 'max_depth': 14, 'min_samples_leaf': 4}. Best is trial 1 with value: 0.7325481730248908.
    Trial 8/40 (best val_r2=0.7325)
  [HPO] Trial 8 started...
  [HPO] Trial 8 finished in 0.6s (val_r2=0.6650)
[I 2026-04-01 01:57:01,408] Trial 8 finished with value: 0.6649999336449532 and parameters: {'n_estimators': 200, 'max_depth': 9, 'min_samples_leaf': 3}. Best is trial 1 with value: 0.7325481730248908.
    Trial 9/40 (best val_r2=0.7325)
  [HPO] Trial 9 started...
  [HPO] Trial 9 finished in 1.4s (val_r2=0.6534)
[I 2026-04-01 01:57:02,792] Trial 9 finished with value: 0.6533921567984026 and parameters: {'n_estimators': 550, 'max_depth': 8, 'min_samples_leaf': 3}. Best is trial 1 with value: 0.7325481730248908.
    Trial 10/40 (best val_r2=0.7325)
  [HPO] Trial 10 started...
  [HPO] Trial 10 finished in 2.8s (val_r2=0.7365)
