[I 2026-04-01 02:18:16,026] Trial 0 finished with value: 0.7862458961282299 and parameters: {'n_estimators': 500, 'max_depth': 11, 'min_samples_leaf': 4}. Best is trial 0 with value: 0.7862458961282299.
    Trial 1/50 (best val_r2=0.7862)
  [HPO] Trial 1 started...
  [HPO] Trial 1 finished in 3.5s (val_r2=0.8147)
[I 2026-04-01 02:18:19,495] Trial 1 finished with value: 0.8147374628125481 and parameters: {'n_estimators': 600, 'max_depth': 28, 'min_samples_leaf': 2}. Best is trial 1 with value: 0.8147374628125481.
    Trial 2/50 (best val_r2=0.8147)
  [HPO] Trial 2 started...
  [HPO] Trial 2 finished in 2.9s (val_r2=0.8081)
[I 2026-04-01 02:18:22,358] Trial 2 finished with value: 0.8081052691223214 and parameters: {'n_estimators': 450, 'max_depth': 23, 'min_samples_leaf': 3}. Best is trial 1 with value: 0.8147374628125481.
    Trial 3/50 (best val_r2=0.8147)
  [HPO] Trial 3 started...
  [HPO] Trial 3 finished in 1.8s (val_r2=0.5850)
[I 2026-04-01 02:18:24,159] Trial 3 finished with value: 0.5849729953884513 and parameters: {'n_estimators': 500, 'max_depth': 6, 'min_samples_leaf': 2}. Best is trial 1 with value: 0.8147374628125481.
    Trial 4/50 (best val_r2=0.8147)
  [HPO] Trial 4 started...
  [HPO] Trial 4 finished in 1.4s (val_r2=0.8164)
[I 2026-04-01 02:18:25,561] Trial 4 finished with value: 0.8163908791301685 and parameters: {'n_estimators': 200, 'max_depth': 25, 'min_samples_leaf': 2}. Best is trial 4 with value: 0.8163908791301685.
    Trial 5/50 (best val_r2=0.8164)
  [HPO] Trial 5 started...
  [HPO] Trial 5 finished in 2.6s (val_r2=0.7964)
[I 2026-04-01 02:18:28,204] Trial 5 finished with value: 0.7964187557259672 and parameters: {'n_estimators': 500, 'max_depth': 11, 'min_samples_leaf': 2}. Best is trial 4 with value: 0.8163908791301685.
    Trial 6/50 (best val_r2=0.8164)
  [HPO] Trial 6 started...
  [HPO] Trial 6 finished in 0.8s (val_r2=0.7975)
[I 2026-04-01 02:18:29,010] Trial 6 finished with value: 0.7975251481656049 and parameters: {'n_estimators': 200, 'max_depth': 14, 'min_samples_leaf': 4}. Best is trial 4 with value: 0.8163908791301685.
    Trial 7/50 (best val_r2=0.8164)
  [HPO] Trial 7 started...
  [HPO] Trial 7 finished in 1.0s (val_r2=0.7957)
[I 2026-04-01 02:18:30,035] Trial 7 finished with value: 0.7956945360853389 and parameters: {'n_estimators': 250, 'max_depth': 13, 'min_samples_leaf': 4}. Best is trial 4 with value: 0.8163908791301685.
    Trial 8/50 (best val_r2=0.8164)
  [HPO] Trial 8 started...
  [HPO] Trial 8 finished in 0.7s (val_r2=0.6558)
[I 2026-04-01 02:18:30,715] Trial 8 finished with value: 0.655825104159782 and parameters: {'n_estimators': 200, 'max_depth': 7, 'min_samples_leaf': 3}. Best is trial 4 with value: 0.8163908791301685.
    Trial 9/50 (best val_r2=0.8164)
  [HPO] Trial 9 started...
  [HPO] Trial 9 finished in 1.8s (val_r2=0.5836)
[I 2026-04-01 02:18:32,481] Trial 9 finished with value: 0.5836295915004934 and parameters: {'n_estimators': 550, 'max_depth': 6, 'min_samples_leaf': 3}. Best is trial 4 with value: 0.8163908791301685.
    Trial 10/50 (best val_r2=0.8164)
  [HPO] Trial 10 started...
  [HPO] Trial 10 finished in 2.1s (val_r2=0.8213)
[I 2026-04-01 02:18:34,636] Trial 10 finished with value: 0.8212661868116692 and parameters: {'n_estimators': 300, 'max_depth': 21, 'min_samples_leaf': 1}. Best is trial 10 with value: 0.8212661868116692.
    Trial 11/50 (best val_r2=0.8213)
  [HPO] Trial 11 started...
  [HPO] Trial 11 finished in 2.0s (val_r2=0.8214)
[I 2026-04-01 02:18:36,679] Trial 11 finished with value: 0.8214203614596732 and parameters: {'n_estimators': 350, 'max_depth': 21, 'min_samples_leaf': 1}. Best is trial 11 with value: 0.8214203614596732.
    Trial 12/50 (best val_r2=0.8214)
  [HPO] Trial 12 started...
  [HPO] Trial 12 finished in 1.9s (val_r2=0.8213)
[I 2026-04-01 02:18:38,576] Trial 12 finished with value: 0.8212880097406159 and parameters: {'n_estimators': 350, 'max_depth': 20, 'min_samples_leaf': 1}. Best is trial 11 with value: 0.8214203614596732.
    Trial 13/50 (best val_r2=0.8214)
  [HPO] Trial 13 started...
  [HPO] Trial 13 finished in 2.0s (val_r2=0.8210)
[I 2026-04-01 02:18:40,623] Trial 13 finished with value: 0.8210025929038649 and parameters: {'n_estimators': 350, 'max_depth': 19, 'min_samples_leaf': 1}. Best is trial 11 with value: 0.8214203614596732.
    Trial 14/50 (best val_r2=0.8214)
  [HPO] Trial 14 started...
  [HPO] Trial 14 finished in 3.1s (val_r2=0.8208)
[I 2026-04-01 02:18:43,687] Trial 14 finished with value: 0.8207911058651083 and parameters: {'n_estimators': 400, 'max_depth': 17, 'min_samples_leaf': 1}. Best is trial 11 with value: 0.8214203614596732.
    Trial 15/50 (best val_r2=0.8214)
  [HPO] Trial 15 started...
  [HPO] Trial 15 finished in 2.5s (val_r2=0.8211)
[I 2026-04-01 02:18:46,187] Trial 15 finished with value: 0.8211461168021787 and parameters: {'n_estimators': 350, 'max_depth': 18, 'min_samples_leaf': 1}. Best is trial 11 with value: 0.8214203614596732.
    Trial 16/50 (best val_r2=0.8214)
  [HPO] Trial 16 started...
  [HPO] Trial 16 finished in 2.3s (val_r2=0.8208)
[I 2026-04-01 02:18:48,511] Trial 16 finished with value: 0.8208289914972822 and parameters: {'n_estimators': 350, 'max_depth': 25, 'min_samples_leaf': 1}. Best is trial 11 with value: 0.8214203614596732.
    Trial 17/50 (best val_r2=0.8214)
  [HPO] Trial 17 started...
  [HPO] Trial 17 finished in 1.7s (val_r2=0.8205)
[I 2026-04-01 02:18:50,268] Trial 17 finished with value: 0.8204999674178634 and parameters: {'n_estimators': 300, 'max_depth': 22, 'min_samples_leaf': 1}. Best is trial 11 with value: 0.8214203614596732.
    Trial 18/50 (best val_r2=0.8214)
  [HPO] Trial 18 started...
  [HPO] Trial 18 finished in 2.1s (val_r2=0.8156)
[I 2026-04-01 02:18:52,375] Trial 18 finished with value: 0.8156337097869452 and parameters: {'n_estimators': 400, 'max_depth': 16, 'min_samples_leaf': 2}. Best is trial 11 with value: 0.8214203614596732.
    Trial 19/50 (best val_r2=0.8214)
  [HPO] Trial 19 started...
  [HPO] Trial 19 finished in 1.7s (val_r2=0.8210)
[I 2026-04-01 02:18:54,112] Trial 19 finished with value: 0.8209830015556134 and parameters: {'n_estimators': 300, 'max_depth': 20, 'min_samples_leaf': 1}. Best is trial 11 with value: 0.8214203614596732.
    Trial 20/50 (best val_r2=0.8214)
  [HPO] Trial 20 started...
  [HPO] Trial 20 finished in 2.2s (val_r2=0.8156)
[I 2026-04-01 02:18:56,287] Trial 20 finished with value: 0.8156262712330599 and parameters: {'n_estimators': 450, 'max_depth': 28, 'min_samples_leaf': 2}. Best is trial 11 with value: 0.8214203614596732.
    Trial 21/50 (best val_r2=0.8214)
  [HPO] Trial 21 started...
  [HPO] Trial 21 finished in 1.8s (val_r2=0.8213)
[I 2026-04-01 02:18:58,107] Trial 21 finished with value: 0.8212661868116692 and parameters: {'n_estimators': 300, 'max_depth': 21, 'min_samples_leaf': 1}. Best is trial 11 with value: 0.8214203614596732.
    Trial 22/50 (best val_r2=0.8214)
  [HPO] Trial 22 started...
  [HPO] Trial 22 finished in 1.2s (val_r2=0.8195)
[I 2026-04-01 02:18:59,361] Trial 22 finished with value: 0.8195045213813263 and parameters: {'n_estimators': 250, 'max_depth': 24, 'min_samples_leaf': 1}. Best is trial 11 with value: 0.8214203614596732.
    Trial 23/50 (best val_r2=0.8214)
  [HPO] Trial 23 started...
  [HPO] Trial 23 finished in 2.1s (val_r2=0.8218)
[I 2026-04-01 02:19:01,458] Trial 23 finished with value: 0.8217742740407243 and parameters: {'n_estimators': 400, 'max_depth': 20, 'min_samples_leaf': 1}. Best is trial 23 with value: 0.8217742740407243.
    Trial 24/50 (best val_r2=0.8218)
  [HPO] Trial 24 started...
  [HPO] Trial 24 finished in 2.0s (val_r2=0.8206)
[I 2026-04-01 02:19:03,444] Trial 24 finished with value: 0.8206393123887586 and parameters: {'n_estimators': 400, 'max_depth': 16, 'min_samples_leaf': 1}. Best is trial 23 with value: 0.8217742740407243.
    Trial 25/50 (best val_r2=0.8218)
  [HPO] Trial 25 started...
  [HPO] Trial 25 finished in 2.1s (val_r2=0.8158)
[I 2026-04-01 02:19:05,521] Trial 25 finished with value: 0.8157804025798367 and parameters: {'n_estimators': 450, 'max_depth': 19, 'min_samples_leaf': 2}. Best is trial 23 with value: 0.8217742740407243.
    Trial 26/50 (best val_r2=0.8218)
  [HPO] Trial 26 started...
  [HPO] Trial 26 finished in 1.8s (val_r2=0.8208)
[I 2026-04-01 02:19:07,306] Trial 26 finished with value: 0.8207975051399582 and parameters: {'n_estimators': 350, 'max_depth': 22, 'min_samples_leaf': 1}. Best is trial 23 with value: 0.8217742740407243.
    Trial 27/50 (best val_r2=0.8218)
  [HPO] Trial 27 started...
  [HPO] Trial 27 finished in 2.0s (val_r2=0.8164)
[I 2026-04-01 02:19:09,302] Trial 27 finished with value: 0.8163821014187305 and parameters: {'n_estimators': 400, 'max_depth': 26, 'min_samples_leaf': 2}. Best is trial 23 with value: 0.8217742740407243.
    Trial 28/50 (best val_r2=0.8218)
  [HPO] Trial 28 started...
  [HPO] Trial 28 finished in 1.3s (val_r2=0.8188)
[I 2026-04-01 02:19:10,614] Trial 28 finished with value: 0.8187557098605156 and parameters: {'n_estimators': 250, 'max_depth': 15, 'min_samples_leaf': 1}. Best is trial 23 with value: 0.8217742740407243.
    Trial 29/50 (best val_r2=0.8218)
  [HPO] Trial 29 started...
  [HPO] Trial 29 finished in 2.1s (val_r2=0.8082)
[I 2026-04-01 02:19:12,723] Trial 29 finished with value: 0.8082337588132672 and parameters: {'n_estimators': 450, 'max_depth': 18, 'min_samples_leaf': 3}. Best is trial 23 with value: 0.8217742740407243.
    Trial 30/50 (best val_r2=0.8218)
  [HPO] Trial 30 started...
  [HPO] Trial 30 finished in 1.7s (val_r2=0.8213)
[I 2026-04-01 02:19:14,404] Trial 30 finished with value: 0.8212880097406159 and parameters: {'n_estimators': 350, 'max_depth': 20, 'min_samples_leaf': 1}. Best is trial 23 with value: 0.8217742740407243.
    Trial 31/50 (best val_r2=0.8218)
  [HPO] Trial 31 started...
  [HPO] Trial 31 finished in 1.7s (val_r2=0.8213)
[I 2026-04-01 02:19:16,104] Trial 31 finished with value: 0.8212880097406159 and parameters: {'n_estimators': 350, 'max_depth': 20, 'min_samples_leaf': 1}. Best is trial 23 with value: 0.8217742740407243.
    Trial 32/50 (best val_r2=0.8218)
  [HPO] Trial 32 started...
  [HPO] Trial 32 finished in 2.0s (val_r2=0.8212)
[I 2026-04-01 02:19:18,161] Trial 32 finished with value: 0.8212221355905999 and parameters: {'n_estimators': 400, 'max_depth': 22, 'min_samples_leaf': 1}. Best is trial 23 with value: 0.8217742740407243.
    Trial 33/50 (best val_r2=0.8218)
  [HPO] Trial 33 started...
  [HPO] Trial 33 finished in 1.8s (val_r2=0.8210)
[I 2026-04-01 02:19:19,951] Trial 33 finished with value: 0.820987441887601 and parameters: {'n_estimators': 350, 'max_depth': 23, 'min_samples_leaf': 1}. Best is trial 23 with value: 0.8217742740407243.
    Trial 34/50 (best val_r2=0.8218)
  [HPO] Trial 34 started...
  [HPO] Trial 34 finished in 1.3s (val_r2=0.8162)
[I 2026-04-01 02:19:21,306] Trial 34 finished with value: 0.8162217454092944 and parameters: {'n_estimators': 300, 'max_depth': 20, 'min_samples_leaf': 2}. Best is trial 23 with value: 0.8217742740407243.
    Trial 35/50 (best val_r2=0.8218)
  [HPO] Trial 35 started...
  [HPO] Trial 35 finished in 3.0s (val_r2=0.8204)
[I 2026-04-01 02:19:24,301] Trial 35 finished with value: 0.8203613819254446 and parameters: {'n_estimators': 600, 'max_depth': 18, 'min_samples_leaf': 1}. Best is trial 23 with value: 0.8217742740407243.
    Trial 36/50 (best val_r2=0.8218)
  [HPO] Trial 36 started...
  [HPO] Trial 36 finished in 2.0s (val_r2=0.8157)
[I 2026-04-01 02:19:26,292] Trial 36 finished with value: 0.8157284277629718 and parameters: {'n_estimators': 450, 'max_depth': 26, 'min_samples_leaf': 2}. Best is trial 23 with value: 0.8217742740407243.
    Trial 37/50 (best val_r2=0.8218)
  [HPO] Trial 37 started...
  [HPO] Trial 37 finished in 1.9s (val_r2=0.8165)
[I 2026-04-01 02:19:28,171] Trial 37 finished with value: 0.8165059698281857 and parameters: {'n_estimators': 400, 'max_depth': 24, 'min_samples_leaf': 2}. Best is trial 23 with value: 0.8217742740407243.
    Trial 38/50 (best val_r2=0.8218)
  [HPO] Trial 38 started...
  [HPO] Trial 38 finished in 2.4s (val_r2=0.8211)
[I 2026-04-01 02:19:30,634] Trial 38 finished with value: 0.821079690118438 and parameters: {'n_estimators': 500, 'max_depth': 21, 'min_samples_leaf': 1}. Best is trial 23 with value: 0.8217742740407243.
    Trial 39/50 (best val_r2=0.8218)
  [HPO] Trial 39 started...
  [HPO] Trial 39 finished in 1.4s (val_r2=0.8085)
[I 2026-04-01 02:19:32,066] Trial 39 finished with value: 0.8085343557244308 and parameters: {'n_estimators': 350, 'max_depth': 12, 'min_samples_leaf': 1}. Best is trial 23 with value: 0.8217742740407243.
    Trial 40/50 (best val_r2=0.8218)
  [HPO] Trial 40 started...
  [HPO] Trial 40 finished in 1.2s (val_r2=0.8000)
[I 2026-04-01 02:19:33,266] Trial 40 finished with value: 0.7999977197115484 and parameters: {'n_estimators': 300, 'max_depth': 17, 'min_samples_leaf': 4}. Best is trial 23 with value: 0.8217742740407243.
    Trial 41/50 (best val_r2=0.8218)
  [HPO] Trial 41 started...
  [HPO] Trial 41 finished in 1.9s (val_r2=0.8213)
[I 2026-04-01 02:19:35,152] Trial 41 finished with value: 0.8212880097406159 and parameters: {'n_estimators': 350, 'max_depth': 20, 'min_samples_leaf': 1}. Best is trial 23 with value: 0.8217742740407243.
    Trial 42/50 (best val_r2=0.8218)
  [HPO] Trial 42 started...
  [HPO] Trial 42 finished in 2.1s (val_r2=0.8215)
[I 2026-04-01 02:19:37,287] Trial 42 finished with value: 0.8215192746210184 and parameters: {'n_estimators': 400, 'max_depth': 19, 'min_samples_leaf': 1}. Best is trial 23 with value: 0.8217742740407243.
    Trial 43/50 (best val_r2=0.8218)
  [HPO] Trial 43 started...
  [HPO] Trial 43 finished in 2.0s (val_r2=0.8215)
[I 2026-04-01 02:19:39,305] Trial 43 finished with value: 0.8215192746210184 and parameters: {'n_estimators': 400, 'max_depth': 19, 'min_samples_leaf': 1}. Best is trial 23 with value: 0.8217742740407243.
    Trial 44/50 (best val_r2=0.8218)
  [HPO] Trial 44 started...
  [HPO] Trial 44 finished in 2.3s (val_r2=0.8211)
[I 2026-04-01 02:19:41,639] Trial 44 finished with value: 0.821142437938774 and parameters: {'n_estimators': 450, 'max_depth': 19, 'min_samples_leaf': 1}. Best is trial 23 with value: 0.8217742740407243.
    Trial 45/50 (best val_r2=0.8218)
  [HPO] Trial 45 started...
  [HPO] Trial 45 finished in 1.8s (val_r2=0.8087)
[I 2026-04-01 02:19:43,431] Trial 45 finished with value: 0.8087198417290962 and parameters: {'n_estimators': 400, 'max_depth': 17, 'min_samples_leaf': 3}. Best is trial 23 with value: 0.8217742740407243.
    Trial 46/50 (best val_r2=0.8218)
  [HPO] Trial 46 started...
  [HPO] Trial 46 finished in 2.6s (val_r2=0.8163)
[I 2026-04-01 02:19:46,071] Trial 46 finished with value: 0.8162613472702558 and parameters: {'n_estimators': 550, 'max_depth': 14, 'min_samples_leaf': 1}. Best is trial 23 with value: 0.8217742740407243.
    Trial 47/50 (best val_r2=0.8218)
  [HPO] Trial 47 started...
  [HPO] Trial 47 finished in 1.7s (val_r2=0.7577)
[I 2026-04-01 02:19:47,816] Trial 47 finished with value: 0.7576552147959567 and parameters: {'n_estimators': 400, 'max_depth': 9, 'min_samples_leaf': 2}. Best is trial 23 with value: 0.8217742740407243.
    Trial 48/50 (best val_r2=0.8218)
  [HPO] Trial 48 started...
  [HPO] Trial 48 finished in 2.7s (val_r2=0.8214)
[I 2026-04-01 02:19:50,528] Trial 48 finished with value: 0.8213788458968788 and parameters: {'n_estimators': 400, 'max_depth': 23, 'min_samples_leaf': 1}. Best is trial 23 with value: 0.8217742740407243.
    Trial 49/50 (best val_r2=0.8218)
  [HPO] Trial 49 started...
  [HPO] Trial 49 finished in 2.7s (val_r2=0.8204)
[I 2026-04-01 02:19:53,224] Trial 49 finished with value: 0.8204306989647758 and parameters: {'n_estimators': 500, 'max_depth': 23, 'min_samples_leaf': 1}. Best is trial 23 with value: 0.8217742740407243.
    Trial 50/50 (best val_r2=0.8218)
[4/6] Training nstxu_rf_gamma_shapes...
[5/6] HPO for nstxu_mlp_gamma_shapes (50 trials)...
[I 2026-04-01 02:19:55,619] A new study created in memory with name: nstxu_gamma_shapes_only_hpo-torch.mlp
  [HPO] Trial 0 started...
  [HPO] Trial 0 finished in 31.5s (val_r2=0.8688)
[I 2026-04-01 02:20:27,125] Trial 0 finished with value: 0.8688249662623102 and parameters: {'hidden_layers_index': 2, 'dropout': 0.1331394270122193, 'learning_rate': 0.0025143428814176426, 'batch_size': 64, 'epochs': 173}. Best is trial 0 with value: 0.8688249662623102.
    Trial 1/50 (best val_r2=0.8688)
  [HPO] Trial 1 started...
  [HPO] Trial 1 finished in 35.6s (val_r2=0.8857)
[I 2026-04-01 02:21:02,695] Trial 1 finished with value: 0.8857083876006818 and parameters: {'hidden_layers_index': 2, 'dropout': 0.27456467066567425, 'learning_rate': 0.0016853391697173288, 'batch_size': 64, 'epochs': 203}. Best is trial 1 with value: 0.8857083876006818.
    Trial 2/50 (best val_r2=0.8857)
  [HPO] Trial 2 started...
  [HPO] Trial 2 finished in 25.5s (val_r2=0.9068)
[I 2026-04-01 02:21:28,193] Trial 2 finished with value: 0.9068297460023773 and parameters: {'hidden_layers_index': 1, 'dropout': 0.28794678305233395, 'learning_rate': 0.0002725285130250698, 'batch_size': 128, 'epochs': 214}. Best is trial 2 with value: 0.9068297460023773.
    Trial 3/50 (best val_r2=0.9068)
  [HPO] Trial 3 started...
  [HPO] Trial 3 finished in 20.6s (val_r2=0.8806)
[I 2026-04-01 02:21:48,761] Trial 3 finished with value: 0.8805519388951543 and parameters: {'hidden_layers_index': 0, 'dropout': 0.16178697823312763, 'learning_rate': 0.00362466400156375, 'batch_size': 128, 'epochs': 205}. Best is trial 2 with value: 0.9068297460023773.
    Trial 4/50 (best val_r2=0.9068)
  [HPO] Trial 4 started...
  [HPO] Trial 4 finished in 23.2s (val_r2=0.8757)
[I 2026-04-01 02:22:11,951] Trial 4 finished with value: 0.87566170690503 and parameters: {'hidden_layers_index': 0, 'dropout': 0.31130203294787817, 'learning_rate': 0.0024043227611998323, 'batch_size': 64, 'epochs': 158}. Best is trial 2 with value: 0.9068297460023773.
    Trial 5/50 (best val_r2=0.9068)
  [HPO] Trial 5 started...
  [HPO] Trial 5 finished in 59.8s (val_r2=0.8656)
[I 2026-04-01 02:23:11,742] Trial 5 finished with value: 0.8656467051012802 and parameters: {'hidden_layers_index': 2, 'dropout': 0.05000421174931979, 'learning_rate': 0.0002627903447762754, 'batch_size': 32, 'epochs': 184}. Best is trial 2 with value: 0.9068297460023773.
    Trial 6/50 (best val_r2=0.9068)
  [HPO] Trial 6 started...
  [HPO] Trial 6 finished in 26.0s (val_r2=0.9052)
[I 2026-04-01 02:23:37,742] Trial 6 finished with value: 0.9051960029941208 and parameters: {'hidden_layers_index': 2, 'dropout': 0.1355664957692966, 'learning_rate': 0.0006001696958441087, 'batch_size': 128, 'epochs': 193}. Best is trial 2 with value: 0.9068297460023773.
    Trial 7/50 (best val_r2=0.9068)
  [HPO] Trial 7 started...
  [HPO] Trial 7 finished in 14.2s (val_r2=0.8958)
[I 2026-04-01 02:23:51,898] Trial 7 finished with value: 0.8958077013124429 and parameters: {'hidden_layers_index': 0, 'dropout': 0.2901297777155597, 'learning_rate': 0.0008540385215381805, 'batch_size': 128, 'epochs': 118}. Best is trial 2 with value: 0.9068297460023773.
    Trial 8/50 (best val_r2=0.9068)
  [HPO] Trial 8 started...
  [HPO] Trial 8 finished in 54.2s (val_r2=0.8903)
[I 2026-04-01 02:24:46,085] Trial 8 finished with value: 0.8902752918085848 and parameters: {'hidden_layers_index': 2, 'dropout': 0.28803675546162477, 'learning_rate': 0.0002533817781390946, 'batch_size': 32, 'epochs': 201}. Best is trial 2 with value: 0.9068297460023773.
    Trial 9/50 (best val_r2=0.9068)
  [HPO] Trial 9 started...
  [HPO] Trial 9 finished in 23.4s (val_r2=0.9063)
[I 2026-04-01 02:25:09,505] Trial 9 finished with value: 0.9062524011810479 and parameters: {'hidden_layers_index': 1, 'dropout': 0.1007048461662138, 'learning_rate': 0.0002110412997403752, 'batch_size': 128, 'epochs': 205}. Best is trial 2 with value: 0.9068297460023773.
    Trial 10/50 (best val_r2=0.9068)
  [HPO] Trial 10 started...
  [HPO] Trial 10 finished in 16.5s (val_r2=0.8733)
[I 2026-04-01 02:25:25,995] Trial 10 finished with value: 0.8732734468250907 and parameters: {'hidden_layers_index': 1, 'dropout': 0.3882494618792104, 'learning_rate': 0.00010575648042945282, 'batch_size': 128, 'epochs': 146}. Best is trial 2 with value: 0.9068297460023773.
    Trial 11/50 (best val_r2=0.9068)
  [HPO] Trial 11 started...
  [HPO] Trial 11 finished in 27.2s (val_r2=0.9048)
[I 2026-04-01 02:25:53,212] Trial 11 finished with value: 0.9047982570367907 and parameters: {'hidden_layers_index': 1, 'dropout': 0.21123369391900418, 'learning_rate': 0.0001833533999302265, 'batch_size': 128, 'epochs': 219}. Best is trial 2 with value: 0.9068297460023773.
    Trial 12/50 (best val_r2=0.9068)
  [HPO] Trial 12 started...
  [HPO] Trial 12 finished in 28.1s (val_r2=0.8935)
[I 2026-04-01 02:26:21,279] Trial 12 finished with value: 0.8934715943905376 and parameters: {'hidden_layers_index': 1, 'dropout': 0.05213012575770634, 'learning_rate': 0.0004414248328268254, 'batch_size': 128, 'epochs': 217}. Best is trial 2 with value: 0.9068297460023773.
    Trial 13/50 (best val_r2=0.9068)
  [HPO] Trial 13 started...
  [HPO] Trial 13 finished in 21.7s (val_r2=0.8820)
[I 2026-04-01 02:26:42,961] Trial 13 finished with value: 0.8820193563609675 and parameters: {'hidden_layers_index': 1, 'dropout': 0.37369347109274587, 'learning_rate': 0.00010865667041833001, 'batch_size': 128, 'epochs': 177}. Best is trial 2 with value: 0.9068297460023773.
    Trial 14/50 (best val_r2=0.9068)
  [HPO] Trial 14 started...
  [HPO] Trial 14 finished in 16.7s (val_r2=0.9026)
[I 2026-04-01 02:26:59,637] Trial 14 finished with value: 0.9025778036168006 and parameters: {'hidden_layers_index': 1, 'dropout': 0.2165668404414087, 'learning_rate': 0.0002988199241554624, 'batch_size': 128, 'epochs': 137}. Best is trial 2 with value: 0.9068297460023773.
    Trial 15/50 (best val_r2=0.9068)
  [HPO] Trial 15 started...
  [HPO] Trial 15 finished in 27.1s (val_r2=0.8748)
